|INFO| : [run.py]--[<module>] : b'Up to date\n'
|INFO| : [run.py]--[<module>] : b'Sat Oct  5 09:10:16 UTC 2024 pid://localhost:40283:0:8: sent servers [pid://localhost:40283:0:9,pid://localhost:40283:0:10,pid://localhost:40283:0:11,pid://localhost:40283:0:12,pid://localhost:40283:0:13]\n'
|INFO| : [run.py]--[<module>] : b'Sat Oct  5 09:10:16 UTC 2024 pid://localhost:40283:0:8: sent clients [pid://localhost:40283:0:14]\n'
|INFO| : [run.py]--[<module>] : b'Sat Oct  5 09:10:16 UTC 2024 pid://localhost:40283:0:9: received servers [pid://localhost:40283:0:9,pid://localhost:40283:0:10,pid://localhost:40283:0:11,pid://localhost:40283:0:12,pid://localhost:40283:0:13]\n'
|INFO| : [run.py]--[<module>] : b'Sat Oct  5 09:10:16 UTC 2024 pid://localhost:40283:0:9: received clients [pid://localhost:40283:0:14]\n'
|INFO| : [run.py]--[<module>] : b'Sat Oct  5 09:10:16 UTC 2024 pid://localhost:40283:0:9: synchronous delta timers set to 100 ticks\n'
|INFO| : [run.py]--[<module>] : b'Sat Oct  5 09:10:16 UTC 2024 pid://localhost:40283:0:10: received servers [pid://localhost:40283:0:9,pid://localhost:40283:0:10,pid://localhost:40283:0:11,pid://localhost:40283:0:12,pid://localhost:40283:0:13]\n'
|INFO| : [run.py]--[<module>] : b'Sat Oct  5 09:10:16 UTC 2024 pid://localhost:40283:0:10: received clients [pid://localhost:40283:0:14]\n'
|INFO| : [run.py]--[<module>] : b'Sat Oct  5 09:10:16 UTC 2024 pid://localhost:40283:0:10: synchronous delta timers set to 100 ticks\n'
|INFO| : [run.py]--[<module>] : b'Sat Oct  5 09:10:16 UTC 2024 pid://localhost:40283:0:12: received servers [pid://localhost:40283:0:9,pid://localhost:40283:0:10,pid://localhost:40283:0:11,pid://localhost:40283:0:12,pid://localhost:40283:0:13]\n'
|INFO| : [run.py]--[<module>] : b'Sat Oct  5 09:10:16 UTC 2024 pid://localhost:40283:0:12: received clients [pid://localhost:40283:0:14]\n'
|INFO| : [run.py]--[<module>] : b'Sat Oct  5 09:10:16 UTC 2024 pid://localhost:40283:0:12: synchronous delta timers set to 100 ticks\n'
|INFO| : [run.py]--[<module>] : b'Sat Oct  5 09:10:16 UTC 2024 pid://localhost:40283:0:14: received servers at client[pid://localhost:40283:0:9,pid://localhost:40283:0:10,pid://localhost:40283:0:11,pid://localhost:40283:0:12,pid://localhost:40283:0:13]\n'
|INFO| : [run.py]--[<module>] : b'Sat Oct  5 09:10:16 UTC 2024 pid://localhost:40283:0:11: received servers [pid://localhost:40283:0:9,pid://localhost:40283:0:10,pid://localhost:40283:0:11,pid://localhost:40283:0:12,pid://localhost:40283:0:13]\n'
|INFO| : [run.py]--[<module>] : b'Sat Oct  5 09:10:16 UTC 2024 pid://localhost:40283:0:11: received clients [pid://localhost:40283:0:14]\n'
|INFO| : [run.py]--[<module>] : b'Sat Oct  5 09:10:16 UTC 2024 pid://localhost:40283:0:11: synchronous delta timers set to 100 ticks\n'
|INFO| : [run.py]--[<module>] : b'Sat Oct  5 09:10:16 UTC 2024 pid://localhost:40283:0:13: received servers [pid://localhost:40283:0:9,pid://localhost:40283:0:10,pid://localhost:40283:0:11,pid://localhost:40283:0:12,pid://localhost:40283:0:13]\n'
|INFO| : [run.py]--[<module>] : b'Sat Oct  5 09:10:16 UTC 2024 pid://localhost:40283:0:13: received clients [pid://localhost:40283:0:14]\n'
|INFO| : [run.py]--[<module>] : b'Sat Oct  5 09:10:16 UTC 2024 pid://localhost:40283:0:13: synchronous delta timers set to 100 ticks\n'
|INFO| : [run.py]--[<module>] : b'Sat Oct  5 09:10:21 UTC 2024 pid://localhost:40283:0:14: Delivered commands 32\n'
|INFO| : [run.py]--[<module>] : b'Sat Oct  5 09:10:21 UTC 2024 pid://localhost:40283:0:14: Current mean latency: 408.0\n'
|INFO| : [run.py]--[<module>] : b'\n'
|INFO| : [run.py]--[<module>] : b'Sat Oct  5 09:10:27 UTC 2024 pid://localhost:40283:0:14: Delivered commands 64\n'
|INFO| : [run.py]--[<module>] : b'Sat Oct  5 09:10:27 UTC 2024 pid://localhost:40283:0:14: Current mean latency: 408.0\n'
|INFO| : [run.py]--[<module>] : b'\n'
|INFO| : [run.py]--[<module>] : b'Sat Oct  5 09:10:27 UTC 2024 pid://localhost:40283:0:14: Delivered commands 64\n'
|INFO| : [run.py]--[<module>] : b'Sat Oct  5 09:10:27 UTC 2024 pid://localhost:40283:0:14: Current mean latency: 409.0\n'
|INFO| : [run.py]--[<module>] : b'\n'
|INFO| : [run.py]--[<module>] : b'Sat Oct  5 09:10:32 UTC 2024 pid://localhost:40283:0:14: Delivered commands 96\n'
|INFO| : [run.py]--[<module>] : b'Sat Oct  5 09:10:32 UTC 2024 pid://localhost:40283:0:14: Current mean latency: 408.0\n'
|INFO| : [run.py]--[<module>] : b'\n'
|INFO| : [run.py]--[<module>] : b'Sat Oct  5 09:10:32 UTC 2024 pid://localhost:40283:0:14: Delivered commands 96\n'
|INFO| : [run.py]--[<module>] : b'Sat Oct  5 09:10:32 UTC 2024 pid://localhost:40283:0:14: Current mean latency: 409.0\n'
|INFO| : [run.py]--[<module>] : b'\n'
|INFO| : [run.py]--[<module>] : b'Sat Oct  5 09:10:37 UTC 2024 pid://localhost:40283:0:14: Delivered commands 128\n'
|INFO| : [run.py]--[<module>] : b'Sat Oct  5 09:10:37 UTC 2024 pid://localhost:40283:0:14: Current mean latency: 408.0\n'
|INFO| : [run.py]--[<module>] : b'\n'
|INFO| : [run.py]--[<module>] : b'Sat Oct  5 09:10:37 UTC 2024 pid://localhost:40283:0:14: Delivered commands 128\n'
|INFO| : [run.py]--[<module>] : b'Sat Oct  5 09:10:37 UTC 2024 pid://localhost:40283:0:14: Current mean latency: 409.0\n'
|INFO| : [run.py]--[<module>] : b'\n'
|INFO| : [run.py]--[<module>] : b'Sat Oct  5 09:10:42 UTC 2024 pid://localhost:40283:0:14: Delivered commands 160\n'
|INFO| : [run.py]--[<module>] : b'Sat Oct  5 09:10:42 UTC 2024 pid://localhost:40283:0:14: Current mean latency: 408.0\n'
|INFO| : [run.py]--[<module>] : b'\n'
|INFO| : [run.py]--[<module>] : b'Sat Oct  5 09:10:42 UTC 2024 pid://localhost:40283:0:14: Delivered commands 160\n'
|INFO| : [run.py]--[<module>] : b'Sat Oct  5 09:10:42 UTC 2024 pid://localhost:40283:0:14: Current mean latency: 409.0\n'
|INFO| : [run.py]--[<module>] : b'\n'
|INFO| : [run.py]--[<module>] : b'Sat Oct  5 09:10:47 UTC 2024 pid://localhost:40283:0:14: Delivered commands 192\n'
|INFO| : [run.py]--[<module>] : b'Sat Oct  5 09:10:47 UTC 2024 pid://localhost:40283:0:14: Current mean latency: 408.0\n'
|INFO| : [run.py]--[<module>] : b'\n'
|INFO| : [run.py]--[<module>] : b'Sat Oct  5 09:10:47 UTC 2024 pid://localhost:40283:0:14: Delivered commands 192\n'
|INFO| : [run.py]--[<module>] : b'Sat Oct  5 09:10:47 UTC 2024 pid://localhost:40283:0:14: Current mean latency: 409.0\n'
|INFO| : [run.py]--[<module>] : b'\n'
|INFO| : [run.py]--[<module>] : b'Sat Oct  5 09:10:52 UTC 2024 pid://localhost:40283:0:14: Delivered commands 224\n'
|INFO| : [run.py]--[<module>] : b'Sat Oct  5 09:10:52 UTC 2024 pid://localhost:40283:0:14: Current mean latency: 408.0\n'
|INFO| : [run.py]--[<module>] : b'\n'
|INFO| : [run.py]--[<module>] : b'Sat Oct  5 09:10:52 UTC 2024 pid://localhost:40283:0:14: Delivered commands 224\n'
|INFO| : [run.py]--[<module>] : b'Sat Oct  5 09:10:52 UTC 2024 pid://localhost:40283:0:14: Current mean latency: 409.0\n'
|INFO| : [run.py]--[<module>] : b'\n'
|INFO| : [run.py]--[<module>] : b'Sat Oct  5 09:10:57 UTC 2024 pid://localhost:40283:0:14: Delivered commands 256\n'
|INFO| : [run.py]--[<module>] : b'Sat Oct  5 09:10:57 UTC 2024 pid://localhost:40283:0:14: Current mean latency: 408.0\n'
|INFO| : [run.py]--[<module>] : b'\n'
|INFO| : [run.py]--[<module>] : b'Sat Oct  5 09:10:57 UTC 2024 pid://localhost:40283:0:14: Delivered commands 256\n'
|INFO| : [run.py]--[<module>] : b'Sat Oct  5 09:10:57 UTC 2024 pid://localhost:40283:0:14: Current mean latency: 409.0\n'
|INFO| : [run.py]--[<module>] : b'\n'
|INFO| : [run.py]--[<module>] : b'Sat Oct  5 09:11:02 UTC 2024 pid://localhost:40283:0:14: Delivered commands 288\n'
|INFO| : [run.py]--[<module>] : b'Sat Oct  5 09:11:02 UTC 2024 pid://localhost:40283:0:14: Current mean latency: 408.0\n'
|INFO| : [run.py]--[<module>] : b'\n'
|INFO| : [run.py]--[<module>] : b'Sat Oct  5 09:11:02 UTC 2024 pid://localhost:40283:0:14: Delivered commands 288\n'
|INFO| : [run.py]--[<module>] : b'Sat Oct  5 09:11:02 UTC 2024 pid://localhost:40283:0:14: Current mean latency: 409.0\n'
|INFO| : [run.py]--[<module>] : b'\n'
|INFO| : [run.py]--[<module>] : b'Sat Oct  5 09:11:08 UTC 2024 pid://localhost:40283:0:14: Delivered commands 320\n'
|INFO| : [run.py]--[<module>] : b'Sat Oct  5 09:11:08 UTC 2024 pid://localhost:40283:0:14: Current mean latency: 408.0\n'
|INFO| : [run.py]--[<module>] : b'\n'
|INFO| : [run.py]--[<module>] : b'Sat Oct  5 09:11:08 UTC 2024 pid://localhost:40283:0:14: Delivered commands 320\n'
|INFO| : [run.py]--[<module>] : b'Sat Oct  5 09:11:08 UTC 2024 pid://localhost:40283:0:14: Current mean latency: 409.0\n'
|INFO| : [run.py]--[<module>] : b'\n'
|INFO| : [run.py]--[<module>] : b'Sat Oct  5 09:11:13 UTC 2024 pid://localhost:40283:0:14: Delivered commands 352\n'
|INFO| : [run.py]--[<module>] : b'Sat Oct  5 09:11:13 UTC 2024 pid://localhost:40283:0:14: Current mean latency: 408.0\n'
|INFO| : [run.py]--[<module>] : b'\n'
|INFO| : [run.py]--[<module>] : b'Sat Oct  5 09:11:13 UTC 2024 pid://localhost:40283:0:14: Delivered commands 352\n'
|INFO| : [run.py]--[<module>] : b'Sat Oct  5 09:11:13 UTC 2024 pid://localhost:40283:0:14: Current mean latency: 409.0\n'
|INFO| : [run.py]--[<module>] : b'\n'
|INFO| : [run.py]--[<module>] : b'Sat Oct  5 09:11:18 UTC 2024 pid://localhost:40283:0:14: Delivered commands 384\n'
|INFO| : [run.py]--[<module>] : b'Sat Oct  5 09:11:18 UTC 2024 pid://localhost:40283:0:14: Current mean latency: 408.0\n'
|INFO| : [run.py]--[<module>] : b'\n'
|INFO| : [run.py]--[<module>] : b'Sat Oct  5 09:11:18 UTC 2024 pid://localhost:40283:0:14: Delivered commands 384\n'
|INFO| : [run.py]--[<module>] : b'Sat Oct  5 09:11:18 UTC 2024 pid://localhost:40283:0:14: Current mean latency: 409.0\n'
|INFO| : [run.py]--[<module>] : b'\n'
|INFO| : [run.py]--[<module>] : b'Sat Oct  5 09:11:23 UTC 2024 pid://localhost:40283:0:14: Delivered commands 416\n'
|INFO| : [run.py]--[<module>] : b'Sat Oct  5 09:11:23 UTC 2024 pid://localhost:40283:0:14: Current mean latency: 408.0\n'
|INFO| : [run.py]--[<module>] : b'\n'
|INFO| : [run.py]--[<module>] : b'Sat Oct  5 09:11:23 UTC 2024 pid://localhost:40283:0:14: Delivered commands 416\n'
|INFO| : [run.py]--[<module>] : b'Sat Oct  5 09:11:23 UTC 2024 pid://localhost:40283:0:14: Current mean latency: 409.0\n'
|INFO| : [run.py]--[<module>] : b'\n'
|INFO| : [run.py]--[<module>] : b'Sat Oct  5 09:11:28 UTC 2024 pid://localhost:40283:0:14: Delivered commands 448\n'
|INFO| : [run.py]--[<module>] : b'Sat Oct  5 09:11:28 UTC 2024 pid://localhost:40283:0:14: Current mean latency: 408.0\n'
|INFO| : [run.py]--[<module>] : b'\n'
|INFO| : [run.py]--[<module>] : b'Sat Oct  5 09:11:28 UTC 2024 pid://localhost:40283:0:14: Delivered commands 448\n'
|INFO| : [run.py]--[<module>] : b'Sat Oct  5 09:11:28 UTC 2024 pid://localhost:40283:0:14: Current mean latency: 409.0\n'
|INFO| : [run.py]--[<module>] : b'\n'
|INFO| : [run.py]--[<module>] : b'Sat Oct  5 09:11:33 UTC 2024 pid://localhost:40283:0:14: Delivered commands 480\n'
|INFO| : [run.py]--[<module>] : b'Sat Oct  5 09:11:33 UTC 2024 pid://localhost:40283:0:14: Current mean latency: 408.0\n'
|INFO| : [run.py]--[<module>] : b'\n'
|INFO| : [run.py]--[<module>] : b'Sat Oct  5 09:11:33 UTC 2024 pid://localhost:40283:0:14: Delivered commands 480\n'
|INFO| : [run.py]--[<module>] : b'Sat Oct  5 09:11:33 UTC 2024 pid://localhost:40283:0:14: Current mean latency: 409.0\n'
|INFO| : [run.py]--[<module>] : b'\n'
|INFO| : [run.py]--[<module>] : b'Sat Oct  5 09:11:38 UTC 2024 pid://localhost:40283:0:14: Delivered commands 512\n'
|INFO| : [run.py]--[<module>] : b'Sat Oct  5 09:11:38 UTC 2024 pid://localhost:40283:0:14: Current mean latency: 408.0\n'
|INFO| : [run.py]--[<module>] : b'\n'
|INFO| : [run.py]--[<module>] : b'Sat Oct  5 09:11:38 UTC 2024 pid://localhost:40283:0:14: Delivered commands 512\n'
|INFO| : [run.py]--[<module>] : b'Sat Oct  5 09:11:38 UTC 2024 pid://localhost:40283:0:14: Current mean latency: 409.0\n'
|INFO| : [run.py]--[<module>] : b'\n'
|INFO| : [run.py]--[<module>] : b'Sat Oct  5 09:11:44 UTC 2024 pid://localhost:40283:0:14: Delivered commands 544\n'
|INFO| : [run.py]--[<module>] : b'Sat Oct  5 09:11:44 UTC 2024 pid://localhost:40283:0:14: Current mean latency: 408.0\n'
|INFO| : [run.py]--[<module>] : b'\n'
|INFO| : [run.py]--[<module>] : b'Sat Oct  5 09:11:44 UTC 2024 pid://localhost:40283:0:14: Delivered commands 544\n'
|INFO| : [run.py]--[<module>] : b'Sat Oct  5 09:11:44 UTC 2024 pid://localhost:40283:0:14: Current mean latency: 409.0\n'
|INFO| : [run.py]--[<module>] : b'\n'
|INFO| : [run.py]--[<module>] : b'Sat Oct  5 09:11:49 UTC 2024 pid://localhost:40283:0:14: Delivered commands 576\n'
|INFO| : [run.py]--[<module>] : b'Sat Oct  5 09:11:49 UTC 2024 pid://localhost:40283:0:14: Current mean latency: 408.0\n'
|INFO| : [run.py]--[<module>] : b'\n'
|INFO| : [run.py]--[<module>] : b'Sat Oct  5 09:11:49 UTC 2024 pid://localhost:40283:0:14: Delivered commands 576\n'
|INFO| : [run.py]--[<module>] : b'Sat Oct  5 09:11:49 UTC 2024 pid://localhost:40283:0:14: Current mean latency: 409.0\n'
|INFO| : [run.py]--[<module>] : b'\n'
|INFO| : [run.py]--[<module>] : b'Sat Oct  5 09:11:54 UTC 2024 pid://localhost:40283:0:14: Delivered commands 608\n'
|INFO| : [run.py]--[<module>] : b'Sat Oct  5 09:11:54 UTC 2024 pid://localhost:40283:0:14: Current mean latency: 408.0\n'
|INFO| : [run.py]--[<module>] : b'\n'
|INFO| : [run.py]--[<module>] : b'Sat Oct  5 09:11:54 UTC 2024 pid://localhost:40283:0:14: Delivered commands 608\n'
|INFO| : [run.py]--[<module>] : b'Sat Oct  5 09:11:54 UTC 2024 pid://localhost:40283:0:14: Current mean latency: 409.0\n'
|INFO| : [run.py]--[<module>] : b'\n'
|INFO| : [run.py]--[<module>] : b'Sat Oct  5 09:11:59 UTC 2024 pid://localhost:40283:0:14: Delivered commands 640\n'
|INFO| : [run.py]--[<module>] : b'Sat Oct  5 09:11:59 UTC 2024 pid://localhost:40283:0:14: Current mean latency: 408.0\n'
|INFO| : [run.py]--[<module>] : b'\n'
|INFO| : [run.py]--[<module>] : b'Sat Oct  5 09:11:59 UTC 2024 pid://localhost:40283:0:14: Delivered commands 640\n'
|INFO| : [run.py]--[<module>] : b'Sat Oct  5 09:11:59 UTC 2024 pid://localhost:40283:0:14: Current mean latency: 409.0\n'
|INFO| : [run.py]--[<module>] : b'\n'
|INFO| : [run.py]--[<module>] : b'Sat Oct  5 09:12:04 UTC 2024 pid://localhost:40283:0:14: Delivered commands 672\n'
|INFO| : [run.py]--[<module>] : b'Sat Oct  5 09:12:04 UTC 2024 pid://localhost:40283:0:14: Current mean latency: 408.0\n'
|INFO| : [run.py]--[<module>] : b'\n'
|INFO| : [run.py]--[<module>] : b'Sat Oct  5 09:12:04 UTC 2024 pid://localhost:40283:0:14: Delivered commands 672\n'
|INFO| : [run.py]--[<module>] : b'Sat Oct  5 09:12:04 UTC 2024 pid://localhost:40283:0:14: Current mean latency: 409.0\n'
|INFO| : [run.py]--[<module>] : b'\n'
|INFO| : [run.py]--[<module>] : b'Sat Oct  5 09:12:09 UTC 2024 pid://localhost:40283:0:14: Delivered commands 704\n'
|INFO| : [run.py]--[<module>] : b'Sat Oct  5 09:12:09 UTC 2024 pid://localhost:40283:0:14: Current mean latency: 408.0\n'
|INFO| : [run.py]--[<module>] : b'\n'
|INFO| : [run.py]--[<module>] : b'Sat Oct  5 09:12:09 UTC 2024 pid://localhost:40283:0:14: Delivered commands 704\n'
|INFO| : [run.py]--[<module>] : b'Sat Oct  5 09:12:09 UTC 2024 pid://localhost:40283:0:14: Current mean latency: 409.0\n'
|INFO| : [run.py]--[<module>] : b'\n'
|INFO| : [run.py]--[<module>] : b'Sat Oct  5 09:12:14 UTC 2024 pid://localhost:40283:0:14: Delivered commands 736\n'
|INFO| : [run.py]--[<module>] : b'Sat Oct  5 09:12:14 UTC 2024 pid://localhost:40283:0:14: Current mean latency: 408.0\n'
|INFO| : [run.py]--[<module>] : b'\n'
|INFO| : [run.py]--[<module>] : b'Sat Oct  5 09:12:14 UTC 2024 pid://localhost:40283:0:14: Delivered commands 736\n'
|INFO| : [run.py]--[<module>] : b'Sat Oct  5 09:12:14 UTC 2024 pid://localhost:40283:0:14: Current mean latency: 409.0\n'
|INFO| : [run.py]--[<module>] : b'\n'
|INFO| : [run.py]--[<module>] : b'Sat Oct  5 09:12:19 UTC 2024 pid://localhost:40283:0:14: Delivered commands 768\n'
|INFO| : [run.py]--[<module>] : b'Sat Oct  5 09:12:19 UTC 2024 pid://localhost:40283:0:14: Current mean latency: 408.0\n'
|INFO| : [run.py]--[<module>] : b'\n'
|INFO| : [run.py]--[<module>] : b'Sat Oct  5 09:12:19 UTC 2024 pid://localhost:40283:0:14: Delivered commands 768\n'
|INFO| : [run.py]--[<module>] : b'Sat Oct  5 09:12:19 UTC 2024 pid://localhost:40283:0:14: Current mean latency: 409.0\n'
|INFO| : [run.py]--[<module>] : b'\n'
|INFO| : [run.py]--[<module>] : b'Sat Oct  5 09:12:25 UTC 2024 pid://localhost:40283:0:14: Delivered commands 800\n'
|INFO| : [run.py]--[<module>] : b'Sat Oct  5 09:12:25 UTC 2024 pid://localhost:40283:0:14: Current mean latency: 408.0\n'
|INFO| : [run.py]--[<module>] : b'\n'
|INFO| : [run.py]--[<module>] : b'Sat Oct  5 09:12:25 UTC 2024 pid://localhost:40283:0:14: Delivered commands 800\n'
|INFO| : [run.py]--[<module>] : b'Sat Oct  5 09:12:25 UTC 2024 pid://localhost:40283:0:14: Current mean latency: 409.0\n'
|INFO| : [run.py]--[<module>] : b'\n'
|INFO| : [run.py]--[<module>] : b'Sat Oct  5 09:12:30 UTC 2024 pid://localhost:40283:0:14: Delivered commands 832\n'
|INFO| : [run.py]--[<module>] : b'Sat Oct  5 09:12:30 UTC 2024 pid://localhost:40283:0:14: Current mean latency: 408.0\n'
|INFO| : [run.py]--[<module>] : b'\n'
|INFO| : [run.py]--[<module>] : b'Sat Oct  5 09:12:30 UTC 2024 pid://localhost:40283:0:14: Delivered commands 832\n'
|INFO| : [run.py]--[<module>] : b'Sat Oct  5 09:12:30 UTC 2024 pid://localhost:40283:0:14: Current mean latency: 409.0\n'
|INFO| : [run.py]--[<module>] : b'\n'
|INFO| : [run.py]--[<module>] : b'Sat Oct  5 09:12:35 UTC 2024 pid://localhost:40283:0:14: Delivered commands 864\n'
|INFO| : [run.py]--[<module>] : b'Sat Oct  5 09:12:35 UTC 2024 pid://localhost:40283:0:14: Current mean latency: 408.0\n'
|INFO| : [run.py]--[<module>] : b'\n'
|INFO| : [run.py]--[<module>] : b'Sat Oct  5 09:12:35 UTC 2024 pid://localhost:40283:0:14: Delivered commands 864\n'
|INFO| : [run.py]--[<module>] : b'Sat Oct  5 09:12:35 UTC 2024 pid://localhost:40283:0:14: Current mean latency: 409.0\n'
|INFO| : [run.py]--[<module>] : b'\n'
|INFO| : [run.py]--[<module>] : b'Sat Oct  5 09:12:40 UTC 2024 pid://localhost:40283:0:14: Delivered commands 896\n'
|INFO| : [run.py]--[<module>] : b'Sat Oct  5 09:12:40 UTC 2024 pid://localhost:40283:0:14: Current mean latency: 408.0\n'
|INFO| : [run.py]--[<module>] : b'\n'
|INFO| : [run.py]--[<module>] : b'Sat Oct  5 09:12:40 UTC 2024 pid://localhost:40283:0:14: Delivered commands 896\n'
|INFO| : [run.py]--[<module>] : b'Sat Oct  5 09:12:40 UTC 2024 pid://localhost:40283:0:14: Current mean latency: 409.0\n'
|INFO| : [run.py]--[<module>] : b'\n'
|INFO| : [run.py]--[<module>] : b'Sat Oct  5 09:12:45 UTC 2024 pid://localhost:40283:0:14: Delivered commands 928\n'
|INFO| : [run.py]--[<module>] : b'Sat Oct  5 09:12:45 UTC 2024 pid://localhost:40283:0:14: Current mean latency: 408.0\n'
|INFO| : [run.py]--[<module>] : b'\n'
|INFO| : [run.py]--[<module>] : b'Sat Oct  5 09:12:45 UTC 2024 pid://localhost:40283:0:14: Delivered commands 928\n'
|INFO| : [run.py]--[<module>] : b'Sat Oct  5 09:12:45 UTC 2024 pid://localhost:40283:0:14: Current mean latency: 409.0\n'
|INFO| : [run.py]--[<module>] : b'\n'
|INFO| : [run.py]--[<module>] : b'Sat Oct  5 09:12:50 UTC 2024 pid://localhost:40283:0:14: Delivered commands 960\n'
|INFO| : [run.py]--[<module>] : b'Sat Oct  5 09:12:50 UTC 2024 pid://localhost:40283:0:14: Current mean latency: 408.0\n'
|INFO| : [run.py]--[<module>] : b'\n'
|INFO| : [run.py]--[<module>] : b'Sat Oct  5 09:12:50 UTC 2024 pid://localhost:40283:0:14: Delivered commands 960\n'
|INFO| : [run.py]--[<module>] : b'Sat Oct  5 09:12:50 UTC 2024 pid://localhost:40283:0:14: Current mean latency: 409.0\n'
|INFO| : [run.py]--[<module>] : b'\n'
|INFO| : [run.py]--[<module>] : b'Sat Oct  5 09:12:55 UTC 2024 pid://localhost:40283:0:14: Delivered commands 992\n'
|INFO| : [run.py]--[<module>] : b'Sat Oct  5 09:12:55 UTC 2024 pid://localhost:40283:0:14: Current mean latency: 408.0\n'
|INFO| : [run.py]--[<module>] : b'\n'
|INFO| : [run.py]--[<module>] : b'Sat Oct  5 09:12:55 UTC 2024 pid://localhost:40283:0:14: Delivered commands 992\n'
|INFO| : [run.py]--[<module>] : b'Sat Oct  5 09:12:55 UTC 2024 pid://localhost:40283:0:14: Current mean latency: 409.0\n'
|INFO| : [run.py]--[<module>] : b'\n'
|INFO| : [run.py]--[<module>] : b'Sat Oct  5 09:13:01 UTC 2024 pid://localhost:40283:0:14: Delivered commands 1024\n'
|INFO| : [run.py]--[<module>] : b'Sat Oct  5 09:13:01 UTC 2024 pid://localhost:40283:0:14: Current mean latency: 408.0\n'
|INFO| : [run.py]--[<module>] : b'\n'
|INFO| : [run.py]--[<module>] : b'Sat Oct  5 09:13:01 UTC 2024 pid://localhost:40283:0:14: Delivered commands 1024\n'
|INFO| : [run.py]--[<module>] : b'Sat Oct  5 09:13:01 UTC 2024 pid://localhost:40283:0:14: Current mean latency: 409.0\n'
|INFO| : [run.py]--[<module>] : b'\n'
|INFO| : [run.py]--[<module>] : b'Sat Oct  5 09:13:06 UTC 2024 pid://localhost:40283:0:14: Delivered commands 1056\n'
|INFO| : [run.py]--[<module>] : b'Sat Oct  5 09:13:06 UTC 2024 pid://localhost:40283:0:14: Current mean latency: 408.0\n'
|INFO| : [run.py]--[<module>] : b'\n'
|INFO| : [run.py]--[<module>] : b'Sat Oct  5 09:13:06 UTC 2024 pid://localhost:40283:0:14: Delivered commands 1056\n'
|INFO| : [run.py]--[<module>] : b'Sat Oct  5 09:13:06 UTC 2024 pid://localhost:40283:0:14: Current mean latency: 409.0\n'
|INFO| : [run.py]--[<module>] : b'\n'
|INFO| : [run.py]--[<module>] : b'Sat Oct  5 09:13:11 UTC 2024 pid://localhost:40283:0:14: Delivered commands 1088\n'
|INFO| : [run.py]--[<module>] : b'Sat Oct  5 09:13:11 UTC 2024 pid://localhost:40283:0:14: Current mean latency: 408.0\n'
|INFO| : [run.py]--[<module>] : b'\n'
|INFO| : [run.py]--[<module>] : b'Sat Oct  5 09:13:11 UTC 2024 pid://localhost:40283:0:14: Delivered commands 1088\n'
|INFO| : [run.py]--[<module>] : b'Sat Oct  5 09:13:11 UTC 2024 pid://localhost:40283:0:14: Current mean latency: 409.0\n'
|INFO| : [run.py]--[<module>] : b'\n'
|INFO| : [run.py]--[<module>] : b'Sat Oct  5 09:13:16 UTC 2024 pid://localhost:40283:0:14: Delivered commands 1120\n'
|INFO| : [run.py]--[<module>] : b'Sat Oct  5 09:13:16 UTC 2024 pid://localhost:40283:0:14: Current mean latency: 408.0\n'
|INFO| : [run.py]--[<module>] : b'\n'
|INFO| : [run.py]--[<module>] : b'Sat Oct  5 09:13:16 UTC 2024 pid://localhost:40283:0:14: Delivered commands 1120\n'
|INFO| : [run.py]--[<module>] : b'Sat Oct  5 09:13:16 UTC 2024 pid://localhost:40283:0:14: Current mean latency: 409.0\n'
|INFO| : [run.py]--[<module>] : b'\n'
|INFO| : [run.py]--[<module>] : b'Sat Oct  5 09:13:21 UTC 2024 pid://localhost:40283:0:14: Delivered commands 1152\n'
|INFO| : [run.py]--[<module>] : b'Sat Oct  5 09:13:21 UTC 2024 pid://localhost:40283:0:14: Current mean latency: 408.0\n'
|INFO| : [run.py]--[<module>] : b'\n'
|INFO| : [run.py]--[<module>] : b'Sat Oct  5 09:13:21 UTC 2024 pid://localhost:40283:0:14: Delivered commands 1152\n'
|INFO| : [run.py]--[<module>] : b'Sat Oct  5 09:13:21 UTC 2024 pid://localhost:40283:0:14: Current mean latency: 409.0\n'
|INFO| : [run.py]--[<module>] : b'\n'
|INFO| : [run.py]--[<module>] : b'Sat Oct  5 09:13:26 UTC 2024 pid://localhost:40283:0:14: Delivered commands 1184\n'
|INFO| : [run.py]--[<module>] : b'Sat Oct  5 09:13:26 UTC 2024 pid://localhost:40283:0:14: Current mean latency: 408.0\n'
|INFO| : [run.py]--[<module>] : b'\n'
|INFO| : [run.py]--[<module>] : b'Sat Oct  5 09:13:26 UTC 2024 pid://localhost:40283:0:14: Delivered commands 1184\n'
|INFO| : [run.py]--[<module>] : b'Sat Oct  5 09:13:26 UTC 2024 pid://localhost:40283:0:14: Current mean latency: 409.0\n'
|INFO| : [run.py]--[<module>] : b'\n'
|INFO| : [run.py]--[<module>] : b'Sat Oct  5 09:13:31 UTC 2024 pid://localhost:40283:0:14: Delivered commands 1216\n'
|INFO| : [run.py]--[<module>] : b'Sat Oct  5 09:13:31 UTC 2024 pid://localhost:40283:0:14: Current mean latency: 408.0\n'
|INFO| : [run.py]--[<module>] : b'\n'
|INFO| : [run.py]--[<module>] : b'Sat Oct  5 09:13:31 UTC 2024 pid://localhost:40283:0:14: Delivered commands 1216\n'
|INFO| : [run.py]--[<module>] : b'Sat Oct  5 09:13:31 UTC 2024 pid://localhost:40283:0:14: Current mean latency: 409.0\n'
|INFO| : [run.py]--[<module>] : b'\n'
|INFO| : [run.py]--[<module>] : b'Sat Oct  5 09:13:37 UTC 2024 pid://localhost:40283:0:14: Delivered commands 1248\n'
|INFO| : [run.py]--[<module>] : b'Sat Oct  5 09:13:37 UTC 2024 pid://localhost:40283:0:14: Current mean latency: 408.0\n'
|INFO| : [run.py]--[<module>] : b'\n'
|INFO| : [run.py]--[<module>] : b'Sat Oct  5 09:13:37 UTC 2024 pid://localhost:40283:0:14: Delivered commands 1248\n'
|INFO| : [run.py]--[<module>] : b'Sat Oct  5 09:13:37 UTC 2024 pid://localhost:40283:0:14: Current mean latency: 409.0\n'
|INFO| : [run.py]--[<module>] : b'\n'
|INFO| : [run.py]--[<module>] : b'Sat Oct  5 09:13:42 UTC 2024 pid://localhost:40283:0:14: Delivered commands 1280\n'
|INFO| : [run.py]--[<module>] : b'Sat Oct  5 09:13:42 UTC 2024 pid://localhost:40283:0:14: Current mean latency: 408.0\n'
|INFO| : [run.py]--[<module>] : b'\n'
|INFO| : [run.py]--[<module>] : b'Sat Oct  5 09:13:42 UTC 2024 pid://localhost:40283:0:14: Delivered commands 1280\n'
|INFO| : [run.py]--[<module>] : b'Sat Oct  5 09:13:42 UTC 2024 pid://localhost:40283:0:14: Current mean latency: 409.0\n'
|INFO| : [run.py]--[<module>] : b'\n'
|INFO| : [run.py]--[<module>] : b'Sat Oct  5 09:13:47 UTC 2024 pid://localhost:40283:0:14: Delivered commands 1312\n'
|INFO| : [run.py]--[<module>] : b'Sat Oct  5 09:13:47 UTC 2024 pid://localhost:40283:0:14: Current mean latency: 408.0\n'
|INFO| : [run.py]--[<module>] : b'\n'
|INFO| : [run.py]--[<module>] : b'Sat Oct  5 09:13:47 UTC 2024 pid://localhost:40283:0:14: Delivered commands 1312\n'
|INFO| : [run.py]--[<module>] : b'Sat Oct  5 09:13:47 UTC 2024 pid://localhost:40283:0:14: Current mean latency: 409.0\n'
|INFO| : [run.py]--[<module>] : b'\n'
|INFO| : [run.py]--[<module>] : b'Sat Oct  5 09:13:52 UTC 2024 pid://localhost:40283:0:14: Delivered commands 1344\n'
|INFO| : [run.py]--[<module>] : b'Sat Oct  5 09:13:52 UTC 2024 pid://localhost:40283:0:14: Current mean latency: 408.0\n'
|INFO| : [run.py]--[<module>] : b'\n'
|INFO| : [run.py]--[<module>] : b'Sat Oct  5 09:13:52 UTC 2024 pid://localhost:40283:0:14: Delivered commands 1344\n'
|INFO| : [run.py]--[<module>] : b'Sat Oct  5 09:13:52 UTC 2024 pid://localhost:40283:0:14: Current mean latency: 409.0\n'
|INFO| : [run.py]--[<module>] : b'\n'
|INFO| : [run.py]--[<module>] : b'Sat Oct  5 09:13:57 UTC 2024 pid://localhost:40283:0:14: Delivered commands 1376\n'
|INFO| : [run.py]--[<module>] : b'Sat Oct  5 09:13:57 UTC 2024 pid://localhost:40283:0:14: Current mean latency: 408.0\n'
|INFO| : [run.py]--[<module>] : b'\n'
|INFO| : [run.py]--[<module>] : b'Sat Oct  5 09:13:57 UTC 2024 pid://localhost:40283:0:14: Delivered commands 1376\n'
|INFO| : [run.py]--[<module>] : b'Sat Oct  5 09:13:57 UTC 2024 pid://localhost:40283:0:14: Current mean latency: 409.0\n'
|INFO| : [run.py]--[<module>] : b'\n'
|INFO| : [run.py]--[<module>] : b'Sat Oct  5 09:14:02 UTC 2024 pid://localhost:40283:0:14: Delivered commands 1408\n'
|INFO| : [run.py]--[<module>] : b'Sat Oct  5 09:14:02 UTC 2024 pid://localhost:40283:0:14: Current mean latency: 408.0\n'
|INFO| : [run.py]--[<module>] : b'\n'
|INFO| : [run.py]--[<module>] : b'Sat Oct  5 09:14:02 UTC 2024 pid://localhost:40283:0:14: Delivered commands 1408\n'
|INFO| : [run.py]--[<module>] : b'Sat Oct  5 09:14:02 UTC 2024 pid://localhost:40283:0:14: Current mean latency: 409.0\n'
|INFO| : [run.py]--[<module>] : b'\n'
|INFO| : [run.py]--[<module>] : b'Sat Oct  5 09:14:07 UTC 2024 pid://localhost:40283:0:14: Delivered commands 1440\n'
|INFO| : [run.py]--[<module>] : b'Sat Oct  5 09:14:07 UTC 2024 pid://localhost:40283:0:14: Current mean latency: 408.0\n'
|INFO| : [run.py]--[<module>] : b'\n'
|INFO| : [run.py]--[<module>] : b'Sat Oct  5 09:14:07 UTC 2024 pid://localhost:40283:0:14: Delivered commands 1440\n'
|INFO| : [run.py]--[<module>] : b'Sat Oct  5 09:14:07 UTC 2024 pid://localhost:40283:0:14: Current mean latency: 409.0\n'
|INFO| : [run.py]--[<module>] : b'\n'
|INFO| : [run.py]--[<module>] : b'Sat Oct  5 09:14:12 UTC 2024 pid://localhost:40283:0:14: Delivered commands 1472\n'
|INFO| : [run.py]--[<module>] : b'Sat Oct  5 09:14:12 UTC 2024 pid://localhost:40283:0:14: Current mean latency: 408.0\n'
|INFO| : [run.py]--[<module>] : b'\n'
|INFO| : [run.py]--[<module>] : b'Sat Oct  5 09:14:12 UTC 2024 pid://localhost:40283:0:14: Delivered commands 1472\n'
|INFO| : [run.py]--[<module>] : b'Sat Oct  5 09:14:12 UTC 2024 pid://localhost:40283:0:14: Current mean latency: 409.0\n'
|INFO| : [run.py]--[<module>] : b'\n'
|INFO| : [run.py]--[<module>] : b'Sat Oct  5 09:14:18 UTC 2024 pid://localhost:40283:0:14: Delivered commands 1504\n'
|INFO| : [run.py]--[<module>] : b'Sat Oct  5 09:14:18 UTC 2024 pid://localhost:40283:0:14: Current mean latency: 408.0\n'
|INFO| : [run.py]--[<module>] : b'\n'
|INFO| : [run.py]--[<module>] : b'Sat Oct  5 09:14:18 UTC 2024 pid://localhost:40283:0:14: Delivered commands 1504\n'
|INFO| : [run.py]--[<module>] : b'Sat Oct  5 09:14:18 UTC 2024 pid://localhost:40283:0:14: Current mean latency: 409.0\n'
|INFO| : [run.py]--[<module>] : b'\n'
|INFO| : [run.py]--[<module>] : b'Sat Oct  5 09:14:23 UTC 2024 pid://localhost:40283:0:14: Delivered commands 1536\n'
|INFO| : [run.py]--[<module>] : b'Sat Oct  5 09:14:23 UTC 2024 pid://localhost:40283:0:14: Current mean latency: 408.0\n'
|INFO| : [run.py]--[<module>] : b'\n'
|INFO| : [run.py]--[<module>] : b'Sat Oct  5 09:14:23 UTC 2024 pid://localhost:40283:0:14: Delivered commands 1536\n'
|INFO| : [run.py]--[<module>] : b'Sat Oct  5 09:14:23 UTC 2024 pid://localhost:40283:0:14: Current mean latency: 409.0\n'
|INFO| : [run.py]--[<module>] : b'\n'
|INFO| : [run.py]--[<module>] : b'Sat Oct  5 09:14:28 UTC 2024 pid://localhost:40283:0:14: Delivered commands 1568\n'
|INFO| : [run.py]--[<module>] : b'Sat Oct  5 09:14:28 UTC 2024 pid://localhost:40283:0:14: Current mean latency: 408.0\n'
|INFO| : [run.py]--[<module>] : b'\n'
|INFO| : [run.py]--[<module>] : b'Sat Oct  5 09:14:28 UTC 2024 pid://localhost:40283:0:14: Delivered commands 1568\n'
|INFO| : [run.py]--[<module>] : b'Sat Oct  5 09:14:28 UTC 2024 pid://localhost:40283:0:14: Current mean latency: 409.0\n'
|INFO| : [run.py]--[<module>] : b'\n'
|INFO| : [run.py]--[<module>] : b'Sat Oct  5 09:14:33 UTC 2024 pid://localhost:40283:0:14: Delivered commands 1600\n'
|INFO| : [run.py]--[<module>] : b'Sat Oct  5 09:14:33 UTC 2024 pid://localhost:40283:0:14: Current mean latency: 408.0\n'
|INFO| : [run.py]--[<module>] : b'\n'
|INFO| : [run.py]--[<module>] : b'Sat Oct  5 09:14:33 UTC 2024 pid://localhost:40283:0:14: Delivered commands 1600\n'
|INFO| : [run.py]--[<module>] : b'Sat Oct  5 09:14:33 UTC 2024 pid://localhost:40283:0:14: Current mean latency: 409.0\n'
|INFO| : [run.py]--[<module>] : b'\n'
|INFO| : [run.py]--[<module>] : b'Sat Oct  5 09:14:38 UTC 2024 pid://localhost:40283:0:14: Delivered commands 1632\n'
|INFO| : [run.py]--[<module>] : b'Sat Oct  5 09:14:38 UTC 2024 pid://localhost:40283:0:14: Current mean latency: 408.0\n'
|INFO| : [run.py]--[<module>] : b'\n'
|INFO| : [run.py]--[<module>] : b'Sat Oct  5 09:14:38 UTC 2024 pid://localhost:40283:0:14: Delivered commands 1632\n'
|INFO| : [run.py]--[<module>] : b'Sat Oct  5 09:14:38 UTC 2024 pid://localhost:40283:0:14: Current mean latency: 409.0\n'
|INFO| : [run.py]--[<module>] : b'\n'
|INFO| : [run.py]--[<module>] : b'Sat Oct  5 09:14:43 UTC 2024 pid://localhost:40283:0:14: Delivered commands 1664\n'
|INFO| : [run.py]--[<module>] : b'Sat Oct  5 09:14:43 UTC 2024 pid://localhost:40283:0:14: Current mean latency: 408.0\n'
|INFO| : [run.py]--[<module>] : b'\n'
|INFO| : [run.py]--[<module>] : b'Sat Oct  5 09:14:43 UTC 2024 pid://localhost:40283:0:14: Delivered commands 1664\n'
|INFO| : [run.py]--[<module>] : b'Sat Oct  5 09:14:43 UTC 2024 pid://localhost:40283:0:14: Current mean latency: 409.0\n'
|INFO| : [run.py]--[<module>] : b'\n'
|INFO| : [run.py]--[<module>] : b'Sat Oct  5 09:14:48 UTC 2024 pid://localhost:40283:0:14: Delivered commands 1696\n'
|INFO| : [run.py]--[<module>] : b'Sat Oct  5 09:14:48 UTC 2024 pid://localhost:40283:0:14: Current mean latency: 408.0\n'
|INFO| : [run.py]--[<module>] : b'\n'
|INFO| : [run.py]--[<module>] : b'Sat Oct  5 09:14:48 UTC 2024 pid://localhost:40283:0:14: Delivered commands 1696\n'
|INFO| : [run.py]--[<module>] : b'Sat Oct  5 09:14:48 UTC 2024 pid://localhost:40283:0:14: Current mean latency: 409.0\n'
|INFO| : [run.py]--[<module>] : b'\n'
|INFO| : [run.py]--[<module>] : b'Sat Oct  5 09:14:54 UTC 2024 pid://localhost:40283:0:14: Delivered commands 1728\n'
|INFO| : [run.py]--[<module>] : b'Sat Oct  5 09:14:54 UTC 2024 pid://localhost:40283:0:14: Current mean latency: 408.0\n'
|INFO| : [run.py]--[<module>] : b'\n'
|INFO| : [run.py]--[<module>] : b'Sat Oct  5 09:14:54 UTC 2024 pid://localhost:40283:0:14: Delivered commands 1728\n'
|INFO| : [run.py]--[<module>] : b'Sat Oct  5 09:14:54 UTC 2024 pid://localhost:40283:0:14: Current mean latency: 409.0\n'
|INFO| : [run.py]--[<module>] : b'\n'
|INFO| : [run.py]--[<module>] : b'Sat Oct  5 09:14:59 UTC 2024 pid://localhost:40283:0:14: Delivered commands 1760\n'
|INFO| : [run.py]--[<module>] : b'Sat Oct  5 09:14:59 UTC 2024 pid://localhost:40283:0:14: Current mean latency: 408.0\n'
|INFO| : [run.py]--[<module>] : b'\n'
|INFO| : [run.py]--[<module>] : b'Sat Oct  5 09:14:59 UTC 2024 pid://localhost:40283:0:14: Delivered commands 1760\n'
|INFO| : [run.py]--[<module>] : b'Sat Oct  5 09:14:59 UTC 2024 pid://localhost:40283:0:14: Current mean latency: 409.0\n'
|INFO| : [run.py]--[<module>] : b'\n'
|INFO| : [run.py]--[<module>] : b'Sat Oct  5 09:15:04 UTC 2024 pid://localhost:40283:0:14: Delivered commands 1792\n'
|INFO| : [run.py]--[<module>] : b'Sat Oct  5 09:15:04 UTC 2024 pid://localhost:40283:0:14: Current mean latency: 408.0\n'
|INFO| : [run.py]--[<module>] : b'\n'
|INFO| : [run.py]--[<module>] : b'Sat Oct  5 09:15:04 UTC 2024 pid://localhost:40283:0:14: Delivered commands 1792\n'
|INFO| : [run.py]--[<module>] : b'Sat Oct  5 09:15:04 UTC 2024 pid://localhost:40283:0:14: Current mean latency: 409.0\n'
|INFO| : [run.py]--[<module>] : b'\n'
|INFO| : [run.py]--[<module>] : b'Sat Oct  5 09:15:09 UTC 2024 pid://localhost:40283:0:14: Delivered commands 1824\n'
|INFO| : [run.py]--[<module>] : b'Sat Oct  5 09:15:09 UTC 2024 pid://localhost:40283:0:14: Current mean latency: 408.0\n'
|INFO| : [run.py]--[<module>] : b'\n'
|INFO| : [run.py]--[<module>] : b'Sat Oct  5 09:15:09 UTC 2024 pid://localhost:40283:0:14: Delivered commands 1824\n'
|INFO| : [run.py]--[<module>] : b'Sat Oct  5 09:15:09 UTC 2024 pid://localhost:40283:0:14: Current mean latency: 409.0\n'
|INFO| : [run.py]--[<module>] : b'\n'
|INFO| : [run.py]--[<module>] : b'Sat Oct  5 09:15:14 UTC 2024 pid://localhost:40283:0:14: Delivered commands 1856\n'
|INFO| : [run.py]--[<module>] : b'Sat Oct  5 09:15:14 UTC 2024 pid://localhost:40283:0:14: Current mean latency: 408.0\n'
|INFO| : [run.py]--[<module>] : b'\n'
|INFO| : [run.py]--[<module>] : b'Sat Oct  5 09:15:14 UTC 2024 pid://localhost:40283:0:14: Delivered commands 1856\n'
|INFO| : [run.py]--[<module>] : b'Sat Oct  5 09:15:14 UTC 2024 pid://localhost:40283:0:14: Current mean latency: 409.0\n'
|INFO| : [run.py]--[<module>] : b'\n'
|INFO| : [run.py]--[<module>] : b'Sat Oct  5 09:15:19 UTC 2024 pid://localhost:40283:0:14: Delivered commands 1888\n'
|INFO| : [run.py]--[<module>] : b'Sat Oct  5 09:15:19 UTC 2024 pid://localhost:40283:0:14: Current mean latency: 408.0\n'
|INFO| : [run.py]--[<module>] : b'\n'
|INFO| : [run.py]--[<module>] : b'Sat Oct  5 09:15:19 UTC 2024 pid://localhost:40283:0:14: Delivered commands 1888\n'
|INFO| : [run.py]--[<module>] : b'Sat Oct  5 09:15:19 UTC 2024 pid://localhost:40283:0:14: Current mean latency: 409.0\n'
|INFO| : [run.py]--[<module>] : b'\n'
|INFO| : [run.py]--[<module>] : b'Sat Oct  5 09:15:24 UTC 2024 pid://localhost:40283:0:14: Delivered commands 1920\n'
|INFO| : [run.py]--[<module>] : b'Sat Oct  5 09:15:24 UTC 2024 pid://localhost:40283:0:14: Current mean latency: 408.0\n'
|INFO| : [run.py]--[<module>] : b'\n'
|INFO| : [run.py]--[<module>] : b'Sat Oct  5 09:15:24 UTC 2024 pid://localhost:40283:0:14: Delivered commands 1920\n'
|INFO| : [run.py]--[<module>] : b'Sat Oct  5 09:15:24 UTC 2024 pid://localhost:40283:0:14: Current mean latency: 409.0\n'
|INFO| : [run.py]--[<module>] : b'\n'
|INFO| : [run.py]--[<module>] : b'Sat Oct  5 09:15:29 UTC 2024 pid://localhost:40283:0:14: Delivered commands 1952\n'
|INFO| : [run.py]--[<module>] : b'Sat Oct  5 09:15:29 UTC 2024 pid://localhost:40283:0:14: Current mean latency: 408.0\n'
|INFO| : [run.py]--[<module>] : b'\n'
|INFO| : [run.py]--[<module>] : b'Sat Oct  5 09:15:30 UTC 2024 pid://localhost:40283:0:14: Delivered commands 1952\n'
|INFO| : [run.py]--[<module>] : b'Sat Oct  5 09:15:30 UTC 2024 pid://localhost:40283:0:14: Current mean latency: 409.0\n'
|INFO| : [run.py]--[<module>] : b'\n'
|INFO| : [run.py]--[<module>] : b'Sat Oct  5 09:15:35 UTC 2024 pid://localhost:40283:0:14: Delivered commands 1984\n'
|INFO| : [run.py]--[<module>] : b'Sat Oct  5 09:15:35 UTC 2024 pid://localhost:40283:0:14: Current mean latency: 408.0\n'
|INFO| : [run.py]--[<module>] : b'\n'
|INFO| : [run.py]--[<module>] : b'Sat Oct  5 09:15:35 UTC 2024 pid://localhost:40283:0:14: Delivered commands 1984\n'
|INFO| : [run.py]--[<module>] : b'Sat Oct  5 09:15:35 UTC 2024 pid://localhost:40283:0:14: Current mean latency: 409.0\n'
|INFO| : [run.py]--[<module>] : b'\n'
|INFO| : [run.py]--[<module>] : b'Sat Oct  5 09:15:40 UTC 2024 pid://localhost:40283:0:14: Delivered commands 2016\n'
|INFO| : [run.py]--[<module>] : b'Sat Oct  5 09:15:40 UTC 2024 pid://localhost:40283:0:14: Current mean latency: 408.0\n'
|INFO| : [run.py]--[<module>] : b'\n'
|INFO| : [run.py]--[<module>] : b'Sat Oct  5 09:15:40 UTC 2024 pid://localhost:40283:0:14: Delivered commands 2016\n'
|INFO| : [run.py]--[<module>] : b'Sat Oct  5 09:15:40 UTC 2024 pid://localhost:40283:0:14: Current mean latency: 409.0\n'
|INFO| : [run.py]--[<module>] : b'\n'
|INFO| : [run.py]--[<module>] : b'Sat Oct  5 09:15:45 UTC 2024 pid://localhost:40283:0:14: Delivered commands 2048\n'
|INFO| : [run.py]--[<module>] : b'Sat Oct  5 09:15:45 UTC 2024 pid://localhost:40283:0:14: Current mean latency: 408.0\n'
|INFO| : [run.py]--[<module>] : b'\n'
|INFO| : [run.py]--[<module>] : b'Sat Oct  5 09:15:45 UTC 2024 pid://localhost:40283:0:14: Delivered commands 2048\n'
|INFO| : [run.py]--[<module>] : b'Sat Oct  5 09:15:45 UTC 2024 pid://localhost:40283:0:14: Current mean latency: 409.0\n'
|INFO| : [run.py]--[<module>] : b'\n'
|INFO| : [run.py]--[<module>] : b'Sat Oct  5 09:15:50 UTC 2024 pid://localhost:40283:0:14: Delivered commands 2080\n'
|INFO| : [run.py]--[<module>] : b'Sat Oct  5 09:15:50 UTC 2024 pid://localhost:40283:0:14: Current mean latency: 408.0\n'
|INFO| : [run.py]--[<module>] : b'\n'
|INFO| : [run.py]--[<module>] : b'Sat Oct  5 09:15:50 UTC 2024 pid://localhost:40283:0:14: Delivered commands 2080\n'
|INFO| : [run.py]--[<module>] : b'Sat Oct  5 09:15:50 UTC 2024 pid://localhost:40283:0:14: Current mean latency: 409.0\n'
|INFO| : [run.py]--[<module>] : b'\n'
|INFO| : [run.py]--[<module>] : b'Sat Oct  5 09:15:55 UTC 2024 pid://localhost:40283:0:14: Delivered commands 2112\n'
|INFO| : [run.py]--[<module>] : b'Sat Oct  5 09:15:55 UTC 2024 pid://localhost:40283:0:14: Current mean latency: 408.0\n'
|INFO| : [run.py]--[<module>] : b'\n'
|INFO| : [run.py]--[<module>] : b'Sat Oct  5 09:15:55 UTC 2024 pid://localhost:40283:0:14: Delivered commands 2112\n'
|INFO| : [run.py]--[<module>] : b'Sat Oct  5 09:15:55 UTC 2024 pid://localhost:40283:0:14: Current mean latency: 409.0\n'
|INFO| : [run.py]--[<module>] : b'\n'
|INFO| : [run.py]--[<module>] : b'Sat Oct  5 09:16:00 UTC 2024 pid://localhost:40283:0:14: Delivered commands 2144\n'
|INFO| : [run.py]--[<module>] : b'Sat Oct  5 09:16:00 UTC 2024 pid://localhost:40283:0:14: Current mean latency: 408.0\n'
|INFO| : [run.py]--[<module>] : b'\n'
|INFO| : [run.py]--[<module>] : b'Sat Oct  5 09:16:00 UTC 2024 pid://localhost:40283:0:14: Delivered commands 2144\n'
|INFO| : [run.py]--[<module>] : b'Sat Oct  5 09:16:00 UTC 2024 pid://localhost:40283:0:14: Current mean latency: 409.0\n'
|INFO| : [run.py]--[<module>] : b'\n'
|INFO| : [run.py]--[<module>] : b'Sat Oct  5 09:16:05 UTC 2024 pid://localhost:40283:0:14: Delivered commands 2176\n'
|INFO| : [run.py]--[<module>] : b'Sat Oct  5 09:16:05 UTC 2024 pid://localhost:40283:0:14: Current mean latency: 408.0\n'
|INFO| : [run.py]--[<module>] : b'\n'
|INFO| : [run.py]--[<module>] : b'Sat Oct  5 09:16:05 UTC 2024 pid://localhost:40283:0:14: Delivered commands 2176\n'
|INFO| : [run.py]--[<module>] : b'Sat Oct  5 09:16:05 UTC 2024 pid://localhost:40283:0:14: Current mean latency: 409.0\n'
|INFO| : [run.py]--[<module>] : b'\n'
|INFO| : [run.py]--[<module>] : b'Sat Oct  5 09:16:11 UTC 2024 pid://localhost:40283:0:14: Delivered commands 2208\n'
|INFO| : [run.py]--[<module>] : b'Sat Oct  5 09:16:11 UTC 2024 pid://localhost:40283:0:14: Current mean latency: 408.0\n'
|INFO| : [run.py]--[<module>] : b'\n'
|INFO| : [run.py]--[<module>] : b'Sat Oct  5 09:16:11 UTC 2024 pid://localhost:40283:0:14: Delivered commands 2208\n'
|INFO| : [run.py]--[<module>] : b'Sat Oct  5 09:16:11 UTC 2024 pid://localhost:40283:0:14: Current mean latency: 409.0\n'
|INFO| : [run.py]--[<module>] : b'\n'
|INFO| : [run.py]--[<module>] : b'Sat Oct  5 09:16:16 UTC 2024 pid://localhost:40283:0:14: Delivered commands 2240\n'
|INFO| : [run.py]--[<module>] : b'Sat Oct  5 09:16:16 UTC 2024 pid://localhost:40283:0:14: Current mean latency: 408.0\n'
|INFO| : [run.py]--[<module>] : b'\n'
|INFO| : [run.py]--[<module>] : b'Sat Oct  5 09:16:16 UTC 2024 pid://localhost:40283:0:14: Delivered commands 2240\n'
|INFO| : [run.py]--[<module>] : b'Sat Oct  5 09:16:16 UTC 2024 pid://localhost:40283:0:14: Current mean latency: 409.0\n'
|INFO| : [run.py]--[<module>] : b'\n'
|INFO| : [run.py]--[<module>] : b'Sat Oct  5 09:16:21 UTC 2024 pid://localhost:40283:0:14: Delivered commands 2272\n'
|INFO| : [run.py]--[<module>] : b'Sat Oct  5 09:16:21 UTC 2024 pid://localhost:40283:0:14: Current mean latency: 408.0\n'
|INFO| : [run.py]--[<module>] : b'\n'
|INFO| : [run.py]--[<module>] : b'Sat Oct  5 09:16:21 UTC 2024 pid://localhost:40283:0:14: Delivered commands 2272\n'
|INFO| : [run.py]--[<module>] : b'Sat Oct  5 09:16:21 UTC 2024 pid://localhost:40283:0:14: Current mean latency: 409.0\n'
|INFO| : [run.py]--[<module>] : b'\n'
|INFO| : [run.py]--[<module>] : b'Sat Oct  5 09:16:26 UTC 2024 pid://localhost:40283:0:14: Delivered commands 2304\n'
|INFO| : [run.py]--[<module>] : b'Sat Oct  5 09:16:26 UTC 2024 pid://localhost:40283:0:14: Current mean latency: 407.0\n'
|INFO| : [run.py]--[<module>] : b'\n'
|INFO| : [run.py]--[<module>] : b'Sat Oct  5 09:16:26 UTC 2024 pid://localhost:40283:0:14: Delivered commands 2304\n'
|INFO| : [run.py]--[<module>] : b'Sat Oct  5 09:16:26 UTC 2024 pid://localhost:40283:0:14: Current mean latency: 408.0\n'
|INFO| : [run.py]--[<module>] : b'\n'
|INFO| : [run.py]--[<module>] : b'Sat Oct  5 09:16:31 UTC 2024 pid://localhost:40283:0:14: Delivered commands 2336\n'
|INFO| : [run.py]--[<module>] : b'Sat Oct  5 09:16:31 UTC 2024 pid://localhost:40283:0:14: Current mean latency: 408.0\n'
|INFO| : [run.py]--[<module>] : b'\n'
|INFO| : [run.py]--[<module>] : b'Sat Oct  5 09:16:31 UTC 2024 pid://localhost:40283:0:14: Delivered commands 2336\n'
|INFO| : [run.py]--[<module>] : b'Sat Oct  5 09:16:31 UTC 2024 pid://localhost:40283:0:14: Current mean latency: 409.0\n'
|INFO| : [run.py]--[<module>] : b'\n'
|INFO| : [run.py]--[<module>] : b'Sat Oct  5 09:16:36 UTC 2024 pid://localhost:40283:0:14: Delivered commands 2368\n'
|INFO| : [run.py]--[<module>] : b'Sat Oct  5 09:16:36 UTC 2024 pid://localhost:40283:0:14: Current mean latency: 408.0\n'
|INFO| : [run.py]--[<module>] : b'\n'
|INFO| : [run.py]--[<module>] : b'Sat Oct  5 09:16:36 UTC 2024 pid://localhost:40283:0:14: Delivered commands 2368\n'
|INFO| : [run.py]--[<module>] : b'Sat Oct  5 09:16:36 UTC 2024 pid://localhost:40283:0:14: Current mean latency: 409.0\n'
|INFO| : [run.py]--[<module>] : b'\n'
|INFO| : [run.py]--[<module>] : b'Sat Oct  5 09:16:41 UTC 2024 pid://localhost:40283:0:14: Delivered commands 2400\n'
|INFO| : [run.py]--[<module>] : b'Sat Oct  5 09:16:41 UTC 2024 pid://localhost:40283:0:14: Current mean latency: 407.0\n'
|INFO| : [run.py]--[<module>] : b'\n'
|INFO| : [run.py]--[<module>] : b'Sat Oct  5 09:16:41 UTC 2024 pid://localhost:40283:0:14: Delivered commands 2400\n'
|INFO| : [run.py]--[<module>] : b'Sat Oct  5 09:16:41 UTC 2024 pid://localhost:40283:0:14: Current mean latency: 408.0\n'
|INFO| : [run.py]--[<module>] : b'\n'
|INFO| : [run.py]--[<module>] : b'Sat Oct  5 09:16:47 UTC 2024 pid://localhost:40283:0:14: Delivered commands 2432\n'
|INFO| : [run.py]--[<module>] : b'Sat Oct  5 09:16:47 UTC 2024 pid://localhost:40283:0:14: Current mean latency: 408.0\n'
|INFO| : [run.py]--[<module>] : b'\n'
|INFO| : [run.py]--[<module>] : b'Sat Oct  5 09:16:47 UTC 2024 pid://localhost:40283:0:14: Delivered commands 2432\n'
|INFO| : [run.py]--[<module>] : b'Sat Oct  5 09:16:47 UTC 2024 pid://localhost:40283:0:14: Current mean latency: 409.0\n'
|INFO| : [run.py]--[<module>] : b'\n'
|INFO| : [run.py]--[<module>] : b'Sat Oct  5 09:16:52 UTC 2024 pid://localhost:40283:0:14: Delivered commands 2464\n'
|INFO| : [run.py]--[<module>] : b'Sat Oct  5 09:16:52 UTC 2024 pid://localhost:40283:0:14: Current mean latency: 408.0\n'
|INFO| : [run.py]--[<module>] : b'\n'
|INFO| : [run.py]--[<module>] : b'Sat Oct  5 09:16:52 UTC 2024 pid://localhost:40283:0:14: Delivered commands 2464\n'
|INFO| : [run.py]--[<module>] : b'Sat Oct  5 09:16:52 UTC 2024 pid://localhost:40283:0:14: Current mean latency: 409.0\n'
|INFO| : [run.py]--[<module>] : b'\n'
|INFO| : [run.py]--[<module>] : b'Sat Oct  5 09:16:57 UTC 2024 pid://localhost:40283:0:14: Delivered commands 2496\n'
|INFO| : [run.py]--[<module>] : b'Sat Oct  5 09:16:57 UTC 2024 pid://localhost:40283:0:14: Current mean latency: 408.0\n'
|INFO| : [run.py]--[<module>] : b'\n'
|INFO| : [run.py]--[<module>] : b'Sat Oct  5 09:16:57 UTC 2024 pid://localhost:40283:0:14: Delivered commands 2496\n'
|INFO| : [run.py]--[<module>] : b'Sat Oct  5 09:16:57 UTC 2024 pid://localhost:40283:0:14: Current mean latency: 409.0\n'
|INFO| : [run.py]--[<module>] : b'\n'
|INFO| : [run.py]--[<module>] : b'Sat Oct  5 09:17:02 UTC 2024 pid://localhost:40283:0:14: Delivered commands 2528\n'
|INFO| : [run.py]--[<module>] : b'Sat Oct  5 09:17:02 UTC 2024 pid://localhost:40283:0:14: Current mean latency: 408.0\n'
|INFO| : [run.py]--[<module>] : b'\n'
|INFO| : [run.py]--[<module>] : b'Sat Oct  5 09:17:02 UTC 2024 pid://localhost:40283:0:14: Delivered commands 2528\n'
|INFO| : [run.py]--[<module>] : b'Sat Oct  5 09:17:02 UTC 2024 pid://localhost:40283:0:14: Current mean latency: 409.0\n'
|INFO| : [run.py]--[<module>] : b'\n'
|INFO| : [run.py]--[<module>] : b'Sat Oct  5 09:17:07 UTC 2024 pid://localhost:40283:0:14: Delivered commands 2560\n'
|INFO| : [run.py]--[<module>] : b'Sat Oct  5 09:17:07 UTC 2024 pid://localhost:40283:0:14: Current mean latency: 408.0\n'
|INFO| : [run.py]--[<module>] : b'\n'
|INFO| : [run.py]--[<module>] : b'Sat Oct  5 09:17:07 UTC 2024 pid://localhost:40283:0:14: Delivered commands 2560\n'
|INFO| : [run.py]--[<module>] : b'Sat Oct  5 09:17:07 UTC 2024 pid://localhost:40283:0:14: Current mean latency: 409.0\n'
|INFO| : [run.py]--[<module>] : b'\n'
|INFO| : [run.py]--[<module>] : b'Sat Oct  5 09:17:12 UTC 2024 pid://localhost:40283:0:14: Delivered commands 2592\n'
|INFO| : [run.py]--[<module>] : b'Sat Oct  5 09:17:12 UTC 2024 pid://localhost:40283:0:14: Current mean latency: 408.0\n'
|INFO| : [run.py]--[<module>] : b'\n'
|INFO| : [run.py]--[<module>] : b'Sat Oct  5 09:17:12 UTC 2024 pid://localhost:40283:0:14: Delivered commands 2592\n'
|INFO| : [run.py]--[<module>] : b'Sat Oct  5 09:17:12 UTC 2024 pid://localhost:40283:0:14: Current mean latency: 409.0\n'
|INFO| : [run.py]--[<module>] : b'\n'
|INFO| : [run.py]--[<module>] : b'Sat Oct  5 09:17:17 UTC 2024 pid://localhost:40283:0:14: Delivered commands 2624\n'
|INFO| : [run.py]--[<module>] : b'Sat Oct  5 09:17:17 UTC 2024 pid://localhost:40283:0:14: Current mean latency: 408.0\n'
|INFO| : [run.py]--[<module>] : b'\n'
|INFO| : [run.py]--[<module>] : b'Sat Oct  5 09:17:17 UTC 2024 pid://localhost:40283:0:14: Delivered commands 2624\n'
|INFO| : [run.py]--[<module>] : b'Sat Oct  5 09:17:17 UTC 2024 pid://localhost:40283:0:14: Current mean latency: 409.0\n'
|INFO| : [run.py]--[<module>] : b'\n'
|INFO| : [run.py]--[<module>] : b'Sat Oct  5 09:17:22 UTC 2024 pid://localhost:40283:0:14: Delivered commands 2656\n'
|INFO| : [run.py]--[<module>] : b'Sat Oct  5 09:17:22 UTC 2024 pid://localhost:40283:0:14: Current mean latency: 408.0\n'
|INFO| : [run.py]--[<module>] : b'\n'
|INFO| : [run.py]--[<module>] : b'Sat Oct  5 09:17:23 UTC 2024 pid://localhost:40283:0:14: Delivered commands 2656\n'
|INFO| : [run.py]--[<module>] : b'Sat Oct  5 09:17:23 UTC 2024 pid://localhost:40283:0:14: Current mean latency: 409.0\n'
|INFO| : [run.py]--[<module>] : b'\n'
|INFO| : [run.py]--[<module>] : b'Sat Oct  5 09:17:28 UTC 2024 pid://localhost:40283:0:14: Delivered commands 2688\n'
|INFO| : [run.py]--[<module>] : b'Sat Oct  5 09:17:28 UTC 2024 pid://localhost:40283:0:14: Current mean latency: 408.0\n'
|INFO| : [run.py]--[<module>] : b'\n'
|INFO| : [run.py]--[<module>] : b'Sat Oct  5 09:17:28 UTC 2024 pid://localhost:40283:0:14: Delivered commands 2688\n'
|INFO| : [run.py]--[<module>] : b'Sat Oct  5 09:17:28 UTC 2024 pid://localhost:40283:0:14: Current mean latency: 409.0\n'
|INFO| : [run.py]--[<module>] : b'\n'
|INFO| : [run.py]--[<module>] : b'Sat Oct  5 09:17:33 UTC 2024 pid://localhost:40283:0:14: Delivered commands 2720\n'
|INFO| : [run.py]--[<module>] : b'Sat Oct  5 09:17:33 UTC 2024 pid://localhost:40283:0:14: Current mean latency: 408.0\n'
|INFO| : [run.py]--[<module>] : b'\n'
|INFO| : [run.py]--[<module>] : b'Sat Oct  5 09:17:33 UTC 2024 pid://localhost:40283:0:14: Delivered commands 2720\n'
|INFO| : [run.py]--[<module>] : b'Sat Oct  5 09:17:33 UTC 2024 pid://localhost:40283:0:14: Current mean latency: 409.0\n'
|INFO| : [run.py]--[<module>] : b'\n'
|INFO| : [run.py]--[<module>] : b'Sat Oct  5 09:17:38 UTC 2024 pid://localhost:40283:0:14: Delivered commands 2752\n'
|INFO| : [run.py]--[<module>] : b'Sat Oct  5 09:17:38 UTC 2024 pid://localhost:40283:0:14: Current mean latency: 408.0\n'
|INFO| : [run.py]--[<module>] : b'\n'
|INFO| : [run.py]--[<module>] : b'Sat Oct  5 09:17:38 UTC 2024 pid://localhost:40283:0:14: Delivered commands 2752\n'
|INFO| : [run.py]--[<module>] : b'Sat Oct  5 09:17:38 UTC 2024 pid://localhost:40283:0:14: Current mean latency: 409.0\n'
|INFO| : [run.py]--[<module>] : b'\n'
|INFO| : [run.py]--[<module>] : b'Sat Oct  5 09:17:43 UTC 2024 pid://localhost:40283:0:14: Delivered commands 2784\n'
|INFO| : [run.py]--[<module>] : b'Sat Oct  5 09:17:43 UTC 2024 pid://localhost:40283:0:14: Current mean latency: 408.0\n'
|INFO| : [run.py]--[<module>] : b'\n'
|INFO| : [run.py]--[<module>] : b'Sat Oct  5 09:17:43 UTC 2024 pid://localhost:40283:0:14: Delivered commands 2784\n'
|INFO| : [run.py]--[<module>] : b'Sat Oct  5 09:17:43 UTC 2024 pid://localhost:40283:0:14: Current mean latency: 409.0\n'
|INFO| : [run.py]--[<module>] : b'\n'
|INFO| : [run.py]--[<module>] : b'Sat Oct  5 09:17:48 UTC 2024 pid://localhost:40283:0:14: Delivered commands 2816\n'
|INFO| : [run.py]--[<module>] : b'Sat Oct  5 09:17:48 UTC 2024 pid://localhost:40283:0:14: Current mean latency: 408.0\n'
|INFO| : [run.py]--[<module>] : b'\n'
|INFO| : [run.py]--[<module>] : b'Sat Oct  5 09:17:48 UTC 2024 pid://localhost:40283:0:14: Delivered commands 2816\n'
|INFO| : [run.py]--[<module>] : b'Sat Oct  5 09:17:48 UTC 2024 pid://localhost:40283:0:14: Current mean latency: 409.0\n'
|INFO| : [run.py]--[<module>] : b'\n'
|INFO| : [run.py]--[<module>] : b'Sat Oct  5 09:17:53 UTC 2024 pid://localhost:40283:0:14: Delivered commands 2848\n'
|INFO| : [run.py]--[<module>] : b'Sat Oct  5 09:17:53 UTC 2024 pid://localhost:40283:0:14: Current mean latency: 408.0\n'
|INFO| : [run.py]--[<module>] : b'\n'
|INFO| : [run.py]--[<module>] : b'Sat Oct  5 09:17:53 UTC 2024 pid://localhost:40283:0:14: Delivered commands 2848\n'
|INFO| : [run.py]--[<module>] : b'Sat Oct  5 09:17:53 UTC 2024 pid://localhost:40283:0:14: Current mean latency: 409.0\n'
|INFO| : [run.py]--[<module>] : b'\n'
|INFO| : [run.py]--[<module>] : b'Sat Oct  5 09:17:58 UTC 2024 pid://localhost:40283:0:14: Delivered commands 2880\n'
|INFO| : [run.py]--[<module>] : b'Sat Oct  5 09:17:58 UTC 2024 pid://localhost:40283:0:14: Current mean latency: 408.0\n'
|INFO| : [run.py]--[<module>] : b'\n'
|INFO| : [run.py]--[<module>] : b'Sat Oct  5 09:17:58 UTC 2024 pid://localhost:40283:0:14: Delivered commands 2880\n'
|INFO| : [run.py]--[<module>] : b'Sat Oct  5 09:17:58 UTC 2024 pid://localhost:40283:0:14: Current mean latency: 409.0\n'
|INFO| : [run.py]--[<module>] : b'\n'
|INFO| : [run.py]--[<module>] : b'Sat Oct  5 09:18:04 UTC 2024 pid://localhost:40283:0:14: Delivered commands 2912\n'
|INFO| : [run.py]--[<module>] : b'Sat Oct  5 09:18:04 UTC 2024 pid://localhost:40283:0:14: Current mean latency: 408.0\n'
|INFO| : [run.py]--[<module>] : b'\n'
|INFO| : [run.py]--[<module>] : b'Sat Oct  5 09:18:04 UTC 2024 pid://localhost:40283:0:14: Delivered commands 2912\n'
|INFO| : [run.py]--[<module>] : b'Sat Oct  5 09:18:04 UTC 2024 pid://localhost:40283:0:14: Current mean latency: 409.0\n'
|INFO| : [run.py]--[<module>] : b'\n'
|INFO| : [run.py]--[<module>] : b'Sat Oct  5 09:18:09 UTC 2024 pid://localhost:40283:0:14: Delivered commands 2944\n'
|INFO| : [run.py]--[<module>] : b'Sat Oct  5 09:18:09 UTC 2024 pid://localhost:40283:0:14: Current mean latency: 408.0\n'
|INFO| : [run.py]--[<module>] : b'\n'
|INFO| : [run.py]--[<module>] : b'Sat Oct  5 09:18:09 UTC 2024 pid://localhost:40283:0:14: Delivered commands 2944\n'
|INFO| : [run.py]--[<module>] : b'Sat Oct  5 09:18:09 UTC 2024 pid://localhost:40283:0:14: Current mean latency: 409.0\n'
|INFO| : [run.py]--[<module>] : b'\n'
|INFO| : [run.py]--[<module>] : b'Sat Oct  5 09:18:14 UTC 2024 pid://localhost:40283:0:14: Delivered commands 2976\n'
|INFO| : [run.py]--[<module>] : b'Sat Oct  5 09:18:14 UTC 2024 pid://localhost:40283:0:14: Current mean latency: 408.0\n'
|INFO| : [run.py]--[<module>] : b'\n'
|INFO| : [run.py]--[<module>] : b'Sat Oct  5 09:18:14 UTC 2024 pid://localhost:40283:0:14: Delivered commands 2976\n'
|INFO| : [run.py]--[<module>] : b'Sat Oct  5 09:18:14 UTC 2024 pid://localhost:40283:0:14: Current mean latency: 409.0\n'
|INFO| : [run.py]--[<module>] : b'\n'
|INFO| : [run.py]--[<module>] : b'Sat Oct  5 09:18:19 UTC 2024 pid://localhost:40283:0:14: Delivered commands 3008\n'
|INFO| : [run.py]--[<module>] : b'Sat Oct  5 09:18:19 UTC 2024 pid://localhost:40283:0:14: Current mean latency: 408.0\n'
|INFO| : [run.py]--[<module>] : b'\n'
|INFO| : [run.py]--[<module>] : b'Sat Oct  5 09:18:19 UTC 2024 pid://localhost:40283:0:14: Delivered commands 3008\n'
|INFO| : [run.py]--[<module>] : b'Sat Oct  5 09:18:19 UTC 2024 pid://localhost:40283:0:14: Current mean latency: 409.0\n'
|INFO| : [run.py]--[<module>] : b'\n'
|INFO| : [run.py]--[<module>] : b'Sat Oct  5 09:18:24 UTC 2024 pid://localhost:40283:0:14: Delivered commands 3040\n'
|INFO| : [run.py]--[<module>] : b'Sat Oct  5 09:18:24 UTC 2024 pid://localhost:40283:0:14: Current mean latency: 408.0\n'
|INFO| : [run.py]--[<module>] : b'\n'
|INFO| : [run.py]--[<module>] : b'Sat Oct  5 09:18:24 UTC 2024 pid://localhost:40283:0:14: Delivered commands 3040\n'
|INFO| : [run.py]--[<module>] : b'Sat Oct  5 09:18:24 UTC 2024 pid://localhost:40283:0:14: Current mean latency: 409.0\n'
|INFO| : [run.py]--[<module>] : b'\n'
|INFO| : [run.py]--[<module>] : b'Sat Oct  5 09:18:29 UTC 2024 pid://localhost:40283:0:14: Delivered commands 3072\n'
|INFO| : [run.py]--[<module>] : b'Sat Oct  5 09:18:29 UTC 2024 pid://localhost:40283:0:14: Current mean latency: 408.0\n'
|INFO| : [run.py]--[<module>] : b'\n'
|INFO| : [run.py]--[<module>] : b'Sat Oct  5 09:18:29 UTC 2024 pid://localhost:40283:0:14: Delivered commands 3072\n'
|INFO| : [run.py]--[<module>] : b'Sat Oct  5 09:18:29 UTC 2024 pid://localhost:40283:0:14: Current mean latency: 409.0\n'
|INFO| : [run.py]--[<module>] : b'\n'
|INFO| : [run.py]--[<module>] : b'Sat Oct  5 09:18:34 UTC 2024 pid://localhost:40283:0:14: Delivered commands 3104\n'
|INFO| : [run.py]--[<module>] : b'Sat Oct  5 09:18:34 UTC 2024 pid://localhost:40283:0:14: Current mean latency: 408.0\n'
|INFO| : [run.py]--[<module>] : b'\n'
|INFO| : [run.py]--[<module>] : b'Sat Oct  5 09:18:34 UTC 2024 pid://localhost:40283:0:14: Delivered commands 3104\n'
|INFO| : [run.py]--[<module>] : b'Sat Oct  5 09:18:34 UTC 2024 pid://localhost:40283:0:14: Current mean latency: 409.0\n'
|INFO| : [run.py]--[<module>] : b'\n'
|INFO| : [run.py]--[<module>] : b'Sat Oct  5 09:18:40 UTC 2024 pid://localhost:40283:0:14: Delivered commands 3136\n'
|INFO| : [run.py]--[<module>] : b'Sat Oct  5 09:18:40 UTC 2024 pid://localhost:40283:0:14: Current mean latency: 408.0\n'
|INFO| : [run.py]--[<module>] : b'\n'
|INFO| : [run.py]--[<module>] : b'Sat Oct  5 09:18:40 UTC 2024 pid://localhost:40283:0:14: Delivered commands 3136\n'
|INFO| : [run.py]--[<module>] : b'Sat Oct  5 09:18:40 UTC 2024 pid://localhost:40283:0:14: Current mean latency: 409.0\n'
|INFO| : [run.py]--[<module>] : b'\n'
|INFO| : [run.py]--[<module>] : b'Sat Oct  5 09:18:45 UTC 2024 pid://localhost:40283:0:14: Delivered commands 3168\n'
|INFO| : [run.py]--[<module>] : b'Sat Oct  5 09:18:45 UTC 2024 pid://localhost:40283:0:14: Current mean latency: 408.0\n'
|INFO| : [run.py]--[<module>] : b'\n'
|INFO| : [run.py]--[<module>] : b'Sat Oct  5 09:18:45 UTC 2024 pid://localhost:40283:0:14: Delivered commands 3168\n'
|INFO| : [run.py]--[<module>] : b'Sat Oct  5 09:18:45 UTC 2024 pid://localhost:40283:0:14: Current mean latency: 409.0\n'
|INFO| : [run.py]--[<module>] : b'\n'
|INFO| : [run.py]--[<module>] : b'Sat Oct  5 09:18:50 UTC 2024 pid://localhost:40283:0:14: Delivered commands 3200\n'
|INFO| : [run.py]--[<module>] : b'Sat Oct  5 09:18:50 UTC 2024 pid://localhost:40283:0:14: Current mean latency: 408.0\n'
|INFO| : [run.py]--[<module>] : b'\n'
|INFO| : [run.py]--[<module>] : b'Sat Oct  5 09:18:50 UTC 2024 pid://localhost:40283:0:14: Delivered commands 3200\n'
|INFO| : [run.py]--[<module>] : b'Sat Oct  5 09:18:50 UTC 2024 pid://localhost:40283:0:14: Current mean latency: 409.0\n'
|INFO| : [run.py]--[<module>] : b'\n'
|INFO| : [run.py]--[<module>] : b'Sat Oct  5 09:18:55 UTC 2024 pid://localhost:40283:0:14: Delivered commands 3232\n'
|INFO| : [run.py]--[<module>] : b'Sat Oct  5 09:18:55 UTC 2024 pid://localhost:40283:0:14: Current mean latency: 408.0\n'
|INFO| : [run.py]--[<module>] : b'\n'
|INFO| : [run.py]--[<module>] : b'Sat Oct  5 09:18:55 UTC 2024 pid://localhost:40283:0:14: Delivered commands 3232\n'
|INFO| : [run.py]--[<module>] : b'Sat Oct  5 09:18:55 UTC 2024 pid://localhost:40283:0:14: Current mean latency: 409.0\n'
|INFO| : [run.py]--[<module>] : b'\n'
|INFO| : [run.py]--[<module>] : b'Sat Oct  5 09:19:00 UTC 2024 pid://localhost:40283:0:14: Delivered commands 3264\n'
|INFO| : [run.py]--[<module>] : b'Sat Oct  5 09:19:00 UTC 2024 pid://localhost:40283:0:14: Current mean latency: 408.0\n'
|INFO| : [run.py]--[<module>] : b'\n'
|INFO| : [run.py]--[<module>] : b'Sat Oct  5 09:19:00 UTC 2024 pid://localhost:40283:0:14: Delivered commands 3264\n'
|INFO| : [run.py]--[<module>] : b'Sat Oct  5 09:19:00 UTC 2024 pid://localhost:40283:0:14: Current mean latency: 409.0\n'
|INFO| : [run.py]--[<module>] : b'\n'
|INFO| : [run.py]--[<module>] : b'Sat Oct  5 09:19:05 UTC 2024 pid://localhost:40283:0:14: Delivered commands 3296\n'
|INFO| : [run.py]--[<module>] : b'Sat Oct  5 09:19:05 UTC 2024 pid://localhost:40283:0:14: Current mean latency: 408.0\n'
|INFO| : [run.py]--[<module>] : b'\n'
|INFO| : [run.py]--[<module>] : b'Sat Oct  5 09:19:05 UTC 2024 pid://localhost:40283:0:14: Delivered commands 3296\n'
|INFO| : [run.py]--[<module>] : b'Sat Oct  5 09:19:05 UTC 2024 pid://localhost:40283:0:14: Current mean latency: 409.0\n'
|INFO| : [run.py]--[<module>] : b'\n'
|INFO| : [run.py]--[<module>] : b'Sat Oct  5 09:19:10 UTC 2024 pid://localhost:40283:0:14: Delivered commands 3328\n'
|INFO| : [run.py]--[<module>] : b'Sat Oct  5 09:19:10 UTC 2024 pid://localhost:40283:0:14: Current mean latency: 408.0\n'
|INFO| : [run.py]--[<module>] : b'\n'
|INFO| : [run.py]--[<module>] : b'Sat Oct  5 09:19:10 UTC 2024 pid://localhost:40283:0:14: Delivered commands 3328\n'
|INFO| : [run.py]--[<module>] : b'Sat Oct  5 09:19:10 UTC 2024 pid://localhost:40283:0:14: Current mean latency: 409.0\n'
|INFO| : [run.py]--[<module>] : b'\n'
|INFO| : [run.py]--[<module>] : b'Sat Oct  5 09:19:15 UTC 2024 pid://localhost:40283:0:14: Delivered commands 3360\n'
|INFO| : [run.py]--[<module>] : b'Sat Oct  5 09:19:15 UTC 2024 pid://localhost:40283:0:14: Current mean latency: 408.0\n'
|INFO| : [run.py]--[<module>] : b'\n'
|INFO| : [run.py]--[<module>] : b'Sat Oct  5 09:19:15 UTC 2024 pid://localhost:40283:0:14: Delivered commands 3360\n'
|INFO| : [run.py]--[<module>] : b'Sat Oct  5 09:19:15 UTC 2024 pid://localhost:40283:0:14: Current mean latency: 409.0\n'
|INFO| : [run.py]--[<module>] : b'\n'
|INFO| : [run.py]--[<module>] : b'Sat Oct  5 09:19:21 UTC 2024 pid://localhost:40283:0:14: Delivered commands 3392\n'
|INFO| : [run.py]--[<module>] : b'Sat Oct  5 09:19:21 UTC 2024 pid://localhost:40283:0:14: Current mean latency: 408.0\n'
|INFO| : [run.py]--[<module>] : b'\n'
|INFO| : [run.py]--[<module>] : b'Sat Oct  5 09:19:21 UTC 2024 pid://localhost:40283:0:14: Delivered commands 3392\n'
|INFO| : [run.py]--[<module>] : b'Sat Oct  5 09:19:21 UTC 2024 pid://localhost:40283:0:14: Current mean latency: 409.0\n'
|INFO| : [run.py]--[<module>] : b'\n'
|INFO| : [run.py]--[<module>] : b'Sat Oct  5 09:19:26 UTC 2024 pid://localhost:40283:0:14: Delivered commands 3424\n'
|INFO| : [run.py]--[<module>] : b'Sat Oct  5 09:19:26 UTC 2024 pid://localhost:40283:0:14: Current mean latency: 407.0\n'
|INFO| : [run.py]--[<module>] : b'\n'
|INFO| : [run.py]--[<module>] : b'Sat Oct  5 09:19:26 UTC 2024 pid://localhost:40283:0:14: Delivered commands 3424\n'
|INFO| : [run.py]--[<module>] : b'Sat Oct  5 09:19:26 UTC 2024 pid://localhost:40283:0:14: Current mean latency: 408.0\n'
|INFO| : [run.py]--[<module>] : b'\n'
|INFO| : [run.py]--[<module>] : b'Sat Oct  5 09:19:31 UTC 2024 pid://localhost:40283:0:14: Delivered commands 3456\n'
|INFO| : [run.py]--[<module>] : b'Sat Oct  5 09:19:31 UTC 2024 pid://localhost:40283:0:14: Current mean latency: 408.0\n'
|INFO| : [run.py]--[<module>] : b'\n'
|INFO| : [run.py]--[<module>] : b'Sat Oct  5 09:19:31 UTC 2024 pid://localhost:40283:0:14: Delivered commands 3456\n'
|INFO| : [run.py]--[<module>] : b'Sat Oct  5 09:19:31 UTC 2024 pid://localhost:40283:0:14: Current mean latency: 409.0\n'
|INFO| : [run.py]--[<module>] : b'\n'
|INFO| : [run.py]--[<module>] : b'Sat Oct  5 09:19:36 UTC 2024 pid://localhost:40283:0:14: Delivered commands 3488\n'
|INFO| : [run.py]--[<module>] : b'Sat Oct  5 09:19:36 UTC 2024 pid://localhost:40283:0:14: Current mean latency: 408.0\n'
|INFO| : [run.py]--[<module>] : b'\n'
|INFO| : [run.py]--[<module>] : b'Sat Oct  5 09:19:36 UTC 2024 pid://localhost:40283:0:14: Delivered commands 3488\n'
|INFO| : [run.py]--[<module>] : b'Sat Oct  5 09:19:36 UTC 2024 pid://localhost:40283:0:14: Current mean latency: 409.0\n'
|INFO| : [run.py]--[<module>] : b'\n'
|INFO| : [run.py]--[<module>] : b'Sat Oct  5 09:19:41 UTC 2024 pid://localhost:40283:0:14: Delivered commands 3520\n'
|INFO| : [run.py]--[<module>] : b'Sat Oct  5 09:19:41 UTC 2024 pid://localhost:40283:0:14: Current mean latency: 408.0\n'
|INFO| : [run.py]--[<module>] : b'\n'
|INFO| : [run.py]--[<module>] : b'Sat Oct  5 09:19:41 UTC 2024 pid://localhost:40283:0:14: Delivered commands 3520\n'
|INFO| : [run.py]--[<module>] : b'Sat Oct  5 09:19:41 UTC 2024 pid://localhost:40283:0:14: Current mean latency: 409.0\n'
|INFO| : [run.py]--[<module>] : b'\n'
|INFO| : [run.py]--[<module>] : b'Sat Oct  5 09:19:46 UTC 2024 pid://localhost:40283:0:14: Delivered commands 3552\n'
|INFO| : [run.py]--[<module>] : b'Sat Oct  5 09:19:46 UTC 2024 pid://localhost:40283:0:14: Current mean latency: 408.0\n'
|INFO| : [run.py]--[<module>] : b'\n'
|INFO| : [run.py]--[<module>] : b'Sat Oct  5 09:19:46 UTC 2024 pid://localhost:40283:0:14: Delivered commands 3552\n'
|INFO| : [run.py]--[<module>] : b'Sat Oct  5 09:19:46 UTC 2024 pid://localhost:40283:0:14: Current mean latency: 409.0\n'
|INFO| : [run.py]--[<module>] : b'\n'
|INFO| : [run.py]--[<module>] : b'Sat Oct  5 09:19:51 UTC 2024 pid://localhost:40283:0:14: Delivered commands 3584\n'
|INFO| : [run.py]--[<module>] : b'Sat Oct  5 09:19:51 UTC 2024 pid://localhost:40283:0:14: Current mean latency: 408.0\n'
|INFO| : [run.py]--[<module>] : b'\n'
|INFO| : [run.py]--[<module>] : b'Sat Oct  5 09:19:51 UTC 2024 pid://localhost:40283:0:14: Delivered commands 3584\n'
|INFO| : [run.py]--[<module>] : b'Sat Oct  5 09:19:51 UTC 2024 pid://localhost:40283:0:14: Current mean latency: 409.0\n'
|INFO| : [run.py]--[<module>] : b'\n'
|INFO| : [run.py]--[<module>] : b'Sat Oct  5 09:19:57 UTC 2024 pid://localhost:40283:0:14: Delivered commands 3616\n'
|INFO| : [run.py]--[<module>] : b'Sat Oct  5 09:19:57 UTC 2024 pid://localhost:40283:0:14: Current mean latency: 407.0\n'
|INFO| : [run.py]--[<module>] : b'\n'
|INFO| : [run.py]--[<module>] : b'Sat Oct  5 09:19:57 UTC 2024 pid://localhost:40283:0:14: Delivered commands 3616\n'
|INFO| : [run.py]--[<module>] : b'Sat Oct  5 09:19:57 UTC 2024 pid://localhost:40283:0:14: Current mean latency: 408.0\n'
|INFO| : [run.py]--[<module>] : b'\n'
|INFO| : [run.py]--[<module>] : b'Sat Oct  5 09:20:02 UTC 2024 pid://localhost:40283:0:14: Delivered commands 3648\n'
|INFO| : [run.py]--[<module>] : b'Sat Oct  5 09:20:02 UTC 2024 pid://localhost:40283:0:14: Current mean latency: 408.0\n'
|INFO| : [run.py]--[<module>] : b'\n'
|INFO| : [run.py]--[<module>] : b'Sat Oct  5 09:20:02 UTC 2024 pid://localhost:40283:0:14: Delivered commands 3648\n'
|INFO| : [run.py]--[<module>] : b'Sat Oct  5 09:20:02 UTC 2024 pid://localhost:40283:0:14: Current mean latency: 409.0\n'
|INFO| : [run.py]--[<module>] : b'\n'
|INFO| : [run.py]--[<module>] : b'Sat Oct  5 09:20:07 UTC 2024 pid://localhost:40283:0:14: Delivered commands 3680\n'
|INFO| : [run.py]--[<module>] : b'Sat Oct  5 09:20:07 UTC 2024 pid://localhost:40283:0:14: Current mean latency: 408.0\n'
|INFO| : [run.py]--[<module>] : b'\n'
|INFO| : [run.py]--[<module>] : b'Sat Oct  5 09:20:07 UTC 2024 pid://localhost:40283:0:14: Delivered commands 3680\n'
|INFO| : [run.py]--[<module>] : b'Sat Oct  5 09:20:07 UTC 2024 pid://localhost:40283:0:14: Current mean latency: 409.0\n'
|INFO| : [run.py]--[<module>] : b'\n'
|INFO| : [run.py]--[<module>] : b'Sat Oct  5 09:20:12 UTC 2024 pid://localhost:40283:0:14: Delivered commands 3712\n'
|INFO| : [run.py]--[<module>] : b'Sat Oct  5 09:20:12 UTC 2024 pid://localhost:40283:0:14: Current mean latency: 408.0\n'
|INFO| : [run.py]--[<module>] : b'\n'
|INFO| : [run.py]--[<module>] : b'Sat Oct  5 09:20:12 UTC 2024 pid://localhost:40283:0:14: Delivered commands 3712\n'
|INFO| : [run.py]--[<module>] : b'Sat Oct  5 09:20:12 UTC 2024 pid://localhost:40283:0:14: Current mean latency: 409.0\n'
|INFO| : [run.py]--[<module>] : b'\n'
|INFO| : [run.py]--[<module>] : b'Running for 600 seconds before exiting...\n'
|INFO| : [run.py]--[<module>] : b'Exiting now.\n'
