|INFO| : [run.py]--[<module>] : b'Up to date\n'
|INFO| : [run.py]--[<module>] : b'Sat Oct  5 09:50:17 UTC 2024 pid://localhost:38863:0:8: sent servers [pid://localhost:38863:0:9,pid://localhost:38863:0:10,pid://localhost:38863:0:11,pid://localhost:38863:0:12,pid://localhost:38863:0:13,pid://localhost:38863:0:14,pid://localhost:38863:0:15,pid://localhost:38863:0:16,pid://localhost:38863:0:17,pid://localhost:38863:0:18,pid://localhost:38863:0:19,pid://localhost:38863:0:20,pid://localhost:38863:0:21,pid://localhost:38863:0:22,pid://localhost:38863:0:23,pid://localhost:38863:0:24,pid://localhost:38863:0:25,pid://localhost:38863:0:26,pid://localhost:38863:0:27,pid://localhost:38863:0:28,pid://localhost:38863:0:29,pid://localhost:38863:0:30,pid://localhost:38863:0:31,pid://localhost:38863:0:32,pid://localhost:38863:0:33]\n'
|INFO| : [run.py]--[<module>] : b'Sat Oct  5 09:50:17 UTC 2024 pid://localhost:38863:0:8: sent clients [pid://localhost:38863:0:34]\n'
|INFO| : [run.py]--[<module>] : b'Sat Oct  5 09:50:17 UTC 2024 pid://localhost:38863:0:9: received servers [pid://localhost:38863:0:9,pid://localhost:38863:0:10,pid://localhost:38863:0:11,pid://localhost:38863:0:12,pid://localhost:38863:0:13,pid://localhost:38863:0:14,pid://localhost:38863:0:15,pid://localhost:38863:0:16,pid://localhost:38863:0:17,pid://localhost:38863:0:18,pid://localhost:38863:0:19,pid://localhost:38863:0:20,pid://localhost:38863:0:21,pid://localhost:38863:0:22,pid://localhost:38863:0:23,pid://localhost:38863:0:24,pid://localhost:38863:0:25,pid://localhost:38863:0:26,pid://localhost:38863:0:27,pid://localhost:38863:0:28,pid://localhost:38863:0:29,pid://localhost:38863:0:30,pid://localhost:38863:0:31,pid://localhost:38863:0:32,pid://localhost:38863:0:33]\n'
|INFO| : [run.py]--[<module>] : b'Sat Oct  5 09:50:17 UTC 2024 pid://localhost:38863:0:9: received clients [pid://localhost:38863:0:34]\n'
|INFO| : [run.py]--[<module>] : b'Sat Oct  5 09:50:17 UTC 2024 pid://localhost:38863:0:9: synchronous delta timers set to 100 ticks\n'
|INFO| : [run.py]--[<module>] : b'Sat Oct  5 09:50:17 UTC 2024 pid://localhost:38863:0:10: received servers [pid://localhost:38863:0:9,pid://localhost:38863:0:10,pid://localhost:38863:0:11,pid://localhost:38863:0:12,pid://localhost:38863:0:13,pid://localhost:38863:0:14,pid://localhost:38863:0:15,pid://localhost:38863:0:16,pid://localhost:38863:0:17,pid://localhost:38863:0:18,pid://localhost:38863:0:19,pid://localhost:38863:0:20,pid://localhost:38863:0:21,pid://localhost:38863:0:22,pid://localhost:38863:0:23,pid://localhost:38863:0:24,pid://localhost:38863:0:25,pid://localhost:38863:0:26,pid://localhost:38863:0:27,pid://localhost:38863:0:28,pid://localhost:38863:0:29,pid://localhost:38863:0:30,pid://localhost:38863:0:31,pid://localhost:38863:0:32,pid://localhost:38863:0:33]\n'
|INFO| : [run.py]--[<module>] : b'Sat Oct  5 09:50:17 UTC 2024 pid://localhost:38863:0:10: received clients [pid://localhost:38863:0:34]\n'
|INFO| : [run.py]--[<module>] : b'Sat Oct  5 09:50:17 UTC 2024 pid://localhost:38863:0:10: synchronous delta timers set to 100 ticks\n'
|INFO| : [run.py]--[<module>] : b'Sat Oct  5 09:50:17 UTC 2024 pid://localhost:38863:0:11: received servers [pid://localhost:38863:0:9,pid://localhost:38863:0:10,pid://localhost:38863:0:11,pid://localhost:38863:0:12,pid://localhost:38863:0:13,pid://localhost:38863:0:14,pid://localhost:38863:0:15,pid://localhost:38863:0:16,pid://localhost:38863:0:17,pid://localhost:38863:0:18,pid://localhost:38863:0:19,pid://localhost:38863:0:20,pid://localhost:38863:0:21,pid://localhost:38863:0:22,pid://localhost:38863:0:23,pid://localhost:38863:0:24,pid://localhost:38863:0:25,pid://localhost:38863:0:26,pid://localhost:38863:0:27,pid://localhost:38863:0:28,pid://localhost:38863:0:29,pid://localhost:38863:0:30,pid://localhost:38863:0:31,pid://localhost:38863:0:32,pid://localhost:38863:0:33]\n'
|INFO| : [run.py]--[<module>] : b'Sat Oct  5 09:50:17 UTC 2024 pid://localhost:38863:0:11: received clients [pid://localhost:38863:0:34]\n'
|INFO| : [run.py]--[<module>] : b'Sat Oct  5 09:50:17 UTC 2024 pid://localhost:38863:0:11: synchronous delta timers set to 100 ticks\n'
|INFO| : [run.py]--[<module>] : b'Sat Oct  5 09:50:17 UTC 2024 pid://localhost:38863:0:12: received servers [pid://localhost:38863:0:9,pid://localhost:38863:0:10,pid://localhost:38863:0:11,pid://localhost:38863:0:12,pid://localhost:38863:0:13,pid://localhost:38863:0:14,pid://localhost:38863:0:15,pid://localhost:38863:0:16,pid://localhost:38863:0:17,pid://localhost:38863:0:18,pid://localhost:38863:0:19,pid://localhost:38863:0:20,pid://localhost:38863:0:21,pid://localhost:38863:0:22,pid://localhost:38863:0:23,pid://localhost:38863:0:24,pid://localhost:38863:0:25,pid://localhost:38863:0:26,pid://localhost:38863:0:27,pid://localhost:38863:0:28,pid://localhost:38863:0:29,pid://localhost:38863:0:30,pid://localhost:38863:0:31,pid://localhost:38863:0:32,pid://localhost:38863:0:33]\n'
|INFO| : [run.py]--[<module>] : b'Sat Oct  5 09:50:17 UTC 2024 pid://localhost:38863:0:12: received clients [pid://localhost:38863:0:34]\n'
|INFO| : [run.py]--[<module>] : b'Sat Oct  5 09:50:17 UTC 2024 pid://localhost:38863:0:12: synchronous delta timers set to 100 ticks\n'
|INFO| : [run.py]--[<module>] : b'Sat Oct  5 09:50:17 UTC 2024 pid://localhost:38863:0:13: received servers [pid://localhost:38863:0:9,pid://localhost:38863:0:10,pid://localhost:38863:0:11,pid://localhost:38863:0:12,pid://localhost:38863:0:13,pid://localhost:38863:0:14,pid://localhost:38863:0:15,pid://localhost:38863:0:16,pid://localhost:38863:0:17,pid://localhost:38863:0:18,pid://localhost:38863:0:19,pid://localhost:38863:0:20,pid://localhost:38863:0:21,pid://localhost:38863:0:22,pid://localhost:38863:0:23,pid://localhost:38863:0:24,pid://localhost:38863:0:25,pid://localhost:38863:0:26,pid://localhost:38863:0:27,pid://localhost:38863:0:28,pid://localhost:38863:0:29,pid://localhost:38863:0:30,pid://localhost:38863:0:31,pid://localhost:38863:0:32,pid://localhost:38863:0:33]\n'
|INFO| : [run.py]--[<module>] : b'Sat Oct  5 09:50:17 UTC 2024 pid://localhost:38863:0:13: received clients [pid://localhost:38863:0:34]\n'
|INFO| : [run.py]--[<module>] : b'Sat Oct  5 09:50:17 UTC 2024 pid://localhost:38863:0:13: synchronous delta timers set to 100 ticks\n'
|INFO| : [run.py]--[<module>] : b'Sat Oct  5 09:50:17 UTC 2024 pid://localhost:38863:0:14: received servers [pid://localhost:38863:0:9,pid://localhost:38863:0:10,pid://localhost:38863:0:11,pid://localhost:38863:0:12,pid://localhost:38863:0:13,pid://localhost:38863:0:14,pid://localhost:38863:0:15,pid://localhost:38863:0:16,pid://localhost:38863:0:17,pid://localhost:38863:0:18,pid://localhost:38863:0:19,pid://localhost:38863:0:20,pid://localhost:38863:0:21,pid://localhost:38863:0:22,pid://localhost:38863:0:23,pid://localhost:38863:0:24,pid://localhost:38863:0:25,pid://localhost:38863:0:26,pid://localhost:38863:0:27,pid://localhost:38863:0:28,pid://localhost:38863:0:29,pid://localhost:38863:0:30,pid://localhost:38863:0:31,pid://localhost:38863:0:32,pid://localhost:38863:0:33]\n'
|INFO| : [run.py]--[<module>] : b'Sat Oct  5 09:50:17 UTC 2024 pid://localhost:38863:0:14: received clients [pid://localhost:38863:0:34]\n'
|INFO| : [run.py]--[<module>] : b'Sat Oct  5 09:50:17 UTC 2024 pid://localhost:38863:0:14: synchronous delta timers set to 100 ticks\n'
|INFO| : [run.py]--[<module>] : b'Sat Oct  5 09:50:17 UTC 2024 pid://localhost:38863:0:15: received servers [pid://localhost:38863:0:9,pid://localhost:38863:0:10,pid://localhost:38863:0:11,pid://localhost:38863:0:12,pid://localhost:38863:0:13,pid://localhost:38863:0:14,pid://localhost:38863:0:15,pid://localhost:38863:0:16,pid://localhost:38863:0:17,pid://localhost:38863:0:18,pid://localhost:38863:0:19,pid://localhost:38863:0:20,pid://localhost:38863:0:21,pid://localhost:38863:0:22,pid://localhost:38863:0:23,pid://localhost:38863:0:24,pid://localhost:38863:0:25,pid://localhost:38863:0:26,pid://localhost:38863:0:27,pid://localhost:38863:0:28,pid://localhost:38863:0:29,pid://localhost:38863:0:30,pid://localhost:38863:0:31,pid://localhost:38863:0:32,pid://localhost:38863:0:33]\n'
|INFO| : [run.py]--[<module>] : b'Sat Oct  5 09:50:17 UTC 2024 pid://localhost:38863:0:15: received clients [pid://localhost:38863:0:34]\n'
|INFO| : [run.py]--[<module>] : b'Sat Oct  5 09:50:17 UTC 2024 pid://localhost:38863:0:15: synchronous delta timers set to 100 ticks\n'
|INFO| : [run.py]--[<module>] : b'Sat Oct  5 09:50:17 UTC 2024 pid://localhost:38863:0:16: received servers [pid://localhost:38863:0:9,pid://localhost:38863:0:10,pid://localhost:38863:0:11,pid://localhost:38863:0:12,pid://localhost:38863:0:13,pid://localhost:38863:0:14,pid://localhost:38863:0:15,pid://localhost:38863:0:16,pid://localhost:38863:0:17,pid://localhost:38863:0:18,pid://localhost:38863:0:19,pid://localhost:38863:0:20,pid://localhost:38863:0:21,pid://localhost:38863:0:22,pid://localhost:38863:0:23,pid://localhost:38863:0:24,pid://localhost:38863:0:25,pid://localhost:38863:0:26,pid://localhost:38863:0:27,pid://localhost:38863:0:28,pid://localhost:38863:0:29,pid://localhost:38863:0:30,pid://localhost:38863:0:31,pid://localhost:38863:0:32,pid://localhost:38863:0:33]\n'
|INFO| : [run.py]--[<module>] : b'Sat Oct  5 09:50:17 UTC 2024 pid://localhost:38863:0:16: received clients [pid://localhost:38863:0:34]\n'
|INFO| : [run.py]--[<module>] : b'Sat Oct  5 09:50:17 UTC 2024 pid://localhost:38863:0:16: synchronous delta timers set to 100 ticks\n'
|INFO| : [run.py]--[<module>] : b'Sat Oct  5 09:50:17 UTC 2024 pid://localhost:38863:0:17: received servers [pid://localhost:38863:0:9,pid://localhost:38863:0:10,pid://localhost:38863:0:11,pid://localhost:38863:0:12,pid://localhost:38863:0:13,pid://localhost:38863:0:14,pid://localhost:38863:0:15,pid://localhost:38863:0:16,pid://localhost:38863:0:17,pid://localhost:38863:0:18,pid://localhost:38863:0:19,pid://localhost:38863:0:20,pid://localhost:38863:0:21,pid://localhost:38863:0:22,pid://localhost:38863:0:23,pid://localhost:38863:0:24,pid://localhost:38863:0:25,pid://localhost:38863:0:26,pid://localhost:38863:0:27,pid://localhost:38863:0:28,pid://localhost:38863:0:29,pid://localhost:38863:0:30,pid://localhost:38863:0:31,pid://localhost:38863:0:32,pid://localhost:38863:0:33]\n'
|INFO| : [run.py]--[<module>] : b'Sat Oct  5 09:50:17 UTC 2024 pid://localhost:38863:0:17: received clients [pid://localhost:38863:0:34]\n'
|INFO| : [run.py]--[<module>] : b'Sat Oct  5 09:50:17 UTC 2024 pid://localhost:38863:0:17: synchronous delta timers set to 100 ticks\n'
|INFO| : [run.py]--[<module>] : b'Sat Oct  5 09:50:17 UTC 2024 pid://localhost:38863:0:18: received servers [pid://localhost:38863:0:9,pid://localhost:38863:0:10,pid://localhost:38863:0:11,pid://localhost:38863:0:12,pid://localhost:38863:0:13,pid://localhost:38863:0:14,pid://localhost:38863:0:15,pid://localhost:38863:0:16,pid://localhost:38863:0:17,pid://localhost:38863:0:18,pid://localhost:38863:0:19,pid://localhost:38863:0:20,pid://localhost:38863:0:21,pid://localhost:38863:0:22,pid://localhost:38863:0:23,pid://localhost:38863:0:24,pid://localhost:38863:0:25,pid://localhost:38863:0:26,pid://localhost:38863:0:27,pid://localhost:38863:0:28,pid://localhost:38863:0:29,pid://localhost:38863:0:30,pid://localhost:38863:0:31,pid://localhost:38863:0:32,pid://localhost:38863:0:33]\n'
|INFO| : [run.py]--[<module>] : b'Sat Oct  5 09:50:17 UTC 2024 pid://localhost:38863:0:18: received clients [pid://localhost:38863:0:34]\n'
|INFO| : [run.py]--[<module>] : b'Sat Oct  5 09:50:17 UTC 2024 pid://localhost:38863:0:18: synchronous delta timers set to 100 ticks\n'
|INFO| : [run.py]--[<module>] : b'Sat Oct  5 09:50:17 UTC 2024 pid://localhost:38863:0:19: received servers [pid://localhost:38863:0:9,pid://localhost:38863:0:10,pid://localhost:38863:0:11,pid://localhost:38863:0:12,pid://localhost:38863:0:13,pid://localhost:38863:0:14,pid://localhost:38863:0:15,pid://localhost:38863:0:16,pid://localhost:38863:0:17,pid://localhost:38863:0:18,pid://localhost:38863:0:19,pid://localhost:38863:0:20,pid://localhost:38863:0:21,pid://localhost:38863:0:22,pid://localhost:38863:0:23,pid://localhost:38863:0:24,pid://localhost:38863:0:25,pid://localhost:38863:0:26,pid://localhost:38863:0:27,pid://localhost:38863:0:28,pid://localhost:38863:0:29,pid://localhost:38863:0:30,pid://localhost:38863:0:31,pid://localhost:38863:0:32,pid://localhost:38863:0:33]\n'
|INFO| : [run.py]--[<module>] : b'Sat Oct  5 09:50:17 UTC 2024 pid://localhost:38863:0:19: received clients [pid://localhost:38863:0:34]\n'
|INFO| : [run.py]--[<module>] : b'Sat Oct  5 09:50:17 UTC 2024 pid://localhost:38863:0:19: synchronous delta timers set to 100 ticks\n'
|INFO| : [run.py]--[<module>] : b'Sat Oct  5 09:50:17 UTC 2024 pid://localhost:38863:0:20: received servers [pid://localhost:38863:0:9,pid://localhost:38863:0:10,pid://localhost:38863:0:11,pid://localhost:38863:0:12,pid://localhost:38863:0:13,pid://localhost:38863:0:14,pid://localhost:38863:0:15,pid://localhost:38863:0:16,pid://localhost:38863:0:17,pid://localhost:38863:0:18,pid://localhost:38863:0:19,pid://localhost:38863:0:20,pid://localhost:38863:0:21,pid://localhost:38863:0:22,pid://localhost:38863:0:23,pid://localhost:38863:0:24,pid://localhost:38863:0:25,pid://localhost:38863:0:26,pid://localhost:38863:0:27,pid://localhost:38863:0:28,pid://localhost:38863:0:29,pid://localhost:38863:0:30,pid://localhost:38863:0:31,pid://localhost:38863:0:32,pid://localhost:38863:0:33]\n'
|INFO| : [run.py]--[<module>] : b'Sat Oct  5 09:50:17 UTC 2024 pid://localhost:38863:0:20: received clients [pid://localhost:38863:0:34]\n'
|INFO| : [run.py]--[<module>] : b'Sat Oct  5 09:50:17 UTC 2024 pid://localhost:38863:0:20: synchronous delta timers set to 100 ticks\n'
|INFO| : [run.py]--[<module>] : b'Sat Oct  5 09:50:17 UTC 2024 pid://localhost:38863:0:21: received servers [pid://localhost:38863:0:9,pid://localhost:38863:0:10,pid://localhost:38863:0:11,pid://localhost:38863:0:12,pid://localhost:38863:0:13,pid://localhost:38863:0:14,pid://localhost:38863:0:15,pid://localhost:38863:0:16,pid://localhost:38863:0:17,pid://localhost:38863:0:18,pid://localhost:38863:0:19,pid://localhost:38863:0:20,pid://localhost:38863:0:21,pid://localhost:38863:0:22,pid://localhost:38863:0:23,pid://localhost:38863:0:24,pid://localhost:38863:0:25,pid://localhost:38863:0:26,pid://localhost:38863:0:27,pid://localhost:38863:0:28,pid://localhost:38863:0:29,pid://localhost:38863:0:30,pid://localhost:38863:0:31,pid://localhost:38863:0:32,pid://localhost:38863:0:33]\n'
|INFO| : [run.py]--[<module>] : b'Sat Oct  5 09:50:17 UTC 2024 pid://localhost:38863:0:21: received clients [pid://localhost:38863:0:34]\n'
|INFO| : [run.py]--[<module>] : b'Sat Oct  5 09:50:17 UTC 2024 pid://localhost:38863:0:21: synchronous delta timers set to 100 ticks\n'
|INFO| : [run.py]--[<module>] : b'Sat Oct  5 09:50:17 UTC 2024 pid://localhost:38863:0:22: received servers [pid://localhost:38863:0:9,pid://localhost:38863:0:10,pid://localhost:38863:0:11,pid://localhost:38863:0:12,pid://localhost:38863:0:13,pid://localhost:38863:0:14,pid://localhost:38863:0:15,pid://localhost:38863:0:16,pid://localhost:38863:0:17,pid://localhost:38863:0:18,pid://localhost:38863:0:19,pid://localhost:38863:0:20,pid://localhost:38863:0:21,pid://localhost:38863:0:22,pid://localhost:38863:0:23,pid://localhost:38863:0:24,pid://localhost:38863:0:25,pid://localhost:38863:0:26,pid://localhost:38863:0:27,pid://localhost:38863:0:28,pid://localhost:38863:0:29,pid://localhost:38863:0:30,pid://localhost:38863:0:31,pid://localhost:38863:0:32,pid://localhost:38863:0:33]\n'
|INFO| : [run.py]--[<module>] : b'Sat Oct  5 09:50:17 UTC 2024 pid://localhost:38863:0:22: received clients [pid://localhost:38863:0:34]\n'
|INFO| : [run.py]--[<module>] : b'Sat Oct  5 09:50:17 UTC 2024 pid://localhost:38863:0:22: synchronous delta timers set to 100 ticks\n'
|INFO| : [run.py]--[<module>] : b'Sat Oct  5 09:50:17 UTC 2024 pid://localhost:38863:0:23: received servers [pid://localhost:38863:0:9,pid://localhost:38863:0:10,pid://localhost:38863:0:11,pid://localhost:38863:0:12,pid://localhost:38863:0:13,pid://localhost:38863:0:14,pid://localhost:38863:0:15,pid://localhost:38863:0:16,pid://localhost:38863:0:17,pid://localhost:38863:0:18,pid://localhost:38863:0:19,pid://localhost:38863:0:20,pid://localhost:38863:0:21,pid://localhost:38863:0:22,pid://localhost:38863:0:23,pid://localhost:38863:0:24,pid://localhost:38863:0:25,pid://localhost:38863:0:26,pid://localhost:38863:0:27,pid://localhost:38863:0:28,pid://localhost:38863:0:29,pid://localhost:38863:0:30,pid://localhost:38863:0:31,pid://localhost:38863:0:32,pid://localhost:38863:0:33]\n'
|INFO| : [run.py]--[<module>] : b'Sat Oct  5 09:50:17 UTC 2024 pid://localhost:38863:0:23: received clients [pid://localhost:38863:0:34]\n'
|INFO| : [run.py]--[<module>] : b'Sat Oct  5 09:50:17 UTC 2024 pid://localhost:38863:0:23: synchronous delta timers set to 100 ticks\n'
|INFO| : [run.py]--[<module>] : b'Sat Oct  5 09:50:17 UTC 2024 pid://localhost:38863:0:24: received servers [pid://localhost:38863:0:9,pid://localhost:38863:0:10,pid://localhost:38863:0:11,pid://localhost:38863:0:12,pid://localhost:38863:0:13,pid://localhost:38863:0:14,pid://localhost:38863:0:15,pid://localhost:38863:0:16,pid://localhost:38863:0:17,pid://localhost:38863:0:18,pid://localhost:38863:0:19,pid://localhost:38863:0:20,pid://localhost:38863:0:21,pid://localhost:38863:0:22,pid://localhost:38863:0:23,pid://localhost:38863:0:24,pid://localhost:38863:0:25,pid://localhost:38863:0:26,pid://localhost:38863:0:27,pid://localhost:38863:0:28,pid://localhost:38863:0:29,pid://localhost:38863:0:30,pid://localhost:38863:0:31,pid://localhost:38863:0:32,pid://localhost:38863:0:33]\n'
|INFO| : [run.py]--[<module>] : b'Sat Oct  5 09:50:17 UTC 2024 pid://localhost:38863:0:24: received clients [pid://localhost:38863:0:34]\n'
|INFO| : [run.py]--[<module>] : b'Sat Oct  5 09:50:17 UTC 2024 pid://localhost:38863:0:24: synchronous delta timers set to 100 ticks\n'
|INFO| : [run.py]--[<module>] : b'Sat Oct  5 09:50:17 UTC 2024 pid://localhost:38863:0:25: received servers [pid://localhost:38863:0:9,pid://localhost:38863:0:10,pid://localhost:38863:0:11,pid://localhost:38863:0:12,pid://localhost:38863:0:13,pid://localhost:38863:0:14,pid://localhost:38863:0:15,pid://localhost:38863:0:16,pid://localhost:38863:0:17,pid://localhost:38863:0:18,pid://localhost:38863:0:19,pid://localhost:38863:0:20,pid://localhost:38863:0:21,pid://localhost:38863:0:22,pid://localhost:38863:0:23,pid://localhost:38863:0:24,pid://localhost:38863:0:25,pid://localhost:38863:0:26,pid://localhost:38863:0:27,pid://localhost:38863:0:28,pid://localhost:38863:0:29,pid://localhost:38863:0:30,pid://localhost:38863:0:31,pid://localhost:38863:0:32,pid://localhost:38863:0:33]\n'
|INFO| : [run.py]--[<module>] : b'Sat Oct  5 09:50:17 UTC 2024 pid://localhost:38863:0:25: received clients [pid://localhost:38863:0:34]\n'
|INFO| : [run.py]--[<module>] : b'Sat Oct  5 09:50:17 UTC 2024 pid://localhost:38863:0:25: synchronous delta timers set to 100 ticks\n'
|INFO| : [run.py]--[<module>] : b'Sat Oct  5 09:50:17 UTC 2024 pid://localhost:38863:0:26: received servers [pid://localhost:38863:0:9,pid://localhost:38863:0:10,pid://localhost:38863:0:11,pid://localhost:38863:0:12,pid://localhost:38863:0:13,pid://localhost:38863:0:14,pid://localhost:38863:0:15,pid://localhost:38863:0:16,pid://localhost:38863:0:17,pid://localhost:38863:0:18,pid://localhost:38863:0:19,pid://localhost:38863:0:20,pid://localhost:38863:0:21,pid://localhost:38863:0:22,pid://localhost:38863:0:23,pid://localhost:38863:0:24,pid://localhost:38863:0:25,pid://localhost:38863:0:26,pid://localhost:38863:0:27,pid://localhost:38863:0:28,pid://localhost:38863:0:29,pid://localhost:38863:0:30,pid://localhost:38863:0:31,pid://localhost:38863:0:32,pid://localhost:38863:0:33]\n'
|INFO| : [run.py]--[<module>] : b'Sat Oct  5 09:50:17 UTC 2024 pid://localhost:38863:0:26: received clients [pid://localhost:38863:0:34]\n'
|INFO| : [run.py]--[<module>] : b'Sat Oct  5 09:50:17 UTC 2024 pid://localhost:38863:0:26: synchronous delta timers set to 100 ticks\n'
|INFO| : [run.py]--[<module>] : b'Sat Oct  5 09:50:17 UTC 2024 pid://localhost:38863:0:27: received servers [pid://localhost:38863:0:9,pid://localhost:38863:0:10,pid://localhost:38863:0:11,pid://localhost:38863:0:12,pid://localhost:38863:0:13,pid://localhost:38863:0:14,pid://localhost:38863:0:15,pid://localhost:38863:0:16,pid://localhost:38863:0:17,pid://localhost:38863:0:18,pid://localhost:38863:0:19,pid://localhost:38863:0:20,pid://localhost:38863:0:21,pid://localhost:38863:0:22,pid://localhost:38863:0:23,pid://localhost:38863:0:24,pid://localhost:38863:0:25,pid://localhost:38863:0:26,pid://localhost:38863:0:27,pid://localhost:38863:0:28,pid://localhost:38863:0:29,pid://localhost:38863:0:30,pid://localhost:38863:0:31,pid://localhost:38863:0:32,pid://localhost:38863:0:33]\n'
|INFO| : [run.py]--[<module>] : b'Sat Oct  5 09:50:17 UTC 2024 pid://localhost:38863:0:27: received clients [pid://localhost:38863:0:34]\n'
|INFO| : [run.py]--[<module>] : b'Sat Oct  5 09:50:17 UTC 2024 pid://localhost:38863:0:27: synchronous delta timers set to 100 ticks\n'
|INFO| : [run.py]--[<module>] : b'Sat Oct  5 09:50:17 UTC 2024 pid://localhost:38863:0:28: received servers [pid://localhost:38863:0:9,pid://localhost:38863:0:10,pid://localhost:38863:0:11,pid://localhost:38863:0:12,pid://localhost:38863:0:13,pid://localhost:38863:0:14,pid://localhost:38863:0:15,pid://localhost:38863:0:16,pid://localhost:38863:0:17,pid://localhost:38863:0:18,pid://localhost:38863:0:19,pid://localhost:38863:0:20,pid://localhost:38863:0:21,pid://localhost:38863:0:22,pid://localhost:38863:0:23,pid://localhost:38863:0:24,pid://localhost:38863:0:25,pid://localhost:38863:0:26,pid://localhost:38863:0:27,pid://localhost:38863:0:28,pid://localhost:38863:0:29,pid://localhost:38863:0:30,pid://localhost:38863:0:31,pid://localhost:38863:0:32,pid://localhost:38863:0:33]\n'
|INFO| : [run.py]--[<module>] : b'Sat Oct  5 09:50:17 UTC 2024 pid://localhost:38863:0:28: received clients [pid://localhost:38863:0:34]\n'
|INFO| : [run.py]--[<module>] : b'Sat Oct  5 09:50:17 UTC 2024 pid://localhost:38863:0:28: synchronous delta timers set to 100 ticks\n'
|INFO| : [run.py]--[<module>] : b'Sat Oct  5 09:50:17 UTC 2024 pid://localhost:38863:0:29: received servers [pid://localhost:38863:0:9,pid://localhost:38863:0:10,pid://localhost:38863:0:11,pid://localhost:38863:0:12,pid://localhost:38863:0:13,pid://localhost:38863:0:14,pid://localhost:38863:0:15,pid://localhost:38863:0:16,pid://localhost:38863:0:17,pid://localhost:38863:0:18,pid://localhost:38863:0:19,pid://localhost:38863:0:20,pid://localhost:38863:0:21,pid://localhost:38863:0:22,pid://localhost:38863:0:23,pid://localhost:38863:0:24,pid://localhost:38863:0:25,pid://localhost:38863:0:26,pid://localhost:38863:0:27,pid://localhost:38863:0:28,pid://localhost:38863:0:29,pid://localhost:38863:0:30,pid://localhost:38863:0:31,pid://localhost:38863:0:32,pid://localhost:38863:0:33]\n'
|INFO| : [run.py]--[<module>] : b'Sat Oct  5 09:50:17 UTC 2024 pid://localhost:38863:0:29: received clients [pid://localhost:38863:0:34]\n'
|INFO| : [run.py]--[<module>] : b'Sat Oct  5 09:50:17 UTC 2024 pid://localhost:38863:0:29: synchronous delta timers set to 100 ticks\n'
|INFO| : [run.py]--[<module>] : b'Sat Oct  5 09:50:17 UTC 2024 pid://localhost:38863:0:30: received servers [pid://localhost:38863:0:9,pid://localhost:38863:0:10,pid://localhost:38863:0:11,pid://localhost:38863:0:12,pid://localhost:38863:0:13,pid://localhost:38863:0:14,pid://localhost:38863:0:15,pid://localhost:38863:0:16,pid://localhost:38863:0:17,pid://localhost:38863:0:18,pid://localhost:38863:0:19,pid://localhost:38863:0:20,pid://localhost:38863:0:21,pid://localhost:38863:0:22,pid://localhost:38863:0:23,pid://localhost:38863:0:24,pid://localhost:38863:0:25,pid://localhost:38863:0:26,pid://localhost:38863:0:27,pid://localhost:38863:0:28,pid://localhost:38863:0:29,pid://localhost:38863:0:30,pid://localhost:38863:0:31,pid://localhost:38863:0:32,pid://localhost:38863:0:33]\n'
|INFO| : [run.py]--[<module>] : b'Sat Oct  5 09:50:17 UTC 2024 pid://localhost:38863:0:30: received clients [pid://localhost:38863:0:34]\n'
|INFO| : [run.py]--[<module>] : b'Sat Oct  5 09:50:17 UTC 2024 pid://localhost:38863:0:30: synchronous delta timers set to 100 ticks\n'
|INFO| : [run.py]--[<module>] : b'Sat Oct  5 09:50:17 UTC 2024 pid://localhost:38863:0:31: received servers [pid://localhost:38863:0:9,pid://localhost:38863:0:10,pid://localhost:38863:0:11,pid://localhost:38863:0:12,pid://localhost:38863:0:13,pid://localhost:38863:0:14,pid://localhost:38863:0:15,pid://localhost:38863:0:16,pid://localhost:38863:0:17,pid://localhost:38863:0:18,pid://localhost:38863:0:19,pid://localhost:38863:0:20,pid://localhost:38863:0:21,pid://localhost:38863:0:22,pid://localhost:38863:0:23,pid://localhost:38863:0:24,pid://localhost:38863:0:25,pid://localhost:38863:0:26,pid://localhost:38863:0:27,pid://localhost:38863:0:28,pid://localhost:38863:0:29,pid://localhost:38863:0:30,pid://localhost:38863:0:31,pid://localhost:38863:0:32,pid://localhost:38863:0:33]\n'
|INFO| : [run.py]--[<module>] : b'Sat Oct  5 09:50:17 UTC 2024 pid://localhost:38863:0:31: received clients [pid://localhost:38863:0:34]\n'
|INFO| : [run.py]--[<module>] : b'Sat Oct  5 09:50:17 UTC 2024 pid://localhost:38863:0:31: synchronous delta timers set to 100 ticks\n'
|INFO| : [run.py]--[<module>] : b'Sat Oct  5 09:50:17 UTC 2024 pid://localhost:38863:0:32: received servers [pid://localhost:38863:0:9,pid://localhost:38863:0:10,pid://localhost:38863:0:11,pid://localhost:38863:0:12,pid://localhost:38863:0:13,pid://localhost:38863:0:14,pid://localhost:38863:0:15,pid://localhost:38863:0:16,pid://localhost:38863:0:17,pid://localhost:38863:0:18,pid://localhost:38863:0:19,pid://localhost:38863:0:20,pid://localhost:38863:0:21,pid://localhost:38863:0:22,pid://localhost:38863:0:23,pid://localhost:38863:0:24,pid://localhost:38863:0:25,pid://localhost:38863:0:26,pid://localhost:38863:0:27,pid://localhost:38863:0:28,pid://localhost:38863:0:29,pid://localhost:38863:0:30,pid://localhost:38863:0:31,pid://localhost:38863:0:32,pid://localhost:38863:0:33]\n'
|INFO| : [run.py]--[<module>] : b'Sat Oct  5 09:50:17 UTC 2024 pid://localhost:38863:0:32: received clients [pid://localhost:38863:0:34]\n'
|INFO| : [run.py]--[<module>] : b'Sat Oct  5 09:50:17 UTC 2024 pid://localhost:38863:0:32: synchronous delta timers set to 100 ticks\n'
|INFO| : [run.py]--[<module>] : b'Sat Oct  5 09:50:17 UTC 2024 pid://localhost:38863:0:33: received servers [pid://localhost:38863:0:9,pid://localhost:38863:0:10,pid://localhost:38863:0:11,pid://localhost:38863:0:12,pid://localhost:38863:0:13,pid://localhost:38863:0:14,pid://localhost:38863:0:15,pid://localhost:38863:0:16,pid://localhost:38863:0:17,pid://localhost:38863:0:18,pid://localhost:38863:0:19,pid://localhost:38863:0:20,pid://localhost:38863:0:21,pid://localhost:38863:0:22,pid://localhost:38863:0:23,pid://localhost:38863:0:24,pid://localhost:38863:0:25,pid://localhost:38863:0:26,pid://localhost:38863:0:27,pid://localhost:38863:0:28,pid://localhost:38863:0:29,pid://localhost:38863:0:30,pid://localhost:38863:0:31,pid://localhost:38863:0:32,pid://localhost:38863:0:33]\n'
|INFO| : [run.py]--[<module>] : b'Sat Oct  5 09:50:17 UTC 2024 pid://localhost:38863:0:33: received clients [pid://localhost:38863:0:34]\n'
|INFO| : [run.py]--[<module>] : b'Sat Oct  5 09:50:17 UTC 2024 pid://localhost:38863:0:33: synchronous delta timers set to 100 ticks\n'
|INFO| : [run.py]--[<module>] : b'Sat Oct  5 09:50:17 UTC 2024 pid://localhost:38863:0:34: received servers at client[pid://localhost:38863:0:9,pid://localhost:38863:0:10,pid://localhost:38863:0:11,pid://localhost:38863:0:12,pid://localhost:38863:0:13,pid://localhost:38863:0:14,pid://localhost:38863:0:15,pid://localhost:38863:0:16,pid://localhost:38863:0:17,pid://localhost:38863:0:18,pid://localhost:38863:0:19,pid://localhost:38863:0:20,pid://localhost:38863:0:21,pid://localhost:38863:0:22,pid://localhost:38863:0:23,pid://localhost:38863:0:24,pid://localhost:38863:0:25,pid://localhost:38863:0:26,pid://localhost:38863:0:27,pid://localhost:38863:0:28,pid://localhost:38863:0:29,pid://localhost:38863:0:30,pid://localhost:38863:0:31,pid://localhost:38863:0:32,pid://localhost:38863:0:33]\n'
|INFO| : [run.py]--[<module>] : b'Sat Oct  5 09:50:22 UTC 2024 pid://localhost:38863:0:34: Delivered commands 32\n'
|INFO| : [run.py]--[<module>] : b'Sat Oct  5 09:50:22 UTC 2024 pid://localhost:38863:0:34: Current mean latency: 408.0\n'
|INFO| : [run.py]--[<module>] : b'\n'
|INFO| : [run.py]--[<module>] : b'Sat Oct  5 09:50:27 UTC 2024 pid://localhost:38863:0:34: Delivered commands 64\n'
|INFO| : [run.py]--[<module>] : b'Sat Oct  5 09:50:27 UTC 2024 pid://localhost:38863:0:34: Current mean latency: 408.0\n'
|INFO| : [run.py]--[<module>] : b'\n'
|INFO| : [run.py]--[<module>] : b'Sat Oct  5 09:50:27 UTC 2024 pid://localhost:38863:0:34: Delivered commands 64\n'
|INFO| : [run.py]--[<module>] : b'Sat Oct  5 09:50:27 UTC 2024 pid://localhost:38863:0:34: Current mean latency: 409.0\n'
|INFO| : [run.py]--[<module>] : b'\n'
|INFO| : [run.py]--[<module>] : b'Sat Oct  5 09:50:32 UTC 2024 pid://localhost:38863:0:34: Delivered commands 96\n'
|INFO| : [run.py]--[<module>] : b'Sat Oct  5 09:50:32 UTC 2024 pid://localhost:38863:0:34: Current mean latency: 408.0\n'
|INFO| : [run.py]--[<module>] : b'\n'
|INFO| : [run.py]--[<module>] : b'Sat Oct  5 09:50:32 UTC 2024 pid://localhost:38863:0:34: Delivered commands 96\n'
|INFO| : [run.py]--[<module>] : b'Sat Oct  5 09:50:32 UTC 2024 pid://localhost:38863:0:34: Current mean latency: 409.0\n'
|INFO| : [run.py]--[<module>] : b'\n'
|INFO| : [run.py]--[<module>] : b'Sat Oct  5 09:50:37 UTC 2024 pid://localhost:38863:0:34: Delivered commands 128\n'
|INFO| : [run.py]--[<module>] : b'Sat Oct  5 09:50:37 UTC 2024 pid://localhost:38863:0:34: Current mean latency: 408.0\n'
|INFO| : [run.py]--[<module>] : b'\n'
|INFO| : [run.py]--[<module>] : b'Sat Oct  5 09:50:37 UTC 2024 pid://localhost:38863:0:34: Delivered commands 128\n'
|INFO| : [run.py]--[<module>] : b'Sat Oct  5 09:50:37 UTC 2024 pid://localhost:38863:0:34: Current mean latency: 409.0\n'
|INFO| : [run.py]--[<module>] : b'\n'
|INFO| : [run.py]--[<module>] : b'Sat Oct  5 09:50:42 UTC 2024 pid://localhost:38863:0:34: Delivered commands 160\n'
|INFO| : [run.py]--[<module>] : b'Sat Oct  5 09:50:42 UTC 2024 pid://localhost:38863:0:34: Current mean latency: 408.0\n'
|INFO| : [run.py]--[<module>] : b'\n'
|INFO| : [run.py]--[<module>] : b'Sat Oct  5 09:50:42 UTC 2024 pid://localhost:38863:0:34: Delivered commands 160\n'
|INFO| : [run.py]--[<module>] : b'Sat Oct  5 09:50:42 UTC 2024 pid://localhost:38863:0:34: Current mean latency: 409.0\n'
|INFO| : [run.py]--[<module>] : b'\n'
|INFO| : [run.py]--[<module>] : b'Sat Oct  5 09:50:48 UTC 2024 pid://localhost:38863:0:34: Delivered commands 192\n'
|INFO| : [run.py]--[<module>] : b'Sat Oct  5 09:50:48 UTC 2024 pid://localhost:38863:0:34: Current mean latency: 408.0\n'
|INFO| : [run.py]--[<module>] : b'\n'
|INFO| : [run.py]--[<module>] : b'Sat Oct  5 09:50:48 UTC 2024 pid://localhost:38863:0:34: Delivered commands 192\n'
|INFO| : [run.py]--[<module>] : b'Sat Oct  5 09:50:48 UTC 2024 pid://localhost:38863:0:34: Current mean latency: 409.0\n'
|INFO| : [run.py]--[<module>] : b'\n'
|INFO| : [run.py]--[<module>] : b'Sat Oct  5 09:50:53 UTC 2024 pid://localhost:38863:0:34: Delivered commands 224\n'
|INFO| : [run.py]--[<module>] : b'Sat Oct  5 09:50:53 UTC 2024 pid://localhost:38863:0:34: Current mean latency: 408.0\n'
|INFO| : [run.py]--[<module>] : b'\n'
|INFO| : [run.py]--[<module>] : b'Sat Oct  5 09:50:53 UTC 2024 pid://localhost:38863:0:34: Delivered commands 224\n'
|INFO| : [run.py]--[<module>] : b'Sat Oct  5 09:50:53 UTC 2024 pid://localhost:38863:0:34: Current mean latency: 409.0\n'
|INFO| : [run.py]--[<module>] : b'\n'
|INFO| : [run.py]--[<module>] : b'Sat Oct  5 09:50:58 UTC 2024 pid://localhost:38863:0:34: Delivered commands 256\n'
|INFO| : [run.py]--[<module>] : b'Sat Oct  5 09:50:58 UTC 2024 pid://localhost:38863:0:34: Current mean latency: 408.0\n'
|INFO| : [run.py]--[<module>] : b'\n'
|INFO| : [run.py]--[<module>] : b'Sat Oct  5 09:50:58 UTC 2024 pid://localhost:38863:0:34: Delivered commands 256\n'
|INFO| : [run.py]--[<module>] : b'Sat Oct  5 09:50:58 UTC 2024 pid://localhost:38863:0:34: Current mean latency: 409.0\n'
|INFO| : [run.py]--[<module>] : b'\n'
|INFO| : [run.py]--[<module>] : b'Sat Oct  5 09:51:03 UTC 2024 pid://localhost:38863:0:34: Delivered commands 288\n'
|INFO| : [run.py]--[<module>] : b'Sat Oct  5 09:51:03 UTC 2024 pid://localhost:38863:0:34: Current mean latency: 408.0\n'
|INFO| : [run.py]--[<module>] : b'\n'
|INFO| : [run.py]--[<module>] : b'Sat Oct  5 09:51:03 UTC 2024 pid://localhost:38863:0:34: Delivered commands 288\n'
|INFO| : [run.py]--[<module>] : b'Sat Oct  5 09:51:03 UTC 2024 pid://localhost:38863:0:34: Current mean latency: 409.0\n'
|INFO| : [run.py]--[<module>] : b'\n'
|INFO| : [run.py]--[<module>] : b'Sat Oct  5 09:51:08 UTC 2024 pid://localhost:38863:0:34: Delivered commands 320\n'
|INFO| : [run.py]--[<module>] : b'Sat Oct  5 09:51:08 UTC 2024 pid://localhost:38863:0:34: Current mean latency: 408.0\n'
|INFO| : [run.py]--[<module>] : b'\n'
|INFO| : [run.py]--[<module>] : b'Sat Oct  5 09:51:08 UTC 2024 pid://localhost:38863:0:34: Delivered commands 320\n'
|INFO| : [run.py]--[<module>] : b'Sat Oct  5 09:51:08 UTC 2024 pid://localhost:38863:0:34: Current mean latency: 409.0\n'
|INFO| : [run.py]--[<module>] : b'\n'
|INFO| : [run.py]--[<module>] : b'Sat Oct  5 09:51:13 UTC 2024 pid://localhost:38863:0:34: Delivered commands 352\n'
|INFO| : [run.py]--[<module>] : b'Sat Oct  5 09:51:13 UTC 2024 pid://localhost:38863:0:34: Current mean latency: 408.0\n'
|INFO| : [run.py]--[<module>] : b'\n'
|INFO| : [run.py]--[<module>] : b'Sat Oct  5 09:51:13 UTC 2024 pid://localhost:38863:0:34: Delivered commands 352\n'
|INFO| : [run.py]--[<module>] : b'Sat Oct  5 09:51:13 UTC 2024 pid://localhost:38863:0:34: Current mean latency: 409.0\n'
|INFO| : [run.py]--[<module>] : b'\n'
|INFO| : [run.py]--[<module>] : b'Sat Oct  5 09:51:18 UTC 2024 pid://localhost:38863:0:34: Delivered commands 384\n'
|INFO| : [run.py]--[<module>] : b'Sat Oct  5 09:51:18 UTC 2024 pid://localhost:38863:0:34: Current mean latency: 408.0\n'
|INFO| : [run.py]--[<module>] : b'\n'
|INFO| : [run.py]--[<module>] : b'Sat Oct  5 09:51:18 UTC 2024 pid://localhost:38863:0:34: Delivered commands 384\n'
|INFO| : [run.py]--[<module>] : b'Sat Oct  5 09:51:18 UTC 2024 pid://localhost:38863:0:34: Current mean latency: 409.0\n'
|INFO| : [run.py]--[<module>] : b'\n'
|INFO| : [run.py]--[<module>] : b'Sat Oct  5 09:51:23 UTC 2024 pid://localhost:38863:0:34: Delivered commands 416\n'
|INFO| : [run.py]--[<module>] : b'Sat Oct  5 09:51:23 UTC 2024 pid://localhost:38863:0:34: Current mean latency: 408.0\n'
|INFO| : [run.py]--[<module>] : b'\n'
|INFO| : [run.py]--[<module>] : b'Sat Oct  5 09:51:23 UTC 2024 pid://localhost:38863:0:34: Delivered commands 416\n'
|INFO| : [run.py]--[<module>] : b'Sat Oct  5 09:51:23 UTC 2024 pid://localhost:38863:0:34: Current mean latency: 409.0\n'
|INFO| : [run.py]--[<module>] : b'\n'
|INFO| : [run.py]--[<module>] : b'Sat Oct  5 09:51:29 UTC 2024 pid://localhost:38863:0:34: Delivered commands 448\n'
|INFO| : [run.py]--[<module>] : b'Sat Oct  5 09:51:29 UTC 2024 pid://localhost:38863:0:34: Current mean latency: 408.0\n'
|INFO| : [run.py]--[<module>] : b'\n'
|INFO| : [run.py]--[<module>] : b'Sat Oct  5 09:51:29 UTC 2024 pid://localhost:38863:0:34: Delivered commands 448\n'
|INFO| : [run.py]--[<module>] : b'Sat Oct  5 09:51:29 UTC 2024 pid://localhost:38863:0:34: Current mean latency: 409.0\n'
|INFO| : [run.py]--[<module>] : b'\n'
|INFO| : [run.py]--[<module>] : b'Sat Oct  5 09:51:34 UTC 2024 pid://localhost:38863:0:34: Delivered commands 480\n'
|INFO| : [run.py]--[<module>] : b'Sat Oct  5 09:51:34 UTC 2024 pid://localhost:38863:0:34: Current mean latency: 408.0\n'
|INFO| : [run.py]--[<module>] : b'\n'
|INFO| : [run.py]--[<module>] : b'Sat Oct  5 09:51:34 UTC 2024 pid://localhost:38863:0:34: Delivered commands 480\n'
|INFO| : [run.py]--[<module>] : b'Sat Oct  5 09:51:34 UTC 2024 pid://localhost:38863:0:34: Current mean latency: 409.0\n'
|INFO| : [run.py]--[<module>] : b'\n'
|INFO| : [run.py]--[<module>] : b'Sat Oct  5 09:51:39 UTC 2024 pid://localhost:38863:0:34: Delivered commands 512\n'
|INFO| : [run.py]--[<module>] : b'Sat Oct  5 09:51:39 UTC 2024 pid://localhost:38863:0:34: Current mean latency: 408.0\n'
|INFO| : [run.py]--[<module>] : b'\n'
|INFO| : [run.py]--[<module>] : b'Sat Oct  5 09:51:39 UTC 2024 pid://localhost:38863:0:34: Delivered commands 512\n'
|INFO| : [run.py]--[<module>] : b'Sat Oct  5 09:51:39 UTC 2024 pid://localhost:38863:0:34: Current mean latency: 409.0\n'
|INFO| : [run.py]--[<module>] : b'\n'
|INFO| : [run.py]--[<module>] : b'Sat Oct  5 09:51:44 UTC 2024 pid://localhost:38863:0:34: Delivered commands 544\n'
|INFO| : [run.py]--[<module>] : b'Sat Oct  5 09:51:44 UTC 2024 pid://localhost:38863:0:34: Current mean latency: 408.0\n'
|INFO| : [run.py]--[<module>] : b'\n'
|INFO| : [run.py]--[<module>] : b'Sat Oct  5 09:51:44 UTC 2024 pid://localhost:38863:0:34: Delivered commands 544\n'
|INFO| : [run.py]--[<module>] : b'Sat Oct  5 09:51:44 UTC 2024 pid://localhost:38863:0:34: Current mean latency: 409.0\n'
|INFO| : [run.py]--[<module>] : b'\n'
|INFO| : [run.py]--[<module>] : b'Sat Oct  5 09:51:49 UTC 2024 pid://localhost:38863:0:34: Delivered commands 576\n'
|INFO| : [run.py]--[<module>] : b'Sat Oct  5 09:51:49 UTC 2024 pid://localhost:38863:0:34: Current mean latency: 408.0\n'
|INFO| : [run.py]--[<module>] : b'\n'
|INFO| : [run.py]--[<module>] : b'Sat Oct  5 09:51:49 UTC 2024 pid://localhost:38863:0:34: Delivered commands 576\n'
|INFO| : [run.py]--[<module>] : b'Sat Oct  5 09:51:49 UTC 2024 pid://localhost:38863:0:34: Current mean latency: 409.0\n'
|INFO| : [run.py]--[<module>] : b'\n'
|INFO| : [run.py]--[<module>] : b'Sat Oct  5 09:51:54 UTC 2024 pid://localhost:38863:0:34: Delivered commands 608\n'
|INFO| : [run.py]--[<module>] : b'Sat Oct  5 09:51:54 UTC 2024 pid://localhost:38863:0:34: Current mean latency: 408.0\n'
|INFO| : [run.py]--[<module>] : b'\n'
|INFO| : [run.py]--[<module>] : b'Sat Oct  5 09:51:54 UTC 2024 pid://localhost:38863:0:34: Delivered commands 608\n'
|INFO| : [run.py]--[<module>] : b'Sat Oct  5 09:51:54 UTC 2024 pid://localhost:38863:0:34: Current mean latency: 409.0\n'
|INFO| : [run.py]--[<module>] : b'\n'
|INFO| : [run.py]--[<module>] : b'Sat Oct  5 09:51:59 UTC 2024 pid://localhost:38863:0:34: Delivered commands 640\n'
|INFO| : [run.py]--[<module>] : b'Sat Oct  5 09:51:59 UTC 2024 pid://localhost:38863:0:34: Current mean latency: 408.0\n'
|INFO| : [run.py]--[<module>] : b'\n'
|INFO| : [run.py]--[<module>] : b'Sat Oct  5 09:51:59 UTC 2024 pid://localhost:38863:0:34: Delivered commands 640\n'
|INFO| : [run.py]--[<module>] : b'Sat Oct  5 09:51:59 UTC 2024 pid://localhost:38863:0:34: Current mean latency: 409.0\n'
|INFO| : [run.py]--[<module>] : b'\n'
|INFO| : [run.py]--[<module>] : b'Sat Oct  5 09:52:05 UTC 2024 pid://localhost:38863:0:34: Delivered commands 672\n'
|INFO| : [run.py]--[<module>] : b'Sat Oct  5 09:52:05 UTC 2024 pid://localhost:38863:0:34: Current mean latency: 408.0\n'
|INFO| : [run.py]--[<module>] : b'\n'
|INFO| : [run.py]--[<module>] : b'Sat Oct  5 09:52:05 UTC 2024 pid://localhost:38863:0:34: Delivered commands 672\n'
|INFO| : [run.py]--[<module>] : b'Sat Oct  5 09:52:05 UTC 2024 pid://localhost:38863:0:34: Current mean latency: 409.0\n'
|INFO| : [run.py]--[<module>] : b'\n'
|INFO| : [run.py]--[<module>] : b'Sat Oct  5 09:52:10 UTC 2024 pid://localhost:38863:0:34: Delivered commands 704\n'
|INFO| : [run.py]--[<module>] : b'Sat Oct  5 09:52:10 UTC 2024 pid://localhost:38863:0:34: Current mean latency: 408.0\n'
|INFO| : [run.py]--[<module>] : b'\n'
|INFO| : [run.py]--[<module>] : b'Sat Oct  5 09:52:10 UTC 2024 pid://localhost:38863:0:34: Delivered commands 704\n'
|INFO| : [run.py]--[<module>] : b'Sat Oct  5 09:52:10 UTC 2024 pid://localhost:38863:0:34: Current mean latency: 409.0\n'
|INFO| : [run.py]--[<module>] : b'\n'
|INFO| : [run.py]--[<module>] : b'Sat Oct  5 09:52:15 UTC 2024 pid://localhost:38863:0:34: Delivered commands 736\n'
|INFO| : [run.py]--[<module>] : b'Sat Oct  5 09:52:15 UTC 2024 pid://localhost:38863:0:34: Current mean latency: 408.0\n'
|INFO| : [run.py]--[<module>] : b'\n'
|INFO| : [run.py]--[<module>] : b'Sat Oct  5 09:52:15 UTC 2024 pid://localhost:38863:0:34: Delivered commands 736\n'
|INFO| : [run.py]--[<module>] : b'Sat Oct  5 09:52:15 UTC 2024 pid://localhost:38863:0:34: Current mean latency: 409.0\n'
|INFO| : [run.py]--[<module>] : b'\n'
|INFO| : [run.py]--[<module>] : b'Sat Oct  5 09:52:20 UTC 2024 pid://localhost:38863:0:34: Delivered commands 768\n'
|INFO| : [run.py]--[<module>] : b'Sat Oct  5 09:52:20 UTC 2024 pid://localhost:38863:0:34: Current mean latency: 408.0\n'
|INFO| : [run.py]--[<module>] : b'\n'
|INFO| : [run.py]--[<module>] : b'Sat Oct  5 09:52:20 UTC 2024 pid://localhost:38863:0:34: Delivered commands 768\n'
|INFO| : [run.py]--[<module>] : b'Sat Oct  5 09:52:20 UTC 2024 pid://localhost:38863:0:34: Current mean latency: 409.0\n'
|INFO| : [run.py]--[<module>] : b'\n'
|INFO| : [run.py]--[<module>] : b'Sat Oct  5 09:52:25 UTC 2024 pid://localhost:38863:0:34: Delivered commands 800\n'
|INFO| : [run.py]--[<module>] : b'Sat Oct  5 09:52:25 UTC 2024 pid://localhost:38863:0:34: Current mean latency: 408.0\n'
|INFO| : [run.py]--[<module>] : b'\n'
|INFO| : [run.py]--[<module>] : b'Sat Oct  5 09:52:25 UTC 2024 pid://localhost:38863:0:34: Delivered commands 800\n'
|INFO| : [run.py]--[<module>] : b'Sat Oct  5 09:52:25 UTC 2024 pid://localhost:38863:0:34: Current mean latency: 409.0\n'
|INFO| : [run.py]--[<module>] : b'\n'
|INFO| : [run.py]--[<module>] : b'Sat Oct  5 09:52:30 UTC 2024 pid://localhost:38863:0:34: Delivered commands 832\n'
|INFO| : [run.py]--[<module>] : b'Sat Oct  5 09:52:30 UTC 2024 pid://localhost:38863:0:34: Current mean latency: 408.0\n'
|INFO| : [run.py]--[<module>] : b'\n'
|INFO| : [run.py]--[<module>] : b'Sat Oct  5 09:52:30 UTC 2024 pid://localhost:38863:0:34: Delivered commands 832\n'
|INFO| : [run.py]--[<module>] : b'Sat Oct  5 09:52:30 UTC 2024 pid://localhost:38863:0:34: Current mean latency: 409.0\n'
|INFO| : [run.py]--[<module>] : b'\n'
|INFO| : [run.py]--[<module>] : b'Sat Oct  5 09:52:35 UTC 2024 pid://localhost:38863:0:34: Delivered commands 864\n'
|INFO| : [run.py]--[<module>] : b'Sat Oct  5 09:52:35 UTC 2024 pid://localhost:38863:0:34: Current mean latency: 408.0\n'
|INFO| : [run.py]--[<module>] : b'\n'
|INFO| : [run.py]--[<module>] : b'Sat Oct  5 09:52:35 UTC 2024 pid://localhost:38863:0:34: Delivered commands 864\n'
|INFO| : [run.py]--[<module>] : b'Sat Oct  5 09:52:35 UTC 2024 pid://localhost:38863:0:34: Current mean latency: 409.0\n'
|INFO| : [run.py]--[<module>] : b'\n'
|INFO| : [run.py]--[<module>] : b'Sat Oct  5 09:52:40 UTC 2024 pid://localhost:38863:0:34: Delivered commands 896\n'
|INFO| : [run.py]--[<module>] : b'Sat Oct  5 09:52:40 UTC 2024 pid://localhost:38863:0:34: Current mean latency: 408.0\n'
|INFO| : [run.py]--[<module>] : b'\n'
|INFO| : [run.py]--[<module>] : b'Sat Oct  5 09:52:41 UTC 2024 pid://localhost:38863:0:34: Delivered commands 896\n'
|INFO| : [run.py]--[<module>] : b'Sat Oct  5 09:52:41 UTC 2024 pid://localhost:38863:0:34: Current mean latency: 409.0\n'
|INFO| : [run.py]--[<module>] : b'\n'
|INFO| : [run.py]--[<module>] : b'Sat Oct  5 09:52:46 UTC 2024 pid://localhost:38863:0:34: Delivered commands 928\n'
|INFO| : [run.py]--[<module>] : b'Sat Oct  5 09:52:46 UTC 2024 pid://localhost:38863:0:34: Current mean latency: 408.0\n'
|INFO| : [run.py]--[<module>] : b'\n'
|INFO| : [run.py]--[<module>] : b'Sat Oct  5 09:52:46 UTC 2024 pid://localhost:38863:0:34: Delivered commands 928\n'
|INFO| : [run.py]--[<module>] : b'Sat Oct  5 09:52:46 UTC 2024 pid://localhost:38863:0:34: Current mean latency: 409.0\n'
|INFO| : [run.py]--[<module>] : b'\n'
|INFO| : [run.py]--[<module>] : b'Sat Oct  5 09:52:51 UTC 2024 pid://localhost:38863:0:34: Delivered commands 960\n'
|INFO| : [run.py]--[<module>] : b'Sat Oct  5 09:52:51 UTC 2024 pid://localhost:38863:0:34: Current mean latency: 408.0\n'
|INFO| : [run.py]--[<module>] : b'\n'
|INFO| : [run.py]--[<module>] : b'Sat Oct  5 09:52:51 UTC 2024 pid://localhost:38863:0:34: Delivered commands 960\n'
|INFO| : [run.py]--[<module>] : b'Sat Oct  5 09:52:51 UTC 2024 pid://localhost:38863:0:34: Current mean latency: 409.0\n'
|INFO| : [run.py]--[<module>] : b'\n'
|INFO| : [run.py]--[<module>] : b'Sat Oct  5 09:52:56 UTC 2024 pid://localhost:38863:0:34: Delivered commands 992\n'
|INFO| : [run.py]--[<module>] : b'Sat Oct  5 09:52:56 UTC 2024 pid://localhost:38863:0:34: Current mean latency: 408.0\n'
|INFO| : [run.py]--[<module>] : b'\n'
|INFO| : [run.py]--[<module>] : b'Sat Oct  5 09:52:56 UTC 2024 pid://localhost:38863:0:34: Delivered commands 992\n'
|INFO| : [run.py]--[<module>] : b'Sat Oct  5 09:52:56 UTC 2024 pid://localhost:38863:0:34: Current mean latency: 409.0\n'
|INFO| : [run.py]--[<module>] : b'\n'
|INFO| : [run.py]--[<module>] : b'Sat Oct  5 09:53:01 UTC 2024 pid://localhost:38863:0:34: Delivered commands 1024\n'
|INFO| : [run.py]--[<module>] : b'Sat Oct  5 09:53:01 UTC 2024 pid://localhost:38863:0:34: Current mean latency: 408.0\n'
|INFO| : [run.py]--[<module>] : b'\n'
|INFO| : [run.py]--[<module>] : b'Sat Oct  5 09:53:01 UTC 2024 pid://localhost:38863:0:34: Delivered commands 1024\n'
|INFO| : [run.py]--[<module>] : b'Sat Oct  5 09:53:01 UTC 2024 pid://localhost:38863:0:34: Current mean latency: 409.0\n'
|INFO| : [run.py]--[<module>] : b'\n'
|INFO| : [run.py]--[<module>] : b'Sat Oct  5 09:53:06 UTC 2024 pid://localhost:38863:0:34: Delivered commands 1056\n'
|INFO| : [run.py]--[<module>] : b'Sat Oct  5 09:53:06 UTC 2024 pid://localhost:38863:0:34: Current mean latency: 408.0\n'
|INFO| : [run.py]--[<module>] : b'\n'
|INFO| : [run.py]--[<module>] : b'Sat Oct  5 09:53:06 UTC 2024 pid://localhost:38863:0:34: Delivered commands 1056\n'
|INFO| : [run.py]--[<module>] : b'Sat Oct  5 09:53:06 UTC 2024 pid://localhost:38863:0:34: Current mean latency: 409.0\n'
|INFO| : [run.py]--[<module>] : b'\n'
|INFO| : [run.py]--[<module>] : b'Sat Oct  5 09:53:11 UTC 2024 pid://localhost:38863:0:34: Delivered commands 1088\n'
|INFO| : [run.py]--[<module>] : b'Sat Oct  5 09:53:11 UTC 2024 pid://localhost:38863:0:34: Current mean latency: 408.0\n'
|INFO| : [run.py]--[<module>] : b'\n'
|INFO| : [run.py]--[<module>] : b'Sat Oct  5 09:53:11 UTC 2024 pid://localhost:38863:0:34: Delivered commands 1088\n'
|INFO| : [run.py]--[<module>] : b'Sat Oct  5 09:53:11 UTC 2024 pid://localhost:38863:0:34: Current mean latency: 409.0\n'
|INFO| : [run.py]--[<module>] : b'\n'
|INFO| : [run.py]--[<module>] : b'Sat Oct  5 09:53:16 UTC 2024 pid://localhost:38863:0:34: Delivered commands 1120\n'
|INFO| : [run.py]--[<module>] : b'Sat Oct  5 09:53:16 UTC 2024 pid://localhost:38863:0:34: Current mean latency: 408.0\n'
|INFO| : [run.py]--[<module>] : b'\n'
|INFO| : [run.py]--[<module>] : b'Sat Oct  5 09:53:16 UTC 2024 pid://localhost:38863:0:34: Delivered commands 1120\n'
|INFO| : [run.py]--[<module>] : b'Sat Oct  5 09:53:16 UTC 2024 pid://localhost:38863:0:34: Current mean latency: 409.0\n'
|INFO| : [run.py]--[<module>] : b'\n'
|INFO| : [run.py]--[<module>] : b'Sat Oct  5 09:53:22 UTC 2024 pid://localhost:38863:0:34: Delivered commands 1152\n'
|INFO| : [run.py]--[<module>] : b'Sat Oct  5 09:53:22 UTC 2024 pid://localhost:38863:0:34: Current mean latency: 408.0\n'
|INFO| : [run.py]--[<module>] : b'\n'
|INFO| : [run.py]--[<module>] : b'Sat Oct  5 09:53:22 UTC 2024 pid://localhost:38863:0:34: Delivered commands 1152\n'
|INFO| : [run.py]--[<module>] : b'Sat Oct  5 09:53:22 UTC 2024 pid://localhost:38863:0:34: Current mean latency: 409.0\n'
|INFO| : [run.py]--[<module>] : b'\n'
|INFO| : [run.py]--[<module>] : b'Sat Oct  5 09:53:27 UTC 2024 pid://localhost:38863:0:34: Delivered commands 1184\n'
|INFO| : [run.py]--[<module>] : b'Sat Oct  5 09:53:27 UTC 2024 pid://localhost:38863:0:34: Current mean latency: 408.0\n'
|INFO| : [run.py]--[<module>] : b'\n'
|INFO| : [run.py]--[<module>] : b'Sat Oct  5 09:53:27 UTC 2024 pid://localhost:38863:0:34: Delivered commands 1184\n'
|INFO| : [run.py]--[<module>] : b'Sat Oct  5 09:53:27 UTC 2024 pid://localhost:38863:0:34: Current mean latency: 409.0\n'
|INFO| : [run.py]--[<module>] : b'\n'
|INFO| : [run.py]--[<module>] : b'Sat Oct  5 09:53:32 UTC 2024 pid://localhost:38863:0:34: Delivered commands 1216\n'
|INFO| : [run.py]--[<module>] : b'Sat Oct  5 09:53:32 UTC 2024 pid://localhost:38863:0:34: Current mean latency: 408.0\n'
|INFO| : [run.py]--[<module>] : b'\n'
|INFO| : [run.py]--[<module>] : b'Sat Oct  5 09:53:32 UTC 2024 pid://localhost:38863:0:34: Delivered commands 1216\n'
|INFO| : [run.py]--[<module>] : b'Sat Oct  5 09:53:32 UTC 2024 pid://localhost:38863:0:34: Current mean latency: 409.0\n'
|INFO| : [run.py]--[<module>] : b'\n'
|INFO| : [run.py]--[<module>] : b'Sat Oct  5 09:53:37 UTC 2024 pid://localhost:38863:0:34: Delivered commands 1248\n'
|INFO| : [run.py]--[<module>] : b'Sat Oct  5 09:53:37 UTC 2024 pid://localhost:38863:0:34: Current mean latency: 407.0\n'
|INFO| : [run.py]--[<module>] : b'\n'
|INFO| : [run.py]--[<module>] : b'Sat Oct  5 09:53:37 UTC 2024 pid://localhost:38863:0:34: Delivered commands 1248\n'
|INFO| : [run.py]--[<module>] : b'Sat Oct  5 09:53:37 UTC 2024 pid://localhost:38863:0:34: Current mean latency: 408.0\n'
|INFO| : [run.py]--[<module>] : b'\n'
|INFO| : [run.py]--[<module>] : b'Sat Oct  5 09:53:42 UTC 2024 pid://localhost:38863:0:34: Delivered commands 1280\n'
|INFO| : [run.py]--[<module>] : b'Sat Oct  5 09:53:42 UTC 2024 pid://localhost:38863:0:34: Current mean latency: 407.0\n'
|INFO| : [run.py]--[<module>] : b'\n'
|INFO| : [run.py]--[<module>] : b'Sat Oct  5 09:53:42 UTC 2024 pid://localhost:38863:0:34: Delivered commands 1280\n'
|INFO| : [run.py]--[<module>] : b'Sat Oct  5 09:53:42 UTC 2024 pid://localhost:38863:0:34: Current mean latency: 408.0\n'
|INFO| : [run.py]--[<module>] : b'\n'
|INFO| : [run.py]--[<module>] : b'Sat Oct  5 09:53:47 UTC 2024 pid://localhost:38863:0:34: Delivered commands 1312\n'
|INFO| : [run.py]--[<module>] : b'Sat Oct  5 09:53:47 UTC 2024 pid://localhost:38863:0:34: Current mean latency: 408.0\n'
|INFO| : [run.py]--[<module>] : b'\n'
|INFO| : [run.py]--[<module>] : b'Sat Oct  5 09:53:47 UTC 2024 pid://localhost:38863:0:34: Delivered commands 1312\n'
|INFO| : [run.py]--[<module>] : b'Sat Oct  5 09:53:47 UTC 2024 pid://localhost:38863:0:34: Current mean latency: 409.0\n'
|INFO| : [run.py]--[<module>] : b'\n'
|INFO| : [run.py]--[<module>] : b'Sat Oct  5 09:53:52 UTC 2024 pid://localhost:38863:0:34: Delivered commands 1344\n'
|INFO| : [run.py]--[<module>] : b'Sat Oct  5 09:53:52 UTC 2024 pid://localhost:38863:0:34: Current mean latency: 408.0\n'
|INFO| : [run.py]--[<module>] : b'\n'
|INFO| : [run.py]--[<module>] : b'Sat Oct  5 09:53:52 UTC 2024 pid://localhost:38863:0:34: Delivered commands 1344\n'
|INFO| : [run.py]--[<module>] : b'Sat Oct  5 09:53:52 UTC 2024 pid://localhost:38863:0:34: Current mean latency: 409.0\n'
|INFO| : [run.py]--[<module>] : b'\n'
|INFO| : [run.py]--[<module>] : b'Sat Oct  5 09:53:58 UTC 2024 pid://localhost:38863:0:34: Delivered commands 1376\n'
|INFO| : [run.py]--[<module>] : b'Sat Oct  5 09:53:58 UTC 2024 pid://localhost:38863:0:34: Current mean latency: 408.0\n'
|INFO| : [run.py]--[<module>] : b'\n'
|INFO| : [run.py]--[<module>] : b'Sat Oct  5 09:53:58 UTC 2024 pid://localhost:38863:0:34: Delivered commands 1376\n'
|INFO| : [run.py]--[<module>] : b'Sat Oct  5 09:53:58 UTC 2024 pid://localhost:38863:0:34: Current mean latency: 409.0\n'
|INFO| : [run.py]--[<module>] : b'\n'
|INFO| : [run.py]--[<module>] : b'Sat Oct  5 09:54:03 UTC 2024 pid://localhost:38863:0:34: Delivered commands 1408\n'
|INFO| : [run.py]--[<module>] : b'Sat Oct  5 09:54:03 UTC 2024 pid://localhost:38863:0:34: Current mean latency: 408.0\n'
|INFO| : [run.py]--[<module>] : b'\n'
|INFO| : [run.py]--[<module>] : b'Sat Oct  5 09:54:03 UTC 2024 pid://localhost:38863:0:34: Delivered commands 1408\n'
|INFO| : [run.py]--[<module>] : b'Sat Oct  5 09:54:03 UTC 2024 pid://localhost:38863:0:34: Current mean latency: 409.0\n'
|INFO| : [run.py]--[<module>] : b'\n'
|INFO| : [run.py]--[<module>] : b'Sat Oct  5 09:54:08 UTC 2024 pid://localhost:38863:0:34: Delivered commands 1440\n'
|INFO| : [run.py]--[<module>] : b'Sat Oct  5 09:54:08 UTC 2024 pid://localhost:38863:0:34: Current mean latency: 407.0\n'
|INFO| : [run.py]--[<module>] : b'\n'
|INFO| : [run.py]--[<module>] : b'Sat Oct  5 09:54:08 UTC 2024 pid://localhost:38863:0:34: Delivered commands 1440\n'
|INFO| : [run.py]--[<module>] : b'Sat Oct  5 09:54:08 UTC 2024 pid://localhost:38863:0:34: Current mean latency: 408.0\n'
|INFO| : [run.py]--[<module>] : b'\n'
|INFO| : [run.py]--[<module>] : b'Sat Oct  5 09:54:13 UTC 2024 pid://localhost:38863:0:34: Delivered commands 1472\n'
|INFO| : [run.py]--[<module>] : b'Sat Oct  5 09:54:13 UTC 2024 pid://localhost:38863:0:34: Current mean latency: 408.0\n'
|INFO| : [run.py]--[<module>] : b'\n'
|INFO| : [run.py]--[<module>] : b'Sat Oct  5 09:54:13 UTC 2024 pid://localhost:38863:0:34: Delivered commands 1472\n'
|INFO| : [run.py]--[<module>] : b'Sat Oct  5 09:54:13 UTC 2024 pid://localhost:38863:0:34: Current mean latency: 409.0\n'
|INFO| : [run.py]--[<module>] : b'\n'
|INFO| : [run.py]--[<module>] : b'Sat Oct  5 09:54:18 UTC 2024 pid://localhost:38863:0:34: Delivered commands 1504\n'
|INFO| : [run.py]--[<module>] : b'Sat Oct  5 09:54:18 UTC 2024 pid://localhost:38863:0:34: Current mean latency: 408.0\n'
|INFO| : [run.py]--[<module>] : b'\n'
|INFO| : [run.py]--[<module>] : b'Sat Oct  5 09:54:18 UTC 2024 pid://localhost:38863:0:34: Delivered commands 1504\n'
|INFO| : [run.py]--[<module>] : b'Sat Oct  5 09:54:18 UTC 2024 pid://localhost:38863:0:34: Current mean latency: 409.0\n'
|INFO| : [run.py]--[<module>] : b'\n'
|INFO| : [run.py]--[<module>] : b'Sat Oct  5 09:54:23 UTC 2024 pid://localhost:38863:0:34: Delivered commands 1536\n'
|INFO| : [run.py]--[<module>] : b'Sat Oct  5 09:54:23 UTC 2024 pid://localhost:38863:0:34: Current mean latency: 408.0\n'
|INFO| : [run.py]--[<module>] : b'\n'
|INFO| : [run.py]--[<module>] : b'Sat Oct  5 09:54:23 UTC 2024 pid://localhost:38863:0:34: Delivered commands 1536\n'
|INFO| : [run.py]--[<module>] : b'Sat Oct  5 09:54:23 UTC 2024 pid://localhost:38863:0:34: Current mean latency: 409.0\n'
|INFO| : [run.py]--[<module>] : b'\n'
|INFO| : [run.py]--[<module>] : b'Sat Oct  5 09:54:28 UTC 2024 pid://localhost:38863:0:34: Delivered commands 1568\n'
|INFO| : [run.py]--[<module>] : b'Sat Oct  5 09:54:28 UTC 2024 pid://localhost:38863:0:34: Current mean latency: 408.0\n'
|INFO| : [run.py]--[<module>] : b'\n'
|INFO| : [run.py]--[<module>] : b'Sat Oct  5 09:54:28 UTC 2024 pid://localhost:38863:0:34: Delivered commands 1568\n'
|INFO| : [run.py]--[<module>] : b'Sat Oct  5 09:54:28 UTC 2024 pid://localhost:38863:0:34: Current mean latency: 409.0\n'
|INFO| : [run.py]--[<module>] : b'\n'
|INFO| : [run.py]--[<module>] : b'Sat Oct  5 09:54:34 UTC 2024 pid://localhost:38863:0:34: Delivered commands 1600\n'
|INFO| : [run.py]--[<module>] : b'Sat Oct  5 09:54:34 UTC 2024 pid://localhost:38863:0:34: Current mean latency: 408.0\n'
|INFO| : [run.py]--[<module>] : b'\n'
|INFO| : [run.py]--[<module>] : b'Sat Oct  5 09:54:34 UTC 2024 pid://localhost:38863:0:34: Delivered commands 1600\n'
|INFO| : [run.py]--[<module>] : b'Sat Oct  5 09:54:34 UTC 2024 pid://localhost:38863:0:34: Current mean latency: 409.0\n'
|INFO| : [run.py]--[<module>] : b'\n'
|INFO| : [run.py]--[<module>] : b'Sat Oct  5 09:54:39 UTC 2024 pid://localhost:38863:0:34: Delivered commands 1632\n'
|INFO| : [run.py]--[<module>] : b'Sat Oct  5 09:54:39 UTC 2024 pid://localhost:38863:0:34: Current mean latency: 408.0\n'
|INFO| : [run.py]--[<module>] : b'\n'
|INFO| : [run.py]--[<module>] : b'Sat Oct  5 09:54:39 UTC 2024 pid://localhost:38863:0:34: Delivered commands 1632\n'
|INFO| : [run.py]--[<module>] : b'Sat Oct  5 09:54:39 UTC 2024 pid://localhost:38863:0:34: Current mean latency: 409.0\n'
|INFO| : [run.py]--[<module>] : b'\n'
|INFO| : [run.py]--[<module>] : b'Sat Oct  5 09:54:44 UTC 2024 pid://localhost:38863:0:34: Delivered commands 1664\n'
|INFO| : [run.py]--[<module>] : b'Sat Oct  5 09:54:44 UTC 2024 pid://localhost:38863:0:34: Current mean latency: 408.0\n'
|INFO| : [run.py]--[<module>] : b'\n'
|INFO| : [run.py]--[<module>] : b'Sat Oct  5 09:54:44 UTC 2024 pid://localhost:38863:0:34: Delivered commands 1664\n'
|INFO| : [run.py]--[<module>] : b'Sat Oct  5 09:54:44 UTC 2024 pid://localhost:38863:0:34: Current mean latency: 409.0\n'
|INFO| : [run.py]--[<module>] : b'\n'
|INFO| : [run.py]--[<module>] : b'Sat Oct  5 09:54:49 UTC 2024 pid://localhost:38863:0:34: Delivered commands 1696\n'
|INFO| : [run.py]--[<module>] : b'Sat Oct  5 09:54:49 UTC 2024 pid://localhost:38863:0:34: Current mean latency: 408.0\n'
|INFO| : [run.py]--[<module>] : b'\n'
|INFO| : [run.py]--[<module>] : b'Sat Oct  5 09:54:49 UTC 2024 pid://localhost:38863:0:34: Delivered commands 1696\n'
|INFO| : [run.py]--[<module>] : b'Sat Oct  5 09:54:49 UTC 2024 pid://localhost:38863:0:34: Current mean latency: 409.0\n'
|INFO| : [run.py]--[<module>] : b'\n'
|INFO| : [run.py]--[<module>] : b'Sat Oct  5 09:54:54 UTC 2024 pid://localhost:38863:0:34: Delivered commands 1728\n'
|INFO| : [run.py]--[<module>] : b'Sat Oct  5 09:54:54 UTC 2024 pid://localhost:38863:0:34: Current mean latency: 407.0\n'
|INFO| : [run.py]--[<module>] : b'\n'
|INFO| : [run.py]--[<module>] : b'Sat Oct  5 09:54:54 UTC 2024 pid://localhost:38863:0:34: Delivered commands 1728\n'
|INFO| : [run.py]--[<module>] : b'Sat Oct  5 09:54:54 UTC 2024 pid://localhost:38863:0:34: Current mean latency: 408.0\n'
|INFO| : [run.py]--[<module>] : b'\n'
|INFO| : [run.py]--[<module>] : b'Sat Oct  5 09:54:59 UTC 2024 pid://localhost:38863:0:34: Delivered commands 1760\n'
|INFO| : [run.py]--[<module>] : b'Sat Oct  5 09:54:59 UTC 2024 pid://localhost:38863:0:34: Current mean latency: 408.0\n'
|INFO| : [run.py]--[<module>] : b'\n'
|INFO| : [run.py]--[<module>] : b'Sat Oct  5 09:54:59 UTC 2024 pid://localhost:38863:0:34: Delivered commands 1760\n'
|INFO| : [run.py]--[<module>] : b'Sat Oct  5 09:54:59 UTC 2024 pid://localhost:38863:0:34: Current mean latency: 409.0\n'
|INFO| : [run.py]--[<module>] : b'\n'
|INFO| : [run.py]--[<module>] : b'Sat Oct  5 09:55:04 UTC 2024 pid://localhost:38863:0:34: Delivered commands 1792\n'
|INFO| : [run.py]--[<module>] : b'Sat Oct  5 09:55:04 UTC 2024 pid://localhost:38863:0:34: Current mean latency: 408.0\n'
|INFO| : [run.py]--[<module>] : b'\n'
|INFO| : [run.py]--[<module>] : b'Sat Oct  5 09:55:04 UTC 2024 pid://localhost:38863:0:34: Delivered commands 1792\n'
|INFO| : [run.py]--[<module>] : b'Sat Oct  5 09:55:04 UTC 2024 pid://localhost:38863:0:34: Current mean latency: 409.0\n'
|INFO| : [run.py]--[<module>] : b'\n'
|INFO| : [run.py]--[<module>] : b'Sat Oct  5 09:55:09 UTC 2024 pid://localhost:38863:0:34: Delivered commands 1824\n'
|INFO| : [run.py]--[<module>] : b'Sat Oct  5 09:55:09 UTC 2024 pid://localhost:38863:0:34: Current mean latency: 408.0\n'
|INFO| : [run.py]--[<module>] : b'\n'
|INFO| : [run.py]--[<module>] : b'Sat Oct  5 09:55:09 UTC 2024 pid://localhost:38863:0:34: Delivered commands 1824\n'
|INFO| : [run.py]--[<module>] : b'Sat Oct  5 09:55:09 UTC 2024 pid://localhost:38863:0:34: Current mean latency: 409.0\n'
|INFO| : [run.py]--[<module>] : b'\n'
|INFO| : [run.py]--[<module>] : b'Sat Oct  5 09:55:15 UTC 2024 pid://localhost:38863:0:34: Delivered commands 1856\n'
|INFO| : [run.py]--[<module>] : b'Sat Oct  5 09:55:15 UTC 2024 pid://localhost:38863:0:34: Current mean latency: 408.0\n'
|INFO| : [run.py]--[<module>] : b'\n'
|INFO| : [run.py]--[<module>] : b'Sat Oct  5 09:55:15 UTC 2024 pid://localhost:38863:0:34: Delivered commands 1856\n'
|INFO| : [run.py]--[<module>] : b'Sat Oct  5 09:55:15 UTC 2024 pid://localhost:38863:0:34: Current mean latency: 409.0\n'
|INFO| : [run.py]--[<module>] : b'\n'
|INFO| : [run.py]--[<module>] : b'Sat Oct  5 09:55:20 UTC 2024 pid://localhost:38863:0:34: Delivered commands 1888\n'
|INFO| : [run.py]--[<module>] : b'Sat Oct  5 09:55:20 UTC 2024 pid://localhost:38863:0:34: Current mean latency: 407.0\n'
|INFO| : [run.py]--[<module>] : b'\n'
|INFO| : [run.py]--[<module>] : b'Sat Oct  5 09:55:20 UTC 2024 pid://localhost:38863:0:34: Delivered commands 1888\n'
|INFO| : [run.py]--[<module>] : b'Sat Oct  5 09:55:20 UTC 2024 pid://localhost:38863:0:34: Current mean latency: 408.0\n'
|INFO| : [run.py]--[<module>] : b'\n'
|INFO| : [run.py]--[<module>] : b'Sat Oct  5 09:55:25 UTC 2024 pid://localhost:38863:0:34: Delivered commands 1920\n'
|INFO| : [run.py]--[<module>] : b'Sat Oct  5 09:55:25 UTC 2024 pid://localhost:38863:0:34: Current mean latency: 408.0\n'
|INFO| : [run.py]--[<module>] : b'\n'
|INFO| : [run.py]--[<module>] : b'Sat Oct  5 09:55:25 UTC 2024 pid://localhost:38863:0:34: Delivered commands 1920\n'
|INFO| : [run.py]--[<module>] : b'Sat Oct  5 09:55:25 UTC 2024 pid://localhost:38863:0:34: Current mean latency: 409.0\n'
|INFO| : [run.py]--[<module>] : b'\n'
|INFO| : [run.py]--[<module>] : b'Sat Oct  5 09:55:30 UTC 2024 pid://localhost:38863:0:34: Delivered commands 1952\n'
|INFO| : [run.py]--[<module>] : b'Sat Oct  5 09:55:30 UTC 2024 pid://localhost:38863:0:34: Current mean latency: 408.0\n'
|INFO| : [run.py]--[<module>] : b'\n'
|INFO| : [run.py]--[<module>] : b'Sat Oct  5 09:55:30 UTC 2024 pid://localhost:38863:0:34: Delivered commands 1952\n'
|INFO| : [run.py]--[<module>] : b'Sat Oct  5 09:55:30 UTC 2024 pid://localhost:38863:0:34: Current mean latency: 409.0\n'
|INFO| : [run.py]--[<module>] : b'\n'
|INFO| : [run.py]--[<module>] : b'Sat Oct  5 09:55:35 UTC 2024 pid://localhost:38863:0:34: Delivered commands 1984\n'
|INFO| : [run.py]--[<module>] : b'Sat Oct  5 09:55:35 UTC 2024 pid://localhost:38863:0:34: Current mean latency: 408.0\n'
|INFO| : [run.py]--[<module>] : b'\n'
|INFO| : [run.py]--[<module>] : b'Sat Oct  5 09:55:35 UTC 2024 pid://localhost:38863:0:34: Delivered commands 1984\n'
|INFO| : [run.py]--[<module>] : b'Sat Oct  5 09:55:35 UTC 2024 pid://localhost:38863:0:34: Current mean latency: 409.0\n'
|INFO| : [run.py]--[<module>] : b'\n'
|INFO| : [run.py]--[<module>] : b'Sat Oct  5 09:55:40 UTC 2024 pid://localhost:38863:0:34: Delivered commands 2016\n'
|INFO| : [run.py]--[<module>] : b'Sat Oct  5 09:55:40 UTC 2024 pid://localhost:38863:0:34: Current mean latency: 408.0\n'
|INFO| : [run.py]--[<module>] : b'\n'
|INFO| : [run.py]--[<module>] : b'Sat Oct  5 09:55:40 UTC 2024 pid://localhost:38863:0:34: Delivered commands 2016\n'
|INFO| : [run.py]--[<module>] : b'Sat Oct  5 09:55:40 UTC 2024 pid://localhost:38863:0:34: Current mean latency: 409.0\n'
|INFO| : [run.py]--[<module>] : b'\n'
|INFO| : [run.py]--[<module>] : b'Sat Oct  5 09:55:45 UTC 2024 pid://localhost:38863:0:34: Delivered commands 2048\n'
|INFO| : [run.py]--[<module>] : b'Sat Oct  5 09:55:45 UTC 2024 pid://localhost:38863:0:34: Current mean latency: 408.0\n'
|INFO| : [run.py]--[<module>] : b'\n'
|INFO| : [run.py]--[<module>] : b'Sat Oct  5 09:55:45 UTC 2024 pid://localhost:38863:0:34: Delivered commands 2048\n'
|INFO| : [run.py]--[<module>] : b'Sat Oct  5 09:55:45 UTC 2024 pid://localhost:38863:0:34: Current mean latency: 409.0\n'
|INFO| : [run.py]--[<module>] : b'\n'
|INFO| : [run.py]--[<module>] : b'Sat Oct  5 09:55:51 UTC 2024 pid://localhost:38863:0:34: Delivered commands 2080\n'
|INFO| : [run.py]--[<module>] : b'Sat Oct  5 09:55:51 UTC 2024 pid://localhost:38863:0:34: Current mean latency: 408.0\n'
|INFO| : [run.py]--[<module>] : b'\n'
|INFO| : [run.py]--[<module>] : b'Sat Oct  5 09:55:51 UTC 2024 pid://localhost:38863:0:34: Delivered commands 2080\n'
|INFO| : [run.py]--[<module>] : b'Sat Oct  5 09:55:51 UTC 2024 pid://localhost:38863:0:34: Current mean latency: 409.0\n'
|INFO| : [run.py]--[<module>] : b'\n'
|INFO| : [run.py]--[<module>] : b'Sat Oct  5 09:55:56 UTC 2024 pid://localhost:38863:0:34: Delivered commands 2112\n'
|INFO| : [run.py]--[<module>] : b'Sat Oct  5 09:55:56 UTC 2024 pid://localhost:38863:0:34: Current mean latency: 408.0\n'
|INFO| : [run.py]--[<module>] : b'\n'
|INFO| : [run.py]--[<module>] : b'Sat Oct  5 09:55:56 UTC 2024 pid://localhost:38863:0:34: Delivered commands 2112\n'
|INFO| : [run.py]--[<module>] : b'Sat Oct  5 09:55:56 UTC 2024 pid://localhost:38863:0:34: Current mean latency: 409.0\n'
|INFO| : [run.py]--[<module>] : b'\n'
|INFO| : [run.py]--[<module>] : b'Sat Oct  5 09:56:01 UTC 2024 pid://localhost:38863:0:34: Delivered commands 2144\n'
|INFO| : [run.py]--[<module>] : b'Sat Oct  5 09:56:01 UTC 2024 pid://localhost:38863:0:34: Current mean latency: 408.0\n'
|INFO| : [run.py]--[<module>] : b'\n'
|INFO| : [run.py]--[<module>] : b'Sat Oct  5 09:56:01 UTC 2024 pid://localhost:38863:0:34: Delivered commands 2144\n'
|INFO| : [run.py]--[<module>] : b'Sat Oct  5 09:56:01 UTC 2024 pid://localhost:38863:0:34: Current mean latency: 409.0\n'
|INFO| : [run.py]--[<module>] : b'\n'
|INFO| : [run.py]--[<module>] : b'Sat Oct  5 09:56:06 UTC 2024 pid://localhost:38863:0:34: Delivered commands 2176\n'
|INFO| : [run.py]--[<module>] : b'Sat Oct  5 09:56:06 UTC 2024 pid://localhost:38863:0:34: Current mean latency: 408.0\n'
|INFO| : [run.py]--[<module>] : b'\n'
|INFO| : [run.py]--[<module>] : b'Sat Oct  5 09:56:06 UTC 2024 pid://localhost:38863:0:34: Delivered commands 2176\n'
|INFO| : [run.py]--[<module>] : b'Sat Oct  5 09:56:06 UTC 2024 pid://localhost:38863:0:34: Current mean latency: 409.0\n'
|INFO| : [run.py]--[<module>] : b'\n'
|INFO| : [run.py]--[<module>] : b'Sat Oct  5 09:56:11 UTC 2024 pid://localhost:38863:0:34: Delivered commands 2208\n'
|INFO| : [run.py]--[<module>] : b'Sat Oct  5 09:56:11 UTC 2024 pid://localhost:38863:0:34: Current mean latency: 408.0\n'
|INFO| : [run.py]--[<module>] : b'\n'
|INFO| : [run.py]--[<module>] : b'Sat Oct  5 09:56:11 UTC 2024 pid://localhost:38863:0:34: Delivered commands 2208\n'
|INFO| : [run.py]--[<module>] : b'Sat Oct  5 09:56:11 UTC 2024 pid://localhost:38863:0:34: Current mean latency: 409.0\n'
|INFO| : [run.py]--[<module>] : b'\n'
|INFO| : [run.py]--[<module>] : b'Sat Oct  5 09:56:16 UTC 2024 pid://localhost:38863:0:34: Delivered commands 2240\n'
|INFO| : [run.py]--[<module>] : b'Sat Oct  5 09:56:16 UTC 2024 pid://localhost:38863:0:34: Current mean latency: 408.0\n'
|INFO| : [run.py]--[<module>] : b'\n'
|INFO| : [run.py]--[<module>] : b'Sat Oct  5 09:56:16 UTC 2024 pid://localhost:38863:0:34: Delivered commands 2240\n'
|INFO| : [run.py]--[<module>] : b'Sat Oct  5 09:56:16 UTC 2024 pid://localhost:38863:0:34: Current mean latency: 409.0\n'
|INFO| : [run.py]--[<module>] : b'\n'
|INFO| : [run.py]--[<module>] : b'Sat Oct  5 09:56:21 UTC 2024 pid://localhost:38863:0:34: Delivered commands 2272\n'
|INFO| : [run.py]--[<module>] : b'Sat Oct  5 09:56:21 UTC 2024 pid://localhost:38863:0:34: Current mean latency: 408.0\n'
|INFO| : [run.py]--[<module>] : b'\n'
|INFO| : [run.py]--[<module>] : b'Sat Oct  5 09:56:21 UTC 2024 pid://localhost:38863:0:34: Delivered commands 2272\n'
|INFO| : [run.py]--[<module>] : b'Sat Oct  5 09:56:21 UTC 2024 pid://localhost:38863:0:34: Current mean latency: 409.0\n'
|INFO| : [run.py]--[<module>] : b'\n'
|INFO| : [run.py]--[<module>] : b'Sat Oct  5 09:56:27 UTC 2024 pid://localhost:38863:0:34: Delivered commands 2304\n'
|INFO| : [run.py]--[<module>] : b'Sat Oct  5 09:56:27 UTC 2024 pid://localhost:38863:0:34: Current mean latency: 408.0\n'
|INFO| : [run.py]--[<module>] : b'\n'
|INFO| : [run.py]--[<module>] : b'Sat Oct  5 09:56:27 UTC 2024 pid://localhost:38863:0:34: Delivered commands 2304\n'
|INFO| : [run.py]--[<module>] : b'Sat Oct  5 09:56:27 UTC 2024 pid://localhost:38863:0:34: Current mean latency: 409.0\n'
|INFO| : [run.py]--[<module>] : b'\n'
|INFO| : [run.py]--[<module>] : b'Sat Oct  5 09:56:32 UTC 2024 pid://localhost:38863:0:34: Delivered commands 2336\n'
|INFO| : [run.py]--[<module>] : b'Sat Oct  5 09:56:32 UTC 2024 pid://localhost:38863:0:34: Current mean latency: 408.0\n'
|INFO| : [run.py]--[<module>] : b'\n'
|INFO| : [run.py]--[<module>] : b'Sat Oct  5 09:56:32 UTC 2024 pid://localhost:38863:0:34: Delivered commands 2336\n'
|INFO| : [run.py]--[<module>] : b'Sat Oct  5 09:56:32 UTC 2024 pid://localhost:38863:0:34: Current mean latency: 409.0\n'
|INFO| : [run.py]--[<module>] : b'\n'
|INFO| : [run.py]--[<module>] : b'Sat Oct  5 09:56:37 UTC 2024 pid://localhost:38863:0:34: Delivered commands 2368\n'
|INFO| : [run.py]--[<module>] : b'Sat Oct  5 09:56:37 UTC 2024 pid://localhost:38863:0:34: Current mean latency: 408.0\n'
|INFO| : [run.py]--[<module>] : b'\n'
|INFO| : [run.py]--[<module>] : b'Sat Oct  5 09:56:37 UTC 2024 pid://localhost:38863:0:34: Delivered commands 2368\n'
|INFO| : [run.py]--[<module>] : b'Sat Oct  5 09:56:37 UTC 2024 pid://localhost:38863:0:34: Current mean latency: 409.0\n'
|INFO| : [run.py]--[<module>] : b'\n'
|INFO| : [run.py]--[<module>] : b'Sat Oct  5 09:56:42 UTC 2024 pid://localhost:38863:0:34: Delivered commands 2400\n'
|INFO| : [run.py]--[<module>] : b'Sat Oct  5 09:56:42 UTC 2024 pid://localhost:38863:0:34: Current mean latency: 408.0\n'
|INFO| : [run.py]--[<module>] : b'\n'
|INFO| : [run.py]--[<module>] : b'Sat Oct  5 09:56:42 UTC 2024 pid://localhost:38863:0:34: Delivered commands 2400\n'
|INFO| : [run.py]--[<module>] : b'Sat Oct  5 09:56:42 UTC 2024 pid://localhost:38863:0:34: Current mean latency: 409.0\n'
|INFO| : [run.py]--[<module>] : b'\n'
|INFO| : [run.py]--[<module>] : b'Sat Oct  5 09:56:47 UTC 2024 pid://localhost:38863:0:34: Delivered commands 2432\n'
|INFO| : [run.py]--[<module>] : b'Sat Oct  5 09:56:47 UTC 2024 pid://localhost:38863:0:34: Current mean latency: 408.0\n'
|INFO| : [run.py]--[<module>] : b'\n'
|INFO| : [run.py]--[<module>] : b'Sat Oct  5 09:56:47 UTC 2024 pid://localhost:38863:0:34: Delivered commands 2432\n'
|INFO| : [run.py]--[<module>] : b'Sat Oct  5 09:56:47 UTC 2024 pid://localhost:38863:0:34: Current mean latency: 409.0\n'
|INFO| : [run.py]--[<module>] : b'\n'
|INFO| : [run.py]--[<module>] : b'Sat Oct  5 09:56:52 UTC 2024 pid://localhost:38863:0:34: Delivered commands 2464\n'
|INFO| : [run.py]--[<module>] : b'Sat Oct  5 09:56:52 UTC 2024 pid://localhost:38863:0:34: Current mean latency: 408.0\n'
|INFO| : [run.py]--[<module>] : b'\n'
|INFO| : [run.py]--[<module>] : b'Sat Oct  5 09:56:52 UTC 2024 pid://localhost:38863:0:34: Delivered commands 2464\n'
|INFO| : [run.py]--[<module>] : b'Sat Oct  5 09:56:52 UTC 2024 pid://localhost:38863:0:34: Current mean latency: 409.0\n'
|INFO| : [run.py]--[<module>] : b'\n'
|INFO| : [run.py]--[<module>] : b'Sat Oct  5 09:56:57 UTC 2024 pid://localhost:38863:0:34: Delivered commands 2496\n'
|INFO| : [run.py]--[<module>] : b'Sat Oct  5 09:56:57 UTC 2024 pid://localhost:38863:0:34: Current mean latency: 408.0\n'
|INFO| : [run.py]--[<module>] : b'\n'
|INFO| : [run.py]--[<module>] : b'Sat Oct  5 09:56:57 UTC 2024 pid://localhost:38863:0:34: Delivered commands 2496\n'
|INFO| : [run.py]--[<module>] : b'Sat Oct  5 09:56:57 UTC 2024 pid://localhost:38863:0:34: Current mean latency: 409.0\n'
|INFO| : [run.py]--[<module>] : b'\n'
|INFO| : [run.py]--[<module>] : b'Sat Oct  5 09:57:02 UTC 2024 pid://localhost:38863:0:34: Delivered commands 2528\n'
|INFO| : [run.py]--[<module>] : b'Sat Oct  5 09:57:02 UTC 2024 pid://localhost:38863:0:34: Current mean latency: 408.0\n'
|INFO| : [run.py]--[<module>] : b'\n'
|INFO| : [run.py]--[<module>] : b'Sat Oct  5 09:57:02 UTC 2024 pid://localhost:38863:0:34: Delivered commands 2528\n'
|INFO| : [run.py]--[<module>] : b'Sat Oct  5 09:57:02 UTC 2024 pid://localhost:38863:0:34: Current mean latency: 409.0\n'
|INFO| : [run.py]--[<module>] : b'\n'
|INFO| : [run.py]--[<module>] : b'Sat Oct  5 09:57:08 UTC 2024 pid://localhost:38863:0:34: Delivered commands 2560\n'
|INFO| : [run.py]--[<module>] : b'Sat Oct  5 09:57:08 UTC 2024 pid://localhost:38863:0:34: Current mean latency: 408.0\n'
|INFO| : [run.py]--[<module>] : b'\n'
|INFO| : [run.py]--[<module>] : b'Sat Oct  5 09:57:08 UTC 2024 pid://localhost:38863:0:34: Delivered commands 2560\n'
|INFO| : [run.py]--[<module>] : b'Sat Oct  5 09:57:08 UTC 2024 pid://localhost:38863:0:34: Current mean latency: 409.0\n'
|INFO| : [run.py]--[<module>] : b'\n'
|INFO| : [run.py]--[<module>] : b'Sat Oct  5 09:57:13 UTC 2024 pid://localhost:38863:0:34: Delivered commands 2592\n'
|INFO| : [run.py]--[<module>] : b'Sat Oct  5 09:57:13 UTC 2024 pid://localhost:38863:0:34: Current mean latency: 408.0\n'
|INFO| : [run.py]--[<module>] : b'\n'
|INFO| : [run.py]--[<module>] : b'Sat Oct  5 09:57:13 UTC 2024 pid://localhost:38863:0:34: Delivered commands 2592\n'
|INFO| : [run.py]--[<module>] : b'Sat Oct  5 09:57:13 UTC 2024 pid://localhost:38863:0:34: Current mean latency: 409.0\n'
|INFO| : [run.py]--[<module>] : b'\n'
|INFO| : [run.py]--[<module>] : b'Sat Oct  5 09:57:18 UTC 2024 pid://localhost:38863:0:34: Delivered commands 2624\n'
|INFO| : [run.py]--[<module>] : b'Sat Oct  5 09:57:18 UTC 2024 pid://localhost:38863:0:34: Current mean latency: 408.0\n'
|INFO| : [run.py]--[<module>] : b'\n'
|INFO| : [run.py]--[<module>] : b'Sat Oct  5 09:57:18 UTC 2024 pid://localhost:38863:0:34: Delivered commands 2624\n'
|INFO| : [run.py]--[<module>] : b'Sat Oct  5 09:57:18 UTC 2024 pid://localhost:38863:0:34: Current mean latency: 409.0\n'
|INFO| : [run.py]--[<module>] : b'\n'
|INFO| : [run.py]--[<module>] : b'Sat Oct  5 09:57:23 UTC 2024 pid://localhost:38863:0:34: Delivered commands 2656\n'
|INFO| : [run.py]--[<module>] : b'Sat Oct  5 09:57:23 UTC 2024 pid://localhost:38863:0:34: Current mean latency: 408.0\n'
|INFO| : [run.py]--[<module>] : b'\n'
|INFO| : [run.py]--[<module>] : b'Sat Oct  5 09:57:23 UTC 2024 pid://localhost:38863:0:34: Delivered commands 2656\n'
|INFO| : [run.py]--[<module>] : b'Sat Oct  5 09:57:23 UTC 2024 pid://localhost:38863:0:34: Current mean latency: 409.0\n'
|INFO| : [run.py]--[<module>] : b'\n'
|INFO| : [run.py]--[<module>] : b'Sat Oct  5 09:57:28 UTC 2024 pid://localhost:38863:0:34: Delivered commands 2688\n'
|INFO| : [run.py]--[<module>] : b'Sat Oct  5 09:57:28 UTC 2024 pid://localhost:38863:0:34: Current mean latency: 408.0\n'
|INFO| : [run.py]--[<module>] : b'\n'
|INFO| : [run.py]--[<module>] : b'Sat Oct  5 09:57:28 UTC 2024 pid://localhost:38863:0:34: Delivered commands 2688\n'
|INFO| : [run.py]--[<module>] : b'Sat Oct  5 09:57:28 UTC 2024 pid://localhost:38863:0:34: Current mean latency: 409.0\n'
|INFO| : [run.py]--[<module>] : b'\n'
|INFO| : [run.py]--[<module>] : b'Sat Oct  5 09:57:33 UTC 2024 pid://localhost:38863:0:34: Delivered commands 2720\n'
|INFO| : [run.py]--[<module>] : b'Sat Oct  5 09:57:33 UTC 2024 pid://localhost:38863:0:34: Current mean latency: 408.0\n'
|INFO| : [run.py]--[<module>] : b'\n'
|INFO| : [run.py]--[<module>] : b'Sat Oct  5 09:57:33 UTC 2024 pid://localhost:38863:0:34: Delivered commands 2720\n'
|INFO| : [run.py]--[<module>] : b'Sat Oct  5 09:57:33 UTC 2024 pid://localhost:38863:0:34: Current mean latency: 409.0\n'
|INFO| : [run.py]--[<module>] : b'\n'
|INFO| : [run.py]--[<module>] : b'Sat Oct  5 09:57:38 UTC 2024 pid://localhost:38863:0:34: Delivered commands 2752\n'
|INFO| : [run.py]--[<module>] : b'Sat Oct  5 09:57:38 UTC 2024 pid://localhost:38863:0:34: Current mean latency: 408.0\n'
|INFO| : [run.py]--[<module>] : b'\n'
|INFO| : [run.py]--[<module>] : b'Sat Oct  5 09:57:38 UTC 2024 pid://localhost:38863:0:34: Delivered commands 2752\n'
|INFO| : [run.py]--[<module>] : b'Sat Oct  5 09:57:38 UTC 2024 pid://localhost:38863:0:34: Current mean latency: 409.0\n'
|INFO| : [run.py]--[<module>] : b'\n'
|INFO| : [run.py]--[<module>] : b'Sat Oct  5 09:57:44 UTC 2024 pid://localhost:38863:0:34: Delivered commands 2784\n'
|INFO| : [run.py]--[<module>] : b'Sat Oct  5 09:57:44 UTC 2024 pid://localhost:38863:0:34: Current mean latency: 408.0\n'
|INFO| : [run.py]--[<module>] : b'\n'
|INFO| : [run.py]--[<module>] : b'Sat Oct  5 09:57:44 UTC 2024 pid://localhost:38863:0:34: Delivered commands 2784\n'
|INFO| : [run.py]--[<module>] : b'Sat Oct  5 09:57:44 UTC 2024 pid://localhost:38863:0:34: Current mean latency: 409.0\n'
|INFO| : [run.py]--[<module>] : b'\n'
|INFO| : [run.py]--[<module>] : b'Sat Oct  5 09:57:49 UTC 2024 pid://localhost:38863:0:34: Delivered commands 2816\n'
|INFO| : [run.py]--[<module>] : b'Sat Oct  5 09:57:49 UTC 2024 pid://localhost:38863:0:34: Current mean latency: 408.0\n'
|INFO| : [run.py]--[<module>] : b'\n'
|INFO| : [run.py]--[<module>] : b'Sat Oct  5 09:57:49 UTC 2024 pid://localhost:38863:0:34: Delivered commands 2816\n'
|INFO| : [run.py]--[<module>] : b'Sat Oct  5 09:57:49 UTC 2024 pid://localhost:38863:0:34: Current mean latency: 409.0\n'
|INFO| : [run.py]--[<module>] : b'\n'
|INFO| : [run.py]--[<module>] : b'Sat Oct  5 09:57:54 UTC 2024 pid://localhost:38863:0:34: Delivered commands 2848\n'
|INFO| : [run.py]--[<module>] : b'Sat Oct  5 09:57:54 UTC 2024 pid://localhost:38863:0:34: Current mean latency: 408.0\n'
|INFO| : [run.py]--[<module>] : b'\n'
|INFO| : [run.py]--[<module>] : b'Sat Oct  5 09:57:54 UTC 2024 pid://localhost:38863:0:34: Delivered commands 2848\n'
|INFO| : [run.py]--[<module>] : b'Sat Oct  5 09:57:54 UTC 2024 pid://localhost:38863:0:34: Current mean latency: 409.0\n'
|INFO| : [run.py]--[<module>] : b'\n'
|INFO| : [run.py]--[<module>] : b'Sat Oct  5 09:57:59 UTC 2024 pid://localhost:38863:0:34: Delivered commands 2880\n'
|INFO| : [run.py]--[<module>] : b'Sat Oct  5 09:57:59 UTC 2024 pid://localhost:38863:0:34: Current mean latency: 408.0\n'
|INFO| : [run.py]--[<module>] : b'\n'
|INFO| : [run.py]--[<module>] : b'Sat Oct  5 09:57:59 UTC 2024 pid://localhost:38863:0:34: Delivered commands 2880\n'
|INFO| : [run.py]--[<module>] : b'Sat Oct  5 09:57:59 UTC 2024 pid://localhost:38863:0:34: Current mean latency: 409.0\n'
|INFO| : [run.py]--[<module>] : b'\n'
|INFO| : [run.py]--[<module>] : b'Sat Oct  5 09:58:04 UTC 2024 pid://localhost:38863:0:34: Delivered commands 2912\n'
|INFO| : [run.py]--[<module>] : b'Sat Oct  5 09:58:04 UTC 2024 pid://localhost:38863:0:34: Current mean latency: 408.0\n'
|INFO| : [run.py]--[<module>] : b'\n'
|INFO| : [run.py]--[<module>] : b'Sat Oct  5 09:58:04 UTC 2024 pid://localhost:38863:0:34: Delivered commands 2912\n'
|INFO| : [run.py]--[<module>] : b'Sat Oct  5 09:58:04 UTC 2024 pid://localhost:38863:0:34: Current mean latency: 409.0\n'
|INFO| : [run.py]--[<module>] : b'\n'
|INFO| : [run.py]--[<module>] : b'Sat Oct  5 09:58:09 UTC 2024 pid://localhost:38863:0:34: Delivered commands 2944\n'
|INFO| : [run.py]--[<module>] : b'Sat Oct  5 09:58:09 UTC 2024 pid://localhost:38863:0:34: Current mean latency: 408.0\n'
|INFO| : [run.py]--[<module>] : b'\n'
|INFO| : [run.py]--[<module>] : b'Sat Oct  5 09:58:09 UTC 2024 pid://localhost:38863:0:34: Delivered commands 2944\n'
|INFO| : [run.py]--[<module>] : b'Sat Oct  5 09:58:09 UTC 2024 pid://localhost:38863:0:34: Current mean latency: 409.0\n'
|INFO| : [run.py]--[<module>] : b'\n'
|INFO| : [run.py]--[<module>] : b'Sat Oct  5 09:58:14 UTC 2024 pid://localhost:38863:0:34: Delivered commands 2976\n'
|INFO| : [run.py]--[<module>] : b'Sat Oct  5 09:58:14 UTC 2024 pid://localhost:38863:0:34: Current mean latency: 408.0\n'
|INFO| : [run.py]--[<module>] : b'\n'
|INFO| : [run.py]--[<module>] : b'Sat Oct  5 09:58:14 UTC 2024 pid://localhost:38863:0:34: Delivered commands 2976\n'
|INFO| : [run.py]--[<module>] : b'Sat Oct  5 09:58:14 UTC 2024 pid://localhost:38863:0:34: Current mean latency: 409.0\n'
|INFO| : [run.py]--[<module>] : b'\n'
|INFO| : [run.py]--[<module>] : b'Sat Oct  5 09:58:20 UTC 2024 pid://localhost:38863:0:34: Delivered commands 3008\n'
|INFO| : [run.py]--[<module>] : b'Sat Oct  5 09:58:20 UTC 2024 pid://localhost:38863:0:34: Current mean latency: 408.0\n'
|INFO| : [run.py]--[<module>] : b'\n'
|INFO| : [run.py]--[<module>] : b'Sat Oct  5 09:58:20 UTC 2024 pid://localhost:38863:0:34: Delivered commands 3008\n'
|INFO| : [run.py]--[<module>] : b'Sat Oct  5 09:58:20 UTC 2024 pid://localhost:38863:0:34: Current mean latency: 409.0\n'
|INFO| : [run.py]--[<module>] : b'\n'
|INFO| : [run.py]--[<module>] : b'Sat Oct  5 09:58:25 UTC 2024 pid://localhost:38863:0:34: Delivered commands 3040\n'
|INFO| : [run.py]--[<module>] : b'Sat Oct  5 09:58:25 UTC 2024 pid://localhost:38863:0:34: Current mean latency: 408.0\n'
|INFO| : [run.py]--[<module>] : b'\n'
|INFO| : [run.py]--[<module>] : b'Sat Oct  5 09:58:25 UTC 2024 pid://localhost:38863:0:34: Delivered commands 3040\n'
|INFO| : [run.py]--[<module>] : b'Sat Oct  5 09:58:25 UTC 2024 pid://localhost:38863:0:34: Current mean latency: 409.0\n'
|INFO| : [run.py]--[<module>] : b'\n'
|INFO| : [run.py]--[<module>] : b'Sat Oct  5 09:58:30 UTC 2024 pid://localhost:38863:0:34: Delivered commands 3072\n'
|INFO| : [run.py]--[<module>] : b'Sat Oct  5 09:58:30 UTC 2024 pid://localhost:38863:0:34: Current mean latency: 408.0\n'
|INFO| : [run.py]--[<module>] : b'\n'
|INFO| : [run.py]--[<module>] : b'Sat Oct  5 09:58:30 UTC 2024 pid://localhost:38863:0:34: Delivered commands 3072\n'
|INFO| : [run.py]--[<module>] : b'Sat Oct  5 09:58:30 UTC 2024 pid://localhost:38863:0:34: Current mean latency: 409.0\n'
|INFO| : [run.py]--[<module>] : b'\n'
|INFO| : [run.py]--[<module>] : b'Sat Oct  5 09:58:35 UTC 2024 pid://localhost:38863:0:34: Delivered commands 3104\n'
|INFO| : [run.py]--[<module>] : b'Sat Oct  5 09:58:35 UTC 2024 pid://localhost:38863:0:34: Current mean latency: 408.0\n'
|INFO| : [run.py]--[<module>] : b'\n'
|INFO| : [run.py]--[<module>] : b'Sat Oct  5 09:58:35 UTC 2024 pid://localhost:38863:0:34: Delivered commands 3104\n'
|INFO| : [run.py]--[<module>] : b'Sat Oct  5 09:58:35 UTC 2024 pid://localhost:38863:0:34: Current mean latency: 409.0\n'
|INFO| : [run.py]--[<module>] : b'\n'
|INFO| : [run.py]--[<module>] : b'Sat Oct  5 09:58:40 UTC 2024 pid://localhost:38863:0:34: Delivered commands 3136\n'
|INFO| : [run.py]--[<module>] : b'Sat Oct  5 09:58:40 UTC 2024 pid://localhost:38863:0:34: Current mean latency: 408.0\n'
|INFO| : [run.py]--[<module>] : b'\n'
|INFO| : [run.py]--[<module>] : b'Sat Oct  5 09:58:40 UTC 2024 pid://localhost:38863:0:34: Delivered commands 3136\n'
|INFO| : [run.py]--[<module>] : b'Sat Oct  5 09:58:40 UTC 2024 pid://localhost:38863:0:34: Current mean latency: 409.0\n'
|INFO| : [run.py]--[<module>] : b'\n'
|INFO| : [run.py]--[<module>] : b'Sat Oct  5 09:58:45 UTC 2024 pid://localhost:38863:0:34: Delivered commands 3168\n'
|INFO| : [run.py]--[<module>] : b'Sat Oct  5 09:58:45 UTC 2024 pid://localhost:38863:0:34: Current mean latency: 408.0\n'
|INFO| : [run.py]--[<module>] : b'\n'
|INFO| : [run.py]--[<module>] : b'Sat Oct  5 09:58:45 UTC 2024 pid://localhost:38863:0:34: Delivered commands 3168\n'
|INFO| : [run.py]--[<module>] : b'Sat Oct  5 09:58:45 UTC 2024 pid://localhost:38863:0:34: Current mean latency: 409.0\n'
|INFO| : [run.py]--[<module>] : b'\n'
|INFO| : [run.py]--[<module>] : b'Sat Oct  5 09:58:50 UTC 2024 pid://localhost:38863:0:34: Delivered commands 3200\n'
|INFO| : [run.py]--[<module>] : b'Sat Oct  5 09:58:50 UTC 2024 pid://localhost:38863:0:34: Current mean latency: 408.0\n'
|INFO| : [run.py]--[<module>] : b'\n'
|INFO| : [run.py]--[<module>] : b'Sat Oct  5 09:58:50 UTC 2024 pid://localhost:38863:0:34: Delivered commands 3200\n'
|INFO| : [run.py]--[<module>] : b'Sat Oct  5 09:58:50 UTC 2024 pid://localhost:38863:0:34: Current mean latency: 409.0\n'
|INFO| : [run.py]--[<module>] : b'\n'
|INFO| : [run.py]--[<module>] : b'Sat Oct  5 09:58:55 UTC 2024 pid://localhost:38863:0:34: Delivered commands 3232\n'
|INFO| : [run.py]--[<module>] : b'Sat Oct  5 09:58:55 UTC 2024 pid://localhost:38863:0:34: Current mean latency: 408.0\n'
|INFO| : [run.py]--[<module>] : b'\n'
|INFO| : [run.py]--[<module>] : b'Sat Oct  5 09:58:55 UTC 2024 pid://localhost:38863:0:34: Delivered commands 3232\n'
|INFO| : [run.py]--[<module>] : b'Sat Oct  5 09:58:55 UTC 2024 pid://localhost:38863:0:34: Current mean latency: 409.0\n'
|INFO| : [run.py]--[<module>] : b'\n'
|INFO| : [run.py]--[<module>] : b'Sat Oct  5 09:59:01 UTC 2024 pid://localhost:38863:0:34: Delivered commands 3264\n'
|INFO| : [run.py]--[<module>] : b'Sat Oct  5 09:59:01 UTC 2024 pid://localhost:38863:0:34: Current mean latency: 408.0\n'
|INFO| : [run.py]--[<module>] : b'\n'
|INFO| : [run.py]--[<module>] : b'Sat Oct  5 09:59:01 UTC 2024 pid://localhost:38863:0:34: Delivered commands 3264\n'
|INFO| : [run.py]--[<module>] : b'Sat Oct  5 09:59:01 UTC 2024 pid://localhost:38863:0:34: Current mean latency: 409.0\n'
|INFO| : [run.py]--[<module>] : b'\n'
|INFO| : [run.py]--[<module>] : b'Sat Oct  5 09:59:06 UTC 2024 pid://localhost:38863:0:34: Delivered commands 3296\n'
|INFO| : [run.py]--[<module>] : b'Sat Oct  5 09:59:06 UTC 2024 pid://localhost:38863:0:34: Current mean latency: 408.0\n'
|INFO| : [run.py]--[<module>] : b'\n'
|INFO| : [run.py]--[<module>] : b'Sat Oct  5 09:59:06 UTC 2024 pid://localhost:38863:0:34: Delivered commands 3296\n'
|INFO| : [run.py]--[<module>] : b'Sat Oct  5 09:59:06 UTC 2024 pid://localhost:38863:0:34: Current mean latency: 409.0\n'
|INFO| : [run.py]--[<module>] : b'\n'
|INFO| : [run.py]--[<module>] : b'Sat Oct  5 09:59:11 UTC 2024 pid://localhost:38863:0:34: Delivered commands 3328\n'
|INFO| : [run.py]--[<module>] : b'Sat Oct  5 09:59:11 UTC 2024 pid://localhost:38863:0:34: Current mean latency: 408.0\n'
|INFO| : [run.py]--[<module>] : b'\n'
|INFO| : [run.py]--[<module>] : b'Sat Oct  5 09:59:11 UTC 2024 pid://localhost:38863:0:34: Delivered commands 3328\n'
|INFO| : [run.py]--[<module>] : b'Sat Oct  5 09:59:11 UTC 2024 pid://localhost:38863:0:34: Current mean latency: 409.0\n'
|INFO| : [run.py]--[<module>] : b'\n'
|INFO| : [run.py]--[<module>] : b'Sat Oct  5 09:59:16 UTC 2024 pid://localhost:38863:0:34: Delivered commands 3360\n'
|INFO| : [run.py]--[<module>] : b'Sat Oct  5 09:59:16 UTC 2024 pid://localhost:38863:0:34: Current mean latency: 408.0\n'
|INFO| : [run.py]--[<module>] : b'\n'
|INFO| : [run.py]--[<module>] : b'Sat Oct  5 09:59:16 UTC 2024 pid://localhost:38863:0:34: Delivered commands 3360\n'
|INFO| : [run.py]--[<module>] : b'Sat Oct  5 09:59:16 UTC 2024 pid://localhost:38863:0:34: Current mean latency: 409.0\n'
|INFO| : [run.py]--[<module>] : b'\n'
|INFO| : [run.py]--[<module>] : b'Sat Oct  5 09:59:21 UTC 2024 pid://localhost:38863:0:34: Delivered commands 3392\n'
|INFO| : [run.py]--[<module>] : b'Sat Oct  5 09:59:21 UTC 2024 pid://localhost:38863:0:34: Current mean latency: 408.0\n'
|INFO| : [run.py]--[<module>] : b'\n'
|INFO| : [run.py]--[<module>] : b'Sat Oct  5 09:59:21 UTC 2024 pid://localhost:38863:0:34: Delivered commands 3392\n'
|INFO| : [run.py]--[<module>] : b'Sat Oct  5 09:59:21 UTC 2024 pid://localhost:38863:0:34: Current mean latency: 409.0\n'
|INFO| : [run.py]--[<module>] : b'\n'
|INFO| : [run.py]--[<module>] : b'Sat Oct  5 09:59:26 UTC 2024 pid://localhost:38863:0:34: Delivered commands 3424\n'
|INFO| : [run.py]--[<module>] : b'Sat Oct  5 09:59:26 UTC 2024 pid://localhost:38863:0:34: Current mean latency: 408.0\n'
|INFO| : [run.py]--[<module>] : b'\n'
|INFO| : [run.py]--[<module>] : b'Sat Oct  5 09:59:26 UTC 2024 pid://localhost:38863:0:34: Delivered commands 3424\n'
|INFO| : [run.py]--[<module>] : b'Sat Oct  5 09:59:26 UTC 2024 pid://localhost:38863:0:34: Current mean latency: 409.0\n'
|INFO| : [run.py]--[<module>] : b'\n'
|INFO| : [run.py]--[<module>] : b'Sat Oct  5 09:59:31 UTC 2024 pid://localhost:38863:0:34: Delivered commands 3456\n'
|INFO| : [run.py]--[<module>] : b'Sat Oct  5 09:59:31 UTC 2024 pid://localhost:38863:0:34: Current mean latency: 408.0\n'
|INFO| : [run.py]--[<module>] : b'\n'
|INFO| : [run.py]--[<module>] : b'Sat Oct  5 09:59:31 UTC 2024 pid://localhost:38863:0:34: Delivered commands 3456\n'
|INFO| : [run.py]--[<module>] : b'Sat Oct  5 09:59:31 UTC 2024 pid://localhost:38863:0:34: Current mean latency: 409.0\n'
|INFO| : [run.py]--[<module>] : b'\n'
|INFO| : [run.py]--[<module>] : b'Sat Oct  5 09:59:37 UTC 2024 pid://localhost:38863:0:34: Delivered commands 3488\n'
|INFO| : [run.py]--[<module>] : b'Sat Oct  5 09:59:37 UTC 2024 pid://localhost:38863:0:34: Current mean latency: 408.0\n'
|INFO| : [run.py]--[<module>] : b'\n'
|INFO| : [run.py]--[<module>] : b'Sat Oct  5 09:59:37 UTC 2024 pid://localhost:38863:0:34: Delivered commands 3488\n'
|INFO| : [run.py]--[<module>] : b'Sat Oct  5 09:59:37 UTC 2024 pid://localhost:38863:0:34: Current mean latency: 409.0\n'
|INFO| : [run.py]--[<module>] : b'\n'
|INFO| : [run.py]--[<module>] : b'Sat Oct  5 09:59:42 UTC 2024 pid://localhost:38863:0:34: Delivered commands 3520\n'
|INFO| : [run.py]--[<module>] : b'Sat Oct  5 09:59:42 UTC 2024 pid://localhost:38863:0:34: Current mean latency: 408.0\n'
|INFO| : [run.py]--[<module>] : b'\n'
|INFO| : [run.py]--[<module>] : b'Sat Oct  5 09:59:42 UTC 2024 pid://localhost:38863:0:34: Delivered commands 3520\n'
|INFO| : [run.py]--[<module>] : b'Sat Oct  5 09:59:42 UTC 2024 pid://localhost:38863:0:34: Current mean latency: 409.0\n'
|INFO| : [run.py]--[<module>] : b'\n'
|INFO| : [run.py]--[<module>] : b'Sat Oct  5 09:59:47 UTC 2024 pid://localhost:38863:0:34: Delivered commands 3552\n'
|INFO| : [run.py]--[<module>] : b'Sat Oct  5 09:59:47 UTC 2024 pid://localhost:38863:0:34: Current mean latency: 408.0\n'
|INFO| : [run.py]--[<module>] : b'\n'
|INFO| : [run.py]--[<module>] : b'Sat Oct  5 09:59:47 UTC 2024 pid://localhost:38863:0:34: Delivered commands 3552\n'
|INFO| : [run.py]--[<module>] : b'Sat Oct  5 09:59:47 UTC 2024 pid://localhost:38863:0:34: Current mean latency: 409.0\n'
|INFO| : [run.py]--[<module>] : b'\n'
|INFO| : [run.py]--[<module>] : b'Sat Oct  5 09:59:52 UTC 2024 pid://localhost:38863:0:34: Delivered commands 3584\n'
|INFO| : [run.py]--[<module>] : b'Sat Oct  5 09:59:52 UTC 2024 pid://localhost:38863:0:34: Current mean latency: 408.0\n'
|INFO| : [run.py]--[<module>] : b'\n'
|INFO| : [run.py]--[<module>] : b'Sat Oct  5 09:59:52 UTC 2024 pid://localhost:38863:0:34: Delivered commands 3584\n'
|INFO| : [run.py]--[<module>] : b'Sat Oct  5 09:59:52 UTC 2024 pid://localhost:38863:0:34: Current mean latency: 409.0\n'
|INFO| : [run.py]--[<module>] : b'\n'
|INFO| : [run.py]--[<module>] : b'Sat Oct  5 09:59:57 UTC 2024 pid://localhost:38863:0:34: Delivered commands 3616\n'
|INFO| : [run.py]--[<module>] : b'Sat Oct  5 09:59:57 UTC 2024 pid://localhost:38863:0:34: Current mean latency: 408.0\n'
|INFO| : [run.py]--[<module>] : b'\n'
|INFO| : [run.py]--[<module>] : b'Sat Oct  5 09:59:57 UTC 2024 pid://localhost:38863:0:34: Delivered commands 3616\n'
|INFO| : [run.py]--[<module>] : b'Sat Oct  5 09:59:57 UTC 2024 pid://localhost:38863:0:34: Current mean latency: 409.0\n'
|INFO| : [run.py]--[<module>] : b'\n'
|INFO| : [run.py]--[<module>] : b'Sat Oct  5 10:00:02 UTC 2024 pid://localhost:38863:0:34: Delivered commands 3648\n'
|INFO| : [run.py]--[<module>] : b'Sat Oct  5 10:00:02 UTC 2024 pid://localhost:38863:0:34: Current mean latency: 408.0\n'
|INFO| : [run.py]--[<module>] : b'\n'
|INFO| : [run.py]--[<module>] : b'Sat Oct  5 10:00:02 UTC 2024 pid://localhost:38863:0:34: Delivered commands 3648\n'
|INFO| : [run.py]--[<module>] : b'Sat Oct  5 10:00:02 UTC 2024 pid://localhost:38863:0:34: Current mean latency: 409.0\n'
|INFO| : [run.py]--[<module>] : b'\n'
|INFO| : [run.py]--[<module>] : b'Sat Oct  5 10:00:07 UTC 2024 pid://localhost:38863:0:34: Delivered commands 3680\n'
|INFO| : [run.py]--[<module>] : b'Sat Oct  5 10:00:07 UTC 2024 pid://localhost:38863:0:34: Current mean latency: 408.0\n'
|INFO| : [run.py]--[<module>] : b'\n'
|INFO| : [run.py]--[<module>] : b'Sat Oct  5 10:00:07 UTC 2024 pid://localhost:38863:0:34: Delivered commands 3680\n'
|INFO| : [run.py]--[<module>] : b'Sat Oct  5 10:00:07 UTC 2024 pid://localhost:38863:0:34: Current mean latency: 409.0\n'
|INFO| : [run.py]--[<module>] : b'\n'
|INFO| : [run.py]--[<module>] : b'Sat Oct  5 10:00:13 UTC 2024 pid://localhost:38863:0:34: Delivered commands 3712\n'
|INFO| : [run.py]--[<module>] : b'Sat Oct  5 10:00:13 UTC 2024 pid://localhost:38863:0:34: Current mean latency: 408.0\n'
|INFO| : [run.py]--[<module>] : b'\n'
|INFO| : [run.py]--[<module>] : b'Sat Oct  5 10:00:13 UTC 2024 pid://localhost:38863:0:34: Delivered commands 3712\n'
|INFO| : [run.py]--[<module>] : b'Sat Oct  5 10:00:13 UTC 2024 pid://localhost:38863:0:34: Current mean latency: 409.0\n'
|INFO| : [run.py]--[<module>] : b'\n'
|INFO| : [run.py]--[<module>] : b'Running for 600 seconds before exiting...\n'
|INFO| : [run.py]--[<module>] : b'Exiting now.\n'
