|INFO| : [run.py]--[<module>] : b'Up to date\n'
|INFO| : [run.py]--[<module>] : b'Sat Oct  5 09:30:16 UTC 2024 pid://localhost:32899:0:8: sent servers [pid://localhost:32899:0:9,pid://localhost:32899:0:10,pid://localhost:32899:0:11,pid://localhost:32899:0:12,pid://localhost:32899:0:13,pid://localhost:32899:0:14,pid://localhost:32899:0:15,pid://localhost:32899:0:16,pid://localhost:32899:0:17,pid://localhost:32899:0:18,pid://localhost:32899:0:19,pid://localhost:32899:0:20,pid://localhost:32899:0:21,pid://localhost:32899:0:22,pid://localhost:32899:0:23]\n'
|INFO| : [run.py]--[<module>] : b'Sat Oct  5 09:30:16 UTC 2024 pid://localhost:32899:0:8: sent clients [pid://localhost:32899:0:24]\n'
|INFO| : [run.py]--[<module>] : b'Sat Oct  5 09:30:16 UTC 2024 pid://localhost:32899:0:9: received servers [pid://localhost:32899:0:9,pid://localhost:32899:0:10,pid://localhost:32899:0:11,pid://localhost:32899:0:12,pid://localhost:32899:0:13,pid://localhost:32899:0:14,pid://localhost:32899:0:15,pid://localhost:32899:0:16,pid://localhost:32899:0:17,pid://localhost:32899:0:18,pid://localhost:32899:0:19,pid://localhost:32899:0:20,pid://localhost:32899:0:21,pid://localhost:32899:0:22,pid://localhost:32899:0:23]\n'
|INFO| : [run.py]--[<module>] : b'Sat Oct  5 09:30:16 UTC 2024 pid://localhost:32899:0:9: received clients [pid://localhost:32899:0:24]\n'
|INFO| : [run.py]--[<module>] : b'Sat Oct  5 09:30:16 UTC 2024 pid://localhost:32899:0:9: synchronous delta timers set to 100 ticks\n'
|INFO| : [run.py]--[<module>] : b'Sat Oct  5 09:30:16 UTC 2024 pid://localhost:32899:0:10: received servers [pid://localhost:32899:0:9,pid://localhost:32899:0:10,pid://localhost:32899:0:11,pid://localhost:32899:0:12,pid://localhost:32899:0:13,pid://localhost:32899:0:14,pid://localhost:32899:0:15,pid://localhost:32899:0:16,pid://localhost:32899:0:17,pid://localhost:32899:0:18,pid://localhost:32899:0:19,pid://localhost:32899:0:20,pid://localhost:32899:0:21,pid://localhost:32899:0:22,pid://localhost:32899:0:23]\n'
|INFO| : [run.py]--[<module>] : b'Sat Oct  5 09:30:16 UTC 2024 pid://localhost:32899:0:10: received clients [pid://localhost:32899:0:24]\n'
|INFO| : [run.py]--[<module>] : b'Sat Oct  5 09:30:16 UTC 2024 pid://localhost:32899:0:10: synchronous delta timers set to 100 ticks\n'
|INFO| : [run.py]--[<module>] : b'Sat Oct  5 09:30:16 UTC 2024 pid://localhost:32899:0:12: received servers [pid://localhost:32899:0:9,pid://localhost:32899:0:10,pid://localhost:32899:0:11,pid://localhost:32899:0:12,pid://localhost:32899:0:13,pid://localhost:32899:0:14,pid://localhost:32899:0:15,pid://localhost:32899:0:16,pid://localhost:32899:0:17,pid://localhost:32899:0:18,pid://localhost:32899:0:19,pid://localhost:32899:0:20,pid://localhost:32899:0:21,pid://localhost:32899:0:22,pid://localhost:32899:0:23]\n'
|INFO| : [run.py]--[<module>] : b'Sat Oct  5 09:30:16 UTC 2024 pid://localhost:32899:0:12: received clients [pid://localhost:32899:0:24]\n'
|INFO| : [run.py]--[<module>] : b'Sat Oct  5 09:30:16 UTC 2024 pid://localhost:32899:0:12: synchronous delta timers set to 100 ticks\n'
|INFO| : [run.py]--[<module>] : b'Sat Oct  5 09:30:16 UTC 2024 pid://localhost:32899:0:14: received servers [pid://localhost:32899:0:9,pid://localhost:32899:0:10,pid://localhost:32899:0:11,pid://localhost:32899:0:12,pid://localhost:32899:0:13,pid://localhost:32899:0:14,pid://localhost:32899:0:15,pid://localhost:32899:0:16,pid://localhost:32899:0:17,pid://localhost:32899:0:18,pid://localhost:32899:0:19,pid://localhost:32899:0:20,pid://localhost:32899:0:21,pid://localhost:32899:0:22,pid://localhost:32899:0:23]\n'
|INFO| : [run.py]--[<module>] : b'Sat Oct  5 09:30:16 UTC 2024 pid://localhost:32899:0:14: received clients [pid://localhost:32899:0:24]\n'
|INFO| : [run.py]--[<module>] : b'Sat Oct  5 09:30:16 UTC 2024 pid://localhost:32899:0:14: synchronous delta timers set to 100 ticks\n'
|INFO| : [run.py]--[<module>] : b'Sat Oct  5 09:30:16 UTC 2024 pid://localhost:32899:0:16: received servers [pid://localhost:32899:0:9,pid://localhost:32899:0:10,pid://localhost:32899:0:11,pid://localhost:32899:0:12,pid://localhost:32899:0:13,pid://localhost:32899:0:14,pid://localhost:32899:0:15,pid://localhost:32899:0:16,pid://localhost:32899:0:17,pid://localhost:32899:0:18,pid://localhost:32899:0:19,pid://localhost:32899:0:20,pid://localhost:32899:0:21,pid://localhost:32899:0:22,pid://localhost:32899:0:23]\n'
|INFO| : [run.py]--[<module>] : b'Sat Oct  5 09:30:16 UTC 2024 pid://localhost:32899:0:16: received clients [pid://localhost:32899:0:24]\n'
|INFO| : [run.py]--[<module>] : b'Sat Oct  5 09:30:16 UTC 2024 pid://localhost:32899:0:16: synchronous delta timers set to 100 ticks\n'
|INFO| : [run.py]--[<module>] : b'Sat Oct  5 09:30:16 UTC 2024 pid://localhost:32899:0:18: received servers [pid://localhost:32899:0:9,pid://localhost:32899:0:10,pid://localhost:32899:0:11,pid://localhost:32899:0:12,pid://localhost:32899:0:13,pid://localhost:32899:0:14,pid://localhost:32899:0:15,pid://localhost:32899:0:16,pid://localhost:32899:0:17,pid://localhost:32899:0:18,pid://localhost:32899:0:19,pid://localhost:32899:0:20,pid://localhost:32899:0:21,pid://localhost:32899:0:22,pid://localhost:32899:0:23]\n'
|INFO| : [run.py]--[<module>] : b'Sat Oct  5 09:30:16 UTC 2024 pid://localhost:32899:0:18: received clients [pid://localhost:32899:0:24]\n'
|INFO| : [run.py]--[<module>] : b'Sat Oct  5 09:30:16 UTC 2024 pid://localhost:32899:0:18: synchronous delta timers set to 100 ticks\n'
|INFO| : [run.py]--[<module>] : b'Sat Oct  5 09:30:16 UTC 2024 pid://localhost:32899:0:20: received servers [pid://localhost:32899:0:9,pid://localhost:32899:0:10,pid://localhost:32899:0:11,pid://localhost:32899:0:12,pid://localhost:32899:0:13,pid://localhost:32899:0:14,pid://localhost:32899:0:15,pid://localhost:32899:0:16,pid://localhost:32899:0:17,pid://localhost:32899:0:18,pid://localhost:32899:0:19,pid://localhost:32899:0:20,pid://localhost:32899:0:21,pid://localhost:32899:0:22,pid://localhost:32899:0:23]\n'
|INFO| : [run.py]--[<module>] : b'Sat Oct  5 09:30:16 UTC 2024 pid://localhost:32899:0:20: received clients [pid://localhost:32899:0:24]\n'
|INFO| : [run.py]--[<module>] : b'Sat Oct  5 09:30:16 UTC 2024 pid://localhost:32899:0:20: synchronous delta timers set to 100 ticks\n'
|INFO| : [run.py]--[<module>] : b'Sat Oct  5 09:30:16 UTC 2024 pid://localhost:32899:0:22: received servers [pid://localhost:32899:0:9,pid://localhost:32899:0:10,pid://localhost:32899:0:11,pid://localhost:32899:0:12,pid://localhost:32899:0:13,pid://localhost:32899:0:14,pid://localhost:32899:0:15,pid://localhost:32899:0:16,pid://localhost:32899:0:17,pid://localhost:32899:0:18,pid://localhost:32899:0:19,pid://localhost:32899:0:20,pid://localhost:32899:0:21,pid://localhost:32899:0:22,pid://localhost:32899:0:23]\n'
|INFO| : [run.py]--[<module>] : b'Sat Oct  5 09:30:16 UTC 2024 pid://localhost:32899:0:22: received clients [pid://localhost:32899:0:24]\n'
|INFO| : [run.py]--[<module>] : b'Sat Oct  5 09:30:16 UTC 2024 pid://localhost:32899:0:22: synchronous delta timers set to 100 ticks\n'
|INFO| : [run.py]--[<module>] : b'Sat Oct  5 09:30:16 UTC 2024 pid://localhost:32899:0:24: received servers at client[pid://localhost:32899:0:9,pid://localhost:32899:0:10,pid://localhost:32899:0:11,pid://localhost:32899:0:12,pid://localhost:32899:0:13,pid://localhost:32899:0:14,pid://localhost:32899:0:15,pid://localhost:32899:0:16,pid://localhost:32899:0:17,pid://localhost:32899:0:18,pid://localhost:32899:0:19,pid://localhost:32899:0:20,pid://localhost:32899:0:21,pid://localhost:32899:0:22,pid://localhost:32899:0:23]\n'
|INFO| : [run.py]--[<module>] : b'Sat Oct  5 09:30:16 UTC 2024 pid://localhost:32899:0:11: received servers [pid://localhost:32899:0:9,pid://localhost:32899:0:10,pid://localhost:32899:0:11,pid://localhost:32899:0:12,pid://localhost:32899:0:13,pid://localhost:32899:0:14,pid://localhost:32899:0:15,pid://localhost:32899:0:16,pid://localhost:32899:0:17,pid://localhost:32899:0:18,pid://localhost:32899:0:19,pid://localhost:32899:0:20,pid://localhost:32899:0:21,pid://localhost:32899:0:22,pid://localhost:32899:0:23]\n'
|INFO| : [run.py]--[<module>] : b'Sat Oct  5 09:30:16 UTC 2024 pid://localhost:32899:0:11: received clients [pid://localhost:32899:0:24]\n'
|INFO| : [run.py]--[<module>] : b'Sat Oct  5 09:30:16 UTC 2024 pid://localhost:32899:0:11: synchronous delta timers set to 100 ticks\n'
|INFO| : [run.py]--[<module>] : b'Sat Oct  5 09:30:16 UTC 2024 pid://localhost:32899:0:15: received servers [pid://localhost:32899:0:9,pid://localhost:32899:0:10,pid://localhost:32899:0:11,pid://localhost:32899:0:12,pid://localhost:32899:0:13,pid://localhost:32899:0:14,pid://localhost:32899:0:15,pid://localhost:32899:0:16,pid://localhost:32899:0:17,pid://localhost:32899:0:18,pid://localhost:32899:0:19,pid://localhost:32899:0:20,pid://localhost:32899:0:21,pid://localhost:32899:0:22,pid://localhost:32899:0:23]\n'
|INFO| : [run.py]--[<module>] : b'Sat Oct  5 09:30:16 UTC 2024 pid://localhost:32899:0:15: received clients [pid://localhost:32899:0:24]\n'
|INFO| : [run.py]--[<module>] : b'Sat Oct  5 09:30:16 UTC 2024 pid://localhost:32899:0:15: synchronous delta timers set to 100 ticks\n'
|INFO| : [run.py]--[<module>] : b'Sat Oct  5 09:30:16 UTC 2024 pid://localhost:32899:0:17: received servers [pid://localhost:32899:0:9,pid://localhost:32899:0:10,pid://localhost:32899:0:11,pid://localhost:32899:0:12,pid://localhost:32899:0:13,pid://localhost:32899:0:14,pid://localhost:32899:0:15,pid://localhost:32899:0:16,pid://localhost:32899:0:17,pid://localhost:32899:0:18,pid://localhost:32899:0:19,pid://localhost:32899:0:20,pid://localhost:32899:0:21,pid://localhost:32899:0:22,pid://localhost:32899:0:23]\n'
|INFO| : [run.py]--[<module>] : b'Sat Oct  5 09:30:16 UTC 2024 pid://localhost:32899:0:17: received clients [pid://localhost:32899:0:24]\n'
|INFO| : [run.py]--[<module>] : b'Sat Oct  5 09:30:16 UTC 2024 pid://localhost:32899:0:17: synchronous delta timers set to 100 ticks\n'
|INFO| : [run.py]--[<module>] : b'Sat Oct  5 09:30:16 UTC 2024 pid://localhost:32899:0:19: received servers [pid://localhost:32899:0:9,pid://localhost:32899:0:10,pid://localhost:32899:0:11,pid://localhost:32899:0:12,pid://localhost:32899:0:13,pid://localhost:32899:0:14,pid://localhost:32899:0:15,pid://localhost:32899:0:16,pid://localhost:32899:0:17,pid://localhost:32899:0:18,pid://localhost:32899:0:19,pid://localhost:32899:0:20,pid://localhost:32899:0:21,pid://localhost:32899:0:22,pid://localhost:32899:0:23]\n'
|INFO| : [run.py]--[<module>] : b'Sat Oct  5 09:30:16 UTC 2024 pid://localhost:32899:0:19: received clients [pid://localhost:32899:0:24]\n'
|INFO| : [run.py]--[<module>] : b'Sat Oct  5 09:30:16 UTC 2024 pid://localhost:32899:0:19: synchronous delta timers set to 100 ticks\n'
|INFO| : [run.py]--[<module>] : b'Sat Oct  5 09:30:16 UTC 2024 pid://localhost:32899:0:21: received servers [pid://localhost:32899:0:9,pid://localhost:32899:0:10,pid://localhost:32899:0:11,pid://localhost:32899:0:12,pid://localhost:32899:0:13,pid://localhost:32899:0:14,pid://localhost:32899:0:15,pid://localhost:32899:0:16,pid://localhost:32899:0:17,pid://localhost:32899:0:18,pid://localhost:32899:0:19,pid://localhost:32899:0:20,pid://localhost:32899:0:21,pid://localhost:32899:0:22,pid://localhost:32899:0:23]\n'
|INFO| : [run.py]--[<module>] : b'Sat Oct  5 09:30:16 UTC 2024 pid://localhost:32899:0:21: received clients [pid://localhost:32899:0:24]\n'
|INFO| : [run.py]--[<module>] : b'Sat Oct  5 09:30:16 UTC 2024 pid://localhost:32899:0:21: synchronous delta timers set to 100 ticks\n'
|INFO| : [run.py]--[<module>] : b'Sat Oct  5 09:30:16 UTC 2024 pid://localhost:32899:0:23: received servers [pid://localhost:32899:0:9,pid://localhost:32899:0:10,pid://localhost:32899:0:11,pid://localhost:32899:0:12,pid://localhost:32899:0:13,pid://localhost:32899:0:14,pid://localhost:32899:0:15,pid://localhost:32899:0:16,pid://localhost:32899:0:17,pid://localhost:32899:0:18,pid://localhost:32899:0:19,pid://localhost:32899:0:20,pid://localhost:32899:0:21,pid://localhost:32899:0:22,pid://localhost:32899:0:23]\n'
|INFO| : [run.py]--[<module>] : b'Sat Oct  5 09:30:16 UTC 2024 pid://localhost:32899:0:23: received clients [pid://localhost:32899:0:24]\n'
|INFO| : [run.py]--[<module>] : b'Sat Oct  5 09:30:16 UTC 2024 pid://localhost:32899:0:23: synchronous delta timers set to 100 ticks\n'
|INFO| : [run.py]--[<module>] : b'Sat Oct  5 09:30:16 UTC 2024 pid://localhost:32899:0:13: received servers [pid://localhost:32899:0:9,pid://localhost:32899:0:10,pid://localhost:32899:0:11,pid://localhost:32899:0:12,pid://localhost:32899:0:13,pid://localhost:32899:0:14,pid://localhost:32899:0:15,pid://localhost:32899:0:16,pid://localhost:32899:0:17,pid://localhost:32899:0:18,pid://localhost:32899:0:19,pid://localhost:32899:0:20,pid://localhost:32899:0:21,pid://localhost:32899:0:22,pid://localhost:32899:0:23]\n'
|INFO| : [run.py]--[<module>] : b'Sat Oct  5 09:30:16 UTC 2024 pid://localhost:32899:0:13: received clients [pid://localhost:32899:0:24]\n'
|INFO| : [run.py]--[<module>] : b'Sat Oct  5 09:30:16 UTC 2024 pid://localhost:32899:0:13: synchronous delta timers set to 100 ticks\n'
|INFO| : [run.py]--[<module>] : b'Sat Oct  5 09:30:22 UTC 2024 pid://localhost:32899:0:24: Delivered commands 32\n'
|INFO| : [run.py]--[<module>] : b'Sat Oct  5 09:30:22 UTC 2024 pid://localhost:32899:0:24: Current mean latency: 407.0\n'
|INFO| : [run.py]--[<module>] : b'\n'
|INFO| : [run.py]--[<module>] : b'Sat Oct  5 09:30:27 UTC 2024 pid://localhost:32899:0:24: Delivered commands 64\n'
|INFO| : [run.py]--[<module>] : b'Sat Oct  5 09:30:27 UTC 2024 pid://localhost:32899:0:24: Current mean latency: 407.0\n'
|INFO| : [run.py]--[<module>] : b'\n'
|INFO| : [run.py]--[<module>] : b'Sat Oct  5 09:30:27 UTC 2024 pid://localhost:32899:0:24: Delivered commands 64\n'
|INFO| : [run.py]--[<module>] : b'Sat Oct  5 09:30:27 UTC 2024 pid://localhost:32899:0:24: Current mean latency: 408.0\n'
|INFO| : [run.py]--[<module>] : b'\n'
|INFO| : [run.py]--[<module>] : b'Sat Oct  5 09:30:32 UTC 2024 pid://localhost:32899:0:24: Delivered commands 96\n'
|INFO| : [run.py]--[<module>] : b'Sat Oct  5 09:30:32 UTC 2024 pid://localhost:32899:0:24: Current mean latency: 407.0\n'
|INFO| : [run.py]--[<module>] : b'\n'
|INFO| : [run.py]--[<module>] : b'Sat Oct  5 09:30:32 UTC 2024 pid://localhost:32899:0:24: Delivered commands 96\n'
|INFO| : [run.py]--[<module>] : b'Sat Oct  5 09:30:32 UTC 2024 pid://localhost:32899:0:24: Current mean latency: 408.0\n'
|INFO| : [run.py]--[<module>] : b'\n'
|INFO| : [run.py]--[<module>] : b'Sat Oct  5 09:30:37 UTC 2024 pid://localhost:32899:0:24: Delivered commands 128\n'
|INFO| : [run.py]--[<module>] : b'Sat Oct  5 09:30:37 UTC 2024 pid://localhost:32899:0:24: Current mean latency: 408.0\n'
|INFO| : [run.py]--[<module>] : b'\n'
|INFO| : [run.py]--[<module>] : b'Sat Oct  5 09:30:37 UTC 2024 pid://localhost:32899:0:24: Delivered commands 128\n'
|INFO| : [run.py]--[<module>] : b'Sat Oct  5 09:30:37 UTC 2024 pid://localhost:32899:0:24: Current mean latency: 409.0\n'
|INFO| : [run.py]--[<module>] : b'\n'
|INFO| : [run.py]--[<module>] : b'Sat Oct  5 09:30:42 UTC 2024 pid://localhost:32899:0:24: Delivered commands 160\n'
|INFO| : [run.py]--[<module>] : b'Sat Oct  5 09:30:42 UTC 2024 pid://localhost:32899:0:24: Current mean latency: 408.0\n'
|INFO| : [run.py]--[<module>] : b'\n'
|INFO| : [run.py]--[<module>] : b'Sat Oct  5 09:30:42 UTC 2024 pid://localhost:32899:0:24: Delivered commands 160\n'
|INFO| : [run.py]--[<module>] : b'Sat Oct  5 09:30:42 UTC 2024 pid://localhost:32899:0:24: Current mean latency: 409.0\n'
|INFO| : [run.py]--[<module>] : b'\n'
|INFO| : [run.py]--[<module>] : b'Sat Oct  5 09:30:47 UTC 2024 pid://localhost:32899:0:24: Delivered commands 192\n'
|INFO| : [run.py]--[<module>] : b'Sat Oct  5 09:30:47 UTC 2024 pid://localhost:32899:0:24: Current mean latency: 408.0\n'
|INFO| : [run.py]--[<module>] : b'\n'
|INFO| : [run.py]--[<module>] : b'Sat Oct  5 09:30:47 UTC 2024 pid://localhost:32899:0:24: Delivered commands 192\n'
|INFO| : [run.py]--[<module>] : b'Sat Oct  5 09:30:47 UTC 2024 pid://localhost:32899:0:24: Current mean latency: 409.0\n'
|INFO| : [run.py]--[<module>] : b'\n'
|INFO| : [run.py]--[<module>] : b'Sat Oct  5 09:30:52 UTC 2024 pid://localhost:32899:0:24: Delivered commands 224\n'
|INFO| : [run.py]--[<module>] : b'Sat Oct  5 09:30:52 UTC 2024 pid://localhost:32899:0:24: Current mean latency: 408.0\n'
|INFO| : [run.py]--[<module>] : b'\n'
|INFO| : [run.py]--[<module>] : b'Sat Oct  5 09:30:52 UTC 2024 pid://localhost:32899:0:24: Delivered commands 224\n'
|INFO| : [run.py]--[<module>] : b'Sat Oct  5 09:30:52 UTC 2024 pid://localhost:32899:0:24: Current mean latency: 409.0\n'
|INFO| : [run.py]--[<module>] : b'\n'
|INFO| : [run.py]--[<module>] : b'Sat Oct  5 09:30:58 UTC 2024 pid://localhost:32899:0:24: Delivered commands 256\n'
|INFO| : [run.py]--[<module>] : b'Sat Oct  5 09:30:58 UTC 2024 pid://localhost:32899:0:24: Current mean latency: 408.0\n'
|INFO| : [run.py]--[<module>] : b'\n'
|INFO| : [run.py]--[<module>] : b'Sat Oct  5 09:30:58 UTC 2024 pid://localhost:32899:0:24: Delivered commands 256\n'
|INFO| : [run.py]--[<module>] : b'Sat Oct  5 09:30:58 UTC 2024 pid://localhost:32899:0:24: Current mean latency: 409.0\n'
|INFO| : [run.py]--[<module>] : b'\n'
|INFO| : [run.py]--[<module>] : b'Sat Oct  5 09:31:03 UTC 2024 pid://localhost:32899:0:24: Delivered commands 288\n'
|INFO| : [run.py]--[<module>] : b'Sat Oct  5 09:31:03 UTC 2024 pid://localhost:32899:0:24: Current mean latency: 408.0\n'
|INFO| : [run.py]--[<module>] : b'\n'
|INFO| : [run.py]--[<module>] : b'Sat Oct  5 09:31:03 UTC 2024 pid://localhost:32899:0:24: Delivered commands 288\n'
|INFO| : [run.py]--[<module>] : b'Sat Oct  5 09:31:03 UTC 2024 pid://localhost:32899:0:24: Current mean latency: 409.0\n'
|INFO| : [run.py]--[<module>] : b'\n'
|INFO| : [run.py]--[<module>] : b'Sat Oct  5 09:31:08 UTC 2024 pid://localhost:32899:0:24: Delivered commands 320\n'
|INFO| : [run.py]--[<module>] : b'Sat Oct  5 09:31:08 UTC 2024 pid://localhost:32899:0:24: Current mean latency: 408.0\n'
|INFO| : [run.py]--[<module>] : b'\n'
|INFO| : [run.py]--[<module>] : b'Sat Oct  5 09:31:08 UTC 2024 pid://localhost:32899:0:24: Delivered commands 320\n'
|INFO| : [run.py]--[<module>] : b'Sat Oct  5 09:31:08 UTC 2024 pid://localhost:32899:0:24: Current mean latency: 409.0\n'
|INFO| : [run.py]--[<module>] : b'\n'
|INFO| : [run.py]--[<module>] : b'Sat Oct  5 09:31:13 UTC 2024 pid://localhost:32899:0:24: Delivered commands 352\n'
|INFO| : [run.py]--[<module>] : b'Sat Oct  5 09:31:13 UTC 2024 pid://localhost:32899:0:24: Current mean latency: 408.0\n'
|INFO| : [run.py]--[<module>] : b'\n'
|INFO| : [run.py]--[<module>] : b'Sat Oct  5 09:31:13 UTC 2024 pid://localhost:32899:0:24: Delivered commands 352\n'
|INFO| : [run.py]--[<module>] : b'Sat Oct  5 09:31:13 UTC 2024 pid://localhost:32899:0:24: Current mean latency: 409.0\n'
|INFO| : [run.py]--[<module>] : b'\n'
|INFO| : [run.py]--[<module>] : b'Sat Oct  5 09:31:18 UTC 2024 pid://localhost:32899:0:24: Delivered commands 384\n'
|INFO| : [run.py]--[<module>] : b'Sat Oct  5 09:31:18 UTC 2024 pid://localhost:32899:0:24: Current mean latency: 408.0\n'
|INFO| : [run.py]--[<module>] : b'\n'
|INFO| : [run.py]--[<module>] : b'Sat Oct  5 09:31:18 UTC 2024 pid://localhost:32899:0:24: Delivered commands 384\n'
|INFO| : [run.py]--[<module>] : b'Sat Oct  5 09:31:18 UTC 2024 pid://localhost:32899:0:24: Current mean latency: 409.0\n'
|INFO| : [run.py]--[<module>] : b'\n'
|INFO| : [run.py]--[<module>] : b'Sat Oct  5 09:31:23 UTC 2024 pid://localhost:32899:0:24: Delivered commands 416\n'
|INFO| : [run.py]--[<module>] : b'Sat Oct  5 09:31:23 UTC 2024 pid://localhost:32899:0:24: Current mean latency: 408.0\n'
|INFO| : [run.py]--[<module>] : b'\n'
|INFO| : [run.py]--[<module>] : b'Sat Oct  5 09:31:23 UTC 2024 pid://localhost:32899:0:24: Delivered commands 416\n'
|INFO| : [run.py]--[<module>] : b'Sat Oct  5 09:31:23 UTC 2024 pid://localhost:32899:0:24: Current mean latency: 409.0\n'
|INFO| : [run.py]--[<module>] : b'\n'
|INFO| : [run.py]--[<module>] : b'Sat Oct  5 09:31:28 UTC 2024 pid://localhost:32899:0:24: Delivered commands 448\n'
|INFO| : [run.py]--[<module>] : b'Sat Oct  5 09:31:28 UTC 2024 pid://localhost:32899:0:24: Current mean latency: 408.0\n'
|INFO| : [run.py]--[<module>] : b'\n'
|INFO| : [run.py]--[<module>] : b'Sat Oct  5 09:31:28 UTC 2024 pid://localhost:32899:0:24: Delivered commands 448\n'
|INFO| : [run.py]--[<module>] : b'Sat Oct  5 09:31:28 UTC 2024 pid://localhost:32899:0:24: Current mean latency: 409.0\n'
|INFO| : [run.py]--[<module>] : b'\n'
|INFO| : [run.py]--[<module>] : b'Sat Oct  5 09:31:33 UTC 2024 pid://localhost:32899:0:24: Delivered commands 480\n'
|INFO| : [run.py]--[<module>] : b'Sat Oct  5 09:31:33 UTC 2024 pid://localhost:32899:0:24: Current mean latency: 408.0\n'
|INFO| : [run.py]--[<module>] : b'\n'
|INFO| : [run.py]--[<module>] : b'Sat Oct  5 09:31:34 UTC 2024 pid://localhost:32899:0:24: Delivered commands 480\n'
|INFO| : [run.py]--[<module>] : b'Sat Oct  5 09:31:34 UTC 2024 pid://localhost:32899:0:24: Current mean latency: 409.0\n'
|INFO| : [run.py]--[<module>] : b'\n'
|INFO| : [run.py]--[<module>] : b'Sat Oct  5 09:31:39 UTC 2024 pid://localhost:32899:0:24: Delivered commands 512\n'
|INFO| : [run.py]--[<module>] : b'Sat Oct  5 09:31:39 UTC 2024 pid://localhost:32899:0:24: Current mean latency: 407.0\n'
|INFO| : [run.py]--[<module>] : b'\n'
|INFO| : [run.py]--[<module>] : b'Sat Oct  5 09:31:39 UTC 2024 pid://localhost:32899:0:24: Delivered commands 512\n'
|INFO| : [run.py]--[<module>] : b'Sat Oct  5 09:31:39 UTC 2024 pid://localhost:32899:0:24: Current mean latency: 408.0\n'
|INFO| : [run.py]--[<module>] : b'\n'
|INFO| : [run.py]--[<module>] : b'Sat Oct  5 09:31:44 UTC 2024 pid://localhost:32899:0:24: Delivered commands 544\n'
|INFO| : [run.py]--[<module>] : b'Sat Oct  5 09:31:44 UTC 2024 pid://localhost:32899:0:24: Current mean latency: 408.0\n'
|INFO| : [run.py]--[<module>] : b'\n'
|INFO| : [run.py]--[<module>] : b'Sat Oct  5 09:31:44 UTC 2024 pid://localhost:32899:0:24: Delivered commands 544\n'
|INFO| : [run.py]--[<module>] : b'Sat Oct  5 09:31:44 UTC 2024 pid://localhost:32899:0:24: Current mean latency: 409.0\n'
|INFO| : [run.py]--[<module>] : b'\n'
|INFO| : [run.py]--[<module>] : b'Sat Oct  5 09:31:49 UTC 2024 pid://localhost:32899:0:24: Delivered commands 576\n'
|INFO| : [run.py]--[<module>] : b'Sat Oct  5 09:31:49 UTC 2024 pid://localhost:32899:0:24: Current mean latency: 408.0\n'
|INFO| : [run.py]--[<module>] : b'\n'
|INFO| : [run.py]--[<module>] : b'Sat Oct  5 09:31:49 UTC 2024 pid://localhost:32899:0:24: Delivered commands 576\n'
|INFO| : [run.py]--[<module>] : b'Sat Oct  5 09:31:49 UTC 2024 pid://localhost:32899:0:24: Current mean latency: 409.0\n'
|INFO| : [run.py]--[<module>] : b'\n'
|INFO| : [run.py]--[<module>] : b'Sat Oct  5 09:31:54 UTC 2024 pid://localhost:32899:0:24: Delivered commands 608\n'
|INFO| : [run.py]--[<module>] : b'Sat Oct  5 09:31:54 UTC 2024 pid://localhost:32899:0:24: Current mean latency: 408.0\n'
|INFO| : [run.py]--[<module>] : b'\n'
|INFO| : [run.py]--[<module>] : b'Sat Oct  5 09:31:54 UTC 2024 pid://localhost:32899:0:24: Delivered commands 608\n'
|INFO| : [run.py]--[<module>] : b'Sat Oct  5 09:31:54 UTC 2024 pid://localhost:32899:0:24: Current mean latency: 409.0\n'
|INFO| : [run.py]--[<module>] : b'\n'
|INFO| : [run.py]--[<module>] : b'Sat Oct  5 09:31:59 UTC 2024 pid://localhost:32899:0:24: Delivered commands 640\n'
|INFO| : [run.py]--[<module>] : b'Sat Oct  5 09:31:59 UTC 2024 pid://localhost:32899:0:24: Current mean latency: 408.0\n'
|INFO| : [run.py]--[<module>] : b'\n'
|INFO| : [run.py]--[<module>] : b'Sat Oct  5 09:31:59 UTC 2024 pid://localhost:32899:0:24: Delivered commands 640\n'
|INFO| : [run.py]--[<module>] : b'Sat Oct  5 09:31:59 UTC 2024 pid://localhost:32899:0:24: Current mean latency: 409.0\n'
|INFO| : [run.py]--[<module>] : b'\n'
|INFO| : [run.py]--[<module>] : b'Sat Oct  5 09:32:04 UTC 2024 pid://localhost:32899:0:24: Delivered commands 672\n'
|INFO| : [run.py]--[<module>] : b'Sat Oct  5 09:32:04 UTC 2024 pid://localhost:32899:0:24: Current mean latency: 408.0\n'
|INFO| : [run.py]--[<module>] : b'\n'
|INFO| : [run.py]--[<module>] : b'Sat Oct  5 09:32:04 UTC 2024 pid://localhost:32899:0:24: Delivered commands 672\n'
|INFO| : [run.py]--[<module>] : b'Sat Oct  5 09:32:04 UTC 2024 pid://localhost:32899:0:24: Current mean latency: 409.0\n'
|INFO| : [run.py]--[<module>] : b'\n'
|INFO| : [run.py]--[<module>] : b'Sat Oct  5 09:32:09 UTC 2024 pid://localhost:32899:0:24: Delivered commands 704\n'
|INFO| : [run.py]--[<module>] : b'Sat Oct  5 09:32:09 UTC 2024 pid://localhost:32899:0:24: Current mean latency: 408.0\n'
|INFO| : [run.py]--[<module>] : b'\n'
|INFO| : [run.py]--[<module>] : b'Sat Oct  5 09:32:09 UTC 2024 pid://localhost:32899:0:24: Delivered commands 704\n'
|INFO| : [run.py]--[<module>] : b'Sat Oct  5 09:32:09 UTC 2024 pid://localhost:32899:0:24: Current mean latency: 409.0\n'
|INFO| : [run.py]--[<module>] : b'\n'
|INFO| : [run.py]--[<module>] : b'Sat Oct  5 09:32:15 UTC 2024 pid://localhost:32899:0:24: Delivered commands 736\n'
|INFO| : [run.py]--[<module>] : b'Sat Oct  5 09:32:15 UTC 2024 pid://localhost:32899:0:24: Current mean latency: 408.0\n'
|INFO| : [run.py]--[<module>] : b'\n'
|INFO| : [run.py]--[<module>] : b'Sat Oct  5 09:32:15 UTC 2024 pid://localhost:32899:0:24: Delivered commands 736\n'
|INFO| : [run.py]--[<module>] : b'Sat Oct  5 09:32:15 UTC 2024 pid://localhost:32899:0:24: Current mean latency: 409.0\n'
|INFO| : [run.py]--[<module>] : b'\n'
|INFO| : [run.py]--[<module>] : b'Sat Oct  5 09:32:20 UTC 2024 pid://localhost:32899:0:24: Delivered commands 768\n'
|INFO| : [run.py]--[<module>] : b'Sat Oct  5 09:32:20 UTC 2024 pid://localhost:32899:0:24: Current mean latency: 408.0\n'
|INFO| : [run.py]--[<module>] : b'\n'
|INFO| : [run.py]--[<module>] : b'Sat Oct  5 09:32:20 UTC 2024 pid://localhost:32899:0:24: Delivered commands 768\n'
|INFO| : [run.py]--[<module>] : b'Sat Oct  5 09:32:20 UTC 2024 pid://localhost:32899:0:24: Current mean latency: 409.0\n'
|INFO| : [run.py]--[<module>] : b'\n'
|INFO| : [run.py]--[<module>] : b'Sat Oct  5 09:32:25 UTC 2024 pid://localhost:32899:0:24: Delivered commands 800\n'
|INFO| : [run.py]--[<module>] : b'Sat Oct  5 09:32:25 UTC 2024 pid://localhost:32899:0:24: Current mean latency: 408.0\n'
|INFO| : [run.py]--[<module>] : b'\n'
|INFO| : [run.py]--[<module>] : b'Sat Oct  5 09:32:25 UTC 2024 pid://localhost:32899:0:24: Delivered commands 800\n'
|INFO| : [run.py]--[<module>] : b'Sat Oct  5 09:32:25 UTC 2024 pid://localhost:32899:0:24: Current mean latency: 409.0\n'
|INFO| : [run.py]--[<module>] : b'\n'
|INFO| : [run.py]--[<module>] : b'Sat Oct  5 09:32:30 UTC 2024 pid://localhost:32899:0:24: Delivered commands 832\n'
|INFO| : [run.py]--[<module>] : b'Sat Oct  5 09:32:30 UTC 2024 pid://localhost:32899:0:24: Current mean latency: 408.0\n'
|INFO| : [run.py]--[<module>] : b'\n'
|INFO| : [run.py]--[<module>] : b'Sat Oct  5 09:32:30 UTC 2024 pid://localhost:32899:0:24: Delivered commands 832\n'
|INFO| : [run.py]--[<module>] : b'Sat Oct  5 09:32:30 UTC 2024 pid://localhost:32899:0:24: Current mean latency: 409.0\n'
|INFO| : [run.py]--[<module>] : b'\n'
|INFO| : [run.py]--[<module>] : b'Sat Oct  5 09:32:35 UTC 2024 pid://localhost:32899:0:24: Delivered commands 864\n'
|INFO| : [run.py]--[<module>] : b'Sat Oct  5 09:32:35 UTC 2024 pid://localhost:32899:0:24: Current mean latency: 408.0\n'
|INFO| : [run.py]--[<module>] : b'\n'
|INFO| : [run.py]--[<module>] : b'Sat Oct  5 09:32:35 UTC 2024 pid://localhost:32899:0:24: Delivered commands 864\n'
|INFO| : [run.py]--[<module>] : b'Sat Oct  5 09:32:35 UTC 2024 pid://localhost:32899:0:24: Current mean latency: 409.0\n'
|INFO| : [run.py]--[<module>] : b'\n'
|INFO| : [run.py]--[<module>] : b'Sat Oct  5 09:32:40 UTC 2024 pid://localhost:32899:0:24: Delivered commands 896\n'
|INFO| : [run.py]--[<module>] : b'Sat Oct  5 09:32:40 UTC 2024 pid://localhost:32899:0:24: Current mean latency: 408.0\n'
|INFO| : [run.py]--[<module>] : b'\n'
|INFO| : [run.py]--[<module>] : b'Sat Oct  5 09:32:40 UTC 2024 pid://localhost:32899:0:24: Delivered commands 896\n'
|INFO| : [run.py]--[<module>] : b'Sat Oct  5 09:32:40 UTC 2024 pid://localhost:32899:0:24: Current mean latency: 409.0\n'
|INFO| : [run.py]--[<module>] : b'\n'
|INFO| : [run.py]--[<module>] : b'Sat Oct  5 09:32:45 UTC 2024 pid://localhost:32899:0:24: Delivered commands 928\n'
|INFO| : [run.py]--[<module>] : b'Sat Oct  5 09:32:45 UTC 2024 pid://localhost:32899:0:24: Current mean latency: 408.0\n'
|INFO| : [run.py]--[<module>] : b'\n'
|INFO| : [run.py]--[<module>] : b'Sat Oct  5 09:32:45 UTC 2024 pid://localhost:32899:0:24: Delivered commands 928\n'
|INFO| : [run.py]--[<module>] : b'Sat Oct  5 09:32:45 UTC 2024 pid://localhost:32899:0:24: Current mean latency: 409.0\n'
|INFO| : [run.py]--[<module>] : b'\n'
|INFO| : [run.py]--[<module>] : b'Sat Oct  5 09:32:51 UTC 2024 pid://localhost:32899:0:24: Delivered commands 960\n'
|INFO| : [run.py]--[<module>] : b'Sat Oct  5 09:32:51 UTC 2024 pid://localhost:32899:0:24: Current mean latency: 408.0\n'
|INFO| : [run.py]--[<module>] : b'\n'
|INFO| : [run.py]--[<module>] : b'Sat Oct  5 09:32:51 UTC 2024 pid://localhost:32899:0:24: Delivered commands 960\n'
|INFO| : [run.py]--[<module>] : b'Sat Oct  5 09:32:51 UTC 2024 pid://localhost:32899:0:24: Current mean latency: 409.0\n'
|INFO| : [run.py]--[<module>] : b'\n'
|INFO| : [run.py]--[<module>] : b'Sat Oct  5 09:32:56 UTC 2024 pid://localhost:32899:0:24: Delivered commands 992\n'
|INFO| : [run.py]--[<module>] : b'Sat Oct  5 09:32:56 UTC 2024 pid://localhost:32899:0:24: Current mean latency: 408.0\n'
|INFO| : [run.py]--[<module>] : b'\n'
|INFO| : [run.py]--[<module>] : b'Sat Oct  5 09:32:56 UTC 2024 pid://localhost:32899:0:24: Delivered commands 992\n'
|INFO| : [run.py]--[<module>] : b'Sat Oct  5 09:32:56 UTC 2024 pid://localhost:32899:0:24: Current mean latency: 409.0\n'
|INFO| : [run.py]--[<module>] : b'\n'
|INFO| : [run.py]--[<module>] : b'Sat Oct  5 09:33:01 UTC 2024 pid://localhost:32899:0:24: Delivered commands 1024\n'
|INFO| : [run.py]--[<module>] : b'Sat Oct  5 09:33:01 UTC 2024 pid://localhost:32899:0:24: Current mean latency: 408.0\n'
|INFO| : [run.py]--[<module>] : b'\n'
|INFO| : [run.py]--[<module>] : b'Sat Oct  5 09:33:01 UTC 2024 pid://localhost:32899:0:24: Delivered commands 1024\n'
|INFO| : [run.py]--[<module>] : b'Sat Oct  5 09:33:01 UTC 2024 pid://localhost:32899:0:24: Current mean latency: 409.0\n'
|INFO| : [run.py]--[<module>] : b'\n'
|INFO| : [run.py]--[<module>] : b'Sat Oct  5 09:33:06 UTC 2024 pid://localhost:32899:0:24: Delivered commands 1056\n'
|INFO| : [run.py]--[<module>] : b'Sat Oct  5 09:33:06 UTC 2024 pid://localhost:32899:0:24: Current mean latency: 408.0\n'
|INFO| : [run.py]--[<module>] : b'\n'
|INFO| : [run.py]--[<module>] : b'Sat Oct  5 09:33:06 UTC 2024 pid://localhost:32899:0:24: Delivered commands 1056\n'
|INFO| : [run.py]--[<module>] : b'Sat Oct  5 09:33:06 UTC 2024 pid://localhost:32899:0:24: Current mean latency: 409.0\n'
|INFO| : [run.py]--[<module>] : b'\n'
|INFO| : [run.py]--[<module>] : b'Sat Oct  5 09:33:11 UTC 2024 pid://localhost:32899:0:24: Delivered commands 1088\n'
|INFO| : [run.py]--[<module>] : b'Sat Oct  5 09:33:11 UTC 2024 pid://localhost:32899:0:24: Current mean latency: 408.0\n'
|INFO| : [run.py]--[<module>] : b'\n'
|INFO| : [run.py]--[<module>] : b'Sat Oct  5 09:33:11 UTC 2024 pid://localhost:32899:0:24: Delivered commands 1088\n'
|INFO| : [run.py]--[<module>] : b'Sat Oct  5 09:33:11 UTC 2024 pid://localhost:32899:0:24: Current mean latency: 409.0\n'
|INFO| : [run.py]--[<module>] : b'\n'
|INFO| : [run.py]--[<module>] : b'Sat Oct  5 09:33:16 UTC 2024 pid://localhost:32899:0:24: Delivered commands 1120\n'
|INFO| : [run.py]--[<module>] : b'Sat Oct  5 09:33:16 UTC 2024 pid://localhost:32899:0:24: Current mean latency: 407.0\n'
|INFO| : [run.py]--[<module>] : b'\n'
|INFO| : [run.py]--[<module>] : b'Sat Oct  5 09:33:16 UTC 2024 pid://localhost:32899:0:24: Delivered commands 1120\n'
|INFO| : [run.py]--[<module>] : b'Sat Oct  5 09:33:16 UTC 2024 pid://localhost:32899:0:24: Current mean latency: 408.0\n'
|INFO| : [run.py]--[<module>] : b'\n'
|INFO| : [run.py]--[<module>] : b'Sat Oct  5 09:33:21 UTC 2024 pid://localhost:32899:0:24: Delivered commands 1152\n'
|INFO| : [run.py]--[<module>] : b'Sat Oct  5 09:33:21 UTC 2024 pid://localhost:32899:0:24: Current mean latency: 408.0\n'
|INFO| : [run.py]--[<module>] : b'\n'
|INFO| : [run.py]--[<module>] : b'Sat Oct  5 09:33:21 UTC 2024 pid://localhost:32899:0:24: Delivered commands 1152\n'
|INFO| : [run.py]--[<module>] : b'Sat Oct  5 09:33:21 UTC 2024 pid://localhost:32899:0:24: Current mean latency: 409.0\n'
|INFO| : [run.py]--[<module>] : b'\n'
|INFO| : [run.py]--[<module>] : b'Sat Oct  5 09:33:26 UTC 2024 pid://localhost:32899:0:24: Delivered commands 1184\n'
|INFO| : [run.py]--[<module>] : b'Sat Oct  5 09:33:26 UTC 2024 pid://localhost:32899:0:24: Current mean latency: 408.0\n'
|INFO| : [run.py]--[<module>] : b'\n'
|INFO| : [run.py]--[<module>] : b'Sat Oct  5 09:33:27 UTC 2024 pid://localhost:32899:0:24: Delivered commands 1184\n'
|INFO| : [run.py]--[<module>] : b'Sat Oct  5 09:33:27 UTC 2024 pid://localhost:32899:0:24: Current mean latency: 409.0\n'
|INFO| : [run.py]--[<module>] : b'\n'
|INFO| : [run.py]--[<module>] : b'Sat Oct  5 09:33:32 UTC 2024 pid://localhost:32899:0:24: Delivered commands 1216\n'
|INFO| : [run.py]--[<module>] : b'Sat Oct  5 09:33:32 UTC 2024 pid://localhost:32899:0:24: Current mean latency: 408.0\n'
|INFO| : [run.py]--[<module>] : b'\n'
|INFO| : [run.py]--[<module>] : b'Sat Oct  5 09:33:32 UTC 2024 pid://localhost:32899:0:24: Delivered commands 1216\n'
|INFO| : [run.py]--[<module>] : b'Sat Oct  5 09:33:32 UTC 2024 pid://localhost:32899:0:24: Current mean latency: 409.0\n'
|INFO| : [run.py]--[<module>] : b'\n'
|INFO| : [run.py]--[<module>] : b'Sat Oct  5 09:33:37 UTC 2024 pid://localhost:32899:0:24: Delivered commands 1248\n'
|INFO| : [run.py]--[<module>] : b'Sat Oct  5 09:33:37 UTC 2024 pid://localhost:32899:0:24: Current mean latency: 408.0\n'
|INFO| : [run.py]--[<module>] : b'\n'
|INFO| : [run.py]--[<module>] : b'Sat Oct  5 09:33:37 UTC 2024 pid://localhost:32899:0:24: Delivered commands 1248\n'
|INFO| : [run.py]--[<module>] : b'Sat Oct  5 09:33:37 UTC 2024 pid://localhost:32899:0:24: Current mean latency: 409.0\n'
|INFO| : [run.py]--[<module>] : b'\n'
|INFO| : [run.py]--[<module>] : b'Sat Oct  5 09:33:42 UTC 2024 pid://localhost:32899:0:24: Delivered commands 1280\n'
|INFO| : [run.py]--[<module>] : b'Sat Oct  5 09:33:42 UTC 2024 pid://localhost:32899:0:24: Current mean latency: 408.0\n'
|INFO| : [run.py]--[<module>] : b'\n'
|INFO| : [run.py]--[<module>] : b'Sat Oct  5 09:33:42 UTC 2024 pid://localhost:32899:0:24: Delivered commands 1280\n'
|INFO| : [run.py]--[<module>] : b'Sat Oct  5 09:33:42 UTC 2024 pid://localhost:32899:0:24: Current mean latency: 409.0\n'
|INFO| : [run.py]--[<module>] : b'\n'
|INFO| : [run.py]--[<module>] : b'Sat Oct  5 09:33:47 UTC 2024 pid://localhost:32899:0:24: Delivered commands 1312\n'
|INFO| : [run.py]--[<module>] : b'Sat Oct  5 09:33:47 UTC 2024 pid://localhost:32899:0:24: Current mean latency: 408.0\n'
|INFO| : [run.py]--[<module>] : b'\n'
|INFO| : [run.py]--[<module>] : b'Sat Oct  5 09:33:47 UTC 2024 pid://localhost:32899:0:24: Delivered commands 1312\n'
|INFO| : [run.py]--[<module>] : b'Sat Oct  5 09:33:47 UTC 2024 pid://localhost:32899:0:24: Current mean latency: 409.0\n'
|INFO| : [run.py]--[<module>] : b'\n'
|INFO| : [run.py]--[<module>] : b'Sat Oct  5 09:33:52 UTC 2024 pid://localhost:32899:0:24: Delivered commands 1344\n'
|INFO| : [run.py]--[<module>] : b'Sat Oct  5 09:33:52 UTC 2024 pid://localhost:32899:0:24: Current mean latency: 408.0\n'
|INFO| : [run.py]--[<module>] : b'\n'
|INFO| : [run.py]--[<module>] : b'Sat Oct  5 09:33:52 UTC 2024 pid://localhost:32899:0:24: Delivered commands 1344\n'
|INFO| : [run.py]--[<module>] : b'Sat Oct  5 09:33:52 UTC 2024 pid://localhost:32899:0:24: Current mean latency: 409.0\n'
|INFO| : [run.py]--[<module>] : b'\n'
|INFO| : [run.py]--[<module>] : b'Sat Oct  5 09:33:57 UTC 2024 pid://localhost:32899:0:24: Delivered commands 1376\n'
|INFO| : [run.py]--[<module>] : b'Sat Oct  5 09:33:57 UTC 2024 pid://localhost:32899:0:24: Current mean latency: 408.0\n'
|INFO| : [run.py]--[<module>] : b'\n'
|INFO| : [run.py]--[<module>] : b'Sat Oct  5 09:33:57 UTC 2024 pid://localhost:32899:0:24: Delivered commands 1376\n'
|INFO| : [run.py]--[<module>] : b'Sat Oct  5 09:33:57 UTC 2024 pid://localhost:32899:0:24: Current mean latency: 409.0\n'
|INFO| : [run.py]--[<module>] : b'\n'
|INFO| : [run.py]--[<module>] : b'Sat Oct  5 09:34:02 UTC 2024 pid://localhost:32899:0:24: Delivered commands 1408\n'
|INFO| : [run.py]--[<module>] : b'Sat Oct  5 09:34:02 UTC 2024 pid://localhost:32899:0:24: Current mean latency: 408.0\n'
|INFO| : [run.py]--[<module>] : b'\n'
|INFO| : [run.py]--[<module>] : b'Sat Oct  5 09:34:02 UTC 2024 pid://localhost:32899:0:24: Delivered commands 1408\n'
|INFO| : [run.py]--[<module>] : b'Sat Oct  5 09:34:02 UTC 2024 pid://localhost:32899:0:24: Current mean latency: 409.0\n'
|INFO| : [run.py]--[<module>] : b'\n'
|INFO| : [run.py]--[<module>] : b'Sat Oct  5 09:34:08 UTC 2024 pid://localhost:32899:0:24: Delivered commands 1440\n'
|INFO| : [run.py]--[<module>] : b'Sat Oct  5 09:34:08 UTC 2024 pid://localhost:32899:0:24: Current mean latency: 408.0\n'
|INFO| : [run.py]--[<module>] : b'\n'
|INFO| : [run.py]--[<module>] : b'Sat Oct  5 09:34:08 UTC 2024 pid://localhost:32899:0:24: Delivered commands 1440\n'
|INFO| : [run.py]--[<module>] : b'Sat Oct  5 09:34:08 UTC 2024 pid://localhost:32899:0:24: Current mean latency: 409.0\n'
|INFO| : [run.py]--[<module>] : b'\n'
|INFO| : [run.py]--[<module>] : b'Sat Oct  5 09:34:13 UTC 2024 pid://localhost:32899:0:24: Delivered commands 1472\n'
|INFO| : [run.py]--[<module>] : b'Sat Oct  5 09:34:13 UTC 2024 pid://localhost:32899:0:24: Current mean latency: 408.0\n'
|INFO| : [run.py]--[<module>] : b'\n'
|INFO| : [run.py]--[<module>] : b'Sat Oct  5 09:34:13 UTC 2024 pid://localhost:32899:0:24: Delivered commands 1472\n'
|INFO| : [run.py]--[<module>] : b'Sat Oct  5 09:34:13 UTC 2024 pid://localhost:32899:0:24: Current mean latency: 409.0\n'
|INFO| : [run.py]--[<module>] : b'\n'
|INFO| : [run.py]--[<module>] : b'Sat Oct  5 09:34:18 UTC 2024 pid://localhost:32899:0:24: Delivered commands 1504\n'
|INFO| : [run.py]--[<module>] : b'Sat Oct  5 09:34:18 UTC 2024 pid://localhost:32899:0:24: Current mean latency: 408.0\n'
|INFO| : [run.py]--[<module>] : b'\n'
|INFO| : [run.py]--[<module>] : b'Sat Oct  5 09:34:18 UTC 2024 pid://localhost:32899:0:24: Delivered commands 1504\n'
|INFO| : [run.py]--[<module>] : b'Sat Oct  5 09:34:18 UTC 2024 pid://localhost:32899:0:24: Current mean latency: 409.0\n'
|INFO| : [run.py]--[<module>] : b'\n'
|INFO| : [run.py]--[<module>] : b'Sat Oct  5 09:34:23 UTC 2024 pid://localhost:32899:0:24: Delivered commands 1536\n'
|INFO| : [run.py]--[<module>] : b'Sat Oct  5 09:34:23 UTC 2024 pid://localhost:32899:0:24: Current mean latency: 408.0\n'
|INFO| : [run.py]--[<module>] : b'\n'
|INFO| : [run.py]--[<module>] : b'Sat Oct  5 09:34:23 UTC 2024 pid://localhost:32899:0:24: Delivered commands 1536\n'
|INFO| : [run.py]--[<module>] : b'Sat Oct  5 09:34:23 UTC 2024 pid://localhost:32899:0:24: Current mean latency: 409.0\n'
|INFO| : [run.py]--[<module>] : b'\n'
|INFO| : [run.py]--[<module>] : b'Sat Oct  5 09:34:28 UTC 2024 pid://localhost:32899:0:24: Delivered commands 1568\n'
|INFO| : [run.py]--[<module>] : b'Sat Oct  5 09:34:28 UTC 2024 pid://localhost:32899:0:24: Current mean latency: 408.0\n'
|INFO| : [run.py]--[<module>] : b'\n'
|INFO| : [run.py]--[<module>] : b'Sat Oct  5 09:34:28 UTC 2024 pid://localhost:32899:0:24: Delivered commands 1568\n'
|INFO| : [run.py]--[<module>] : b'Sat Oct  5 09:34:28 UTC 2024 pid://localhost:32899:0:24: Current mean latency: 409.0\n'
|INFO| : [run.py]--[<module>] : b'\n'
|INFO| : [run.py]--[<module>] : b'Sat Oct  5 09:34:33 UTC 2024 pid://localhost:32899:0:24: Delivered commands 1600\n'
|INFO| : [run.py]--[<module>] : b'Sat Oct  5 09:34:33 UTC 2024 pid://localhost:32899:0:24: Current mean latency: 408.0\n'
|INFO| : [run.py]--[<module>] : b'\n'
|INFO| : [run.py]--[<module>] : b'Sat Oct  5 09:34:33 UTC 2024 pid://localhost:32899:0:24: Delivered commands 1600\n'
|INFO| : [run.py]--[<module>] : b'Sat Oct  5 09:34:33 UTC 2024 pid://localhost:32899:0:24: Current mean latency: 409.0\n'
|INFO| : [run.py]--[<module>] : b'\n'
|INFO| : [run.py]--[<module>] : b'Sat Oct  5 09:34:38 UTC 2024 pid://localhost:32899:0:24: Delivered commands 1632\n'
|INFO| : [run.py]--[<module>] : b'Sat Oct  5 09:34:38 UTC 2024 pid://localhost:32899:0:24: Current mean latency: 408.0\n'
|INFO| : [run.py]--[<module>] : b'\n'
|INFO| : [run.py]--[<module>] : b'Sat Oct  5 09:34:38 UTC 2024 pid://localhost:32899:0:24: Delivered commands 1632\n'
|INFO| : [run.py]--[<module>] : b'Sat Oct  5 09:34:38 UTC 2024 pid://localhost:32899:0:24: Current mean latency: 409.0\n'
|INFO| : [run.py]--[<module>] : b'\n'
|INFO| : [run.py]--[<module>] : b'Sat Oct  5 09:34:44 UTC 2024 pid://localhost:32899:0:24: Delivered commands 1664\n'
|INFO| : [run.py]--[<module>] : b'Sat Oct  5 09:34:44 UTC 2024 pid://localhost:32899:0:24: Current mean latency: 408.0\n'
|INFO| : [run.py]--[<module>] : b'\n'
|INFO| : [run.py]--[<module>] : b'Sat Oct  5 09:34:44 UTC 2024 pid://localhost:32899:0:24: Delivered commands 1664\n'
|INFO| : [run.py]--[<module>] : b'Sat Oct  5 09:34:44 UTC 2024 pid://localhost:32899:0:24: Current mean latency: 409.0\n'
|INFO| : [run.py]--[<module>] : b'\n'
|INFO| : [run.py]--[<module>] : b'Sat Oct  5 09:34:49 UTC 2024 pid://localhost:32899:0:24: Delivered commands 1696\n'
|INFO| : [run.py]--[<module>] : b'Sat Oct  5 09:34:49 UTC 2024 pid://localhost:32899:0:24: Current mean latency: 408.0\n'
|INFO| : [run.py]--[<module>] : b'\n'
|INFO| : [run.py]--[<module>] : b'Sat Oct  5 09:34:49 UTC 2024 pid://localhost:32899:0:24: Delivered commands 1696\n'
|INFO| : [run.py]--[<module>] : b'Sat Oct  5 09:34:49 UTC 2024 pid://localhost:32899:0:24: Current mean latency: 409.0\n'
|INFO| : [run.py]--[<module>] : b'\n'
|INFO| : [run.py]--[<module>] : b'Sat Oct  5 09:34:54 UTC 2024 pid://localhost:32899:0:24: Delivered commands 1728\n'
|INFO| : [run.py]--[<module>] : b'Sat Oct  5 09:34:54 UTC 2024 pid://localhost:32899:0:24: Current mean latency: 408.0\n'
|INFO| : [run.py]--[<module>] : b'\n'
|INFO| : [run.py]--[<module>] : b'Sat Oct  5 09:34:54 UTC 2024 pid://localhost:32899:0:24: Delivered commands 1728\n'
|INFO| : [run.py]--[<module>] : b'Sat Oct  5 09:34:54 UTC 2024 pid://localhost:32899:0:24: Current mean latency: 409.0\n'
|INFO| : [run.py]--[<module>] : b'\n'
|INFO| : [run.py]--[<module>] : b'Sat Oct  5 09:34:59 UTC 2024 pid://localhost:32899:0:24: Delivered commands 1760\n'
|INFO| : [run.py]--[<module>] : b'Sat Oct  5 09:34:59 UTC 2024 pid://localhost:32899:0:24: Current mean latency: 408.0\n'
|INFO| : [run.py]--[<module>] : b'\n'
|INFO| : [run.py]--[<module>] : b'Sat Oct  5 09:34:59 UTC 2024 pid://localhost:32899:0:24: Delivered commands 1760\n'
|INFO| : [run.py]--[<module>] : b'Sat Oct  5 09:34:59 UTC 2024 pid://localhost:32899:0:24: Current mean latency: 409.0\n'
|INFO| : [run.py]--[<module>] : b'\n'
|INFO| : [run.py]--[<module>] : b'Sat Oct  5 09:35:04 UTC 2024 pid://localhost:32899:0:24: Delivered commands 1792\n'
|INFO| : [run.py]--[<module>] : b'Sat Oct  5 09:35:04 UTC 2024 pid://localhost:32899:0:24: Current mean latency: 407.0\n'
|INFO| : [run.py]--[<module>] : b'\n'
|INFO| : [run.py]--[<module>] : b'Sat Oct  5 09:35:04 UTC 2024 pid://localhost:32899:0:24: Delivered commands 1792\n'
|INFO| : [run.py]--[<module>] : b'Sat Oct  5 09:35:04 UTC 2024 pid://localhost:32899:0:24: Current mean latency: 408.0\n'
|INFO| : [run.py]--[<module>] : b'\n'
|INFO| : [run.py]--[<module>] : b'Sat Oct  5 09:35:09 UTC 2024 pid://localhost:32899:0:24: Delivered commands 1824\n'
|INFO| : [run.py]--[<module>] : b'Sat Oct  5 09:35:09 UTC 2024 pid://localhost:32899:0:24: Current mean latency: 408.0\n'
|INFO| : [run.py]--[<module>] : b'\n'
|INFO| : [run.py]--[<module>] : b'Sat Oct  5 09:35:09 UTC 2024 pid://localhost:32899:0:24: Delivered commands 1824\n'
|INFO| : [run.py]--[<module>] : b'Sat Oct  5 09:35:09 UTC 2024 pid://localhost:32899:0:24: Current mean latency: 409.0\n'
|INFO| : [run.py]--[<module>] : b'\n'
|INFO| : [run.py]--[<module>] : b'Sat Oct  5 09:35:14 UTC 2024 pid://localhost:32899:0:24: Delivered commands 1856\n'
|INFO| : [run.py]--[<module>] : b'Sat Oct  5 09:35:14 UTC 2024 pid://localhost:32899:0:24: Current mean latency: 408.0\n'
|INFO| : [run.py]--[<module>] : b'\n'
|INFO| : [run.py]--[<module>] : b'Sat Oct  5 09:35:14 UTC 2024 pid://localhost:32899:0:24: Delivered commands 1856\n'
|INFO| : [run.py]--[<module>] : b'Sat Oct  5 09:35:14 UTC 2024 pid://localhost:32899:0:24: Current mean latency: 409.0\n'
|INFO| : [run.py]--[<module>] : b'\n'
|INFO| : [run.py]--[<module>] : b'Sat Oct  5 09:35:19 UTC 2024 pid://localhost:32899:0:24: Delivered commands 1888\n'
|INFO| : [run.py]--[<module>] : b'Sat Oct  5 09:35:19 UTC 2024 pid://localhost:32899:0:24: Current mean latency: 408.0\n'
|INFO| : [run.py]--[<module>] : b'\n'
|INFO| : [run.py]--[<module>] : b'Sat Oct  5 09:35:19 UTC 2024 pid://localhost:32899:0:24: Delivered commands 1888\n'
|INFO| : [run.py]--[<module>] : b'Sat Oct  5 09:35:19 UTC 2024 pid://localhost:32899:0:24: Current mean latency: 409.0\n'
|INFO| : [run.py]--[<module>] : b'\n'
|INFO| : [run.py]--[<module>] : b'Sat Oct  5 09:35:25 UTC 2024 pid://localhost:32899:0:24: Delivered commands 1920\n'
|INFO| : [run.py]--[<module>] : b'Sat Oct  5 09:35:25 UTC 2024 pid://localhost:32899:0:24: Current mean latency: 408.0\n'
|INFO| : [run.py]--[<module>] : b'\n'
|INFO| : [run.py]--[<module>] : b'Sat Oct  5 09:35:25 UTC 2024 pid://localhost:32899:0:24: Delivered commands 1920\n'
|INFO| : [run.py]--[<module>] : b'Sat Oct  5 09:35:25 UTC 2024 pid://localhost:32899:0:24: Current mean latency: 409.0\n'
|INFO| : [run.py]--[<module>] : b'\n'
|INFO| : [run.py]--[<module>] : b'Sat Oct  5 09:35:30 UTC 2024 pid://localhost:32899:0:24: Delivered commands 1952\n'
|INFO| : [run.py]--[<module>] : b'Sat Oct  5 09:35:30 UTC 2024 pid://localhost:32899:0:24: Current mean latency: 408.0\n'
|INFO| : [run.py]--[<module>] : b'\n'
|INFO| : [run.py]--[<module>] : b'Sat Oct  5 09:35:30 UTC 2024 pid://localhost:32899:0:24: Delivered commands 1952\n'
|INFO| : [run.py]--[<module>] : b'Sat Oct  5 09:35:30 UTC 2024 pid://localhost:32899:0:24: Current mean latency: 409.0\n'
|INFO| : [run.py]--[<module>] : b'\n'
|INFO| : [run.py]--[<module>] : b'Sat Oct  5 09:35:35 UTC 2024 pid://localhost:32899:0:24: Delivered commands 1984\n'
|INFO| : [run.py]--[<module>] : b'Sat Oct  5 09:35:35 UTC 2024 pid://localhost:32899:0:24: Current mean latency: 408.0\n'
|INFO| : [run.py]--[<module>] : b'\n'
|INFO| : [run.py]--[<module>] : b'Sat Oct  5 09:35:35 UTC 2024 pid://localhost:32899:0:24: Delivered commands 1984\n'
|INFO| : [run.py]--[<module>] : b'Sat Oct  5 09:35:35 UTC 2024 pid://localhost:32899:0:24: Current mean latency: 409.0\n'
|INFO| : [run.py]--[<module>] : b'\n'
|INFO| : [run.py]--[<module>] : b'Sat Oct  5 09:35:40 UTC 2024 pid://localhost:32899:0:24: Delivered commands 2016\n'
|INFO| : [run.py]--[<module>] : b'Sat Oct  5 09:35:40 UTC 2024 pid://localhost:32899:0:24: Current mean latency: 408.0\n'
|INFO| : [run.py]--[<module>] : b'\n'
|INFO| : [run.py]--[<module>] : b'Sat Oct  5 09:35:40 UTC 2024 pid://localhost:32899:0:24: Delivered commands 2016\n'
|INFO| : [run.py]--[<module>] : b'Sat Oct  5 09:35:40 UTC 2024 pid://localhost:32899:0:24: Current mean latency: 409.0\n'
|INFO| : [run.py]--[<module>] : b'\n'
|INFO| : [run.py]--[<module>] : b'Sat Oct  5 09:35:45 UTC 2024 pid://localhost:32899:0:24: Delivered commands 2048\n'
|INFO| : [run.py]--[<module>] : b'Sat Oct  5 09:35:45 UTC 2024 pid://localhost:32899:0:24: Current mean latency: 408.0\n'
|INFO| : [run.py]--[<module>] : b'\n'
|INFO| : [run.py]--[<module>] : b'Sat Oct  5 09:35:45 UTC 2024 pid://localhost:32899:0:24: Delivered commands 2048\n'
|INFO| : [run.py]--[<module>] : b'Sat Oct  5 09:35:45 UTC 2024 pid://localhost:32899:0:24: Current mean latency: 409.0\n'
|INFO| : [run.py]--[<module>] : b'\n'
|INFO| : [run.py]--[<module>] : b'Sat Oct  5 09:35:50 UTC 2024 pid://localhost:32899:0:24: Delivered commands 2080\n'
|INFO| : [run.py]--[<module>] : b'Sat Oct  5 09:35:50 UTC 2024 pid://localhost:32899:0:24: Current mean latency: 408.0\n'
|INFO| : [run.py]--[<module>] : b'\n'
|INFO| : [run.py]--[<module>] : b'Sat Oct  5 09:35:50 UTC 2024 pid://localhost:32899:0:24: Delivered commands 2080\n'
|INFO| : [run.py]--[<module>] : b'Sat Oct  5 09:35:50 UTC 2024 pid://localhost:32899:0:24: Current mean latency: 409.0\n'
|INFO| : [run.py]--[<module>] : b'\n'
|INFO| : [run.py]--[<module>] : b'Sat Oct  5 09:35:55 UTC 2024 pid://localhost:32899:0:24: Delivered commands 2112\n'
|INFO| : [run.py]--[<module>] : b'Sat Oct  5 09:35:55 UTC 2024 pid://localhost:32899:0:24: Current mean latency: 408.0\n'
|INFO| : [run.py]--[<module>] : b'\n'
|INFO| : [run.py]--[<module>] : b'Sat Oct  5 09:35:55 UTC 2024 pid://localhost:32899:0:24: Delivered commands 2112\n'
|INFO| : [run.py]--[<module>] : b'Sat Oct  5 09:35:55 UTC 2024 pid://localhost:32899:0:24: Current mean latency: 409.0\n'
|INFO| : [run.py]--[<module>] : b'\n'
|INFO| : [run.py]--[<module>] : b'Sat Oct  5 09:36:01 UTC 2024 pid://localhost:32899:0:24: Delivered commands 2144\n'
|INFO| : [run.py]--[<module>] : b'Sat Oct  5 09:36:01 UTC 2024 pid://localhost:32899:0:24: Current mean latency: 408.0\n'
|INFO| : [run.py]--[<module>] : b'\n'
|INFO| : [run.py]--[<module>] : b'Sat Oct  5 09:36:01 UTC 2024 pid://localhost:32899:0:24: Delivered commands 2144\n'
|INFO| : [run.py]--[<module>] : b'Sat Oct  5 09:36:01 UTC 2024 pid://localhost:32899:0:24: Current mean latency: 409.0\n'
|INFO| : [run.py]--[<module>] : b'\n'
|INFO| : [run.py]--[<module>] : b'Sat Oct  5 09:36:06 UTC 2024 pid://localhost:32899:0:24: Delivered commands 2176\n'
|INFO| : [run.py]--[<module>] : b'Sat Oct  5 09:36:06 UTC 2024 pid://localhost:32899:0:24: Current mean latency: 408.0\n'
|INFO| : [run.py]--[<module>] : b'\n'
|INFO| : [run.py]--[<module>] : b'Sat Oct  5 09:36:06 UTC 2024 pid://localhost:32899:0:24: Delivered commands 2176\n'
|INFO| : [run.py]--[<module>] : b'Sat Oct  5 09:36:06 UTC 2024 pid://localhost:32899:0:24: Current mean latency: 409.0\n'
|INFO| : [run.py]--[<module>] : b'\n'
|INFO| : [run.py]--[<module>] : b'Sat Oct  5 09:36:11 UTC 2024 pid://localhost:32899:0:24: Delivered commands 2208\n'
|INFO| : [run.py]--[<module>] : b'Sat Oct  5 09:36:11 UTC 2024 pid://localhost:32899:0:24: Current mean latency: 408.0\n'
|INFO| : [run.py]--[<module>] : b'\n'
|INFO| : [run.py]--[<module>] : b'Sat Oct  5 09:36:11 UTC 2024 pid://localhost:32899:0:24: Delivered commands 2208\n'
|INFO| : [run.py]--[<module>] : b'Sat Oct  5 09:36:11 UTC 2024 pid://localhost:32899:0:24: Current mean latency: 409.0\n'
|INFO| : [run.py]--[<module>] : b'\n'
|INFO| : [run.py]--[<module>] : b'Sat Oct  5 09:36:16 UTC 2024 pid://localhost:32899:0:24: Delivered commands 2240\n'
|INFO| : [run.py]--[<module>] : b'Sat Oct  5 09:36:16 UTC 2024 pid://localhost:32899:0:24: Current mean latency: 408.0\n'
|INFO| : [run.py]--[<module>] : b'\n'
|INFO| : [run.py]--[<module>] : b'Sat Oct  5 09:36:16 UTC 2024 pid://localhost:32899:0:24: Delivered commands 2240\n'
|INFO| : [run.py]--[<module>] : b'Sat Oct  5 09:36:16 UTC 2024 pid://localhost:32899:0:24: Current mean latency: 409.0\n'
|INFO| : [run.py]--[<module>] : b'\n'
|INFO| : [run.py]--[<module>] : b'Sat Oct  5 09:36:21 UTC 2024 pid://localhost:32899:0:24: Delivered commands 2272\n'
|INFO| : [run.py]--[<module>] : b'Sat Oct  5 09:36:21 UTC 2024 pid://localhost:32899:0:24: Current mean latency: 408.0\n'
|INFO| : [run.py]--[<module>] : b'\n'
|INFO| : [run.py]--[<module>] : b'Sat Oct  5 09:36:21 UTC 2024 pid://localhost:32899:0:24: Delivered commands 2272\n'
|INFO| : [run.py]--[<module>] : b'Sat Oct  5 09:36:21 UTC 2024 pid://localhost:32899:0:24: Current mean latency: 409.0\n'
|INFO| : [run.py]--[<module>] : b'\n'
|INFO| : [run.py]--[<module>] : b'Sat Oct  5 09:36:26 UTC 2024 pid://localhost:32899:0:24: Delivered commands 2304\n'
|INFO| : [run.py]--[<module>] : b'Sat Oct  5 09:36:26 UTC 2024 pid://localhost:32899:0:24: Current mean latency: 408.0\n'
|INFO| : [run.py]--[<module>] : b'\n'
|INFO| : [run.py]--[<module>] : b'Sat Oct  5 09:36:26 UTC 2024 pid://localhost:32899:0:24: Delivered commands 2304\n'
|INFO| : [run.py]--[<module>] : b'Sat Oct  5 09:36:26 UTC 2024 pid://localhost:32899:0:24: Current mean latency: 409.0\n'
|INFO| : [run.py]--[<module>] : b'\n'
|INFO| : [run.py]--[<module>] : b'Sat Oct  5 09:36:31 UTC 2024 pid://localhost:32899:0:24: Delivered commands 2336\n'
|INFO| : [run.py]--[<module>] : b'Sat Oct  5 09:36:31 UTC 2024 pid://localhost:32899:0:24: Current mean latency: 408.0\n'
|INFO| : [run.py]--[<module>] : b'\n'
|INFO| : [run.py]--[<module>] : b'Sat Oct  5 09:36:31 UTC 2024 pid://localhost:32899:0:24: Delivered commands 2336\n'
|INFO| : [run.py]--[<module>] : b'Sat Oct  5 09:36:31 UTC 2024 pid://localhost:32899:0:24: Current mean latency: 409.0\n'
|INFO| : [run.py]--[<module>] : b'\n'
|INFO| : [run.py]--[<module>] : b'Sat Oct  5 09:36:37 UTC 2024 pid://localhost:32899:0:24: Delivered commands 2368\n'
|INFO| : [run.py]--[<module>] : b'Sat Oct  5 09:36:37 UTC 2024 pid://localhost:32899:0:24: Current mean latency: 408.0\n'
|INFO| : [run.py]--[<module>] : b'\n'
|INFO| : [run.py]--[<module>] : b'Sat Oct  5 09:36:37 UTC 2024 pid://localhost:32899:0:24: Delivered commands 2368\n'
|INFO| : [run.py]--[<module>] : b'Sat Oct  5 09:36:37 UTC 2024 pid://localhost:32899:0:24: Current mean latency: 409.0\n'
|INFO| : [run.py]--[<module>] : b'\n'
|INFO| : [run.py]--[<module>] : b'Sat Oct  5 09:36:42 UTC 2024 pid://localhost:32899:0:24: Delivered commands 2400\n'
|INFO| : [run.py]--[<module>] : b'Sat Oct  5 09:36:42 UTC 2024 pid://localhost:32899:0:24: Current mean latency: 408.0\n'
|INFO| : [run.py]--[<module>] : b'\n'
|INFO| : [run.py]--[<module>] : b'Sat Oct  5 09:36:42 UTC 2024 pid://localhost:32899:0:24: Delivered commands 2400\n'
|INFO| : [run.py]--[<module>] : b'Sat Oct  5 09:36:42 UTC 2024 pid://localhost:32899:0:24: Current mean latency: 409.0\n'
|INFO| : [run.py]--[<module>] : b'\n'
|INFO| : [run.py]--[<module>] : b'Sat Oct  5 09:36:47 UTC 2024 pid://localhost:32899:0:24: Delivered commands 2432\n'
|INFO| : [run.py]--[<module>] : b'Sat Oct  5 09:36:47 UTC 2024 pid://localhost:32899:0:24: Current mean latency: 408.0\n'
|INFO| : [run.py]--[<module>] : b'\n'
|INFO| : [run.py]--[<module>] : b'Sat Oct  5 09:36:47 UTC 2024 pid://localhost:32899:0:24: Delivered commands 2432\n'
|INFO| : [run.py]--[<module>] : b'Sat Oct  5 09:36:47 UTC 2024 pid://localhost:32899:0:24: Current mean latency: 409.0\n'
|INFO| : [run.py]--[<module>] : b'\n'
|INFO| : [run.py]--[<module>] : b'Sat Oct  5 09:36:52 UTC 2024 pid://localhost:32899:0:24: Delivered commands 2464\n'
|INFO| : [run.py]--[<module>] : b'Sat Oct  5 09:36:52 UTC 2024 pid://localhost:32899:0:24: Current mean latency: 408.0\n'
|INFO| : [run.py]--[<module>] : b'\n'
|INFO| : [run.py]--[<module>] : b'Sat Oct  5 09:36:52 UTC 2024 pid://localhost:32899:0:24: Delivered commands 2464\n'
|INFO| : [run.py]--[<module>] : b'Sat Oct  5 09:36:52 UTC 2024 pid://localhost:32899:0:24: Current mean latency: 409.0\n'
|INFO| : [run.py]--[<module>] : b'\n'
|INFO| : [run.py]--[<module>] : b'Sat Oct  5 09:36:57 UTC 2024 pid://localhost:32899:0:24: Delivered commands 2496\n'
|INFO| : [run.py]--[<module>] : b'Sat Oct  5 09:36:57 UTC 2024 pid://localhost:32899:0:24: Current mean latency: 408.0\n'
|INFO| : [run.py]--[<module>] : b'\n'
|INFO| : [run.py]--[<module>] : b'Sat Oct  5 09:36:57 UTC 2024 pid://localhost:32899:0:24: Delivered commands 2496\n'
|INFO| : [run.py]--[<module>] : b'Sat Oct  5 09:36:57 UTC 2024 pid://localhost:32899:0:24: Current mean latency: 409.0\n'
|INFO| : [run.py]--[<module>] : b'\n'
|INFO| : [run.py]--[<module>] : b'Sat Oct  5 09:37:02 UTC 2024 pid://localhost:32899:0:24: Delivered commands 2528\n'
|INFO| : [run.py]--[<module>] : b'Sat Oct  5 09:37:02 UTC 2024 pid://localhost:32899:0:24: Current mean latency: 408.0\n'
|INFO| : [run.py]--[<module>] : b'\n'
|INFO| : [run.py]--[<module>] : b'Sat Oct  5 09:37:02 UTC 2024 pid://localhost:32899:0:24: Delivered commands 2528\n'
|INFO| : [run.py]--[<module>] : b'Sat Oct  5 09:37:02 UTC 2024 pid://localhost:32899:0:24: Current mean latency: 409.0\n'
|INFO| : [run.py]--[<module>] : b'\n'
|INFO| : [run.py]--[<module>] : b'Sat Oct  5 09:37:07 UTC 2024 pid://localhost:32899:0:24: Delivered commands 2560\n'
|INFO| : [run.py]--[<module>] : b'Sat Oct  5 09:37:07 UTC 2024 pid://localhost:32899:0:24: Current mean latency: 408.0\n'
|INFO| : [run.py]--[<module>] : b'\n'
|INFO| : [run.py]--[<module>] : b'Sat Oct  5 09:37:07 UTC 2024 pid://localhost:32899:0:24: Delivered commands 2560\n'
|INFO| : [run.py]--[<module>] : b'Sat Oct  5 09:37:07 UTC 2024 pid://localhost:32899:0:24: Current mean latency: 409.0\n'
|INFO| : [run.py]--[<module>] : b'\n'
|INFO| : [run.py]--[<module>] : b'Sat Oct  5 09:37:12 UTC 2024 pid://localhost:32899:0:24: Delivered commands 2592\n'
|INFO| : [run.py]--[<module>] : b'Sat Oct  5 09:37:12 UTC 2024 pid://localhost:32899:0:24: Current mean latency: 408.0\n'
|INFO| : [run.py]--[<module>] : b'\n'
|INFO| : [run.py]--[<module>] : b'Sat Oct  5 09:37:12 UTC 2024 pid://localhost:32899:0:24: Delivered commands 2592\n'
|INFO| : [run.py]--[<module>] : b'Sat Oct  5 09:37:12 UTC 2024 pid://localhost:32899:0:24: Current mean latency: 409.0\n'
|INFO| : [run.py]--[<module>] : b'\n'
|INFO| : [run.py]--[<module>] : b'Sat Oct  5 09:37:18 UTC 2024 pid://localhost:32899:0:24: Delivered commands 2624\n'
|INFO| : [run.py]--[<module>] : b'Sat Oct  5 09:37:18 UTC 2024 pid://localhost:32899:0:24: Current mean latency: 408.0\n'
|INFO| : [run.py]--[<module>] : b'\n'
|INFO| : [run.py]--[<module>] : b'Sat Oct  5 09:37:18 UTC 2024 pid://localhost:32899:0:24: Delivered commands 2624\n'
|INFO| : [run.py]--[<module>] : b'Sat Oct  5 09:37:18 UTC 2024 pid://localhost:32899:0:24: Current mean latency: 409.0\n'
|INFO| : [run.py]--[<module>] : b'\n'
|INFO| : [run.py]--[<module>] : b'Sat Oct  5 09:37:23 UTC 2024 pid://localhost:32899:0:24: Delivered commands 2656\n'
|INFO| : [run.py]--[<module>] : b'Sat Oct  5 09:37:23 UTC 2024 pid://localhost:32899:0:24: Current mean latency: 408.0\n'
|INFO| : [run.py]--[<module>] : b'\n'
|INFO| : [run.py]--[<module>] : b'Sat Oct  5 09:37:23 UTC 2024 pid://localhost:32899:0:24: Delivered commands 2656\n'
|INFO| : [run.py]--[<module>] : b'Sat Oct  5 09:37:23 UTC 2024 pid://localhost:32899:0:24: Current mean latency: 409.0\n'
|INFO| : [run.py]--[<module>] : b'\n'
|INFO| : [run.py]--[<module>] : b'Sat Oct  5 09:37:28 UTC 2024 pid://localhost:32899:0:24: Delivered commands 2688\n'
|INFO| : [run.py]--[<module>] : b'Sat Oct  5 09:37:28 UTC 2024 pid://localhost:32899:0:24: Current mean latency: 408.0\n'
|INFO| : [run.py]--[<module>] : b'\n'
|INFO| : [run.py]--[<module>] : b'Sat Oct  5 09:37:28 UTC 2024 pid://localhost:32899:0:24: Delivered commands 2688\n'
|INFO| : [run.py]--[<module>] : b'Sat Oct  5 09:37:28 UTC 2024 pid://localhost:32899:0:24: Current mean latency: 409.0\n'
|INFO| : [run.py]--[<module>] : b'\n'
|INFO| : [run.py]--[<module>] : b'Sat Oct  5 09:37:33 UTC 2024 pid://localhost:32899:0:24: Delivered commands 2720\n'
|INFO| : [run.py]--[<module>] : b'Sat Oct  5 09:37:33 UTC 2024 pid://localhost:32899:0:24: Current mean latency: 408.0\n'
|INFO| : [run.py]--[<module>] : b'\n'
|INFO| : [run.py]--[<module>] : b'Sat Oct  5 09:37:33 UTC 2024 pid://localhost:32899:0:24: Delivered commands 2720\n'
|INFO| : [run.py]--[<module>] : b'Sat Oct  5 09:37:33 UTC 2024 pid://localhost:32899:0:24: Current mean latency: 409.0\n'
|INFO| : [run.py]--[<module>] : b'\n'
|INFO| : [run.py]--[<module>] : b'Sat Oct  5 09:37:38 UTC 2024 pid://localhost:32899:0:24: Delivered commands 2752\n'
|INFO| : [run.py]--[<module>] : b'Sat Oct  5 09:37:38 UTC 2024 pid://localhost:32899:0:24: Current mean latency: 408.0\n'
|INFO| : [run.py]--[<module>] : b'\n'
|INFO| : [run.py]--[<module>] : b'Sat Oct  5 09:37:38 UTC 2024 pid://localhost:32899:0:24: Delivered commands 2752\n'
|INFO| : [run.py]--[<module>] : b'Sat Oct  5 09:37:38 UTC 2024 pid://localhost:32899:0:24: Current mean latency: 409.0\n'
|INFO| : [run.py]--[<module>] : b'\n'
|INFO| : [run.py]--[<module>] : b'Sat Oct  5 09:37:43 UTC 2024 pid://localhost:32899:0:24: Delivered commands 2784\n'
|INFO| : [run.py]--[<module>] : b'Sat Oct  5 09:37:43 UTC 2024 pid://localhost:32899:0:24: Current mean latency: 408.0\n'
|INFO| : [run.py]--[<module>] : b'\n'
|INFO| : [run.py]--[<module>] : b'Sat Oct  5 09:37:43 UTC 2024 pid://localhost:32899:0:24: Delivered commands 2784\n'
|INFO| : [run.py]--[<module>] : b'Sat Oct  5 09:37:43 UTC 2024 pid://localhost:32899:0:24: Current mean latency: 409.0\n'
|INFO| : [run.py]--[<module>] : b'\n'
|INFO| : [run.py]--[<module>] : b'Sat Oct  5 09:37:48 UTC 2024 pid://localhost:32899:0:24: Delivered commands 2816\n'
|INFO| : [run.py]--[<module>] : b'Sat Oct  5 09:37:48 UTC 2024 pid://localhost:32899:0:24: Current mean latency: 408.0\n'
|INFO| : [run.py]--[<module>] : b'\n'
|INFO| : [run.py]--[<module>] : b'Sat Oct  5 09:37:48 UTC 2024 pid://localhost:32899:0:24: Delivered commands 2816\n'
|INFO| : [run.py]--[<module>] : b'Sat Oct  5 09:37:48 UTC 2024 pid://localhost:32899:0:24: Current mean latency: 409.0\n'
|INFO| : [run.py]--[<module>] : b'\n'
|INFO| : [run.py]--[<module>] : b'Sat Oct  5 09:37:54 UTC 2024 pid://localhost:32899:0:24: Delivered commands 2848\n'
|INFO| : [run.py]--[<module>] : b'Sat Oct  5 09:37:54 UTC 2024 pid://localhost:32899:0:24: Current mean latency: 408.0\n'
|INFO| : [run.py]--[<module>] : b'\n'
|INFO| : [run.py]--[<module>] : b'Sat Oct  5 09:37:54 UTC 2024 pid://localhost:32899:0:24: Delivered commands 2848\n'
|INFO| : [run.py]--[<module>] : b'Sat Oct  5 09:37:54 UTC 2024 pid://localhost:32899:0:24: Current mean latency: 409.0\n'
|INFO| : [run.py]--[<module>] : b'\n'
|INFO| : [run.py]--[<module>] : b'Sat Oct  5 09:37:59 UTC 2024 pid://localhost:32899:0:24: Delivered commands 2880\n'
|INFO| : [run.py]--[<module>] : b'Sat Oct  5 09:37:59 UTC 2024 pid://localhost:32899:0:24: Current mean latency: 408.0\n'
|INFO| : [run.py]--[<module>] : b'\n'
|INFO| : [run.py]--[<module>] : b'Sat Oct  5 09:37:59 UTC 2024 pid://localhost:32899:0:24: Delivered commands 2880\n'
|INFO| : [run.py]--[<module>] : b'Sat Oct  5 09:37:59 UTC 2024 pid://localhost:32899:0:24: Current mean latency: 409.0\n'
|INFO| : [run.py]--[<module>] : b'\n'
|INFO| : [run.py]--[<module>] : b'Sat Oct  5 09:38:04 UTC 2024 pid://localhost:32899:0:24: Delivered commands 2912\n'
|INFO| : [run.py]--[<module>] : b'Sat Oct  5 09:38:04 UTC 2024 pid://localhost:32899:0:24: Current mean latency: 408.0\n'
|INFO| : [run.py]--[<module>] : b'\n'
|INFO| : [run.py]--[<module>] : b'Sat Oct  5 09:38:04 UTC 2024 pid://localhost:32899:0:24: Delivered commands 2912\n'
|INFO| : [run.py]--[<module>] : b'Sat Oct  5 09:38:04 UTC 2024 pid://localhost:32899:0:24: Current mean latency: 409.0\n'
|INFO| : [run.py]--[<module>] : b'\n'
|INFO| : [run.py]--[<module>] : b'Sat Oct  5 09:38:09 UTC 2024 pid://localhost:32899:0:24: Delivered commands 2944\n'
|INFO| : [run.py]--[<module>] : b'Sat Oct  5 09:38:09 UTC 2024 pid://localhost:32899:0:24: Current mean latency: 408.0\n'
|INFO| : [run.py]--[<module>] : b'\n'
|INFO| : [run.py]--[<module>] : b'Sat Oct  5 09:38:09 UTC 2024 pid://localhost:32899:0:24: Delivered commands 2944\n'
|INFO| : [run.py]--[<module>] : b'Sat Oct  5 09:38:09 UTC 2024 pid://localhost:32899:0:24: Current mean latency: 409.0\n'
|INFO| : [run.py]--[<module>] : b'\n'
|INFO| : [run.py]--[<module>] : b'Sat Oct  5 09:38:14 UTC 2024 pid://localhost:32899:0:24: Delivered commands 2976\n'
|INFO| : [run.py]--[<module>] : b'Sat Oct  5 09:38:14 UTC 2024 pid://localhost:32899:0:24: Current mean latency: 408.0\n'
|INFO| : [run.py]--[<module>] : b'\n'
|INFO| : [run.py]--[<module>] : b'Sat Oct  5 09:38:14 UTC 2024 pid://localhost:32899:0:24: Delivered commands 2976\n'
|INFO| : [run.py]--[<module>] : b'Sat Oct  5 09:38:14 UTC 2024 pid://localhost:32899:0:24: Current mean latency: 409.0\n'
|INFO| : [run.py]--[<module>] : b'\n'
|INFO| : [run.py]--[<module>] : b'Sat Oct  5 09:38:19 UTC 2024 pid://localhost:32899:0:24: Delivered commands 3008\n'
|INFO| : [run.py]--[<module>] : b'Sat Oct  5 09:38:19 UTC 2024 pid://localhost:32899:0:24: Current mean latency: 407.0\n'
|INFO| : [run.py]--[<module>] : b'\n'
|INFO| : [run.py]--[<module>] : b'Sat Oct  5 09:38:19 UTC 2024 pid://localhost:32899:0:24: Delivered commands 3008\n'
|INFO| : [run.py]--[<module>] : b'Sat Oct  5 09:38:19 UTC 2024 pid://localhost:32899:0:24: Current mean latency: 408.0\n'
|INFO| : [run.py]--[<module>] : b'\n'
|INFO| : [run.py]--[<module>] : b'Sat Oct  5 09:38:24 UTC 2024 pid://localhost:32899:0:24: Delivered commands 3040\n'
|INFO| : [run.py]--[<module>] : b'Sat Oct  5 09:38:24 UTC 2024 pid://localhost:32899:0:24: Current mean latency: 408.0\n'
|INFO| : [run.py]--[<module>] : b'\n'
|INFO| : [run.py]--[<module>] : b'Sat Oct  5 09:38:24 UTC 2024 pid://localhost:32899:0:24: Delivered commands 3040\n'
|INFO| : [run.py]--[<module>] : b'Sat Oct  5 09:38:24 UTC 2024 pid://localhost:32899:0:24: Current mean latency: 409.0\n'
|INFO| : [run.py]--[<module>] : b'\n'
|INFO| : [run.py]--[<module>] : b'Sat Oct  5 09:38:30 UTC 2024 pid://localhost:32899:0:24: Delivered commands 3072\n'
|INFO| : [run.py]--[<module>] : b'Sat Oct  5 09:38:30 UTC 2024 pid://localhost:32899:0:24: Current mean latency: 408.0\n'
|INFO| : [run.py]--[<module>] : b'\n'
|INFO| : [run.py]--[<module>] : b'Sat Oct  5 09:38:30 UTC 2024 pid://localhost:32899:0:24: Delivered commands 3072\n'
|INFO| : [run.py]--[<module>] : b'Sat Oct  5 09:38:30 UTC 2024 pid://localhost:32899:0:24: Current mean latency: 409.0\n'
|INFO| : [run.py]--[<module>] : b'\n'
|INFO| : [run.py]--[<module>] : b'Sat Oct  5 09:38:35 UTC 2024 pid://localhost:32899:0:24: Delivered commands 3104\n'
|INFO| : [run.py]--[<module>] : b'Sat Oct  5 09:38:35 UTC 2024 pid://localhost:32899:0:24: Current mean latency: 408.0\n'
|INFO| : [run.py]--[<module>] : b'\n'
|INFO| : [run.py]--[<module>] : b'Sat Oct  5 09:38:35 UTC 2024 pid://localhost:32899:0:24: Delivered commands 3104\n'
|INFO| : [run.py]--[<module>] : b'Sat Oct  5 09:38:35 UTC 2024 pid://localhost:32899:0:24: Current mean latency: 409.0\n'
|INFO| : [run.py]--[<module>] : b'\n'
|INFO| : [run.py]--[<module>] : b'Sat Oct  5 09:38:40 UTC 2024 pid://localhost:32899:0:24: Delivered commands 3136\n'
|INFO| : [run.py]--[<module>] : b'Sat Oct  5 09:38:40 UTC 2024 pid://localhost:32899:0:24: Current mean latency: 408.0\n'
|INFO| : [run.py]--[<module>] : b'\n'
|INFO| : [run.py]--[<module>] : b'Sat Oct  5 09:38:40 UTC 2024 pid://localhost:32899:0:24: Delivered commands 3136\n'
|INFO| : [run.py]--[<module>] : b'Sat Oct  5 09:38:40 UTC 2024 pid://localhost:32899:0:24: Current mean latency: 409.0\n'
|INFO| : [run.py]--[<module>] : b'\n'
|INFO| : [run.py]--[<module>] : b'Sat Oct  5 09:38:45 UTC 2024 pid://localhost:32899:0:24: Delivered commands 3168\n'
|INFO| : [run.py]--[<module>] : b'Sat Oct  5 09:38:45 UTC 2024 pid://localhost:32899:0:24: Current mean latency: 408.0\n'
|INFO| : [run.py]--[<module>] : b'\n'
|INFO| : [run.py]--[<module>] : b'Sat Oct  5 09:38:45 UTC 2024 pid://localhost:32899:0:24: Delivered commands 3168\n'
|INFO| : [run.py]--[<module>] : b'Sat Oct  5 09:38:45 UTC 2024 pid://localhost:32899:0:24: Current mean latency: 409.0\n'
|INFO| : [run.py]--[<module>] : b'\n'
|INFO| : [run.py]--[<module>] : b'Sat Oct  5 09:38:50 UTC 2024 pid://localhost:32899:0:24: Delivered commands 3200\n'
|INFO| : [run.py]--[<module>] : b'Sat Oct  5 09:38:50 UTC 2024 pid://localhost:32899:0:24: Current mean latency: 408.0\n'
|INFO| : [run.py]--[<module>] : b'\n'
|INFO| : [run.py]--[<module>] : b'Sat Oct  5 09:38:50 UTC 2024 pid://localhost:32899:0:24: Delivered commands 3200\n'
|INFO| : [run.py]--[<module>] : b'Sat Oct  5 09:38:50 UTC 2024 pid://localhost:32899:0:24: Current mean latency: 409.0\n'
|INFO| : [run.py]--[<module>] : b'\n'
|INFO| : [run.py]--[<module>] : b'Sat Oct  5 09:38:55 UTC 2024 pid://localhost:32899:0:24: Delivered commands 3232\n'
|INFO| : [run.py]--[<module>] : b'Sat Oct  5 09:38:55 UTC 2024 pid://localhost:32899:0:24: Current mean latency: 408.0\n'
|INFO| : [run.py]--[<module>] : b'\n'
|INFO| : [run.py]--[<module>] : b'Sat Oct  5 09:38:55 UTC 2024 pid://localhost:32899:0:24: Delivered commands 3232\n'
|INFO| : [run.py]--[<module>] : b'Sat Oct  5 09:38:55 UTC 2024 pid://localhost:32899:0:24: Current mean latency: 409.0\n'
|INFO| : [run.py]--[<module>] : b'\n'
|INFO| : [run.py]--[<module>] : b'Sat Oct  5 09:39:00 UTC 2024 pid://localhost:32899:0:24: Delivered commands 3264\n'
|INFO| : [run.py]--[<module>] : b'Sat Oct  5 09:39:00 UTC 2024 pid://localhost:32899:0:24: Current mean latency: 408.0\n'
|INFO| : [run.py]--[<module>] : b'\n'
|INFO| : [run.py]--[<module>] : b'Sat Oct  5 09:39:00 UTC 2024 pid://localhost:32899:0:24: Delivered commands 3264\n'
|INFO| : [run.py]--[<module>] : b'Sat Oct  5 09:39:00 UTC 2024 pid://localhost:32899:0:24: Current mean latency: 409.0\n'
|INFO| : [run.py]--[<module>] : b'\n'
|INFO| : [run.py]--[<module>] : b'Sat Oct  5 09:39:05 UTC 2024 pid://localhost:32899:0:24: Delivered commands 3296\n'
|INFO| : [run.py]--[<module>] : b'Sat Oct  5 09:39:05 UTC 2024 pid://localhost:32899:0:24: Current mean latency: 408.0\n'
|INFO| : [run.py]--[<module>] : b'\n'
|INFO| : [run.py]--[<module>] : b'Sat Oct  5 09:39:05 UTC 2024 pid://localhost:32899:0:24: Delivered commands 3296\n'
|INFO| : [run.py]--[<module>] : b'Sat Oct  5 09:39:05 UTC 2024 pid://localhost:32899:0:24: Current mean latency: 409.0\n'
|INFO| : [run.py]--[<module>] : b'\n'
|INFO| : [run.py]--[<module>] : b'Sat Oct  5 09:39:11 UTC 2024 pid://localhost:32899:0:24: Delivered commands 3328\n'
|INFO| : [run.py]--[<module>] : b'Sat Oct  5 09:39:11 UTC 2024 pid://localhost:32899:0:24: Current mean latency: 408.0\n'
|INFO| : [run.py]--[<module>] : b'\n'
|INFO| : [run.py]--[<module>] : b'Sat Oct  5 09:39:11 UTC 2024 pid://localhost:32899:0:24: Delivered commands 3328\n'
|INFO| : [run.py]--[<module>] : b'Sat Oct  5 09:39:11 UTC 2024 pid://localhost:32899:0:24: Current mean latency: 409.0\n'
|INFO| : [run.py]--[<module>] : b'\n'
|INFO| : [run.py]--[<module>] : b'Sat Oct  5 09:39:16 UTC 2024 pid://localhost:32899:0:24: Delivered commands 3360\n'
|INFO| : [run.py]--[<module>] : b'Sat Oct  5 09:39:16 UTC 2024 pid://localhost:32899:0:24: Current mean latency: 407.0\n'
|INFO| : [run.py]--[<module>] : b'\n'
|INFO| : [run.py]--[<module>] : b'Sat Oct  5 09:39:16 UTC 2024 pid://localhost:32899:0:24: Delivered commands 3360\n'
|INFO| : [run.py]--[<module>] : b'Sat Oct  5 09:39:16 UTC 2024 pid://localhost:32899:0:24: Current mean latency: 408.0\n'
|INFO| : [run.py]--[<module>] : b'\n'
|INFO| : [run.py]--[<module>] : b'Sat Oct  5 09:39:21 UTC 2024 pid://localhost:32899:0:24: Delivered commands 3392\n'
|INFO| : [run.py]--[<module>] : b'Sat Oct  5 09:39:21 UTC 2024 pid://localhost:32899:0:24: Current mean latency: 408.0\n'
|INFO| : [run.py]--[<module>] : b'\n'
|INFO| : [run.py]--[<module>] : b'Sat Oct  5 09:39:21 UTC 2024 pid://localhost:32899:0:24: Delivered commands 3392\n'
|INFO| : [run.py]--[<module>] : b'Sat Oct  5 09:39:21 UTC 2024 pid://localhost:32899:0:24: Current mean latency: 409.0\n'
|INFO| : [run.py]--[<module>] : b'\n'
|INFO| : [run.py]--[<module>] : b'Sat Oct  5 09:39:26 UTC 2024 pid://localhost:32899:0:24: Delivered commands 3424\n'
|INFO| : [run.py]--[<module>] : b'Sat Oct  5 09:39:26 UTC 2024 pid://localhost:32899:0:24: Current mean latency: 408.0\n'
|INFO| : [run.py]--[<module>] : b'\n'
|INFO| : [run.py]--[<module>] : b'Sat Oct  5 09:39:26 UTC 2024 pid://localhost:32899:0:24: Delivered commands 3424\n'
|INFO| : [run.py]--[<module>] : b'Sat Oct  5 09:39:26 UTC 2024 pid://localhost:32899:0:24: Current mean latency: 409.0\n'
|INFO| : [run.py]--[<module>] : b'\n'
|INFO| : [run.py]--[<module>] : b'Sat Oct  5 09:39:31 UTC 2024 pid://localhost:32899:0:24: Delivered commands 3456\n'
|INFO| : [run.py]--[<module>] : b'Sat Oct  5 09:39:31 UTC 2024 pid://localhost:32899:0:24: Current mean latency: 407.0\n'
|INFO| : [run.py]--[<module>] : b'\n'
|INFO| : [run.py]--[<module>] : b'Sat Oct  5 09:39:31 UTC 2024 pid://localhost:32899:0:24: Delivered commands 3456\n'
|INFO| : [run.py]--[<module>] : b'Sat Oct  5 09:39:31 UTC 2024 pid://localhost:32899:0:24: Current mean latency: 408.0\n'
|INFO| : [run.py]--[<module>] : b'\n'
|INFO| : [run.py]--[<module>] : b'Sat Oct  5 09:39:36 UTC 2024 pid://localhost:32899:0:24: Delivered commands 3488\n'
|INFO| : [run.py]--[<module>] : b'Sat Oct  5 09:39:36 UTC 2024 pid://localhost:32899:0:24: Current mean latency: 407.0\n'
|INFO| : [run.py]--[<module>] : b'\n'
|INFO| : [run.py]--[<module>] : b'Sat Oct  5 09:39:36 UTC 2024 pid://localhost:32899:0:24: Delivered commands 3488\n'
|INFO| : [run.py]--[<module>] : b'Sat Oct  5 09:39:36 UTC 2024 pid://localhost:32899:0:24: Current mean latency: 408.0\n'
|INFO| : [run.py]--[<module>] : b'\n'
|INFO| : [run.py]--[<module>] : b'Sat Oct  5 09:39:41 UTC 2024 pid://localhost:32899:0:24: Delivered commands 3520\n'
|INFO| : [run.py]--[<module>] : b'Sat Oct  5 09:39:41 UTC 2024 pid://localhost:32899:0:24: Current mean latency: 408.0\n'
|INFO| : [run.py]--[<module>] : b'\n'
|INFO| : [run.py]--[<module>] : b'Sat Oct  5 09:39:41 UTC 2024 pid://localhost:32899:0:24: Delivered commands 3520\n'
|INFO| : [run.py]--[<module>] : b'Sat Oct  5 09:39:41 UTC 2024 pid://localhost:32899:0:24: Current mean latency: 409.0\n'
|INFO| : [run.py]--[<module>] : b'\n'
|INFO| : [run.py]--[<module>] : b'Sat Oct  5 09:39:47 UTC 2024 pid://localhost:32899:0:24: Delivered commands 3552\n'
|INFO| : [run.py]--[<module>] : b'Sat Oct  5 09:39:47 UTC 2024 pid://localhost:32899:0:24: Current mean latency: 408.0\n'
|INFO| : [run.py]--[<module>] : b'\n'
|INFO| : [run.py]--[<module>] : b'Sat Oct  5 09:39:47 UTC 2024 pid://localhost:32899:0:24: Delivered commands 3552\n'
|INFO| : [run.py]--[<module>] : b'Sat Oct  5 09:39:47 UTC 2024 pid://localhost:32899:0:24: Current mean latency: 409.0\n'
|INFO| : [run.py]--[<module>] : b'\n'
|INFO| : [run.py]--[<module>] : b'Sat Oct  5 09:39:52 UTC 2024 pid://localhost:32899:0:24: Delivered commands 3584\n'
|INFO| : [run.py]--[<module>] : b'Sat Oct  5 09:39:52 UTC 2024 pid://localhost:32899:0:24: Current mean latency: 408.0\n'
|INFO| : [run.py]--[<module>] : b'\n'
|INFO| : [run.py]--[<module>] : b'Sat Oct  5 09:39:52 UTC 2024 pid://localhost:32899:0:24: Delivered commands 3584\n'
|INFO| : [run.py]--[<module>] : b'Sat Oct  5 09:39:52 UTC 2024 pid://localhost:32899:0:24: Current mean latency: 409.0\n'
|INFO| : [run.py]--[<module>] : b'\n'
|INFO| : [run.py]--[<module>] : b'Sat Oct  5 09:39:57 UTC 2024 pid://localhost:32899:0:24: Delivered commands 3616\n'
|INFO| : [run.py]--[<module>] : b'Sat Oct  5 09:39:57 UTC 2024 pid://localhost:32899:0:24: Current mean latency: 408.0\n'
|INFO| : [run.py]--[<module>] : b'\n'
|INFO| : [run.py]--[<module>] : b'Sat Oct  5 09:39:57 UTC 2024 pid://localhost:32899:0:24: Delivered commands 3616\n'
|INFO| : [run.py]--[<module>] : b'Sat Oct  5 09:39:57 UTC 2024 pid://localhost:32899:0:24: Current mean latency: 409.0\n'
|INFO| : [run.py]--[<module>] : b'\n'
|INFO| : [run.py]--[<module>] : b'Sat Oct  5 09:40:02 UTC 2024 pid://localhost:32899:0:24: Delivered commands 3648\n'
|INFO| : [run.py]--[<module>] : b'Sat Oct  5 09:40:02 UTC 2024 pid://localhost:32899:0:24: Current mean latency: 408.0\n'
|INFO| : [run.py]--[<module>] : b'\n'
|INFO| : [run.py]--[<module>] : b'Sat Oct  5 09:40:02 UTC 2024 pid://localhost:32899:0:24: Delivered commands 3648\n'
|INFO| : [run.py]--[<module>] : b'Sat Oct  5 09:40:02 UTC 2024 pid://localhost:32899:0:24: Current mean latency: 409.0\n'
|INFO| : [run.py]--[<module>] : b'\n'
|INFO| : [run.py]--[<module>] : b'Sat Oct  5 09:40:07 UTC 2024 pid://localhost:32899:0:24: Delivered commands 3680\n'
|INFO| : [run.py]--[<module>] : b'Sat Oct  5 09:40:07 UTC 2024 pid://localhost:32899:0:24: Current mean latency: 408.0\n'
|INFO| : [run.py]--[<module>] : b'\n'
|INFO| : [run.py]--[<module>] : b'Sat Oct  5 09:40:07 UTC 2024 pid://localhost:32899:0:24: Delivered commands 3680\n'
|INFO| : [run.py]--[<module>] : b'Sat Oct  5 09:40:07 UTC 2024 pid://localhost:32899:0:24: Current mean latency: 409.0\n'
|INFO| : [run.py]--[<module>] : b'\n'
|INFO| : [run.py]--[<module>] : b'Sat Oct  5 09:40:12 UTC 2024 pid://localhost:32899:0:24: Delivered commands 3712\n'
|INFO| : [run.py]--[<module>] : b'Sat Oct  5 09:40:12 UTC 2024 pid://localhost:32899:0:24: Current mean latency: 408.0\n'
|INFO| : [run.py]--[<module>] : b'\n'
|INFO| : [run.py]--[<module>] : b'Sat Oct  5 09:40:12 UTC 2024 pid://localhost:32899:0:24: Delivered commands 3712\n'
|INFO| : [run.py]--[<module>] : b'Sat Oct  5 09:40:12 UTC 2024 pid://localhost:32899:0:24: Current mean latency: 409.0\n'
|INFO| : [run.py]--[<module>] : b'\n'
|INFO| : [run.py]--[<module>] : b'Running for 600 seconds before exiting...\n'
|INFO| : [run.py]--[<module>] : b'Exiting now.\n'
