|INFO| : [run.py]--[<module>] : b'Up to date\n'
|INFO| : [run.py]--[<module>] : b'Sat Oct  5 09:20:16 UTC 2024 pid://localhost:44733:0:8: sent servers [pid://localhost:44733:0:9,pid://localhost:44733:0:10,pid://localhost:44733:0:11,pid://localhost:44733:0:12,pid://localhost:44733:0:13,pid://localhost:44733:0:14,pid://localhost:44733:0:15,pid://localhost:44733:0:16,pid://localhost:44733:0:17,pid://localhost:44733:0:18]\n'
|INFO| : [run.py]--[<module>] : b'Sat Oct  5 09:20:16 UTC 2024 pid://localhost:44733:0:8: sent clients [pid://localhost:44733:0:19]\n'
|INFO| : [run.py]--[<module>] : b'Sat Oct  5 09:20:16 UTC 2024 pid://localhost:44733:0:9: received servers [pid://localhost:44733:0:9,pid://localhost:44733:0:10,pid://localhost:44733:0:11,pid://localhost:44733:0:12,pid://localhost:44733:0:13,pid://localhost:44733:0:14,pid://localhost:44733:0:15,pid://localhost:44733:0:16,pid://localhost:44733:0:17,pid://localhost:44733:0:18]\n'
|INFO| : [run.py]--[<module>] : b'Sat Oct  5 09:20:16 UTC 2024 pid://localhost:44733:0:9: received clients [pid://localhost:44733:0:19]\n'
|INFO| : [run.py]--[<module>] : b'Sat Oct  5 09:20:16 UTC 2024 pid://localhost:44733:0:9: synchronous delta timers set to 100 ticks\n'
|INFO| : [run.py]--[<module>] : b'Sat Oct  5 09:20:16 UTC 2024 pid://localhost:44733:0:10: received servers [pid://localhost:44733:0:9,pid://localhost:44733:0:10,pid://localhost:44733:0:11,pid://localhost:44733:0:12,pid://localhost:44733:0:13,pid://localhost:44733:0:14,pid://localhost:44733:0:15,pid://localhost:44733:0:16,pid://localhost:44733:0:17,pid://localhost:44733:0:18]\n'
|INFO| : [run.py]--[<module>] : b'Sat Oct  5 09:20:16 UTC 2024 pid://localhost:44733:0:10: received clients [pid://localhost:44733:0:19]\n'
|INFO| : [run.py]--[<module>] : b'Sat Oct  5 09:20:16 UTC 2024 pid://localhost:44733:0:10: synchronous delta timers set to 100 ticks\n'
|INFO| : [run.py]--[<module>] : b'Sat Oct  5 09:20:16 UTC 2024 pid://localhost:44733:0:11: received servers [pid://localhost:44733:0:9,pid://localhost:44733:0:10,pid://localhost:44733:0:11,pid://localhost:44733:0:12,pid://localhost:44733:0:13,pid://localhost:44733:0:14,pid://localhost:44733:0:15,pid://localhost:44733:0:16,pid://localhost:44733:0:17,pid://localhost:44733:0:18]\n'
|INFO| : [run.py]--[<module>] : b'Sat Oct  5 09:20:16 UTC 2024 pid://localhost:44733:0:11: received clients [pid://localhost:44733:0:19]\n'
|INFO| : [run.py]--[<module>] : b'Sat Oct  5 09:20:16 UTC 2024 pid://localhost:44733:0:11: synchronous delta timers set to 100 ticks\n'
|INFO| : [run.py]--[<module>] : b'Sat Oct  5 09:20:16 UTC 2024 pid://localhost:44733:0:12: received servers [pid://localhost:44733:0:9,pid://localhost:44733:0:10,pid://localhost:44733:0:11,pid://localhost:44733:0:12,pid://localhost:44733:0:13,pid://localhost:44733:0:14,pid://localhost:44733:0:15,pid://localhost:44733:0:16,pid://localhost:44733:0:17,pid://localhost:44733:0:18]\n'
|INFO| : [run.py]--[<module>] : b'Sat Oct  5 09:20:16 UTC 2024 pid://localhost:44733:0:12: received clients [pid://localhost:44733:0:19]\n'
|INFO| : [run.py]--[<module>] : b'Sat Oct  5 09:20:16 UTC 2024 pid://localhost:44733:0:12: synchronous delta timers set to 100 ticks\n'
|INFO| : [run.py]--[<module>] : b'Sat Oct  5 09:20:16 UTC 2024 pid://localhost:44733:0:13: received servers [pid://localhost:44733:0:9,pid://localhost:44733:0:10,pid://localhost:44733:0:11,pid://localhost:44733:0:12,pid://localhost:44733:0:13,pid://localhost:44733:0:14,pid://localhost:44733:0:15,pid://localhost:44733:0:16,pid://localhost:44733:0:17,pid://localhost:44733:0:18]\n'
|INFO| : [run.py]--[<module>] : b'Sat Oct  5 09:20:16 UTC 2024 pid://localhost:44733:0:13: received clients [pid://localhost:44733:0:19]\n'
|INFO| : [run.py]--[<module>] : b'Sat Oct  5 09:20:16 UTC 2024 pid://localhost:44733:0:13: synchronous delta timers set to 100 ticks\n'
|INFO| : [run.py]--[<module>] : b'Sat Oct  5 09:20:16 UTC 2024 pid://localhost:44733:0:14: received servers [pid://localhost:44733:0:9,pid://localhost:44733:0:10,pid://localhost:44733:0:11,pid://localhost:44733:0:12,pid://localhost:44733:0:13,pid://localhost:44733:0:14,pid://localhost:44733:0:15,pid://localhost:44733:0:16,pid://localhost:44733:0:17,pid://localhost:44733:0:18]\n'
|INFO| : [run.py]--[<module>] : b'Sat Oct  5 09:20:16 UTC 2024 pid://localhost:44733:0:14: received clients [pid://localhost:44733:0:19]\n'
|INFO| : [run.py]--[<module>] : b'Sat Oct  5 09:20:16 UTC 2024 pid://localhost:44733:0:14: synchronous delta timers set to 100 ticks\n'
|INFO| : [run.py]--[<module>] : b'Sat Oct  5 09:20:16 UTC 2024 pid://localhost:44733:0:15: received servers [pid://localhost:44733:0:9,pid://localhost:44733:0:10,pid://localhost:44733:0:11,pid://localhost:44733:0:12,pid://localhost:44733:0:13,pid://localhost:44733:0:14,pid://localhost:44733:0:15,pid://localhost:44733:0:16,pid://localhost:44733:0:17,pid://localhost:44733:0:18]\n'
|INFO| : [run.py]--[<module>] : b'Sat Oct  5 09:20:16 UTC 2024 pid://localhost:44733:0:15: received clients [pid://localhost:44733:0:19]\n'
|INFO| : [run.py]--[<module>] : b'Sat Oct  5 09:20:16 UTC 2024 pid://localhost:44733:0:15: synchronous delta timers set to 100 ticks\n'
|INFO| : [run.py]--[<module>] : b'Sat Oct  5 09:20:16 UTC 2024 pid://localhost:44733:0:16: received servers [pid://localhost:44733:0:9,pid://localhost:44733:0:10,pid://localhost:44733:0:11,pid://localhost:44733:0:12,pid://localhost:44733:0:13,pid://localhost:44733:0:14,pid://localhost:44733:0:15,pid://localhost:44733:0:16,pid://localhost:44733:0:17,pid://localhost:44733:0:18]\n'
|INFO| : [run.py]--[<module>] : b'Sat Oct  5 09:20:16 UTC 2024 pid://localhost:44733:0:16: received clients [pid://localhost:44733:0:19]\n'
|INFO| : [run.py]--[<module>] : b'Sat Oct  5 09:20:16 UTC 2024 pid://localhost:44733:0:16: synchronous delta timers set to 100 ticks\n'
|INFO| : [run.py]--[<module>] : b'Sat Oct  5 09:20:16 UTC 2024 pid://localhost:44733:0:17: received servers [pid://localhost:44733:0:9,pid://localhost:44733:0:10,pid://localhost:44733:0:11,pid://localhost:44733:0:12,pid://localhost:44733:0:13,pid://localhost:44733:0:14,pid://localhost:44733:0:15,pid://localhost:44733:0:16,pid://localhost:44733:0:17,pid://localhost:44733:0:18]\n'
|INFO| : [run.py]--[<module>] : b'Sat Oct  5 09:20:16 UTC 2024 pid://localhost:44733:0:17: received clients [pid://localhost:44733:0:19]\n'
|INFO| : [run.py]--[<module>] : b'Sat Oct  5 09:20:16 UTC 2024 pid://localhost:44733:0:17: synchronous delta timers set to 100 ticks\n'
|INFO| : [run.py]--[<module>] : b'Sat Oct  5 09:20:16 UTC 2024 pid://localhost:44733:0:18: received servers [pid://localhost:44733:0:9,pid://localhost:44733:0:10,pid://localhost:44733:0:11,pid://localhost:44733:0:12,pid://localhost:44733:0:13,pid://localhost:44733:0:14,pid://localhost:44733:0:15,pid://localhost:44733:0:16,pid://localhost:44733:0:17,pid://localhost:44733:0:18]\n'
|INFO| : [run.py]--[<module>] : b'Sat Oct  5 09:20:16 UTC 2024 pid://localhost:44733:0:18: received clients [pid://localhost:44733:0:19]\n'
|INFO| : [run.py]--[<module>] : b'Sat Oct  5 09:20:16 UTC 2024 pid://localhost:44733:0:18: synchronous delta timers set to 100 ticks\n'
|INFO| : [run.py]--[<module>] : b'Sat Oct  5 09:20:16 UTC 2024 pid://localhost:44733:0:19: received servers at client[pid://localhost:44733:0:9,pid://localhost:44733:0:10,pid://localhost:44733:0:11,pid://localhost:44733:0:12,pid://localhost:44733:0:13,pid://localhost:44733:0:14,pid://localhost:44733:0:15,pid://localhost:44733:0:16,pid://localhost:44733:0:17,pid://localhost:44733:0:18]\n'
|INFO| : [run.py]--[<module>] : b'Sat Oct  5 09:20:21 UTC 2024 pid://localhost:44733:0:19: Delivered commands 32\n'
|INFO| : [run.py]--[<module>] : b'Sat Oct  5 09:20:21 UTC 2024 pid://localhost:44733:0:19: Current mean latency: 408.0\n'
|INFO| : [run.py]--[<module>] : b'\n'
|INFO| : [run.py]--[<module>] : b'Sat Oct  5 09:20:27 UTC 2024 pid://localhost:44733:0:19: Delivered commands 64\n'
|INFO| : [run.py]--[<module>] : b'Sat Oct  5 09:20:27 UTC 2024 pid://localhost:44733:0:19: Current mean latency: 408.0\n'
|INFO| : [run.py]--[<module>] : b'\n'
|INFO| : [run.py]--[<module>] : b'Sat Oct  5 09:20:27 UTC 2024 pid://localhost:44733:0:19: Delivered commands 64\n'
|INFO| : [run.py]--[<module>] : b'Sat Oct  5 09:20:27 UTC 2024 pid://localhost:44733:0:19: Current mean latency: 409.0\n'
|INFO| : [run.py]--[<module>] : b'\n'
|INFO| : [run.py]--[<module>] : b'Sat Oct  5 09:20:32 UTC 2024 pid://localhost:44733:0:19: Delivered commands 96\n'
|INFO| : [run.py]--[<module>] : b'Sat Oct  5 09:20:32 UTC 2024 pid://localhost:44733:0:19: Current mean latency: 407.0\n'
|INFO| : [run.py]--[<module>] : b'\n'
|INFO| : [run.py]--[<module>] : b'Sat Oct  5 09:20:32 UTC 2024 pid://localhost:44733:0:19: Delivered commands 96\n'
|INFO| : [run.py]--[<module>] : b'Sat Oct  5 09:20:32 UTC 2024 pid://localhost:44733:0:19: Current mean latency: 408.0\n'
|INFO| : [run.py]--[<module>] : b'\n'
|INFO| : [run.py]--[<module>] : b'Sat Oct  5 09:20:37 UTC 2024 pid://localhost:44733:0:19: Delivered commands 128\n'
|INFO| : [run.py]--[<module>] : b'Sat Oct  5 09:20:37 UTC 2024 pid://localhost:44733:0:19: Current mean latency: 408.0\n'
|INFO| : [run.py]--[<module>] : b'\n'
|INFO| : [run.py]--[<module>] : b'Sat Oct  5 09:20:37 UTC 2024 pid://localhost:44733:0:19: Delivered commands 128\n'
|INFO| : [run.py]--[<module>] : b'Sat Oct  5 09:20:37 UTC 2024 pid://localhost:44733:0:19: Current mean latency: 409.0\n'
|INFO| : [run.py]--[<module>] : b'\n'
|INFO| : [run.py]--[<module>] : b'Sat Oct  5 09:20:42 UTC 2024 pid://localhost:44733:0:19: Delivered commands 160\n'
|INFO| : [run.py]--[<module>] : b'Sat Oct  5 09:20:42 UTC 2024 pid://localhost:44733:0:19: Current mean latency: 408.0\n'
|INFO| : [run.py]--[<module>] : b'\n'
|INFO| : [run.py]--[<module>] : b'Sat Oct  5 09:20:42 UTC 2024 pid://localhost:44733:0:19: Delivered commands 160\n'
|INFO| : [run.py]--[<module>] : b'Sat Oct  5 09:20:42 UTC 2024 pid://localhost:44733:0:19: Current mean latency: 409.0\n'
|INFO| : [run.py]--[<module>] : b'\n'
|INFO| : [run.py]--[<module>] : b'Sat Oct  5 09:20:47 UTC 2024 pid://localhost:44733:0:19: Delivered commands 192\n'
|INFO| : [run.py]--[<module>] : b'Sat Oct  5 09:20:47 UTC 2024 pid://localhost:44733:0:19: Current mean latency: 408.0\n'
|INFO| : [run.py]--[<module>] : b'\n'
|INFO| : [run.py]--[<module>] : b'Sat Oct  5 09:20:47 UTC 2024 pid://localhost:44733:0:19: Delivered commands 192\n'
|INFO| : [run.py]--[<module>] : b'Sat Oct  5 09:20:47 UTC 2024 pid://localhost:44733:0:19: Current mean latency: 409.0\n'
|INFO| : [run.py]--[<module>] : b'\n'
|INFO| : [run.py]--[<module>] : b'Sat Oct  5 09:20:52 UTC 2024 pid://localhost:44733:0:19: Delivered commands 224\n'
|INFO| : [run.py]--[<module>] : b'Sat Oct  5 09:20:52 UTC 2024 pid://localhost:44733:0:19: Current mean latency: 408.0\n'
|INFO| : [run.py]--[<module>] : b'\n'
|INFO| : [run.py]--[<module>] : b'Sat Oct  5 09:20:52 UTC 2024 pid://localhost:44733:0:19: Delivered commands 224\n'
|INFO| : [run.py]--[<module>] : b'Sat Oct  5 09:20:52 UTC 2024 pid://localhost:44733:0:19: Current mean latency: 409.0\n'
|INFO| : [run.py]--[<module>] : b'\n'
|INFO| : [run.py]--[<module>] : b'Sat Oct  5 09:20:57 UTC 2024 pid://localhost:44733:0:19: Delivered commands 256\n'
|INFO| : [run.py]--[<module>] : b'Sat Oct  5 09:20:57 UTC 2024 pid://localhost:44733:0:19: Current mean latency: 408.0\n'
|INFO| : [run.py]--[<module>] : b'\n'
|INFO| : [run.py]--[<module>] : b'Sat Oct  5 09:20:57 UTC 2024 pid://localhost:44733:0:19: Delivered commands 256\n'
|INFO| : [run.py]--[<module>] : b'Sat Oct  5 09:20:57 UTC 2024 pid://localhost:44733:0:19: Current mean latency: 409.0\n'
|INFO| : [run.py]--[<module>] : b'\n'
|INFO| : [run.py]--[<module>] : b'Sat Oct  5 09:21:03 UTC 2024 pid://localhost:44733:0:19: Delivered commands 288\n'
|INFO| : [run.py]--[<module>] : b'Sat Oct  5 09:21:03 UTC 2024 pid://localhost:44733:0:19: Current mean latency: 408.0\n'
|INFO| : [run.py]--[<module>] : b'\n'
|INFO| : [run.py]--[<module>] : b'Sat Oct  5 09:21:03 UTC 2024 pid://localhost:44733:0:19: Delivered commands 288\n'
|INFO| : [run.py]--[<module>] : b'Sat Oct  5 09:21:03 UTC 2024 pid://localhost:44733:0:19: Current mean latency: 409.0\n'
|INFO| : [run.py]--[<module>] : b'\n'
|INFO| : [run.py]--[<module>] : b'Sat Oct  5 09:21:08 UTC 2024 pid://localhost:44733:0:19: Delivered commands 320\n'
|INFO| : [run.py]--[<module>] : b'Sat Oct  5 09:21:08 UTC 2024 pid://localhost:44733:0:19: Current mean latency: 408.0\n'
|INFO| : [run.py]--[<module>] : b'\n'
|INFO| : [run.py]--[<module>] : b'Sat Oct  5 09:21:08 UTC 2024 pid://localhost:44733:0:19: Delivered commands 320\n'
|INFO| : [run.py]--[<module>] : b'Sat Oct  5 09:21:08 UTC 2024 pid://localhost:44733:0:19: Current mean latency: 409.0\n'
|INFO| : [run.py]--[<module>] : b'\n'
|INFO| : [run.py]--[<module>] : b'Sat Oct  5 09:21:13 UTC 2024 pid://localhost:44733:0:19: Delivered commands 352\n'
|INFO| : [run.py]--[<module>] : b'Sat Oct  5 09:21:13 UTC 2024 pid://localhost:44733:0:19: Current mean latency: 408.0\n'
|INFO| : [run.py]--[<module>] : b'\n'
|INFO| : [run.py]--[<module>] : b'Sat Oct  5 09:21:13 UTC 2024 pid://localhost:44733:0:19: Delivered commands 352\n'
|INFO| : [run.py]--[<module>] : b'Sat Oct  5 09:21:13 UTC 2024 pid://localhost:44733:0:19: Current mean latency: 409.0\n'
|INFO| : [run.py]--[<module>] : b'\n'
|INFO| : [run.py]--[<module>] : b'Sat Oct  5 09:21:18 UTC 2024 pid://localhost:44733:0:19: Delivered commands 384\n'
|INFO| : [run.py]--[<module>] : b'Sat Oct  5 09:21:18 UTC 2024 pid://localhost:44733:0:19: Current mean latency: 408.0\n'
|INFO| : [run.py]--[<module>] : b'\n'
|INFO| : [run.py]--[<module>] : b'Sat Oct  5 09:21:18 UTC 2024 pid://localhost:44733:0:19: Delivered commands 384\n'
|INFO| : [run.py]--[<module>] : b'Sat Oct  5 09:21:18 UTC 2024 pid://localhost:44733:0:19: Current mean latency: 409.0\n'
|INFO| : [run.py]--[<module>] : b'\n'
|INFO| : [run.py]--[<module>] : b'Sat Oct  5 09:21:23 UTC 2024 pid://localhost:44733:0:19: Delivered commands 416\n'
|INFO| : [run.py]--[<module>] : b'Sat Oct  5 09:21:23 UTC 2024 pid://localhost:44733:0:19: Current mean latency: 408.0\n'
|INFO| : [run.py]--[<module>] : b'\n'
|INFO| : [run.py]--[<module>] : b'Sat Oct  5 09:21:23 UTC 2024 pid://localhost:44733:0:19: Delivered commands 416\n'
|INFO| : [run.py]--[<module>] : b'Sat Oct  5 09:21:23 UTC 2024 pid://localhost:44733:0:19: Current mean latency: 409.0\n'
|INFO| : [run.py]--[<module>] : b'\n'
|INFO| : [run.py]--[<module>] : b'Sat Oct  5 09:21:28 UTC 2024 pid://localhost:44733:0:19: Delivered commands 448\n'
|INFO| : [run.py]--[<module>] : b'Sat Oct  5 09:21:28 UTC 2024 pid://localhost:44733:0:19: Current mean latency: 408.0\n'
|INFO| : [run.py]--[<module>] : b'\n'
|INFO| : [run.py]--[<module>] : b'Sat Oct  5 09:21:28 UTC 2024 pid://localhost:44733:0:19: Delivered commands 448\n'
|INFO| : [run.py]--[<module>] : b'Sat Oct  5 09:21:28 UTC 2024 pid://localhost:44733:0:19: Current mean latency: 409.0\n'
|INFO| : [run.py]--[<module>] : b'\n'
|INFO| : [run.py]--[<module>] : b'Sat Oct  5 09:21:33 UTC 2024 pid://localhost:44733:0:19: Delivered commands 480\n'
|INFO| : [run.py]--[<module>] : b'Sat Oct  5 09:21:33 UTC 2024 pid://localhost:44733:0:19: Current mean latency: 408.0\n'
|INFO| : [run.py]--[<module>] : b'\n'
|INFO| : [run.py]--[<module>] : b'Sat Oct  5 09:21:33 UTC 2024 pid://localhost:44733:0:19: Delivered commands 480\n'
|INFO| : [run.py]--[<module>] : b'Sat Oct  5 09:21:33 UTC 2024 pid://localhost:44733:0:19: Current mean latency: 409.0\n'
|INFO| : [run.py]--[<module>] : b'\n'
|INFO| : [run.py]--[<module>] : b'Sat Oct  5 09:21:39 UTC 2024 pid://localhost:44733:0:19: Delivered commands 512\n'
|INFO| : [run.py]--[<module>] : b'Sat Oct  5 09:21:39 UTC 2024 pid://localhost:44733:0:19: Current mean latency: 408.0\n'
|INFO| : [run.py]--[<module>] : b'\n'
|INFO| : [run.py]--[<module>] : b'Sat Oct  5 09:21:39 UTC 2024 pid://localhost:44733:0:19: Delivered commands 512\n'
|INFO| : [run.py]--[<module>] : b'Sat Oct  5 09:21:39 UTC 2024 pid://localhost:44733:0:19: Current mean latency: 409.0\n'
|INFO| : [run.py]--[<module>] : b'\n'
|INFO| : [run.py]--[<module>] : b'Sat Oct  5 09:21:44 UTC 2024 pid://localhost:44733:0:19: Delivered commands 544\n'
|INFO| : [run.py]--[<module>] : b'Sat Oct  5 09:21:44 UTC 2024 pid://localhost:44733:0:19: Current mean latency: 408.0\n'
|INFO| : [run.py]--[<module>] : b'\n'
|INFO| : [run.py]--[<module>] : b'Sat Oct  5 09:21:44 UTC 2024 pid://localhost:44733:0:19: Delivered commands 544\n'
|INFO| : [run.py]--[<module>] : b'Sat Oct  5 09:21:44 UTC 2024 pid://localhost:44733:0:19: Current mean latency: 409.0\n'
|INFO| : [run.py]--[<module>] : b'\n'
|INFO| : [run.py]--[<module>] : b'Sat Oct  5 09:21:49 UTC 2024 pid://localhost:44733:0:19: Delivered commands 576\n'
|INFO| : [run.py]--[<module>] : b'Sat Oct  5 09:21:49 UTC 2024 pid://localhost:44733:0:19: Current mean latency: 408.0\n'
|INFO| : [run.py]--[<module>] : b'\n'
|INFO| : [run.py]--[<module>] : b'Sat Oct  5 09:21:49 UTC 2024 pid://localhost:44733:0:19: Delivered commands 576\n'
|INFO| : [run.py]--[<module>] : b'Sat Oct  5 09:21:49 UTC 2024 pid://localhost:44733:0:19: Current mean latency: 409.0\n'
|INFO| : [run.py]--[<module>] : b'\n'
|INFO| : [run.py]--[<module>] : b'Sat Oct  5 09:21:54 UTC 2024 pid://localhost:44733:0:19: Delivered commands 608\n'
|INFO| : [run.py]--[<module>] : b'Sat Oct  5 09:21:54 UTC 2024 pid://localhost:44733:0:19: Current mean latency: 407.0\n'
|INFO| : [run.py]--[<module>] : b'\n'
|INFO| : [run.py]--[<module>] : b'Sat Oct  5 09:21:54 UTC 2024 pid://localhost:44733:0:19: Delivered commands 608\n'
|INFO| : [run.py]--[<module>] : b'Sat Oct  5 09:21:54 UTC 2024 pid://localhost:44733:0:19: Current mean latency: 408.0\n'
|INFO| : [run.py]--[<module>] : b'\n'
|INFO| : [run.py]--[<module>] : b'Sat Oct  5 09:21:59 UTC 2024 pid://localhost:44733:0:19: Delivered commands 640\n'
|INFO| : [run.py]--[<module>] : b'Sat Oct  5 09:21:59 UTC 2024 pid://localhost:44733:0:19: Current mean latency: 408.0\n'
|INFO| : [run.py]--[<module>] : b'\n'
|INFO| : [run.py]--[<module>] : b'Sat Oct  5 09:21:59 UTC 2024 pid://localhost:44733:0:19: Delivered commands 640\n'
|INFO| : [run.py]--[<module>] : b'Sat Oct  5 09:21:59 UTC 2024 pid://localhost:44733:0:19: Current mean latency: 409.0\n'
|INFO| : [run.py]--[<module>] : b'\n'
|INFO| : [run.py]--[<module>] : b'Sat Oct  5 09:22:04 UTC 2024 pid://localhost:44733:0:19: Delivered commands 672\n'
|INFO| : [run.py]--[<module>] : b'Sat Oct  5 09:22:04 UTC 2024 pid://localhost:44733:0:19: Current mean latency: 408.0\n'
|INFO| : [run.py]--[<module>] : b'\n'
|INFO| : [run.py]--[<module>] : b'Sat Oct  5 09:22:04 UTC 2024 pid://localhost:44733:0:19: Delivered commands 672\n'
|INFO| : [run.py]--[<module>] : b'Sat Oct  5 09:22:04 UTC 2024 pid://localhost:44733:0:19: Current mean latency: 409.0\n'
|INFO| : [run.py]--[<module>] : b'\n'
|INFO| : [run.py]--[<module>] : b'Sat Oct  5 09:22:09 UTC 2024 pid://localhost:44733:0:19: Delivered commands 704\n'
|INFO| : [run.py]--[<module>] : b'Sat Oct  5 09:22:09 UTC 2024 pid://localhost:44733:0:19: Current mean latency: 408.0\n'
|INFO| : [run.py]--[<module>] : b'\n'
|INFO| : [run.py]--[<module>] : b'Sat Oct  5 09:22:09 UTC 2024 pid://localhost:44733:0:19: Delivered commands 704\n'
|INFO| : [run.py]--[<module>] : b'Sat Oct  5 09:22:09 UTC 2024 pid://localhost:44733:0:19: Current mean latency: 409.0\n'
|INFO| : [run.py]--[<module>] : b'\n'
|INFO| : [run.py]--[<module>] : b'Sat Oct  5 09:22:14 UTC 2024 pid://localhost:44733:0:19: Delivered commands 736\n'
|INFO| : [run.py]--[<module>] : b'Sat Oct  5 09:22:14 UTC 2024 pid://localhost:44733:0:19: Current mean latency: 408.0\n'
|INFO| : [run.py]--[<module>] : b'\n'
|INFO| : [run.py]--[<module>] : b'Sat Oct  5 09:22:14 UTC 2024 pid://localhost:44733:0:19: Delivered commands 736\n'
|INFO| : [run.py]--[<module>] : b'Sat Oct  5 09:22:14 UTC 2024 pid://localhost:44733:0:19: Current mean latency: 409.0\n'
|INFO| : [run.py]--[<module>] : b'\n'
|INFO| : [run.py]--[<module>] : b'Sat Oct  5 09:22:20 UTC 2024 pid://localhost:44733:0:19: Delivered commands 768\n'
|INFO| : [run.py]--[<module>] : b'Sat Oct  5 09:22:20 UTC 2024 pid://localhost:44733:0:19: Current mean latency: 408.0\n'
|INFO| : [run.py]--[<module>] : b'\n'
|INFO| : [run.py]--[<module>] : b'Sat Oct  5 09:22:20 UTC 2024 pid://localhost:44733:0:19: Delivered commands 768\n'
|INFO| : [run.py]--[<module>] : b'Sat Oct  5 09:22:20 UTC 2024 pid://localhost:44733:0:19: Current mean latency: 409.0\n'
|INFO| : [run.py]--[<module>] : b'\n'
|INFO| : [run.py]--[<module>] : b'Sat Oct  5 09:22:25 UTC 2024 pid://localhost:44733:0:19: Delivered commands 800\n'
|INFO| : [run.py]--[<module>] : b'Sat Oct  5 09:22:25 UTC 2024 pid://localhost:44733:0:19: Current mean latency: 408.0\n'
|INFO| : [run.py]--[<module>] : b'\n'
|INFO| : [run.py]--[<module>] : b'Sat Oct  5 09:22:25 UTC 2024 pid://localhost:44733:0:19: Delivered commands 800\n'
|INFO| : [run.py]--[<module>] : b'Sat Oct  5 09:22:25 UTC 2024 pid://localhost:44733:0:19: Current mean latency: 409.0\n'
|INFO| : [run.py]--[<module>] : b'\n'
|INFO| : [run.py]--[<module>] : b'Sat Oct  5 09:22:30 UTC 2024 pid://localhost:44733:0:19: Delivered commands 832\n'
|INFO| : [run.py]--[<module>] : b'Sat Oct  5 09:22:30 UTC 2024 pid://localhost:44733:0:19: Current mean latency: 408.0\n'
|INFO| : [run.py]--[<module>] : b'\n'
|INFO| : [run.py]--[<module>] : b'Sat Oct  5 09:22:30 UTC 2024 pid://localhost:44733:0:19: Delivered commands 832\n'
|INFO| : [run.py]--[<module>] : b'Sat Oct  5 09:22:30 UTC 2024 pid://localhost:44733:0:19: Current mean latency: 409.0\n'
|INFO| : [run.py]--[<module>] : b'\n'
|INFO| : [run.py]--[<module>] : b'Sat Oct  5 09:22:35 UTC 2024 pid://localhost:44733:0:19: Delivered commands 864\n'
|INFO| : [run.py]--[<module>] : b'Sat Oct  5 09:22:35 UTC 2024 pid://localhost:44733:0:19: Current mean latency: 408.0\n'
|INFO| : [run.py]--[<module>] : b'\n'
|INFO| : [run.py]--[<module>] : b'Sat Oct  5 09:22:35 UTC 2024 pid://localhost:44733:0:19: Delivered commands 864\n'
|INFO| : [run.py]--[<module>] : b'Sat Oct  5 09:22:35 UTC 2024 pid://localhost:44733:0:19: Current mean latency: 409.0\n'
|INFO| : [run.py]--[<module>] : b'\n'
|INFO| : [run.py]--[<module>] : b'Sat Oct  5 09:22:40 UTC 2024 pid://localhost:44733:0:19: Delivered commands 896\n'
|INFO| : [run.py]--[<module>] : b'Sat Oct  5 09:22:40 UTC 2024 pid://localhost:44733:0:19: Current mean latency: 408.0\n'
|INFO| : [run.py]--[<module>] : b'\n'
|INFO| : [run.py]--[<module>] : b'Sat Oct  5 09:22:40 UTC 2024 pid://localhost:44733:0:19: Delivered commands 896\n'
|INFO| : [run.py]--[<module>] : b'Sat Oct  5 09:22:40 UTC 2024 pid://localhost:44733:0:19: Current mean latency: 409.0\n'
|INFO| : [run.py]--[<module>] : b'\n'
|INFO| : [run.py]--[<module>] : b'Sat Oct  5 09:22:45 UTC 2024 pid://localhost:44733:0:19: Delivered commands 928\n'
|INFO| : [run.py]--[<module>] : b'Sat Oct  5 09:22:45 UTC 2024 pid://localhost:44733:0:19: Current mean latency: 407.0\n'
|INFO| : [run.py]--[<module>] : b'\n'
|INFO| : [run.py]--[<module>] : b'Sat Oct  5 09:22:45 UTC 2024 pid://localhost:44733:0:19: Delivered commands 928\n'
|INFO| : [run.py]--[<module>] : b'Sat Oct  5 09:22:45 UTC 2024 pid://localhost:44733:0:19: Current mean latency: 408.0\n'
|INFO| : [run.py]--[<module>] : b'\n'
|INFO| : [run.py]--[<module>] : b'Sat Oct  5 09:22:50 UTC 2024 pid://localhost:44733:0:19: Delivered commands 960\n'
|INFO| : [run.py]--[<module>] : b'Sat Oct  5 09:22:50 UTC 2024 pid://localhost:44733:0:19: Current mean latency: 408.0\n'
|INFO| : [run.py]--[<module>] : b'\n'
|INFO| : [run.py]--[<module>] : b'Sat Oct  5 09:22:50 UTC 2024 pid://localhost:44733:0:19: Delivered commands 960\n'
|INFO| : [run.py]--[<module>] : b'Sat Oct  5 09:22:50 UTC 2024 pid://localhost:44733:0:19: Current mean latency: 409.0\n'
|INFO| : [run.py]--[<module>] : b'\n'
|INFO| : [run.py]--[<module>] : b'Sat Oct  5 09:22:56 UTC 2024 pid://localhost:44733:0:19: Delivered commands 992\n'
|INFO| : [run.py]--[<module>] : b'Sat Oct  5 09:22:56 UTC 2024 pid://localhost:44733:0:19: Current mean latency: 408.0\n'
|INFO| : [run.py]--[<module>] : b'\n'
|INFO| : [run.py]--[<module>] : b'Sat Oct  5 09:22:56 UTC 2024 pid://localhost:44733:0:19: Delivered commands 992\n'
|INFO| : [run.py]--[<module>] : b'Sat Oct  5 09:22:56 UTC 2024 pid://localhost:44733:0:19: Current mean latency: 409.0\n'
|INFO| : [run.py]--[<module>] : b'\n'
|INFO| : [run.py]--[<module>] : b'Sat Oct  5 09:23:01 UTC 2024 pid://localhost:44733:0:19: Delivered commands 1024\n'
|INFO| : [run.py]--[<module>] : b'Sat Oct  5 09:23:01 UTC 2024 pid://localhost:44733:0:19: Current mean latency: 408.0\n'
|INFO| : [run.py]--[<module>] : b'\n'
|INFO| : [run.py]--[<module>] : b'Sat Oct  5 09:23:01 UTC 2024 pid://localhost:44733:0:19: Delivered commands 1024\n'
|INFO| : [run.py]--[<module>] : b'Sat Oct  5 09:23:01 UTC 2024 pid://localhost:44733:0:19: Current mean latency: 409.0\n'
|INFO| : [run.py]--[<module>] : b'\n'
|INFO| : [run.py]--[<module>] : b'Sat Oct  5 09:23:06 UTC 2024 pid://localhost:44733:0:19: Delivered commands 1056\n'
|INFO| : [run.py]--[<module>] : b'Sat Oct  5 09:23:06 UTC 2024 pid://localhost:44733:0:19: Current mean latency: 408.0\n'
|INFO| : [run.py]--[<module>] : b'\n'
|INFO| : [run.py]--[<module>] : b'Sat Oct  5 09:23:06 UTC 2024 pid://localhost:44733:0:19: Delivered commands 1056\n'
|INFO| : [run.py]--[<module>] : b'Sat Oct  5 09:23:06 UTC 2024 pid://localhost:44733:0:19: Current mean latency: 409.0\n'
|INFO| : [run.py]--[<module>] : b'\n'
|INFO| : [run.py]--[<module>] : b'Sat Oct  5 09:23:11 UTC 2024 pid://localhost:44733:0:19: Delivered commands 1088\n'
|INFO| : [run.py]--[<module>] : b'Sat Oct  5 09:23:11 UTC 2024 pid://localhost:44733:0:19: Current mean latency: 408.0\n'
|INFO| : [run.py]--[<module>] : b'\n'
|INFO| : [run.py]--[<module>] : b'Sat Oct  5 09:23:11 UTC 2024 pid://localhost:44733:0:19: Delivered commands 1088\n'
|INFO| : [run.py]--[<module>] : b'Sat Oct  5 09:23:11 UTC 2024 pid://localhost:44733:0:19: Current mean latency: 409.0\n'
|INFO| : [run.py]--[<module>] : b'\n'
|INFO| : [run.py]--[<module>] : b'Sat Oct  5 09:23:16 UTC 2024 pid://localhost:44733:0:19: Delivered commands 1120\n'
|INFO| : [run.py]--[<module>] : b'Sat Oct  5 09:23:16 UTC 2024 pid://localhost:44733:0:19: Current mean latency: 408.0\n'
|INFO| : [run.py]--[<module>] : b'\n'
|INFO| : [run.py]--[<module>] : b'Sat Oct  5 09:23:16 UTC 2024 pid://localhost:44733:0:19: Delivered commands 1120\n'
|INFO| : [run.py]--[<module>] : b'Sat Oct  5 09:23:16 UTC 2024 pid://localhost:44733:0:19: Current mean latency: 409.0\n'
|INFO| : [run.py]--[<module>] : b'\n'
|INFO| : [run.py]--[<module>] : b'Sat Oct  5 09:23:21 UTC 2024 pid://localhost:44733:0:19: Delivered commands 1152\n'
|INFO| : [run.py]--[<module>] : b'Sat Oct  5 09:23:21 UTC 2024 pid://localhost:44733:0:19: Current mean latency: 408.0\n'
|INFO| : [run.py]--[<module>] : b'\n'
|INFO| : [run.py]--[<module>] : b'Sat Oct  5 09:23:21 UTC 2024 pid://localhost:44733:0:19: Delivered commands 1152\n'
|INFO| : [run.py]--[<module>] : b'Sat Oct  5 09:23:21 UTC 2024 pid://localhost:44733:0:19: Current mean latency: 409.0\n'
|INFO| : [run.py]--[<module>] : b'\n'
|INFO| : [run.py]--[<module>] : b'Sat Oct  5 09:23:26 UTC 2024 pid://localhost:44733:0:19: Delivered commands 1184\n'
|INFO| : [run.py]--[<module>] : b'Sat Oct  5 09:23:26 UTC 2024 pid://localhost:44733:0:19: Current mean latency: 408.0\n'
|INFO| : [run.py]--[<module>] : b'\n'
|INFO| : [run.py]--[<module>] : b'Sat Oct  5 09:23:26 UTC 2024 pid://localhost:44733:0:19: Delivered commands 1184\n'
|INFO| : [run.py]--[<module>] : b'Sat Oct  5 09:23:26 UTC 2024 pid://localhost:44733:0:19: Current mean latency: 409.0\n'
|INFO| : [run.py]--[<module>] : b'\n'
|INFO| : [run.py]--[<module>] : b'Sat Oct  5 09:23:32 UTC 2024 pid://localhost:44733:0:19: Delivered commands 1216\n'
|INFO| : [run.py]--[<module>] : b'Sat Oct  5 09:23:32 UTC 2024 pid://localhost:44733:0:19: Current mean latency: 408.0\n'
|INFO| : [run.py]--[<module>] : b'\n'
|INFO| : [run.py]--[<module>] : b'Sat Oct  5 09:23:32 UTC 2024 pid://localhost:44733:0:19: Delivered commands 1216\n'
|INFO| : [run.py]--[<module>] : b'Sat Oct  5 09:23:32 UTC 2024 pid://localhost:44733:0:19: Current mean latency: 409.0\n'
|INFO| : [run.py]--[<module>] : b'\n'
|INFO| : [run.py]--[<module>] : b'Sat Oct  5 09:23:37 UTC 2024 pid://localhost:44733:0:19: Delivered commands 1248\n'
|INFO| : [run.py]--[<module>] : b'Sat Oct  5 09:23:37 UTC 2024 pid://localhost:44733:0:19: Current mean latency: 408.0\n'
|INFO| : [run.py]--[<module>] : b'\n'
|INFO| : [run.py]--[<module>] : b'Sat Oct  5 09:23:37 UTC 2024 pid://localhost:44733:0:19: Delivered commands 1248\n'
|INFO| : [run.py]--[<module>] : b'Sat Oct  5 09:23:37 UTC 2024 pid://localhost:44733:0:19: Current mean latency: 409.0\n'
|INFO| : [run.py]--[<module>] : b'\n'
|INFO| : [run.py]--[<module>] : b'Sat Oct  5 09:23:42 UTC 2024 pid://localhost:44733:0:19: Delivered commands 1280\n'
|INFO| : [run.py]--[<module>] : b'Sat Oct  5 09:23:42 UTC 2024 pid://localhost:44733:0:19: Current mean latency: 408.0\n'
|INFO| : [run.py]--[<module>] : b'\n'
|INFO| : [run.py]--[<module>] : b'Sat Oct  5 09:23:42 UTC 2024 pid://localhost:44733:0:19: Delivered commands 1280\n'
|INFO| : [run.py]--[<module>] : b'Sat Oct  5 09:23:42 UTC 2024 pid://localhost:44733:0:19: Current mean latency: 409.0\n'
|INFO| : [run.py]--[<module>] : b'\n'
|INFO| : [run.py]--[<module>] : b'Sat Oct  5 09:23:47 UTC 2024 pid://localhost:44733:0:19: Delivered commands 1312\n'
|INFO| : [run.py]--[<module>] : b'Sat Oct  5 09:23:47 UTC 2024 pid://localhost:44733:0:19: Current mean latency: 408.0\n'
|INFO| : [run.py]--[<module>] : b'\n'
|INFO| : [run.py]--[<module>] : b'Sat Oct  5 09:23:47 UTC 2024 pid://localhost:44733:0:19: Delivered commands 1312\n'
|INFO| : [run.py]--[<module>] : b'Sat Oct  5 09:23:47 UTC 2024 pid://localhost:44733:0:19: Current mean latency: 409.0\n'
|INFO| : [run.py]--[<module>] : b'\n'
|INFO| : [run.py]--[<module>] : b'Sat Oct  5 09:23:52 UTC 2024 pid://localhost:44733:0:19: Delivered commands 1344\n'
|INFO| : [run.py]--[<module>] : b'Sat Oct  5 09:23:52 UTC 2024 pid://localhost:44733:0:19: Current mean latency: 408.0\n'
|INFO| : [run.py]--[<module>] : b'\n'
|INFO| : [run.py]--[<module>] : b'Sat Oct  5 09:23:52 UTC 2024 pid://localhost:44733:0:19: Delivered commands 1344\n'
|INFO| : [run.py]--[<module>] : b'Sat Oct  5 09:23:52 UTC 2024 pid://localhost:44733:0:19: Current mean latency: 409.0\n'
|INFO| : [run.py]--[<module>] : b'\n'
|INFO| : [run.py]--[<module>] : b'Sat Oct  5 09:23:57 UTC 2024 pid://localhost:44733:0:19: Delivered commands 1376\n'
|INFO| : [run.py]--[<module>] : b'Sat Oct  5 09:23:57 UTC 2024 pid://localhost:44733:0:19: Current mean latency: 408.0\n'
|INFO| : [run.py]--[<module>] : b'\n'
|INFO| : [run.py]--[<module>] : b'Sat Oct  5 09:23:57 UTC 2024 pid://localhost:44733:0:19: Delivered commands 1376\n'
|INFO| : [run.py]--[<module>] : b'Sat Oct  5 09:23:57 UTC 2024 pid://localhost:44733:0:19: Current mean latency: 409.0\n'
|INFO| : [run.py]--[<module>] : b'\n'
|INFO| : [run.py]--[<module>] : b'Sat Oct  5 09:24:02 UTC 2024 pid://localhost:44733:0:19: Delivered commands 1408\n'
|INFO| : [run.py]--[<module>] : b'Sat Oct  5 09:24:02 UTC 2024 pid://localhost:44733:0:19: Current mean latency: 408.0\n'
|INFO| : [run.py]--[<module>] : b'\n'
|INFO| : [run.py]--[<module>] : b'Sat Oct  5 09:24:02 UTC 2024 pid://localhost:44733:0:19: Delivered commands 1408\n'
|INFO| : [run.py]--[<module>] : b'Sat Oct  5 09:24:02 UTC 2024 pid://localhost:44733:0:19: Current mean latency: 409.0\n'
|INFO| : [run.py]--[<module>] : b'\n'
|INFO| : [run.py]--[<module>] : b'Sat Oct  5 09:24:07 UTC 2024 pid://localhost:44733:0:19: Delivered commands 1440\n'
|INFO| : [run.py]--[<module>] : b'Sat Oct  5 09:24:07 UTC 2024 pid://localhost:44733:0:19: Current mean latency: 408.0\n'
|INFO| : [run.py]--[<module>] : b'\n'
|INFO| : [run.py]--[<module>] : b'Sat Oct  5 09:24:07 UTC 2024 pid://localhost:44733:0:19: Delivered commands 1440\n'
|INFO| : [run.py]--[<module>] : b'Sat Oct  5 09:24:07 UTC 2024 pid://localhost:44733:0:19: Current mean latency: 409.0\n'
|INFO| : [run.py]--[<module>] : b'\n'
|INFO| : [run.py]--[<module>] : b'Sat Oct  5 09:24:13 UTC 2024 pid://localhost:44733:0:19: Delivered commands 1472\n'
|INFO| : [run.py]--[<module>] : b'Sat Oct  5 09:24:13 UTC 2024 pid://localhost:44733:0:19: Current mean latency: 408.0\n'
|INFO| : [run.py]--[<module>] : b'\n'
|INFO| : [run.py]--[<module>] : b'Sat Oct  5 09:24:13 UTC 2024 pid://localhost:44733:0:19: Delivered commands 1472\n'
|INFO| : [run.py]--[<module>] : b'Sat Oct  5 09:24:13 UTC 2024 pid://localhost:44733:0:19: Current mean latency: 409.0\n'
|INFO| : [run.py]--[<module>] : b'\n'
|INFO| : [run.py]--[<module>] : b'Sat Oct  5 09:24:18 UTC 2024 pid://localhost:44733:0:19: Delivered commands 1504\n'
|INFO| : [run.py]--[<module>] : b'Sat Oct  5 09:24:18 UTC 2024 pid://localhost:44733:0:19: Current mean latency: 408.0\n'
|INFO| : [run.py]--[<module>] : b'\n'
|INFO| : [run.py]--[<module>] : b'Sat Oct  5 09:24:18 UTC 2024 pid://localhost:44733:0:19: Delivered commands 1504\n'
|INFO| : [run.py]--[<module>] : b'Sat Oct  5 09:24:18 UTC 2024 pid://localhost:44733:0:19: Current mean latency: 409.0\n'
|INFO| : [run.py]--[<module>] : b'\n'
|INFO| : [run.py]--[<module>] : b'Sat Oct  5 09:24:23 UTC 2024 pid://localhost:44733:0:19: Delivered commands 1536\n'
|INFO| : [run.py]--[<module>] : b'Sat Oct  5 09:24:23 UTC 2024 pid://localhost:44733:0:19: Current mean latency: 408.0\n'
|INFO| : [run.py]--[<module>] : b'\n'
|INFO| : [run.py]--[<module>] : b'Sat Oct  5 09:24:23 UTC 2024 pid://localhost:44733:0:19: Delivered commands 1536\n'
|INFO| : [run.py]--[<module>] : b'Sat Oct  5 09:24:23 UTC 2024 pid://localhost:44733:0:19: Current mean latency: 409.0\n'
|INFO| : [run.py]--[<module>] : b'\n'
|INFO| : [run.py]--[<module>] : b'Sat Oct  5 09:24:28 UTC 2024 pid://localhost:44733:0:19: Delivered commands 1568\n'
|INFO| : [run.py]--[<module>] : b'Sat Oct  5 09:24:28 UTC 2024 pid://localhost:44733:0:19: Current mean latency: 408.0\n'
|INFO| : [run.py]--[<module>] : b'\n'
|INFO| : [run.py]--[<module>] : b'Sat Oct  5 09:24:28 UTC 2024 pid://localhost:44733:0:19: Delivered commands 1568\n'
|INFO| : [run.py]--[<module>] : b'Sat Oct  5 09:24:28 UTC 2024 pid://localhost:44733:0:19: Current mean latency: 409.0\n'
|INFO| : [run.py]--[<module>] : b'\n'
|INFO| : [run.py]--[<module>] : b'Sat Oct  5 09:24:33 UTC 2024 pid://localhost:44733:0:19: Delivered commands 1600\n'
|INFO| : [run.py]--[<module>] : b'Sat Oct  5 09:24:33 UTC 2024 pid://localhost:44733:0:19: Current mean latency: 408.0\n'
|INFO| : [run.py]--[<module>] : b'\n'
|INFO| : [run.py]--[<module>] : b'Sat Oct  5 09:24:33 UTC 2024 pid://localhost:44733:0:19: Delivered commands 1600\n'
|INFO| : [run.py]--[<module>] : b'Sat Oct  5 09:24:33 UTC 2024 pid://localhost:44733:0:19: Current mean latency: 409.0\n'
|INFO| : [run.py]--[<module>] : b'\n'
|INFO| : [run.py]--[<module>] : b'Sat Oct  5 09:24:38 UTC 2024 pid://localhost:44733:0:19: Delivered commands 1632\n'
|INFO| : [run.py]--[<module>] : b'Sat Oct  5 09:24:38 UTC 2024 pid://localhost:44733:0:19: Current mean latency: 408.0\n'
|INFO| : [run.py]--[<module>] : b'\n'
|INFO| : [run.py]--[<module>] : b'Sat Oct  5 09:24:38 UTC 2024 pid://localhost:44733:0:19: Delivered commands 1632\n'
|INFO| : [run.py]--[<module>] : b'Sat Oct  5 09:24:38 UTC 2024 pid://localhost:44733:0:19: Current mean latency: 409.0\n'
|INFO| : [run.py]--[<module>] : b'\n'
|INFO| : [run.py]--[<module>] : b'Sat Oct  5 09:24:43 UTC 2024 pid://localhost:44733:0:19: Delivered commands 1664\n'
|INFO| : [run.py]--[<module>] : b'Sat Oct  5 09:24:43 UTC 2024 pid://localhost:44733:0:19: Current mean latency: 408.0\n'
|INFO| : [run.py]--[<module>] : b'\n'
|INFO| : [run.py]--[<module>] : b'Sat Oct  5 09:24:43 UTC 2024 pid://localhost:44733:0:19: Delivered commands 1664\n'
|INFO| : [run.py]--[<module>] : b'Sat Oct  5 09:24:43 UTC 2024 pid://localhost:44733:0:19: Current mean latency: 409.0\n'
|INFO| : [run.py]--[<module>] : b'\n'
|INFO| : [run.py]--[<module>] : b'Sat Oct  5 09:24:49 UTC 2024 pid://localhost:44733:0:19: Delivered commands 1696\n'
|INFO| : [run.py]--[<module>] : b'Sat Oct  5 09:24:49 UTC 2024 pid://localhost:44733:0:19: Current mean latency: 408.0\n'
|INFO| : [run.py]--[<module>] : b'\n'
|INFO| : [run.py]--[<module>] : b'Sat Oct  5 09:24:49 UTC 2024 pid://localhost:44733:0:19: Delivered commands 1696\n'
|INFO| : [run.py]--[<module>] : b'Sat Oct  5 09:24:49 UTC 2024 pid://localhost:44733:0:19: Current mean latency: 409.0\n'
|INFO| : [run.py]--[<module>] : b'\n'
|INFO| : [run.py]--[<module>] : b'Sat Oct  5 09:24:54 UTC 2024 pid://localhost:44733:0:19: Delivered commands 1728\n'
|INFO| : [run.py]--[<module>] : b'Sat Oct  5 09:24:54 UTC 2024 pid://localhost:44733:0:19: Current mean latency: 408.0\n'
|INFO| : [run.py]--[<module>] : b'\n'
|INFO| : [run.py]--[<module>] : b'Sat Oct  5 09:24:54 UTC 2024 pid://localhost:44733:0:19: Delivered commands 1728\n'
|INFO| : [run.py]--[<module>] : b'Sat Oct  5 09:24:54 UTC 2024 pid://localhost:44733:0:19: Current mean latency: 409.0\n'
|INFO| : [run.py]--[<module>] : b'\n'
|INFO| : [run.py]--[<module>] : b'Sat Oct  5 09:24:59 UTC 2024 pid://localhost:44733:0:19: Delivered commands 1760\n'
|INFO| : [run.py]--[<module>] : b'Sat Oct  5 09:24:59 UTC 2024 pid://localhost:44733:0:19: Current mean latency: 408.0\n'
|INFO| : [run.py]--[<module>] : b'\n'
|INFO| : [run.py]--[<module>] : b'Sat Oct  5 09:24:59 UTC 2024 pid://localhost:44733:0:19: Delivered commands 1760\n'
|INFO| : [run.py]--[<module>] : b'Sat Oct  5 09:24:59 UTC 2024 pid://localhost:44733:0:19: Current mean latency: 409.0\n'
|INFO| : [run.py]--[<module>] : b'\n'
|INFO| : [run.py]--[<module>] : b'Sat Oct  5 09:25:04 UTC 2024 pid://localhost:44733:0:19: Delivered commands 1792\n'
|INFO| : [run.py]--[<module>] : b'Sat Oct  5 09:25:04 UTC 2024 pid://localhost:44733:0:19: Current mean latency: 408.0\n'
|INFO| : [run.py]--[<module>] : b'\n'
|INFO| : [run.py]--[<module>] : b'Sat Oct  5 09:25:04 UTC 2024 pid://localhost:44733:0:19: Delivered commands 1792\n'
|INFO| : [run.py]--[<module>] : b'Sat Oct  5 09:25:04 UTC 2024 pid://localhost:44733:0:19: Current mean latency: 409.0\n'
|INFO| : [run.py]--[<module>] : b'\n'
|INFO| : [run.py]--[<module>] : b'Sat Oct  5 09:25:09 UTC 2024 pid://localhost:44733:0:19: Delivered commands 1824\n'
|INFO| : [run.py]--[<module>] : b'Sat Oct  5 09:25:09 UTC 2024 pid://localhost:44733:0:19: Current mean latency: 408.0\n'
|INFO| : [run.py]--[<module>] : b'\n'
|INFO| : [run.py]--[<module>] : b'Sat Oct  5 09:25:09 UTC 2024 pid://localhost:44733:0:19: Delivered commands 1824\n'
|INFO| : [run.py]--[<module>] : b'Sat Oct  5 09:25:09 UTC 2024 pid://localhost:44733:0:19: Current mean latency: 409.0\n'
|INFO| : [run.py]--[<module>] : b'\n'
|INFO| : [run.py]--[<module>] : b'Sat Oct  5 09:25:14 UTC 2024 pid://localhost:44733:0:19: Delivered commands 1856\n'
|INFO| : [run.py]--[<module>] : b'Sat Oct  5 09:25:14 UTC 2024 pid://localhost:44733:0:19: Current mean latency: 408.0\n'
|INFO| : [run.py]--[<module>] : b'\n'
|INFO| : [run.py]--[<module>] : b'Sat Oct  5 09:25:14 UTC 2024 pid://localhost:44733:0:19: Delivered commands 1856\n'
|INFO| : [run.py]--[<module>] : b'Sat Oct  5 09:25:14 UTC 2024 pid://localhost:44733:0:19: Current mean latency: 409.0\n'
|INFO| : [run.py]--[<module>] : b'\n'
|INFO| : [run.py]--[<module>] : b'Sat Oct  5 09:25:19 UTC 2024 pid://localhost:44733:0:19: Delivered commands 1888\n'
|INFO| : [run.py]--[<module>] : b'Sat Oct  5 09:25:19 UTC 2024 pid://localhost:44733:0:19: Current mean latency: 408.0\n'
|INFO| : [run.py]--[<module>] : b'\n'
|INFO| : [run.py]--[<module>] : b'Sat Oct  5 09:25:19 UTC 2024 pid://localhost:44733:0:19: Delivered commands 1888\n'
|INFO| : [run.py]--[<module>] : b'Sat Oct  5 09:25:19 UTC 2024 pid://localhost:44733:0:19: Current mean latency: 409.0\n'
|INFO| : [run.py]--[<module>] : b'\n'
|INFO| : [run.py]--[<module>] : b'Sat Oct  5 09:25:24 UTC 2024 pid://localhost:44733:0:19: Delivered commands 1920\n'
|INFO| : [run.py]--[<module>] : b'Sat Oct  5 09:25:24 UTC 2024 pid://localhost:44733:0:19: Current mean latency: 408.0\n'
|INFO| : [run.py]--[<module>] : b'\n'
|INFO| : [run.py]--[<module>] : b'Sat Oct  5 09:25:25 UTC 2024 pid://localhost:44733:0:19: Delivered commands 1920\n'
|INFO| : [run.py]--[<module>] : b'Sat Oct  5 09:25:25 UTC 2024 pid://localhost:44733:0:19: Current mean latency: 409.0\n'
|INFO| : [run.py]--[<module>] : b'\n'
|INFO| : [run.py]--[<module>] : b'Sat Oct  5 09:25:30 UTC 2024 pid://localhost:44733:0:19: Delivered commands 1952\n'
|INFO| : [run.py]--[<module>] : b'Sat Oct  5 09:25:30 UTC 2024 pid://localhost:44733:0:19: Current mean latency: 408.0\n'
|INFO| : [run.py]--[<module>] : b'\n'
|INFO| : [run.py]--[<module>] : b'Sat Oct  5 09:25:30 UTC 2024 pid://localhost:44733:0:19: Delivered commands 1952\n'
|INFO| : [run.py]--[<module>] : b'Sat Oct  5 09:25:30 UTC 2024 pid://localhost:44733:0:19: Current mean latency: 409.0\n'
|INFO| : [run.py]--[<module>] : b'\n'
|INFO| : [run.py]--[<module>] : b'Sat Oct  5 09:25:35 UTC 2024 pid://localhost:44733:0:19: Delivered commands 1984\n'
|INFO| : [run.py]--[<module>] : b'Sat Oct  5 09:25:35 UTC 2024 pid://localhost:44733:0:19: Current mean latency: 408.0\n'
|INFO| : [run.py]--[<module>] : b'\n'
|INFO| : [run.py]--[<module>] : b'Sat Oct  5 09:25:35 UTC 2024 pid://localhost:44733:0:19: Delivered commands 1984\n'
|INFO| : [run.py]--[<module>] : b'Sat Oct  5 09:25:35 UTC 2024 pid://localhost:44733:0:19: Current mean latency: 409.0\n'
|INFO| : [run.py]--[<module>] : b'\n'
|INFO| : [run.py]--[<module>] : b'Sat Oct  5 09:25:40 UTC 2024 pid://localhost:44733:0:19: Delivered commands 2016\n'
|INFO| : [run.py]--[<module>] : b'Sat Oct  5 09:25:40 UTC 2024 pid://localhost:44733:0:19: Current mean latency: 408.0\n'
|INFO| : [run.py]--[<module>] : b'\n'
|INFO| : [run.py]--[<module>] : b'Sat Oct  5 09:25:40 UTC 2024 pid://localhost:44733:0:19: Delivered commands 2016\n'
|INFO| : [run.py]--[<module>] : b'Sat Oct  5 09:25:40 UTC 2024 pid://localhost:44733:0:19: Current mean latency: 409.0\n'
|INFO| : [run.py]--[<module>] : b'\n'
|INFO| : [run.py]--[<module>] : b'Sat Oct  5 09:25:45 UTC 2024 pid://localhost:44733:0:19: Delivered commands 2048\n'
|INFO| : [run.py]--[<module>] : b'Sat Oct  5 09:25:45 UTC 2024 pid://localhost:44733:0:19: Current mean latency: 408.0\n'
|INFO| : [run.py]--[<module>] : b'\n'
|INFO| : [run.py]--[<module>] : b'Sat Oct  5 09:25:45 UTC 2024 pid://localhost:44733:0:19: Delivered commands 2048\n'
|INFO| : [run.py]--[<module>] : b'Sat Oct  5 09:25:45 UTC 2024 pid://localhost:44733:0:19: Current mean latency: 409.0\n'
|INFO| : [run.py]--[<module>] : b'\n'
|INFO| : [run.py]--[<module>] : b'Sat Oct  5 09:25:50 UTC 2024 pid://localhost:44733:0:19: Delivered commands 2080\n'
|INFO| : [run.py]--[<module>] : b'Sat Oct  5 09:25:50 UTC 2024 pid://localhost:44733:0:19: Current mean latency: 408.0\n'
|INFO| : [run.py]--[<module>] : b'\n'
|INFO| : [run.py]--[<module>] : b'Sat Oct  5 09:25:50 UTC 2024 pid://localhost:44733:0:19: Delivered commands 2080\n'
|INFO| : [run.py]--[<module>] : b'Sat Oct  5 09:25:50 UTC 2024 pid://localhost:44733:0:19: Current mean latency: 409.0\n'
|INFO| : [run.py]--[<module>] : b'\n'
|INFO| : [run.py]--[<module>] : b'Sat Oct  5 09:25:55 UTC 2024 pid://localhost:44733:0:19: Delivered commands 2112\n'
|INFO| : [run.py]--[<module>] : b'Sat Oct  5 09:25:55 UTC 2024 pid://localhost:44733:0:19: Current mean latency: 408.0\n'
|INFO| : [run.py]--[<module>] : b'\n'
|INFO| : [run.py]--[<module>] : b'Sat Oct  5 09:25:55 UTC 2024 pid://localhost:44733:0:19: Delivered commands 2112\n'
|INFO| : [run.py]--[<module>] : b'Sat Oct  5 09:25:55 UTC 2024 pid://localhost:44733:0:19: Current mean latency: 409.0\n'
|INFO| : [run.py]--[<module>] : b'\n'
|INFO| : [run.py]--[<module>] : b'Sat Oct  5 09:26:00 UTC 2024 pid://localhost:44733:0:19: Delivered commands 2144\n'
|INFO| : [run.py]--[<module>] : b'Sat Oct  5 09:26:00 UTC 2024 pid://localhost:44733:0:19: Current mean latency: 408.0\n'
|INFO| : [run.py]--[<module>] : b'\n'
|INFO| : [run.py]--[<module>] : b'Sat Oct  5 09:26:00 UTC 2024 pid://localhost:44733:0:19: Delivered commands 2144\n'
|INFO| : [run.py]--[<module>] : b'Sat Oct  5 09:26:00 UTC 2024 pid://localhost:44733:0:19: Current mean latency: 409.0\n'
|INFO| : [run.py]--[<module>] : b'\n'
|INFO| : [run.py]--[<module>] : b'Sat Oct  5 09:26:06 UTC 2024 pid://localhost:44733:0:19: Delivered commands 2176\n'
|INFO| : [run.py]--[<module>] : b'Sat Oct  5 09:26:06 UTC 2024 pid://localhost:44733:0:19: Current mean latency: 408.0\n'
|INFO| : [run.py]--[<module>] : b'\n'
|INFO| : [run.py]--[<module>] : b'Sat Oct  5 09:26:06 UTC 2024 pid://localhost:44733:0:19: Delivered commands 2176\n'
|INFO| : [run.py]--[<module>] : b'Sat Oct  5 09:26:06 UTC 2024 pid://localhost:44733:0:19: Current mean latency: 409.0\n'
|INFO| : [run.py]--[<module>] : b'\n'
|INFO| : [run.py]--[<module>] : b'Sat Oct  5 09:26:11 UTC 2024 pid://localhost:44733:0:19: Delivered commands 2208\n'
|INFO| : [run.py]--[<module>] : b'Sat Oct  5 09:26:11 UTC 2024 pid://localhost:44733:0:19: Current mean latency: 408.0\n'
|INFO| : [run.py]--[<module>] : b'\n'
|INFO| : [run.py]--[<module>] : b'Sat Oct  5 09:26:11 UTC 2024 pid://localhost:44733:0:19: Delivered commands 2208\n'
|INFO| : [run.py]--[<module>] : b'Sat Oct  5 09:26:11 UTC 2024 pid://localhost:44733:0:19: Current mean latency: 409.0\n'
|INFO| : [run.py]--[<module>] : b'\n'
|INFO| : [run.py]--[<module>] : b'Sat Oct  5 09:26:16 UTC 2024 pid://localhost:44733:0:19: Delivered commands 2240\n'
|INFO| : [run.py]--[<module>] : b'Sat Oct  5 09:26:16 UTC 2024 pid://localhost:44733:0:19: Current mean latency: 408.0\n'
|INFO| : [run.py]--[<module>] : b'\n'
|INFO| : [run.py]--[<module>] : b'Sat Oct  5 09:26:16 UTC 2024 pid://localhost:44733:0:19: Delivered commands 2240\n'
|INFO| : [run.py]--[<module>] : b'Sat Oct  5 09:26:16 UTC 2024 pid://localhost:44733:0:19: Current mean latency: 409.0\n'
|INFO| : [run.py]--[<module>] : b'\n'
|INFO| : [run.py]--[<module>] : b'Sat Oct  5 09:26:21 UTC 2024 pid://localhost:44733:0:19: Delivered commands 2272\n'
|INFO| : [run.py]--[<module>] : b'Sat Oct  5 09:26:21 UTC 2024 pid://localhost:44733:0:19: Current mean latency: 408.0\n'
|INFO| : [run.py]--[<module>] : b'\n'
|INFO| : [run.py]--[<module>] : b'Sat Oct  5 09:26:21 UTC 2024 pid://localhost:44733:0:19: Delivered commands 2272\n'
|INFO| : [run.py]--[<module>] : b'Sat Oct  5 09:26:21 UTC 2024 pid://localhost:44733:0:19: Current mean latency: 409.0\n'
|INFO| : [run.py]--[<module>] : b'\n'
|INFO| : [run.py]--[<module>] : b'Sat Oct  5 09:26:26 UTC 2024 pid://localhost:44733:0:19: Delivered commands 2304\n'
|INFO| : [run.py]--[<module>] : b'Sat Oct  5 09:26:26 UTC 2024 pid://localhost:44733:0:19: Current mean latency: 408.0\n'
|INFO| : [run.py]--[<module>] : b'\n'
|INFO| : [run.py]--[<module>] : b'Sat Oct  5 09:26:26 UTC 2024 pid://localhost:44733:0:19: Delivered commands 2304\n'
|INFO| : [run.py]--[<module>] : b'Sat Oct  5 09:26:26 UTC 2024 pid://localhost:44733:0:19: Current mean latency: 409.0\n'
|INFO| : [run.py]--[<module>] : b'\n'
|INFO| : [run.py]--[<module>] : b'Sat Oct  5 09:26:31 UTC 2024 pid://localhost:44733:0:19: Delivered commands 2336\n'
|INFO| : [run.py]--[<module>] : b'Sat Oct  5 09:26:31 UTC 2024 pid://localhost:44733:0:19: Current mean latency: 408.0\n'
|INFO| : [run.py]--[<module>] : b'\n'
|INFO| : [run.py]--[<module>] : b'Sat Oct  5 09:26:31 UTC 2024 pid://localhost:44733:0:19: Delivered commands 2336\n'
|INFO| : [run.py]--[<module>] : b'Sat Oct  5 09:26:31 UTC 2024 pid://localhost:44733:0:19: Current mean latency: 409.0\n'
|INFO| : [run.py]--[<module>] : b'\n'
|INFO| : [run.py]--[<module>] : b'Sat Oct  5 09:26:36 UTC 2024 pid://localhost:44733:0:19: Delivered commands 2368\n'
|INFO| : [run.py]--[<module>] : b'Sat Oct  5 09:26:36 UTC 2024 pid://localhost:44733:0:19: Current mean latency: 408.0\n'
|INFO| : [run.py]--[<module>] : b'\n'
|INFO| : [run.py]--[<module>] : b'Sat Oct  5 09:26:36 UTC 2024 pid://localhost:44733:0:19: Delivered commands 2368\n'
|INFO| : [run.py]--[<module>] : b'Sat Oct  5 09:26:36 UTC 2024 pid://localhost:44733:0:19: Current mean latency: 409.0\n'
|INFO| : [run.py]--[<module>] : b'\n'
|INFO| : [run.py]--[<module>] : b'Sat Oct  5 09:26:42 UTC 2024 pid://localhost:44733:0:19: Delivered commands 2400\n'
|INFO| : [run.py]--[<module>] : b'Sat Oct  5 09:26:42 UTC 2024 pid://localhost:44733:0:19: Current mean latency: 408.0\n'
|INFO| : [run.py]--[<module>] : b'\n'
|INFO| : [run.py]--[<module>] : b'Sat Oct  5 09:26:42 UTC 2024 pid://localhost:44733:0:19: Delivered commands 2400\n'
|INFO| : [run.py]--[<module>] : b'Sat Oct  5 09:26:42 UTC 2024 pid://localhost:44733:0:19: Current mean latency: 409.0\n'
|INFO| : [run.py]--[<module>] : b'\n'
|INFO| : [run.py]--[<module>] : b'Sat Oct  5 09:26:47 UTC 2024 pid://localhost:44733:0:19: Delivered commands 2432\n'
|INFO| : [run.py]--[<module>] : b'Sat Oct  5 09:26:47 UTC 2024 pid://localhost:44733:0:19: Current mean latency: 408.0\n'
|INFO| : [run.py]--[<module>] : b'\n'
|INFO| : [run.py]--[<module>] : b'Sat Oct  5 09:26:47 UTC 2024 pid://localhost:44733:0:19: Delivered commands 2432\n'
|INFO| : [run.py]--[<module>] : b'Sat Oct  5 09:26:47 UTC 2024 pid://localhost:44733:0:19: Current mean latency: 409.0\n'
|INFO| : [run.py]--[<module>] : b'\n'
|INFO| : [run.py]--[<module>] : b'Sat Oct  5 09:26:52 UTC 2024 pid://localhost:44733:0:19: Delivered commands 2464\n'
|INFO| : [run.py]--[<module>] : b'Sat Oct  5 09:26:52 UTC 2024 pid://localhost:44733:0:19: Current mean latency: 408.0\n'
|INFO| : [run.py]--[<module>] : b'\n'
|INFO| : [run.py]--[<module>] : b'Sat Oct  5 09:26:52 UTC 2024 pid://localhost:44733:0:19: Delivered commands 2464\n'
|INFO| : [run.py]--[<module>] : b'Sat Oct  5 09:26:52 UTC 2024 pid://localhost:44733:0:19: Current mean latency: 409.0\n'
|INFO| : [run.py]--[<module>] : b'\n'
|INFO| : [run.py]--[<module>] : b'Sat Oct  5 09:26:57 UTC 2024 pid://localhost:44733:0:19: Delivered commands 2496\n'
|INFO| : [run.py]--[<module>] : b'Sat Oct  5 09:26:57 UTC 2024 pid://localhost:44733:0:19: Current mean latency: 408.0\n'
|INFO| : [run.py]--[<module>] : b'\n'
|INFO| : [run.py]--[<module>] : b'Sat Oct  5 09:26:57 UTC 2024 pid://localhost:44733:0:19: Delivered commands 2496\n'
|INFO| : [run.py]--[<module>] : b'Sat Oct  5 09:26:57 UTC 2024 pid://localhost:44733:0:19: Current mean latency: 409.0\n'
|INFO| : [run.py]--[<module>] : b'\n'
|INFO| : [run.py]--[<module>] : b'Sat Oct  5 09:27:02 UTC 2024 pid://localhost:44733:0:19: Delivered commands 2528\n'
|INFO| : [run.py]--[<module>] : b'Sat Oct  5 09:27:02 UTC 2024 pid://localhost:44733:0:19: Current mean latency: 408.0\n'
|INFO| : [run.py]--[<module>] : b'\n'
|INFO| : [run.py]--[<module>] : b'Sat Oct  5 09:27:02 UTC 2024 pid://localhost:44733:0:19: Delivered commands 2528\n'
|INFO| : [run.py]--[<module>] : b'Sat Oct  5 09:27:02 UTC 2024 pid://localhost:44733:0:19: Current mean latency: 409.0\n'
|INFO| : [run.py]--[<module>] : b'\n'
|INFO| : [run.py]--[<module>] : b'Sat Oct  5 09:27:07 UTC 2024 pid://localhost:44733:0:19: Delivered commands 2560\n'
|INFO| : [run.py]--[<module>] : b'Sat Oct  5 09:27:07 UTC 2024 pid://localhost:44733:0:19: Current mean latency: 408.0\n'
|INFO| : [run.py]--[<module>] : b'\n'
|INFO| : [run.py]--[<module>] : b'Sat Oct  5 09:27:07 UTC 2024 pid://localhost:44733:0:19: Delivered commands 2560\n'
|INFO| : [run.py]--[<module>] : b'Sat Oct  5 09:27:07 UTC 2024 pid://localhost:44733:0:19: Current mean latency: 409.0\n'
|INFO| : [run.py]--[<module>] : b'\n'
|INFO| : [run.py]--[<module>] : b'Sat Oct  5 09:27:12 UTC 2024 pid://localhost:44733:0:19: Delivered commands 2592\n'
|INFO| : [run.py]--[<module>] : b'Sat Oct  5 09:27:12 UTC 2024 pid://localhost:44733:0:19: Current mean latency: 408.0\n'
|INFO| : [run.py]--[<module>] : b'\n'
|INFO| : [run.py]--[<module>] : b'Sat Oct  5 09:27:12 UTC 2024 pid://localhost:44733:0:19: Delivered commands 2592\n'
|INFO| : [run.py]--[<module>] : b'Sat Oct  5 09:27:12 UTC 2024 pid://localhost:44733:0:19: Current mean latency: 409.0\n'
|INFO| : [run.py]--[<module>] : b'\n'
|INFO| : [run.py]--[<module>] : b'Sat Oct  5 09:27:17 UTC 2024 pid://localhost:44733:0:19: Delivered commands 2624\n'
|INFO| : [run.py]--[<module>] : b'Sat Oct  5 09:27:17 UTC 2024 pid://localhost:44733:0:19: Current mean latency: 408.0\n'
|INFO| : [run.py]--[<module>] : b'\n'
|INFO| : [run.py]--[<module>] : b'Sat Oct  5 09:27:18 UTC 2024 pid://localhost:44733:0:19: Delivered commands 2624\n'
|INFO| : [run.py]--[<module>] : b'Sat Oct  5 09:27:18 UTC 2024 pid://localhost:44733:0:19: Current mean latency: 409.0\n'
|INFO| : [run.py]--[<module>] : b'\n'
|INFO| : [run.py]--[<module>] : b'Sat Oct  5 09:27:23 UTC 2024 pid://localhost:44733:0:19: Delivered commands 2656\n'
|INFO| : [run.py]--[<module>] : b'Sat Oct  5 09:27:23 UTC 2024 pid://localhost:44733:0:19: Current mean latency: 408.0\n'
|INFO| : [run.py]--[<module>] : b'\n'
|INFO| : [run.py]--[<module>] : b'Sat Oct  5 09:27:23 UTC 2024 pid://localhost:44733:0:19: Delivered commands 2656\n'
|INFO| : [run.py]--[<module>] : b'Sat Oct  5 09:27:23 UTC 2024 pid://localhost:44733:0:19: Current mean latency: 409.0\n'
|INFO| : [run.py]--[<module>] : b'\n'
|INFO| : [run.py]--[<module>] : b'Sat Oct  5 09:27:28 UTC 2024 pid://localhost:44733:0:19: Delivered commands 2688\n'
|INFO| : [run.py]--[<module>] : b'Sat Oct  5 09:27:28 UTC 2024 pid://localhost:44733:0:19: Current mean latency: 408.0\n'
|INFO| : [run.py]--[<module>] : b'\n'
|INFO| : [run.py]--[<module>] : b'Sat Oct  5 09:27:28 UTC 2024 pid://localhost:44733:0:19: Delivered commands 2688\n'
|INFO| : [run.py]--[<module>] : b'Sat Oct  5 09:27:28 UTC 2024 pid://localhost:44733:0:19: Current mean latency: 409.0\n'
|INFO| : [run.py]--[<module>] : b'\n'
|INFO| : [run.py]--[<module>] : b'Sat Oct  5 09:27:33 UTC 2024 pid://localhost:44733:0:19: Delivered commands 2720\n'
|INFO| : [run.py]--[<module>] : b'Sat Oct  5 09:27:33 UTC 2024 pid://localhost:44733:0:19: Current mean latency: 408.0\n'
|INFO| : [run.py]--[<module>] : b'\n'
|INFO| : [run.py]--[<module>] : b'Sat Oct  5 09:27:33 UTC 2024 pid://localhost:44733:0:19: Delivered commands 2720\n'
|INFO| : [run.py]--[<module>] : b'Sat Oct  5 09:27:33 UTC 2024 pid://localhost:44733:0:19: Current mean latency: 409.0\n'
|INFO| : [run.py]--[<module>] : b'\n'
|INFO| : [run.py]--[<module>] : b'Sat Oct  5 09:27:38 UTC 2024 pid://localhost:44733:0:19: Delivered commands 2752\n'
|INFO| : [run.py]--[<module>] : b'Sat Oct  5 09:27:38 UTC 2024 pid://localhost:44733:0:19: Current mean latency: 408.0\n'
|INFO| : [run.py]--[<module>] : b'\n'
|INFO| : [run.py]--[<module>] : b'Sat Oct  5 09:27:38 UTC 2024 pid://localhost:44733:0:19: Delivered commands 2752\n'
|INFO| : [run.py]--[<module>] : b'Sat Oct  5 09:27:38 UTC 2024 pid://localhost:44733:0:19: Current mean latency: 409.0\n'
|INFO| : [run.py]--[<module>] : b'\n'
|INFO| : [run.py]--[<module>] : b'Sat Oct  5 09:27:43 UTC 2024 pid://localhost:44733:0:19: Delivered commands 2784\n'
|INFO| : [run.py]--[<module>] : b'Sat Oct  5 09:27:43 UTC 2024 pid://localhost:44733:0:19: Current mean latency: 408.0\n'
|INFO| : [run.py]--[<module>] : b'\n'
|INFO| : [run.py]--[<module>] : b'Sat Oct  5 09:27:43 UTC 2024 pid://localhost:44733:0:19: Delivered commands 2784\n'
|INFO| : [run.py]--[<module>] : b'Sat Oct  5 09:27:43 UTC 2024 pid://localhost:44733:0:19: Current mean latency: 409.0\n'
|INFO| : [run.py]--[<module>] : b'\n'
|INFO| : [run.py]--[<module>] : b'Sat Oct  5 09:27:48 UTC 2024 pid://localhost:44733:0:19: Delivered commands 2816\n'
|INFO| : [run.py]--[<module>] : b'Sat Oct  5 09:27:48 UTC 2024 pid://localhost:44733:0:19: Current mean latency: 408.0\n'
|INFO| : [run.py]--[<module>] : b'\n'
|INFO| : [run.py]--[<module>] : b'Sat Oct  5 09:27:48 UTC 2024 pid://localhost:44733:0:19: Delivered commands 2816\n'
|INFO| : [run.py]--[<module>] : b'Sat Oct  5 09:27:48 UTC 2024 pid://localhost:44733:0:19: Current mean latency: 409.0\n'
|INFO| : [run.py]--[<module>] : b'\n'
|INFO| : [run.py]--[<module>] : b'Sat Oct  5 09:27:53 UTC 2024 pid://localhost:44733:0:19: Delivered commands 2848\n'
|INFO| : [run.py]--[<module>] : b'Sat Oct  5 09:27:53 UTC 2024 pid://localhost:44733:0:19: Current mean latency: 408.0\n'
|INFO| : [run.py]--[<module>] : b'\n'
|INFO| : [run.py]--[<module>] : b'Sat Oct  5 09:27:53 UTC 2024 pid://localhost:44733:0:19: Delivered commands 2848\n'
|INFO| : [run.py]--[<module>] : b'Sat Oct  5 09:27:53 UTC 2024 pid://localhost:44733:0:19: Current mean latency: 409.0\n'
|INFO| : [run.py]--[<module>] : b'\n'
|INFO| : [run.py]--[<module>] : b'Sat Oct  5 09:27:59 UTC 2024 pid://localhost:44733:0:19: Delivered commands 2880\n'
|INFO| : [run.py]--[<module>] : b'Sat Oct  5 09:27:59 UTC 2024 pid://localhost:44733:0:19: Current mean latency: 408.0\n'
|INFO| : [run.py]--[<module>] : b'\n'
|INFO| : [run.py]--[<module>] : b'Sat Oct  5 09:27:59 UTC 2024 pid://localhost:44733:0:19: Delivered commands 2880\n'
|INFO| : [run.py]--[<module>] : b'Sat Oct  5 09:27:59 UTC 2024 pid://localhost:44733:0:19: Current mean latency: 409.0\n'
|INFO| : [run.py]--[<module>] : b'\n'
|INFO| : [run.py]--[<module>] : b'Sat Oct  5 09:28:04 UTC 2024 pid://localhost:44733:0:19: Delivered commands 2912\n'
|INFO| : [run.py]--[<module>] : b'Sat Oct  5 09:28:04 UTC 2024 pid://localhost:44733:0:19: Current mean latency: 408.0\n'
|INFO| : [run.py]--[<module>] : b'\n'
|INFO| : [run.py]--[<module>] : b'Sat Oct  5 09:28:04 UTC 2024 pid://localhost:44733:0:19: Delivered commands 2912\n'
|INFO| : [run.py]--[<module>] : b'Sat Oct  5 09:28:04 UTC 2024 pid://localhost:44733:0:19: Current mean latency: 409.0\n'
|INFO| : [run.py]--[<module>] : b'\n'
|INFO| : [run.py]--[<module>] : b'Sat Oct  5 09:28:09 UTC 2024 pid://localhost:44733:0:19: Delivered commands 2944\n'
|INFO| : [run.py]--[<module>] : b'Sat Oct  5 09:28:09 UTC 2024 pid://localhost:44733:0:19: Current mean latency: 408.0\n'
|INFO| : [run.py]--[<module>] : b'\n'
|INFO| : [run.py]--[<module>] : b'Sat Oct  5 09:28:09 UTC 2024 pid://localhost:44733:0:19: Delivered commands 2944\n'
|INFO| : [run.py]--[<module>] : b'Sat Oct  5 09:28:09 UTC 2024 pid://localhost:44733:0:19: Current mean latency: 409.0\n'
|INFO| : [run.py]--[<module>] : b'\n'
|INFO| : [run.py]--[<module>] : b'Sat Oct  5 09:28:14 UTC 2024 pid://localhost:44733:0:19: Delivered commands 2976\n'
|INFO| : [run.py]--[<module>] : b'Sat Oct  5 09:28:14 UTC 2024 pid://localhost:44733:0:19: Current mean latency: 407.0\n'
|INFO| : [run.py]--[<module>] : b'\n'
|INFO| : [run.py]--[<module>] : b'Sat Oct  5 09:28:14 UTC 2024 pid://localhost:44733:0:19: Delivered commands 2976\n'
|INFO| : [run.py]--[<module>] : b'Sat Oct  5 09:28:14 UTC 2024 pid://localhost:44733:0:19: Current mean latency: 408.0\n'
|INFO| : [run.py]--[<module>] : b'\n'
|INFO| : [run.py]--[<module>] : b'Sat Oct  5 09:28:19 UTC 2024 pid://localhost:44733:0:19: Delivered commands 3008\n'
|INFO| : [run.py]--[<module>] : b'Sat Oct  5 09:28:19 UTC 2024 pid://localhost:44733:0:19: Current mean latency: 408.0\n'
|INFO| : [run.py]--[<module>] : b'\n'
|INFO| : [run.py]--[<module>] : b'Sat Oct  5 09:28:19 UTC 2024 pid://localhost:44733:0:19: Delivered commands 3008\n'
|INFO| : [run.py]--[<module>] : b'Sat Oct  5 09:28:19 UTC 2024 pid://localhost:44733:0:19: Current mean latency: 409.0\n'
|INFO| : [run.py]--[<module>] : b'\n'
|INFO| : [run.py]--[<module>] : b'Sat Oct  5 09:28:24 UTC 2024 pid://localhost:44733:0:19: Delivered commands 3040\n'
|INFO| : [run.py]--[<module>] : b'Sat Oct  5 09:28:24 UTC 2024 pid://localhost:44733:0:19: Current mean latency: 408.0\n'
|INFO| : [run.py]--[<module>] : b'\n'
|INFO| : [run.py]--[<module>] : b'Sat Oct  5 09:28:24 UTC 2024 pid://localhost:44733:0:19: Delivered commands 3040\n'
|INFO| : [run.py]--[<module>] : b'Sat Oct  5 09:28:24 UTC 2024 pid://localhost:44733:0:19: Current mean latency: 409.0\n'
|INFO| : [run.py]--[<module>] : b'\n'
|INFO| : [run.py]--[<module>] : b'Sat Oct  5 09:28:29 UTC 2024 pid://localhost:44733:0:19: Delivered commands 3072\n'
|INFO| : [run.py]--[<module>] : b'Sat Oct  5 09:28:29 UTC 2024 pid://localhost:44733:0:19: Current mean latency: 408.0\n'
|INFO| : [run.py]--[<module>] : b'\n'
|INFO| : [run.py]--[<module>] : b'Sat Oct  5 09:28:29 UTC 2024 pid://localhost:44733:0:19: Delivered commands 3072\n'
|INFO| : [run.py]--[<module>] : b'Sat Oct  5 09:28:29 UTC 2024 pid://localhost:44733:0:19: Current mean latency: 409.0\n'
|INFO| : [run.py]--[<module>] : b'\n'
|INFO| : [run.py]--[<module>] : b'Sat Oct  5 09:28:35 UTC 2024 pid://localhost:44733:0:19: Delivered commands 3104\n'
|INFO| : [run.py]--[<module>] : b'Sat Oct  5 09:28:35 UTC 2024 pid://localhost:44733:0:19: Current mean latency: 408.0\n'
|INFO| : [run.py]--[<module>] : b'\n'
|INFO| : [run.py]--[<module>] : b'Sat Oct  5 09:28:35 UTC 2024 pid://localhost:44733:0:19: Delivered commands 3104\n'
|INFO| : [run.py]--[<module>] : b'Sat Oct  5 09:28:35 UTC 2024 pid://localhost:44733:0:19: Current mean latency: 409.0\n'
|INFO| : [run.py]--[<module>] : b'\n'
|INFO| : [run.py]--[<module>] : b'Sat Oct  5 09:28:40 UTC 2024 pid://localhost:44733:0:19: Delivered commands 3136\n'
|INFO| : [run.py]--[<module>] : b'Sat Oct  5 09:28:40 UTC 2024 pid://localhost:44733:0:19: Current mean latency: 408.0\n'
|INFO| : [run.py]--[<module>] : b'\n'
|INFO| : [run.py]--[<module>] : b'Sat Oct  5 09:28:40 UTC 2024 pid://localhost:44733:0:19: Delivered commands 3136\n'
|INFO| : [run.py]--[<module>] : b'Sat Oct  5 09:28:40 UTC 2024 pid://localhost:44733:0:19: Current mean latency: 409.0\n'
|INFO| : [run.py]--[<module>] : b'\n'
|INFO| : [run.py]--[<module>] : b'Sat Oct  5 09:28:45 UTC 2024 pid://localhost:44733:0:19: Delivered commands 3168\n'
|INFO| : [run.py]--[<module>] : b'Sat Oct  5 09:28:45 UTC 2024 pid://localhost:44733:0:19: Current mean latency: 408.0\n'
|INFO| : [run.py]--[<module>] : b'\n'
|INFO| : [run.py]--[<module>] : b'Sat Oct  5 09:28:45 UTC 2024 pid://localhost:44733:0:19: Delivered commands 3168\n'
|INFO| : [run.py]--[<module>] : b'Sat Oct  5 09:28:45 UTC 2024 pid://localhost:44733:0:19: Current mean latency: 409.0\n'
|INFO| : [run.py]--[<module>] : b'\n'
|INFO| : [run.py]--[<module>] : b'Sat Oct  5 09:28:50 UTC 2024 pid://localhost:44733:0:19: Delivered commands 3200\n'
|INFO| : [run.py]--[<module>] : b'Sat Oct  5 09:28:50 UTC 2024 pid://localhost:44733:0:19: Current mean latency: 408.0\n'
|INFO| : [run.py]--[<module>] : b'\n'
|INFO| : [run.py]--[<module>] : b'Sat Oct  5 09:28:50 UTC 2024 pid://localhost:44733:0:19: Delivered commands 3200\n'
|INFO| : [run.py]--[<module>] : b'Sat Oct  5 09:28:50 UTC 2024 pid://localhost:44733:0:19: Current mean latency: 409.0\n'
|INFO| : [run.py]--[<module>] : b'\n'
|INFO| : [run.py]--[<module>] : b'Sat Oct  5 09:28:55 UTC 2024 pid://localhost:44733:0:19: Delivered commands 3232\n'
|INFO| : [run.py]--[<module>] : b'Sat Oct  5 09:28:55 UTC 2024 pid://localhost:44733:0:19: Current mean latency: 408.0\n'
|INFO| : [run.py]--[<module>] : b'\n'
|INFO| : [run.py]--[<module>] : b'Sat Oct  5 09:28:55 UTC 2024 pid://localhost:44733:0:19: Delivered commands 3232\n'
|INFO| : [run.py]--[<module>] : b'Sat Oct  5 09:28:55 UTC 2024 pid://localhost:44733:0:19: Current mean latency: 409.0\n'
|INFO| : [run.py]--[<module>] : b'\n'
|INFO| : [run.py]--[<module>] : b'Sat Oct  5 09:29:00 UTC 2024 pid://localhost:44733:0:19: Delivered commands 3264\n'
|INFO| : [run.py]--[<module>] : b'Sat Oct  5 09:29:00 UTC 2024 pid://localhost:44733:0:19: Current mean latency: 408.0\n'
|INFO| : [run.py]--[<module>] : b'\n'
|INFO| : [run.py]--[<module>] : b'Sat Oct  5 09:29:00 UTC 2024 pid://localhost:44733:0:19: Delivered commands 3264\n'
|INFO| : [run.py]--[<module>] : b'Sat Oct  5 09:29:00 UTC 2024 pid://localhost:44733:0:19: Current mean latency: 409.0\n'
|INFO| : [run.py]--[<module>] : b'\n'
|INFO| : [run.py]--[<module>] : b'Sat Oct  5 09:29:05 UTC 2024 pid://localhost:44733:0:19: Delivered commands 3296\n'
|INFO| : [run.py]--[<module>] : b'Sat Oct  5 09:29:05 UTC 2024 pid://localhost:44733:0:19: Current mean latency: 408.0\n'
|INFO| : [run.py]--[<module>] : b'\n'
|INFO| : [run.py]--[<module>] : b'Sat Oct  5 09:29:05 UTC 2024 pid://localhost:44733:0:19: Delivered commands 3296\n'
|INFO| : [run.py]--[<module>] : b'Sat Oct  5 09:29:05 UTC 2024 pid://localhost:44733:0:19: Current mean latency: 409.0\n'
|INFO| : [run.py]--[<module>] : b'\n'
|INFO| : [run.py]--[<module>] : b'Sat Oct  5 09:29:10 UTC 2024 pid://localhost:44733:0:19: Delivered commands 3328\n'
|INFO| : [run.py]--[<module>] : b'Sat Oct  5 09:29:10 UTC 2024 pid://localhost:44733:0:19: Current mean latency: 408.0\n'
|INFO| : [run.py]--[<module>] : b'\n'
|INFO| : [run.py]--[<module>] : b'Sat Oct  5 09:29:10 UTC 2024 pid://localhost:44733:0:19: Delivered commands 3328\n'
|INFO| : [run.py]--[<module>] : b'Sat Oct  5 09:29:10 UTC 2024 pid://localhost:44733:0:19: Current mean latency: 409.0\n'
|INFO| : [run.py]--[<module>] : b'\n'
|INFO| : [run.py]--[<module>] : b'Sat Oct  5 09:29:16 UTC 2024 pid://localhost:44733:0:19: Delivered commands 3360\n'
|INFO| : [run.py]--[<module>] : b'Sat Oct  5 09:29:16 UTC 2024 pid://localhost:44733:0:19: Current mean latency: 408.0\n'
|INFO| : [run.py]--[<module>] : b'\n'
|INFO| : [run.py]--[<module>] : b'Sat Oct  5 09:29:16 UTC 2024 pid://localhost:44733:0:19: Delivered commands 3360\n'
|INFO| : [run.py]--[<module>] : b'Sat Oct  5 09:29:16 UTC 2024 pid://localhost:44733:0:19: Current mean latency: 409.0\n'
|INFO| : [run.py]--[<module>] : b'\n'
|INFO| : [run.py]--[<module>] : b'Sat Oct  5 09:29:21 UTC 2024 pid://localhost:44733:0:19: Delivered commands 3392\n'
|INFO| : [run.py]--[<module>] : b'Sat Oct  5 09:29:21 UTC 2024 pid://localhost:44733:0:19: Current mean latency: 407.0\n'
|INFO| : [run.py]--[<module>] : b'\n'
|INFO| : [run.py]--[<module>] : b'Sat Oct  5 09:29:21 UTC 2024 pid://localhost:44733:0:19: Delivered commands 3392\n'
|INFO| : [run.py]--[<module>] : b'Sat Oct  5 09:29:21 UTC 2024 pid://localhost:44733:0:19: Current mean latency: 408.0\n'
|INFO| : [run.py]--[<module>] : b'\n'
|INFO| : [run.py]--[<module>] : b'Sat Oct  5 09:29:26 UTC 2024 pid://localhost:44733:0:19: Delivered commands 3424\n'
|INFO| : [run.py]--[<module>] : b'Sat Oct  5 09:29:26 UTC 2024 pid://localhost:44733:0:19: Current mean latency: 408.0\n'
|INFO| : [run.py]--[<module>] : b'\n'
|INFO| : [run.py]--[<module>] : b'Sat Oct  5 09:29:26 UTC 2024 pid://localhost:44733:0:19: Delivered commands 3424\n'
|INFO| : [run.py]--[<module>] : b'Sat Oct  5 09:29:26 UTC 2024 pid://localhost:44733:0:19: Current mean latency: 409.0\n'
|INFO| : [run.py]--[<module>] : b'\n'
|INFO| : [run.py]--[<module>] : b'Sat Oct  5 09:29:31 UTC 2024 pid://localhost:44733:0:19: Delivered commands 3456\n'
|INFO| : [run.py]--[<module>] : b'Sat Oct  5 09:29:31 UTC 2024 pid://localhost:44733:0:19: Current mean latency: 408.0\n'
|INFO| : [run.py]--[<module>] : b'\n'
|INFO| : [run.py]--[<module>] : b'Sat Oct  5 09:29:31 UTC 2024 pid://localhost:44733:0:19: Delivered commands 3456\n'
|INFO| : [run.py]--[<module>] : b'Sat Oct  5 09:29:31 UTC 2024 pid://localhost:44733:0:19: Current mean latency: 409.0\n'
|INFO| : [run.py]--[<module>] : b'\n'
|INFO| : [run.py]--[<module>] : b'Sat Oct  5 09:29:36 UTC 2024 pid://localhost:44733:0:19: Delivered commands 3488\n'
|INFO| : [run.py]--[<module>] : b'Sat Oct  5 09:29:36 UTC 2024 pid://localhost:44733:0:19: Current mean latency: 408.0\n'
|INFO| : [run.py]--[<module>] : b'\n'
|INFO| : [run.py]--[<module>] : b'Sat Oct  5 09:29:36 UTC 2024 pid://localhost:44733:0:19: Delivered commands 3488\n'
|INFO| : [run.py]--[<module>] : b'Sat Oct  5 09:29:36 UTC 2024 pid://localhost:44733:0:19: Current mean latency: 409.0\n'
|INFO| : [run.py]--[<module>] : b'\n'
|INFO| : [run.py]--[<module>] : b'Sat Oct  5 09:29:41 UTC 2024 pid://localhost:44733:0:19: Delivered commands 3520\n'
|INFO| : [run.py]--[<module>] : b'Sat Oct  5 09:29:41 UTC 2024 pid://localhost:44733:0:19: Current mean latency: 408.0\n'
|INFO| : [run.py]--[<module>] : b'\n'
|INFO| : [run.py]--[<module>] : b'Sat Oct  5 09:29:41 UTC 2024 pid://localhost:44733:0:19: Delivered commands 3520\n'
|INFO| : [run.py]--[<module>] : b'Sat Oct  5 09:29:41 UTC 2024 pid://localhost:44733:0:19: Current mean latency: 409.0\n'
|INFO| : [run.py]--[<module>] : b'\n'
|INFO| : [run.py]--[<module>] : b'Sat Oct  5 09:29:46 UTC 2024 pid://localhost:44733:0:19: Delivered commands 3552\n'
|INFO| : [run.py]--[<module>] : b'Sat Oct  5 09:29:46 UTC 2024 pid://localhost:44733:0:19: Current mean latency: 408.0\n'
|INFO| : [run.py]--[<module>] : b'\n'
|INFO| : [run.py]--[<module>] : b'Sat Oct  5 09:29:46 UTC 2024 pid://localhost:44733:0:19: Delivered commands 3552\n'
|INFO| : [run.py]--[<module>] : b'Sat Oct  5 09:29:46 UTC 2024 pid://localhost:44733:0:19: Current mean latency: 409.0\n'
|INFO| : [run.py]--[<module>] : b'\n'
|INFO| : [run.py]--[<module>] : b'Sat Oct  5 09:29:52 UTC 2024 pid://localhost:44733:0:19: Delivered commands 3584\n'
|INFO| : [run.py]--[<module>] : b'Sat Oct  5 09:29:52 UTC 2024 pid://localhost:44733:0:19: Current mean latency: 408.0\n'
|INFO| : [run.py]--[<module>] : b'\n'
|INFO| : [run.py]--[<module>] : b'Sat Oct  5 09:29:52 UTC 2024 pid://localhost:44733:0:19: Delivered commands 3584\n'
|INFO| : [run.py]--[<module>] : b'Sat Oct  5 09:29:52 UTC 2024 pid://localhost:44733:0:19: Current mean latency: 409.0\n'
|INFO| : [run.py]--[<module>] : b'\n'
|INFO| : [run.py]--[<module>] : b'Sat Oct  5 09:29:57 UTC 2024 pid://localhost:44733:0:19: Delivered commands 3616\n'
|INFO| : [run.py]--[<module>] : b'Sat Oct  5 09:29:57 UTC 2024 pid://localhost:44733:0:19: Current mean latency: 408.0\n'
|INFO| : [run.py]--[<module>] : b'\n'
|INFO| : [run.py]--[<module>] : b'Sat Oct  5 09:29:57 UTC 2024 pid://localhost:44733:0:19: Delivered commands 3616\n'
|INFO| : [run.py]--[<module>] : b'Sat Oct  5 09:29:57 UTC 2024 pid://localhost:44733:0:19: Current mean latency: 409.0\n'
|INFO| : [run.py]--[<module>] : b'\n'
|INFO| : [run.py]--[<module>] : b'Sat Oct  5 09:30:02 UTC 2024 pid://localhost:44733:0:19: Delivered commands 3648\n'
|INFO| : [run.py]--[<module>] : b'Sat Oct  5 09:30:02 UTC 2024 pid://localhost:44733:0:19: Current mean latency: 408.0\n'
|INFO| : [run.py]--[<module>] : b'\n'
|INFO| : [run.py]--[<module>] : b'Sat Oct  5 09:30:02 UTC 2024 pid://localhost:44733:0:19: Delivered commands 3648\n'
|INFO| : [run.py]--[<module>] : b'Sat Oct  5 09:30:02 UTC 2024 pid://localhost:44733:0:19: Current mean latency: 409.0\n'
|INFO| : [run.py]--[<module>] : b'\n'
|INFO| : [run.py]--[<module>] : b'Sat Oct  5 09:30:07 UTC 2024 pid://localhost:44733:0:19: Delivered commands 3680\n'
|INFO| : [run.py]--[<module>] : b'Sat Oct  5 09:30:07 UTC 2024 pid://localhost:44733:0:19: Current mean latency: 408.0\n'
|INFO| : [run.py]--[<module>] : b'\n'
|INFO| : [run.py]--[<module>] : b'Sat Oct  5 09:30:07 UTC 2024 pid://localhost:44733:0:19: Delivered commands 3680\n'
|INFO| : [run.py]--[<module>] : b'Sat Oct  5 09:30:07 UTC 2024 pid://localhost:44733:0:19: Current mean latency: 409.0\n'
|INFO| : [run.py]--[<module>] : b'\n'
|INFO| : [run.py]--[<module>] : b'Sat Oct  5 09:30:12 UTC 2024 pid://localhost:44733:0:19: Delivered commands 3712\n'
|INFO| : [run.py]--[<module>] : b'Sat Oct  5 09:30:12 UTC 2024 pid://localhost:44733:0:19: Current mean latency: 408.0\n'
|INFO| : [run.py]--[<module>] : b'\n'
|INFO| : [run.py]--[<module>] : b'Sat Oct  5 09:30:12 UTC 2024 pid://localhost:44733:0:19: Delivered commands 3712\n'
|INFO| : [run.py]--[<module>] : b'Sat Oct  5 09:30:12 UTC 2024 pid://localhost:44733:0:19: Current mean latency: 409.0\n'
|INFO| : [run.py]--[<module>] : b'\n'
|INFO| : [run.py]--[<module>] : b'Running for 600 seconds before exiting...\n'
|INFO| : [run.py]--[<module>] : b'Exiting now.\n'
