|INFO| : [run.py]--[<module>] : b'Up to date\n'
|INFO| : [run.py]--[<module>] : b'Sat Oct  5 09:40:17 UTC 2024 pid://localhost:34913:0:8: sent servers [pid://localhost:34913:0:9,pid://localhost:34913:0:10,pid://localhost:34913:0:11,pid://localhost:34913:0:12,pid://localhost:34913:0:13,pid://localhost:34913:0:14,pid://localhost:34913:0:15,pid://localhost:34913:0:16,pid://localhost:34913:0:17,pid://localhost:34913:0:18,pid://localhost:34913:0:19,pid://localhost:34913:0:20,pid://localhost:34913:0:21,pid://localhost:34913:0:22,pid://localhost:34913:0:23,pid://localhost:34913:0:24,pid://localhost:34913:0:25,pid://localhost:34913:0:26,pid://localhost:34913:0:27,pid://localhost:34913:0:28]\n'
|INFO| : [run.py]--[<module>] : b'Sat Oct  5 09:40:17 UTC 2024 pid://localhost:34913:0:8: sent clients [pid://localhost:34913:0:29]\n'
|INFO| : [run.py]--[<module>] : b'Sat Oct  5 09:40:17 UTC 2024 pid://localhost:34913:0:9: received servers [pid://localhost:34913:0:9,pid://localhost:34913:0:10,pid://localhost:34913:0:11,pid://localhost:34913:0:12,pid://localhost:34913:0:13,pid://localhost:34913:0:14,pid://localhost:34913:0:15,pid://localhost:34913:0:16,pid://localhost:34913:0:17,pid://localhost:34913:0:18,pid://localhost:34913:0:19,pid://localhost:34913:0:20,pid://localhost:34913:0:21,pid://localhost:34913:0:22,pid://localhost:34913:0:23,pid://localhost:34913:0:24,pid://localhost:34913:0:25,pid://localhost:34913:0:26,pid://localhost:34913:0:27,pid://localhost:34913:0:28]\n'
|INFO| : [run.py]--[<module>] : b'Sat Oct  5 09:40:17 UTC 2024 pid://localhost:34913:0:9: received clients [pid://localhost:34913:0:29]\n'
|INFO| : [run.py]--[<module>] : b'Sat Oct  5 09:40:17 UTC 2024 pid://localhost:34913:0:9: synchronous delta timers set to 100 ticks\n'
|INFO| : [run.py]--[<module>] : b'Sat Oct  5 09:40:17 UTC 2024 pid://localhost:34913:0:11: received servers [pid://localhost:34913:0:9,pid://localhost:34913:0:10,pid://localhost:34913:0:11,pid://localhost:34913:0:12,pid://localhost:34913:0:13,pid://localhost:34913:0:14,pid://localhost:34913:0:15,pid://localhost:34913:0:16,pid://localhost:34913:0:17,pid://localhost:34913:0:18,pid://localhost:34913:0:19,pid://localhost:34913:0:20,pid://localhost:34913:0:21,pid://localhost:34913:0:22,pid://localhost:34913:0:23,pid://localhost:34913:0:24,pid://localhost:34913:0:25,pid://localhost:34913:0:26,pid://localhost:34913:0:27,pid://localhost:34913:0:28]\n'
|INFO| : [run.py]--[<module>] : b'Sat Oct  5 09:40:17 UTC 2024 pid://localhost:34913:0:11: received clients [pid://localhost:34913:0:29]\n'
|INFO| : [run.py]--[<module>] : b'Sat Oct  5 09:40:17 UTC 2024 pid://localhost:34913:0:11: synchronous delta timers set to 100 ticks\n'
|INFO| : [run.py]--[<module>] : b'Sat Oct  5 09:40:17 UTC 2024 pid://localhost:34913:0:13: received servers [pid://localhost:34913:0:9,pid://localhost:34913:0:10,pid://localhost:34913:0:11,pid://localhost:34913:0:12,pid://localhost:34913:0:13,pid://localhost:34913:0:14,pid://localhost:34913:0:15,pid://localhost:34913:0:16,pid://localhost:34913:0:17,pid://localhost:34913:0:18,pid://localhost:34913:0:19,pid://localhost:34913:0:20,pid://localhost:34913:0:21,pid://localhost:34913:0:22,pid://localhost:34913:0:23,pid://localhost:34913:0:24,pid://localhost:34913:0:25,pid://localhost:34913:0:26,pid://localhost:34913:0:27,pid://localhost:34913:0:28]\n'
|INFO| : [run.py]--[<module>] : b'Sat Oct  5 09:40:17 UTC 2024 pid://localhost:34913:0:13: received clients [pid://localhost:34913:0:29]\n'
|INFO| : [run.py]--[<module>] : b'Sat Oct  5 09:40:17 UTC 2024 pid://localhost:34913:0:13: synchronous delta timers set to 100 ticks\n'
|INFO| : [run.py]--[<module>] : b'Sat Oct  5 09:40:17 UTC 2024 pid://localhost:34913:0:14: received servers [pid://localhost:34913:0:9,pid://localhost:34913:0:10,pid://localhost:34913:0:11,pid://localhost:34913:0:12,pid://localhost:34913:0:13,pid://localhost:34913:0:14,pid://localhost:34913:0:15,pid://localhost:34913:0:16,pid://localhost:34913:0:17,pid://localhost:34913:0:18,pid://localhost:34913:0:19,pid://localhost:34913:0:20,pid://localhost:34913:0:21,pid://localhost:34913:0:22,pid://localhost:34913:0:23,pid://localhost:34913:0:24,pid://localhost:34913:0:25,pid://localhost:34913:0:26,pid://localhost:34913:0:27,pid://localhost:34913:0:28]\n'
|INFO| : [run.py]--[<module>] : b'Sat Oct  5 09:40:17 UTC 2024 pid://localhost:34913:0:14: received clients [pid://localhost:34913:0:29]\n'
|INFO| : [run.py]--[<module>] : b'Sat Oct  5 09:40:17 UTC 2024 pid://localhost:34913:0:14: synchronous delta timers set to 100 ticks\n'
|INFO| : [run.py]--[<module>] : b'Sat Oct  5 09:40:17 UTC 2024 pid://localhost:34913:0:15: received servers [pid://localhost:34913:0:9,pid://localhost:34913:0:10,pid://localhost:34913:0:11,pid://localhost:34913:0:12,pid://localhost:34913:0:13,pid://localhost:34913:0:14,pid://localhost:34913:0:15,pid://localhost:34913:0:16,pid://localhost:34913:0:17,pid://localhost:34913:0:18,pid://localhost:34913:0:19,pid://localhost:34913:0:20,pid://localhost:34913:0:21,pid://localhost:34913:0:22,pid://localhost:34913:0:23,pid://localhost:34913:0:24,pid://localhost:34913:0:25,pid://localhost:34913:0:26,pid://localhost:34913:0:27,pid://localhost:34913:0:28]\n'
|INFO| : [run.py]--[<module>] : b'Sat Oct  5 09:40:17 UTC 2024 pid://localhost:34913:0:15: received clients [pid://localhost:34913:0:29]\n'
|INFO| : [run.py]--[<module>] : b'Sat Oct  5 09:40:17 UTC 2024 pid://localhost:34913:0:15: synchronous delta timers set to 100 ticks\n'
|INFO| : [run.py]--[<module>] : b'Sat Oct  5 09:40:17 UTC 2024 pid://localhost:34913:0:16: received servers [pid://localhost:34913:0:9,pid://localhost:34913:0:10,pid://localhost:34913:0:11,pid://localhost:34913:0:12,pid://localhost:34913:0:13,pid://localhost:34913:0:14,pid://localhost:34913:0:15,pid://localhost:34913:0:16,pid://localhost:34913:0:17,pid://localhost:34913:0:18,pid://localhost:34913:0:19,pid://localhost:34913:0:20,pid://localhost:34913:0:21,pid://localhost:34913:0:22,pid://localhost:34913:0:23,pid://localhost:34913:0:24,pid://localhost:34913:0:25,pid://localhost:34913:0:26,pid://localhost:34913:0:27,pid://localhost:34913:0:28]\n'
|INFO| : [run.py]--[<module>] : b'Sat Oct  5 09:40:17 UTC 2024 pid://localhost:34913:0:16: received clients [pid://localhost:34913:0:29]\n'
|INFO| : [run.py]--[<module>] : b'Sat Oct  5 09:40:17 UTC 2024 pid://localhost:34913:0:16: synchronous delta timers set to 100 ticks\n'
|INFO| : [run.py]--[<module>] : b'Sat Oct  5 09:40:17 UTC 2024 pid://localhost:34913:0:17: received servers [pid://localhost:34913:0:9,pid://localhost:34913:0:10,pid://localhost:34913:0:11,pid://localhost:34913:0:12,pid://localhost:34913:0:13,pid://localhost:34913:0:14,pid://localhost:34913:0:15,pid://localhost:34913:0:16,pid://localhost:34913:0:17,pid://localhost:34913:0:18,pid://localhost:34913:0:19,pid://localhost:34913:0:20,pid://localhost:34913:0:21,pid://localhost:34913:0:22,pid://localhost:34913:0:23,pid://localhost:34913:0:24,pid://localhost:34913:0:25,pid://localhost:34913:0:26,pid://localhost:34913:0:27,pid://localhost:34913:0:28]\n'
|INFO| : [run.py]--[<module>] : b'Sat Oct  5 09:40:17 UTC 2024 pid://localhost:34913:0:17: received clients [pid://localhost:34913:0:29]\n'
|INFO| : [run.py]--[<module>] : b'Sat Oct  5 09:40:17 UTC 2024 pid://localhost:34913:0:17: synchronous delta timers set to 100 ticks\n'
|INFO| : [run.py]--[<module>] : b'Sat Oct  5 09:40:17 UTC 2024 pid://localhost:34913:0:18: received servers [pid://localhost:34913:0:9,pid://localhost:34913:0:10,pid://localhost:34913:0:11,pid://localhost:34913:0:12,pid://localhost:34913:0:13,pid://localhost:34913:0:14,pid://localhost:34913:0:15,pid://localhost:34913:0:16,pid://localhost:34913:0:17,pid://localhost:34913:0:18,pid://localhost:34913:0:19,pid://localhost:34913:0:20,pid://localhost:34913:0:21,pid://localhost:34913:0:22,pid://localhost:34913:0:23,pid://localhost:34913:0:24,pid://localhost:34913:0:25,pid://localhost:34913:0:26,pid://localhost:34913:0:27,pid://localhost:34913:0:28]\n'
|INFO| : [run.py]--[<module>] : b'Sat Oct  5 09:40:17 UTC 2024 pid://localhost:34913:0:18: received clients [pid://localhost:34913:0:29]\n'
|INFO| : [run.py]--[<module>] : b'Sat Oct  5 09:40:17 UTC 2024 pid://localhost:34913:0:18: synchronous delta timers set to 100 ticks\n'
|INFO| : [run.py]--[<module>] : b'Sat Oct  5 09:40:17 UTC 2024 pid://localhost:34913:0:19: received servers [pid://localhost:34913:0:9,pid://localhost:34913:0:10,pid://localhost:34913:0:11,pid://localhost:34913:0:12,pid://localhost:34913:0:13,pid://localhost:34913:0:14,pid://localhost:34913:0:15,pid://localhost:34913:0:16,pid://localhost:34913:0:17,pid://localhost:34913:0:18,pid://localhost:34913:0:19,pid://localhost:34913:0:20,pid://localhost:34913:0:21,pid://localhost:34913:0:22,pid://localhost:34913:0:23,pid://localhost:34913:0:24,pid://localhost:34913:0:25,pid://localhost:34913:0:26,pid://localhost:34913:0:27,pid://localhost:34913:0:28]\n'
|INFO| : [run.py]--[<module>] : b'Sat Oct  5 09:40:17 UTC 2024 pid://localhost:34913:0:19: received clients [pid://localhost:34913:0:29]\n'
|INFO| : [run.py]--[<module>] : b'Sat Oct  5 09:40:17 UTC 2024 pid://localhost:34913:0:19: synchronous delta timers set to 100 ticks\n'
|INFO| : [run.py]--[<module>] : b'Sat Oct  5 09:40:17 UTC 2024 pid://localhost:34913:0:20: received servers [pid://localhost:34913:0:9,pid://localhost:34913:0:10,pid://localhost:34913:0:11,pid://localhost:34913:0:12,pid://localhost:34913:0:13,pid://localhost:34913:0:14,pid://localhost:34913:0:15,pid://localhost:34913:0:16,pid://localhost:34913:0:17,pid://localhost:34913:0:18,pid://localhost:34913:0:19,pid://localhost:34913:0:20,pid://localhost:34913:0:21,pid://localhost:34913:0:22,pid://localhost:34913:0:23,pid://localhost:34913:0:24,pid://localhost:34913:0:25,pid://localhost:34913:0:26,pid://localhost:34913:0:27,pid://localhost:34913:0:28]\n'
|INFO| : [run.py]--[<module>] : b'Sat Oct  5 09:40:17 UTC 2024 pid://localhost:34913:0:20: received clients [pid://localhost:34913:0:29]\n'
|INFO| : [run.py]--[<module>] : b'Sat Oct  5 09:40:17 UTC 2024 pid://localhost:34913:0:20: synchronous delta timers set to 100 ticks\n'
|INFO| : [run.py]--[<module>] : b'Sat Oct  5 09:40:17 UTC 2024 pid://localhost:34913:0:21: received servers [pid://localhost:34913:0:9,pid://localhost:34913:0:10,pid://localhost:34913:0:11,pid://localhost:34913:0:12,pid://localhost:34913:0:13,pid://localhost:34913:0:14,pid://localhost:34913:0:15,pid://localhost:34913:0:16,pid://localhost:34913:0:17,pid://localhost:34913:0:18,pid://localhost:34913:0:19,pid://localhost:34913:0:20,pid://localhost:34913:0:21,pid://localhost:34913:0:22,pid://localhost:34913:0:23,pid://localhost:34913:0:24,pid://localhost:34913:0:25,pid://localhost:34913:0:26,pid://localhost:34913:0:27,pid://localhost:34913:0:28]\n'
|INFO| : [run.py]--[<module>] : b'Sat Oct  5 09:40:17 UTC 2024 pid://localhost:34913:0:21: received clients [pid://localhost:34913:0:29]\n'
|INFO| : [run.py]--[<module>] : b'Sat Oct  5 09:40:17 UTC 2024 pid://localhost:34913:0:21: synchronous delta timers set to 100 ticks\n'
|INFO| : [run.py]--[<module>] : b'Sat Oct  5 09:40:17 UTC 2024 pid://localhost:34913:0:22: received servers [pid://localhost:34913:0:9,pid://localhost:34913:0:10,pid://localhost:34913:0:11,pid://localhost:34913:0:12,pid://localhost:34913:0:13,pid://localhost:34913:0:14,pid://localhost:34913:0:15,pid://localhost:34913:0:16,pid://localhost:34913:0:17,pid://localhost:34913:0:18,pid://localhost:34913:0:19,pid://localhost:34913:0:20,pid://localhost:34913:0:21,pid://localhost:34913:0:22,pid://localhost:34913:0:23,pid://localhost:34913:0:24,pid://localhost:34913:0:25,pid://localhost:34913:0:26,pid://localhost:34913:0:27,pid://localhost:34913:0:28]\n'
|INFO| : [run.py]--[<module>] : b'Sat Oct  5 09:40:17 UTC 2024 pid://localhost:34913:0:22: received clients [pid://localhost:34913:0:29]\n'
|INFO| : [run.py]--[<module>] : b'Sat Oct  5 09:40:17 UTC 2024 pid://localhost:34913:0:22: synchronous delta timers set to 100 ticks\n'
|INFO| : [run.py]--[<module>] : b'Sat Oct  5 09:40:17 UTC 2024 pid://localhost:34913:0:23: received servers [pid://localhost:34913:0:9,pid://localhost:34913:0:10,pid://localhost:34913:0:11,pid://localhost:34913:0:12,pid://localhost:34913:0:13,pid://localhost:34913:0:14,pid://localhost:34913:0:15,pid://localhost:34913:0:16,pid://localhost:34913:0:17,pid://localhost:34913:0:18,pid://localhost:34913:0:19,pid://localhost:34913:0:20,pid://localhost:34913:0:21,pid://localhost:34913:0:22,pid://localhost:34913:0:23,pid://localhost:34913:0:24,pid://localhost:34913:0:25,pid://localhost:34913:0:26,pid://localhost:34913:0:27,pid://localhost:34913:0:28]\n'
|INFO| : [run.py]--[<module>] : b'Sat Oct  5 09:40:17 UTC 2024 pid://localhost:34913:0:23: received clients [pid://localhost:34913:0:29]\n'
|INFO| : [run.py]--[<module>] : b'Sat Oct  5 09:40:17 UTC 2024 pid://localhost:34913:0:23: synchronous delta timers set to 100 ticks\n'
|INFO| : [run.py]--[<module>] : b'Sat Oct  5 09:40:17 UTC 2024 pid://localhost:34913:0:24: received servers [pid://localhost:34913:0:9,pid://localhost:34913:0:10,pid://localhost:34913:0:11,pid://localhost:34913:0:12,pid://localhost:34913:0:13,pid://localhost:34913:0:14,pid://localhost:34913:0:15,pid://localhost:34913:0:16,pid://localhost:34913:0:17,pid://localhost:34913:0:18,pid://localhost:34913:0:19,pid://localhost:34913:0:20,pid://localhost:34913:0:21,pid://localhost:34913:0:22,pid://localhost:34913:0:23,pid://localhost:34913:0:24,pid://localhost:34913:0:25,pid://localhost:34913:0:26,pid://localhost:34913:0:27,pid://localhost:34913:0:28]\n'
|INFO| : [run.py]--[<module>] : b'Sat Oct  5 09:40:17 UTC 2024 pid://localhost:34913:0:24: received clients [pid://localhost:34913:0:29]\n'
|INFO| : [run.py]--[<module>] : b'Sat Oct  5 09:40:17 UTC 2024 pid://localhost:34913:0:24: synchronous delta timers set to 100 ticks\n'
|INFO| : [run.py]--[<module>] : b'Sat Oct  5 09:40:17 UTC 2024 pid://localhost:34913:0:25: received servers [pid://localhost:34913:0:9,pid://localhost:34913:0:10,pid://localhost:34913:0:11,pid://localhost:34913:0:12,pid://localhost:34913:0:13,pid://localhost:34913:0:14,pid://localhost:34913:0:15,pid://localhost:34913:0:16,pid://localhost:34913:0:17,pid://localhost:34913:0:18,pid://localhost:34913:0:19,pid://localhost:34913:0:20,pid://localhost:34913:0:21,pid://localhost:34913:0:22,pid://localhost:34913:0:23,pid://localhost:34913:0:24,pid://localhost:34913:0:25,pid://localhost:34913:0:26,pid://localhost:34913:0:27,pid://localhost:34913:0:28]\n'
|INFO| : [run.py]--[<module>] : b'Sat Oct  5 09:40:17 UTC 2024 pid://localhost:34913:0:25: received clients [pid://localhost:34913:0:29]\n'
|INFO| : [run.py]--[<module>] : b'Sat Oct  5 09:40:17 UTC 2024 pid://localhost:34913:0:25: synchronous delta timers set to 100 ticks\n'
|INFO| : [run.py]--[<module>] : b'Sat Oct  5 09:40:17 UTC 2024 pid://localhost:34913:0:26: received servers [pid://localhost:34913:0:9,pid://localhost:34913:0:10,pid://localhost:34913:0:11,pid://localhost:34913:0:12,pid://localhost:34913:0:13,pid://localhost:34913:0:14,pid://localhost:34913:0:15,pid://localhost:34913:0:16,pid://localhost:34913:0:17,pid://localhost:34913:0:18,pid://localhost:34913:0:19,pid://localhost:34913:0:20,pid://localhost:34913:0:21,pid://localhost:34913:0:22,pid://localhost:34913:0:23,pid://localhost:34913:0:24,pid://localhost:34913:0:25,pid://localhost:34913:0:26,pid://localhost:34913:0:27,pid://localhost:34913:0:28]\n'
|INFO| : [run.py]--[<module>] : b'Sat Oct  5 09:40:17 UTC 2024 pid://localhost:34913:0:26: received clients [pid://localhost:34913:0:29]\n'
|INFO| : [run.py]--[<module>] : b'Sat Oct  5 09:40:17 UTC 2024 pid://localhost:34913:0:26: synchronous delta timers set to 100 ticks\n'
|INFO| : [run.py]--[<module>] : b'Sat Oct  5 09:40:17 UTC 2024 pid://localhost:34913:0:27: received servers [pid://localhost:34913:0:9,pid://localhost:34913:0:10,pid://localhost:34913:0:11,pid://localhost:34913:0:12,pid://localhost:34913:0:13,pid://localhost:34913:0:14,pid://localhost:34913:0:15,pid://localhost:34913:0:16,pid://localhost:34913:0:17,pid://localhost:34913:0:18,pid://localhost:34913:0:19,pid://localhost:34913:0:20,pid://localhost:34913:0:21,pid://localhost:34913:0:22,pid://localhost:34913:0:23,pid://localhost:34913:0:24,pid://localhost:34913:0:25,pid://localhost:34913:0:26,pid://localhost:34913:0:27,pid://localhost:34913:0:28]\n'
|INFO| : [run.py]--[<module>] : b'Sat Oct  5 09:40:17 UTC 2024 pid://localhost:34913:0:27: received clients [pid://localhost:34913:0:29]\n'
|INFO| : [run.py]--[<module>] : b'Sat Oct  5 09:40:17 UTC 2024 pid://localhost:34913:0:27: synchronous delta timers set to 100 ticks\n'
|INFO| : [run.py]--[<module>] : b'Sat Oct  5 09:40:17 UTC 2024 pid://localhost:34913:0:28: received servers [pid://localhost:34913:0:9,pid://localhost:34913:0:10,pid://localhost:34913:0:11,pid://localhost:34913:0:12,pid://localhost:34913:0:13,pid://localhost:34913:0:14,pid://localhost:34913:0:15,pid://localhost:34913:0:16,pid://localhost:34913:0:17,pid://localhost:34913:0:18,pid://localhost:34913:0:19,pid://localhost:34913:0:20,pid://localhost:34913:0:21,pid://localhost:34913:0:22,pid://localhost:34913:0:23,pid://localhost:34913:0:24,pid://localhost:34913:0:25,pid://localhost:34913:0:26,pid://localhost:34913:0:27,pid://localhost:34913:0:28]\n'
|INFO| : [run.py]--[<module>] : b'Sat Oct  5 09:40:17 UTC 2024 pid://localhost:34913:0:28: received clients [pid://localhost:34913:0:29]\n'
|INFO| : [run.py]--[<module>] : b'Sat Oct  5 09:40:17 UTC 2024 pid://localhost:34913:0:28: synchronous delta timers set to 100 ticks\n'
|INFO| : [run.py]--[<module>] : b'Sat Oct  5 09:40:17 UTC 2024 pid://localhost:34913:0:29: received servers at client[pid://localhost:34913:0:9,pid://localhost:34913:0:10,pid://localhost:34913:0:11,pid://localhost:34913:0:12,pid://localhost:34913:0:13,pid://localhost:34913:0:14,pid://localhost:34913:0:15,pid://localhost:34913:0:16,pid://localhost:34913:0:17,pid://localhost:34913:0:18,pid://localhost:34913:0:19,pid://localhost:34913:0:20,pid://localhost:34913:0:21,pid://localhost:34913:0:22,pid://localhost:34913:0:23,pid://localhost:34913:0:24,pid://localhost:34913:0:25,pid://localhost:34913:0:26,pid://localhost:34913:0:27,pid://localhost:34913:0:28]\n'
|INFO| : [run.py]--[<module>] : b'Sat Oct  5 09:40:17 UTC 2024 pid://localhost:34913:0:10: received servers [pid://localhost:34913:0:9,pid://localhost:34913:0:10,pid://localhost:34913:0:11,pid://localhost:34913:0:12,pid://localhost:34913:0:13,pid://localhost:34913:0:14,pid://localhost:34913:0:15,pid://localhost:34913:0:16,pid://localhost:34913:0:17,pid://localhost:34913:0:18,pid://localhost:34913:0:19,pid://localhost:34913:0:20,pid://localhost:34913:0:21,pid://localhost:34913:0:22,pid://localhost:34913:0:23,pid://localhost:34913:0:24,pid://localhost:34913:0:25,pid://localhost:34913:0:26,pid://localhost:34913:0:27,pid://localhost:34913:0:28]\n'
|INFO| : [run.py]--[<module>] : b'Sat Oct  5 09:40:17 UTC 2024 pid://localhost:34913:0:10: received clients [pid://localhost:34913:0:29]\n'
|INFO| : [run.py]--[<module>] : b'Sat Oct  5 09:40:17 UTC 2024 pid://localhost:34913:0:10: synchronous delta timers set to 100 ticks\n'
|INFO| : [run.py]--[<module>] : b'Sat Oct  5 09:40:17 UTC 2024 pid://localhost:34913:0:12: received servers [pid://localhost:34913:0:9,pid://localhost:34913:0:10,pid://localhost:34913:0:11,pid://localhost:34913:0:12,pid://localhost:34913:0:13,pid://localhost:34913:0:14,pid://localhost:34913:0:15,pid://localhost:34913:0:16,pid://localhost:34913:0:17,pid://localhost:34913:0:18,pid://localhost:34913:0:19,pid://localhost:34913:0:20,pid://localhost:34913:0:21,pid://localhost:34913:0:22,pid://localhost:34913:0:23,pid://localhost:34913:0:24,pid://localhost:34913:0:25,pid://localhost:34913:0:26,pid://localhost:34913:0:27,pid://localhost:34913:0:28]\n'
|INFO| : [run.py]--[<module>] : b'Sat Oct  5 09:40:17 UTC 2024 pid://localhost:34913:0:12: received clients [pid://localhost:34913:0:29]\n'
|INFO| : [run.py]--[<module>] : b'Sat Oct  5 09:40:17 UTC 2024 pid://localhost:34913:0:12: synchronous delta timers set to 100 ticks\n'
|INFO| : [run.py]--[<module>] : b'Sat Oct  5 09:40:22 UTC 2024 pid://localhost:34913:0:29: Delivered commands 32\n'
|INFO| : [run.py]--[<module>] : b'Sat Oct  5 09:40:22 UTC 2024 pid://localhost:34913:0:29: Current mean latency: 408.0\n'
|INFO| : [run.py]--[<module>] : b'\n'
|INFO| : [run.py]--[<module>] : b'Sat Oct  5 09:40:27 UTC 2024 pid://localhost:34913:0:29: Delivered commands 64\n'
|INFO| : [run.py]--[<module>] : b'Sat Oct  5 09:40:27 UTC 2024 pid://localhost:34913:0:29: Current mean latency: 408.0\n'
|INFO| : [run.py]--[<module>] : b'\n'
|INFO| : [run.py]--[<module>] : b'Sat Oct  5 09:40:27 UTC 2024 pid://localhost:34913:0:29: Delivered commands 64\n'
|INFO| : [run.py]--[<module>] : b'Sat Oct  5 09:40:27 UTC 2024 pid://localhost:34913:0:29: Current mean latency: 409.0\n'
|INFO| : [run.py]--[<module>] : b'\n'
|INFO| : [run.py]--[<module>] : b'Sat Oct  5 09:40:32 UTC 2024 pid://localhost:34913:0:29: Delivered commands 96\n'
|INFO| : [run.py]--[<module>] : b'Sat Oct  5 09:40:32 UTC 2024 pid://localhost:34913:0:29: Current mean latency: 408.0\n'
|INFO| : [run.py]--[<module>] : b'\n'
|INFO| : [run.py]--[<module>] : b'Sat Oct  5 09:40:32 UTC 2024 pid://localhost:34913:0:29: Delivered commands 96\n'
|INFO| : [run.py]--[<module>] : b'Sat Oct  5 09:40:32 UTC 2024 pid://localhost:34913:0:29: Current mean latency: 409.0\n'
|INFO| : [run.py]--[<module>] : b'\n'
|INFO| : [run.py]--[<module>] : b'Sat Oct  5 09:40:37 UTC 2024 pid://localhost:34913:0:29: Delivered commands 128\n'
|INFO| : [run.py]--[<module>] : b'Sat Oct  5 09:40:37 UTC 2024 pid://localhost:34913:0:29: Current mean latency: 407.0\n'
|INFO| : [run.py]--[<module>] : b'\n'
|INFO| : [run.py]--[<module>] : b'Sat Oct  5 09:40:37 UTC 2024 pid://localhost:34913:0:29: Delivered commands 128\n'
|INFO| : [run.py]--[<module>] : b'Sat Oct  5 09:40:37 UTC 2024 pid://localhost:34913:0:29: Current mean latency: 408.0\n'
|INFO| : [run.py]--[<module>] : b'\n'
|INFO| : [run.py]--[<module>] : b'Sat Oct  5 09:40:42 UTC 2024 pid://localhost:34913:0:29: Delivered commands 160\n'
|INFO| : [run.py]--[<module>] : b'Sat Oct  5 09:40:42 UTC 2024 pid://localhost:34913:0:29: Current mean latency: 408.0\n'
|INFO| : [run.py]--[<module>] : b'\n'
|INFO| : [run.py]--[<module>] : b'Sat Oct  5 09:40:42 UTC 2024 pid://localhost:34913:0:29: Delivered commands 160\n'
|INFO| : [run.py]--[<module>] : b'Sat Oct  5 09:40:42 UTC 2024 pid://localhost:34913:0:29: Current mean latency: 409.0\n'
|INFO| : [run.py]--[<module>] : b'\n'
|INFO| : [run.py]--[<module>] : b'Sat Oct  5 09:40:47 UTC 2024 pid://localhost:34913:0:29: Delivered commands 192\n'
|INFO| : [run.py]--[<module>] : b'Sat Oct  5 09:40:47 UTC 2024 pid://localhost:34913:0:29: Current mean latency: 408.0\n'
|INFO| : [run.py]--[<module>] : b'\n'
|INFO| : [run.py]--[<module>] : b'Sat Oct  5 09:40:47 UTC 2024 pid://localhost:34913:0:29: Delivered commands 192\n'
|INFO| : [run.py]--[<module>] : b'Sat Oct  5 09:40:47 UTC 2024 pid://localhost:34913:0:29: Current mean latency: 409.0\n'
|INFO| : [run.py]--[<module>] : b'\n'
|INFO| : [run.py]--[<module>] : b'Sat Oct  5 09:40:53 UTC 2024 pid://localhost:34913:0:29: Delivered commands 224\n'
|INFO| : [run.py]--[<module>] : b'Sat Oct  5 09:40:53 UTC 2024 pid://localhost:34913:0:29: Current mean latency: 408.0\n'
|INFO| : [run.py]--[<module>] : b'\n'
|INFO| : [run.py]--[<module>] : b'Sat Oct  5 09:40:53 UTC 2024 pid://localhost:34913:0:29: Delivered commands 224\n'
|INFO| : [run.py]--[<module>] : b'Sat Oct  5 09:40:53 UTC 2024 pid://localhost:34913:0:29: Current mean latency: 409.0\n'
|INFO| : [run.py]--[<module>] : b'\n'
|INFO| : [run.py]--[<module>] : b'Sat Oct  5 09:40:58 UTC 2024 pid://localhost:34913:0:29: Delivered commands 256\n'
|INFO| : [run.py]--[<module>] : b'Sat Oct  5 09:40:58 UTC 2024 pid://localhost:34913:0:29: Current mean latency: 408.0\n'
|INFO| : [run.py]--[<module>] : b'\n'
|INFO| : [run.py]--[<module>] : b'Sat Oct  5 09:40:58 UTC 2024 pid://localhost:34913:0:29: Delivered commands 256\n'
|INFO| : [run.py]--[<module>] : b'Sat Oct  5 09:40:58 UTC 2024 pid://localhost:34913:0:29: Current mean latency: 409.0\n'
|INFO| : [run.py]--[<module>] : b'\n'
|INFO| : [run.py]--[<module>] : b'Sat Oct  5 09:41:03 UTC 2024 pid://localhost:34913:0:29: Delivered commands 288\n'
|INFO| : [run.py]--[<module>] : b'Sat Oct  5 09:41:03 UTC 2024 pid://localhost:34913:0:29: Current mean latency: 408.0\n'
|INFO| : [run.py]--[<module>] : b'\n'
|INFO| : [run.py]--[<module>] : b'Sat Oct  5 09:41:03 UTC 2024 pid://localhost:34913:0:29: Delivered commands 288\n'
|INFO| : [run.py]--[<module>] : b'Sat Oct  5 09:41:03 UTC 2024 pid://localhost:34913:0:29: Current mean latency: 409.0\n'
|INFO| : [run.py]--[<module>] : b'\n'
|INFO| : [run.py]--[<module>] : b'Sat Oct  5 09:41:08 UTC 2024 pid://localhost:34913:0:29: Delivered commands 320\n'
|INFO| : [run.py]--[<module>] : b'Sat Oct  5 09:41:08 UTC 2024 pid://localhost:34913:0:29: Current mean latency: 408.0\n'
|INFO| : [run.py]--[<module>] : b'\n'
|INFO| : [run.py]--[<module>] : b'Sat Oct  5 09:41:08 UTC 2024 pid://localhost:34913:0:29: Delivered commands 320\n'
|INFO| : [run.py]--[<module>] : b'Sat Oct  5 09:41:08 UTC 2024 pid://localhost:34913:0:29: Current mean latency: 409.0\n'
|INFO| : [run.py]--[<module>] : b'\n'
|INFO| : [run.py]--[<module>] : b'Sat Oct  5 09:41:13 UTC 2024 pid://localhost:34913:0:29: Delivered commands 352\n'
|INFO| : [run.py]--[<module>] : b'Sat Oct  5 09:41:13 UTC 2024 pid://localhost:34913:0:29: Current mean latency: 407.0\n'
|INFO| : [run.py]--[<module>] : b'\n'
|INFO| : [run.py]--[<module>] : b'Sat Oct  5 09:41:13 UTC 2024 pid://localhost:34913:0:29: Delivered commands 352\n'
|INFO| : [run.py]--[<module>] : b'Sat Oct  5 09:41:13 UTC 2024 pid://localhost:34913:0:29: Current mean latency: 408.0\n'
|INFO| : [run.py]--[<module>] : b'\n'
|INFO| : [run.py]--[<module>] : b'Sat Oct  5 09:41:18 UTC 2024 pid://localhost:34913:0:29: Delivered commands 384\n'
|INFO| : [run.py]--[<module>] : b'Sat Oct  5 09:41:18 UTC 2024 pid://localhost:34913:0:29: Current mean latency: 408.0\n'
|INFO| : [run.py]--[<module>] : b'\n'
|INFO| : [run.py]--[<module>] : b'Sat Oct  5 09:41:18 UTC 2024 pid://localhost:34913:0:29: Delivered commands 384\n'
|INFO| : [run.py]--[<module>] : b'Sat Oct  5 09:41:18 UTC 2024 pid://localhost:34913:0:29: Current mean latency: 409.0\n'
|INFO| : [run.py]--[<module>] : b'\n'
|INFO| : [run.py]--[<module>] : b'Sat Oct  5 09:41:23 UTC 2024 pid://localhost:34913:0:29: Delivered commands 416\n'
|INFO| : [run.py]--[<module>] : b'Sat Oct  5 09:41:23 UTC 2024 pid://localhost:34913:0:29: Current mean latency: 408.0\n'
|INFO| : [run.py]--[<module>] : b'\n'
|INFO| : [run.py]--[<module>] : b'Sat Oct  5 09:41:23 UTC 2024 pid://localhost:34913:0:29: Delivered commands 416\n'
|INFO| : [run.py]--[<module>] : b'Sat Oct  5 09:41:23 UTC 2024 pid://localhost:34913:0:29: Current mean latency: 409.0\n'
|INFO| : [run.py]--[<module>] : b'\n'
|INFO| : [run.py]--[<module>] : b'Sat Oct  5 09:41:28 UTC 2024 pid://localhost:34913:0:29: Delivered commands 448\n'
|INFO| : [run.py]--[<module>] : b'Sat Oct  5 09:41:28 UTC 2024 pid://localhost:34913:0:29: Current mean latency: 407.0\n'
|INFO| : [run.py]--[<module>] : b'\n'
|INFO| : [run.py]--[<module>] : b'Sat Oct  5 09:41:28 UTC 2024 pid://localhost:34913:0:29: Delivered commands 448\n'
|INFO| : [run.py]--[<module>] : b'Sat Oct  5 09:41:28 UTC 2024 pid://localhost:34913:0:29: Current mean latency: 408.0\n'
|INFO| : [run.py]--[<module>] : b'\n'
|INFO| : [run.py]--[<module>] : b'Sat Oct  5 09:41:34 UTC 2024 pid://localhost:34913:0:29: Delivered commands 480\n'
|INFO| : [run.py]--[<module>] : b'Sat Oct  5 09:41:34 UTC 2024 pid://localhost:34913:0:29: Current mean latency: 408.0\n'
|INFO| : [run.py]--[<module>] : b'\n'
|INFO| : [run.py]--[<module>] : b'Sat Oct  5 09:41:34 UTC 2024 pid://localhost:34913:0:29: Delivered commands 480\n'
|INFO| : [run.py]--[<module>] : b'Sat Oct  5 09:41:34 UTC 2024 pid://localhost:34913:0:29: Current mean latency: 409.0\n'
|INFO| : [run.py]--[<module>] : b'\n'
|INFO| : [run.py]--[<module>] : b'Sat Oct  5 09:41:39 UTC 2024 pid://localhost:34913:0:29: Delivered commands 512\n'
|INFO| : [run.py]--[<module>] : b'Sat Oct  5 09:41:39 UTC 2024 pid://localhost:34913:0:29: Current mean latency: 408.0\n'
|INFO| : [run.py]--[<module>] : b'\n'
|INFO| : [run.py]--[<module>] : b'Sat Oct  5 09:41:39 UTC 2024 pid://localhost:34913:0:29: Delivered commands 512\n'
|INFO| : [run.py]--[<module>] : b'Sat Oct  5 09:41:39 UTC 2024 pid://localhost:34913:0:29: Current mean latency: 409.0\n'
|INFO| : [run.py]--[<module>] : b'\n'
|INFO| : [run.py]--[<module>] : b'Sat Oct  5 09:41:44 UTC 2024 pid://localhost:34913:0:29: Delivered commands 544\n'
|INFO| : [run.py]--[<module>] : b'Sat Oct  5 09:41:44 UTC 2024 pid://localhost:34913:0:29: Current mean latency: 408.0\n'
|INFO| : [run.py]--[<module>] : b'\n'
|INFO| : [run.py]--[<module>] : b'Sat Oct  5 09:41:44 UTC 2024 pid://localhost:34913:0:29: Delivered commands 544\n'
|INFO| : [run.py]--[<module>] : b'Sat Oct  5 09:41:44 UTC 2024 pid://localhost:34913:0:29: Current mean latency: 409.0\n'
|INFO| : [run.py]--[<module>] : b'\n'
|INFO| : [run.py]--[<module>] : b'Sat Oct  5 09:41:49 UTC 2024 pid://localhost:34913:0:29: Delivered commands 576\n'
|INFO| : [run.py]--[<module>] : b'Sat Oct  5 09:41:49 UTC 2024 pid://localhost:34913:0:29: Current mean latency: 408.0\n'
|INFO| : [run.py]--[<module>] : b'\n'
|INFO| : [run.py]--[<module>] : b'Sat Oct  5 09:41:49 UTC 2024 pid://localhost:34913:0:29: Delivered commands 576\n'
|INFO| : [run.py]--[<module>] : b'Sat Oct  5 09:41:49 UTC 2024 pid://localhost:34913:0:29: Current mean latency: 409.0\n'
|INFO| : [run.py]--[<module>] : b'\n'
|INFO| : [run.py]--[<module>] : b'Sat Oct  5 09:41:54 UTC 2024 pid://localhost:34913:0:29: Delivered commands 608\n'
|INFO| : [run.py]--[<module>] : b'Sat Oct  5 09:41:54 UTC 2024 pid://localhost:34913:0:29: Current mean latency: 408.0\n'
|INFO| : [run.py]--[<module>] : b'\n'
|INFO| : [run.py]--[<module>] : b'Sat Oct  5 09:41:54 UTC 2024 pid://localhost:34913:0:29: Delivered commands 608\n'
|INFO| : [run.py]--[<module>] : b'Sat Oct  5 09:41:54 UTC 2024 pid://localhost:34913:0:29: Current mean latency: 409.0\n'
|INFO| : [run.py]--[<module>] : b'\n'
|INFO| : [run.py]--[<module>] : b'Sat Oct  5 09:41:59 UTC 2024 pid://localhost:34913:0:29: Delivered commands 640\n'
|INFO| : [run.py]--[<module>] : b'Sat Oct  5 09:41:59 UTC 2024 pid://localhost:34913:0:29: Current mean latency: 408.0\n'
|INFO| : [run.py]--[<module>] : b'\n'
|INFO| : [run.py]--[<module>] : b'Sat Oct  5 09:41:59 UTC 2024 pid://localhost:34913:0:29: Delivered commands 640\n'
|INFO| : [run.py]--[<module>] : b'Sat Oct  5 09:41:59 UTC 2024 pid://localhost:34913:0:29: Current mean latency: 409.0\n'
|INFO| : [run.py]--[<module>] : b'\n'
|INFO| : [run.py]--[<module>] : b'Sat Oct  5 09:42:04 UTC 2024 pid://localhost:34913:0:29: Delivered commands 672\n'
|INFO| : [run.py]--[<module>] : b'Sat Oct  5 09:42:04 UTC 2024 pid://localhost:34913:0:29: Current mean latency: 407.0\n'
|INFO| : [run.py]--[<module>] : b'\n'
|INFO| : [run.py]--[<module>] : b'Sat Oct  5 09:42:04 UTC 2024 pid://localhost:34913:0:29: Delivered commands 672\n'
|INFO| : [run.py]--[<module>] : b'Sat Oct  5 09:42:04 UTC 2024 pid://localhost:34913:0:29: Current mean latency: 408.0\n'
|INFO| : [run.py]--[<module>] : b'\n'
|INFO| : [run.py]--[<module>] : b'Sat Oct  5 09:42:10 UTC 2024 pid://localhost:34913:0:29: Delivered commands 704\n'
|INFO| : [run.py]--[<module>] : b'Sat Oct  5 09:42:10 UTC 2024 pid://localhost:34913:0:29: Current mean latency: 408.0\n'
|INFO| : [run.py]--[<module>] : b'\n'
|INFO| : [run.py]--[<module>] : b'Sat Oct  5 09:42:10 UTC 2024 pid://localhost:34913:0:29: Delivered commands 704\n'
|INFO| : [run.py]--[<module>] : b'Sat Oct  5 09:42:10 UTC 2024 pid://localhost:34913:0:29: Current mean latency: 409.0\n'
|INFO| : [run.py]--[<module>] : b'\n'
|INFO| : [run.py]--[<module>] : b'Sat Oct  5 09:42:15 UTC 2024 pid://localhost:34913:0:29: Delivered commands 736\n'
|INFO| : [run.py]--[<module>] : b'Sat Oct  5 09:42:15 UTC 2024 pid://localhost:34913:0:29: Current mean latency: 408.0\n'
|INFO| : [run.py]--[<module>] : b'\n'
|INFO| : [run.py]--[<module>] : b'Sat Oct  5 09:42:15 UTC 2024 pid://localhost:34913:0:29: Delivered commands 736\n'
|INFO| : [run.py]--[<module>] : b'Sat Oct  5 09:42:15 UTC 2024 pid://localhost:34913:0:29: Current mean latency: 409.0\n'
|INFO| : [run.py]--[<module>] : b'\n'
|INFO| : [run.py]--[<module>] : b'Sat Oct  5 09:42:20 UTC 2024 pid://localhost:34913:0:29: Delivered commands 768\n'
|INFO| : [run.py]--[<module>] : b'Sat Oct  5 09:42:20 UTC 2024 pid://localhost:34913:0:29: Current mean latency: 408.0\n'
|INFO| : [run.py]--[<module>] : b'\n'
|INFO| : [run.py]--[<module>] : b'Sat Oct  5 09:42:20 UTC 2024 pid://localhost:34913:0:29: Delivered commands 768\n'
|INFO| : [run.py]--[<module>] : b'Sat Oct  5 09:42:20 UTC 2024 pid://localhost:34913:0:29: Current mean latency: 409.0\n'
|INFO| : [run.py]--[<module>] : b'\n'
|INFO| : [run.py]--[<module>] : b'Sat Oct  5 09:42:25 UTC 2024 pid://localhost:34913:0:29: Delivered commands 800\n'
|INFO| : [run.py]--[<module>] : b'Sat Oct  5 09:42:25 UTC 2024 pid://localhost:34913:0:29: Current mean latency: 408.0\n'
|INFO| : [run.py]--[<module>] : b'\n'
|INFO| : [run.py]--[<module>] : b'Sat Oct  5 09:42:25 UTC 2024 pid://localhost:34913:0:29: Delivered commands 800\n'
|INFO| : [run.py]--[<module>] : b'Sat Oct  5 09:42:25 UTC 2024 pid://localhost:34913:0:29: Current mean latency: 409.0\n'
|INFO| : [run.py]--[<module>] : b'\n'
|INFO| : [run.py]--[<module>] : b'Sat Oct  5 09:42:30 UTC 2024 pid://localhost:34913:0:29: Delivered commands 832\n'
|INFO| : [run.py]--[<module>] : b'Sat Oct  5 09:42:30 UTC 2024 pid://localhost:34913:0:29: Current mean latency: 408.0\n'
|INFO| : [run.py]--[<module>] : b'\n'
|INFO| : [run.py]--[<module>] : b'Sat Oct  5 09:42:30 UTC 2024 pid://localhost:34913:0:29: Delivered commands 832\n'
|INFO| : [run.py]--[<module>] : b'Sat Oct  5 09:42:30 UTC 2024 pid://localhost:34913:0:29: Current mean latency: 409.0\n'
|INFO| : [run.py]--[<module>] : b'\n'
|INFO| : [run.py]--[<module>] : b'Sat Oct  5 09:42:35 UTC 2024 pid://localhost:34913:0:29: Delivered commands 864\n'
|INFO| : [run.py]--[<module>] : b'Sat Oct  5 09:42:35 UTC 2024 pid://localhost:34913:0:29: Current mean latency: 408.0\n'
|INFO| : [run.py]--[<module>] : b'\n'
|INFO| : [run.py]--[<module>] : b'Sat Oct  5 09:42:35 UTC 2024 pid://localhost:34913:0:29: Delivered commands 864\n'
|INFO| : [run.py]--[<module>] : b'Sat Oct  5 09:42:35 UTC 2024 pid://localhost:34913:0:29: Current mean latency: 409.0\n'
|INFO| : [run.py]--[<module>] : b'\n'
|INFO| : [run.py]--[<module>] : b'Sat Oct  5 09:42:40 UTC 2024 pid://localhost:34913:0:29: Delivered commands 896\n'
|INFO| : [run.py]--[<module>] : b'Sat Oct  5 09:42:40 UTC 2024 pid://localhost:34913:0:29: Current mean latency: 408.0\n'
|INFO| : [run.py]--[<module>] : b'\n'
|INFO| : [run.py]--[<module>] : b'Sat Oct  5 09:42:40 UTC 2024 pid://localhost:34913:0:29: Delivered commands 896\n'
|INFO| : [run.py]--[<module>] : b'Sat Oct  5 09:42:40 UTC 2024 pid://localhost:34913:0:29: Current mean latency: 409.0\n'
|INFO| : [run.py]--[<module>] : b'\n'
|INFO| : [run.py]--[<module>] : b'Sat Oct  5 09:42:46 UTC 2024 pid://localhost:34913:0:29: Delivered commands 928\n'
|INFO| : [run.py]--[<module>] : b'Sat Oct  5 09:42:46 UTC 2024 pid://localhost:34913:0:29: Current mean latency: 408.0\n'
|INFO| : [run.py]--[<module>] : b'\n'
|INFO| : [run.py]--[<module>] : b'Sat Oct  5 09:42:46 UTC 2024 pid://localhost:34913:0:29: Delivered commands 928\n'
|INFO| : [run.py]--[<module>] : b'Sat Oct  5 09:42:46 UTC 2024 pid://localhost:34913:0:29: Current mean latency: 409.0\n'
|INFO| : [run.py]--[<module>] : b'\n'
|INFO| : [run.py]--[<module>] : b'Sat Oct  5 09:42:51 UTC 2024 pid://localhost:34913:0:29: Delivered commands 960\n'
|INFO| : [run.py]--[<module>] : b'Sat Oct  5 09:42:51 UTC 2024 pid://localhost:34913:0:29: Current mean latency: 408.0\n'
|INFO| : [run.py]--[<module>] : b'\n'
|INFO| : [run.py]--[<module>] : b'Sat Oct  5 09:42:51 UTC 2024 pid://localhost:34913:0:29: Delivered commands 960\n'
|INFO| : [run.py]--[<module>] : b'Sat Oct  5 09:42:51 UTC 2024 pid://localhost:34913:0:29: Current mean latency: 409.0\n'
|INFO| : [run.py]--[<module>] : b'\n'
|INFO| : [run.py]--[<module>] : b'Sat Oct  5 09:42:56 UTC 2024 pid://localhost:34913:0:29: Delivered commands 992\n'
|INFO| : [run.py]--[<module>] : b'Sat Oct  5 09:42:56 UTC 2024 pid://localhost:34913:0:29: Current mean latency: 408.0\n'
|INFO| : [run.py]--[<module>] : b'\n'
|INFO| : [run.py]--[<module>] : b'Sat Oct  5 09:42:56 UTC 2024 pid://localhost:34913:0:29: Delivered commands 992\n'
|INFO| : [run.py]--[<module>] : b'Sat Oct  5 09:42:56 UTC 2024 pid://localhost:34913:0:29: Current mean latency: 409.0\n'
|INFO| : [run.py]--[<module>] : b'\n'
|INFO| : [run.py]--[<module>] : b'Sat Oct  5 09:43:01 UTC 2024 pid://localhost:34913:0:29: Delivered commands 1024\n'
|INFO| : [run.py]--[<module>] : b'Sat Oct  5 09:43:01 UTC 2024 pid://localhost:34913:0:29: Current mean latency: 408.0\n'
|INFO| : [run.py]--[<module>] : b'\n'
|INFO| : [run.py]--[<module>] : b'Sat Oct  5 09:43:01 UTC 2024 pid://localhost:34913:0:29: Delivered commands 1024\n'
|INFO| : [run.py]--[<module>] : b'Sat Oct  5 09:43:01 UTC 2024 pid://localhost:34913:0:29: Current mean latency: 409.0\n'
|INFO| : [run.py]--[<module>] : b'\n'
|INFO| : [run.py]--[<module>] : b'Sat Oct  5 09:43:06 UTC 2024 pid://localhost:34913:0:29: Delivered commands 1056\n'
|INFO| : [run.py]--[<module>] : b'Sat Oct  5 09:43:06 UTC 2024 pid://localhost:34913:0:29: Current mean latency: 408.0\n'
|INFO| : [run.py]--[<module>] : b'\n'
|INFO| : [run.py]--[<module>] : b'Sat Oct  5 09:43:06 UTC 2024 pid://localhost:34913:0:29: Delivered commands 1056\n'
|INFO| : [run.py]--[<module>] : b'Sat Oct  5 09:43:06 UTC 2024 pid://localhost:34913:0:29: Current mean latency: 409.0\n'
|INFO| : [run.py]--[<module>] : b'\n'
|INFO| : [run.py]--[<module>] : b'Sat Oct  5 09:43:11 UTC 2024 pid://localhost:34913:0:29: Delivered commands 1088\n'
|INFO| : [run.py]--[<module>] : b'Sat Oct  5 09:43:11 UTC 2024 pid://localhost:34913:0:29: Current mean latency: 408.0\n'
|INFO| : [run.py]--[<module>] : b'\n'
|INFO| : [run.py]--[<module>] : b'Sat Oct  5 09:43:11 UTC 2024 pid://localhost:34913:0:29: Delivered commands 1088\n'
|INFO| : [run.py]--[<module>] : b'Sat Oct  5 09:43:11 UTC 2024 pid://localhost:34913:0:29: Current mean latency: 409.0\n'
|INFO| : [run.py]--[<module>] : b'\n'
|INFO| : [run.py]--[<module>] : b'Sat Oct  5 09:43:16 UTC 2024 pid://localhost:34913:0:29: Delivered commands 1120\n'
|INFO| : [run.py]--[<module>] : b'Sat Oct  5 09:43:16 UTC 2024 pid://localhost:34913:0:29: Current mean latency: 408.0\n'
|INFO| : [run.py]--[<module>] : b'\n'
|INFO| : [run.py]--[<module>] : b'Sat Oct  5 09:43:16 UTC 2024 pid://localhost:34913:0:29: Delivered commands 1120\n'
|INFO| : [run.py]--[<module>] : b'Sat Oct  5 09:43:16 UTC 2024 pid://localhost:34913:0:29: Current mean latency: 409.0\n'
|INFO| : [run.py]--[<module>] : b'\n'
|INFO| : [run.py]--[<module>] : b'Sat Oct  5 09:43:21 UTC 2024 pid://localhost:34913:0:29: Delivered commands 1152\n'
|INFO| : [run.py]--[<module>] : b'Sat Oct  5 09:43:21 UTC 2024 pid://localhost:34913:0:29: Current mean latency: 408.0\n'
|INFO| : [run.py]--[<module>] : b'\n'
|INFO| : [run.py]--[<module>] : b'Sat Oct  5 09:43:22 UTC 2024 pid://localhost:34913:0:29: Delivered commands 1152\n'
|INFO| : [run.py]--[<module>] : b'Sat Oct  5 09:43:22 UTC 2024 pid://localhost:34913:0:29: Current mean latency: 409.0\n'
|INFO| : [run.py]--[<module>] : b'\n'
|INFO| : [run.py]--[<module>] : b'Sat Oct  5 09:43:27 UTC 2024 pid://localhost:34913:0:29: Delivered commands 1184\n'
|INFO| : [run.py]--[<module>] : b'Sat Oct  5 09:43:27 UTC 2024 pid://localhost:34913:0:29: Current mean latency: 408.0\n'
|INFO| : [run.py]--[<module>] : b'\n'
|INFO| : [run.py]--[<module>] : b'Sat Oct  5 09:43:27 UTC 2024 pid://localhost:34913:0:29: Delivered commands 1184\n'
|INFO| : [run.py]--[<module>] : b'Sat Oct  5 09:43:27 UTC 2024 pid://localhost:34913:0:29: Current mean latency: 409.0\n'
|INFO| : [run.py]--[<module>] : b'\n'
|INFO| : [run.py]--[<module>] : b'Sat Oct  5 09:43:32 UTC 2024 pid://localhost:34913:0:29: Delivered commands 1216\n'
|INFO| : [run.py]--[<module>] : b'Sat Oct  5 09:43:32 UTC 2024 pid://localhost:34913:0:29: Current mean latency: 408.0\n'
|INFO| : [run.py]--[<module>] : b'\n'
|INFO| : [run.py]--[<module>] : b'Sat Oct  5 09:43:32 UTC 2024 pid://localhost:34913:0:29: Delivered commands 1216\n'
|INFO| : [run.py]--[<module>] : b'Sat Oct  5 09:43:32 UTC 2024 pid://localhost:34913:0:29: Current mean latency: 409.0\n'
|INFO| : [run.py]--[<module>] : b'\n'
|INFO| : [run.py]--[<module>] : b'Sat Oct  5 09:43:37 UTC 2024 pid://localhost:34913:0:29: Delivered commands 1248\n'
|INFO| : [run.py]--[<module>] : b'Sat Oct  5 09:43:37 UTC 2024 pid://localhost:34913:0:29: Current mean latency: 407.0\n'
|INFO| : [run.py]--[<module>] : b'\n'
|INFO| : [run.py]--[<module>] : b'Sat Oct  5 09:43:37 UTC 2024 pid://localhost:34913:0:29: Delivered commands 1248\n'
|INFO| : [run.py]--[<module>] : b'Sat Oct  5 09:43:37 UTC 2024 pid://localhost:34913:0:29: Current mean latency: 408.0\n'
|INFO| : [run.py]--[<module>] : b'\n'
|INFO| : [run.py]--[<module>] : b'Sat Oct  5 09:43:42 UTC 2024 pid://localhost:34913:0:29: Delivered commands 1280\n'
|INFO| : [run.py]--[<module>] : b'Sat Oct  5 09:43:42 UTC 2024 pid://localhost:34913:0:29: Current mean latency: 408.0\n'
|INFO| : [run.py]--[<module>] : b'\n'
|INFO| : [run.py]--[<module>] : b'Sat Oct  5 09:43:42 UTC 2024 pid://localhost:34913:0:29: Delivered commands 1280\n'
|INFO| : [run.py]--[<module>] : b'Sat Oct  5 09:43:42 UTC 2024 pid://localhost:34913:0:29: Current mean latency: 409.0\n'
|INFO| : [run.py]--[<module>] : b'\n'
|INFO| : [run.py]--[<module>] : b'Sat Oct  5 09:43:47 UTC 2024 pid://localhost:34913:0:29: Delivered commands 1312\n'
|INFO| : [run.py]--[<module>] : b'Sat Oct  5 09:43:47 UTC 2024 pid://localhost:34913:0:29: Current mean latency: 408.0\n'
|INFO| : [run.py]--[<module>] : b'\n'
|INFO| : [run.py]--[<module>] : b'Sat Oct  5 09:43:47 UTC 2024 pid://localhost:34913:0:29: Delivered commands 1312\n'
|INFO| : [run.py]--[<module>] : b'Sat Oct  5 09:43:47 UTC 2024 pid://localhost:34913:0:29: Current mean latency: 409.0\n'
|INFO| : [run.py]--[<module>] : b'\n'
|INFO| : [run.py]--[<module>] : b'Sat Oct  5 09:43:52 UTC 2024 pid://localhost:34913:0:29: Delivered commands 1344\n'
|INFO| : [run.py]--[<module>] : b'Sat Oct  5 09:43:52 UTC 2024 pid://localhost:34913:0:29: Current mean latency: 408.0\n'
|INFO| : [run.py]--[<module>] : b'\n'
|INFO| : [run.py]--[<module>] : b'Sat Oct  5 09:43:52 UTC 2024 pid://localhost:34913:0:29: Delivered commands 1344\n'
|INFO| : [run.py]--[<module>] : b'Sat Oct  5 09:43:52 UTC 2024 pid://localhost:34913:0:29: Current mean latency: 409.0\n'
|INFO| : [run.py]--[<module>] : b'\n'
|INFO| : [run.py]--[<module>] : b'Sat Oct  5 09:43:57 UTC 2024 pid://localhost:34913:0:29: Delivered commands 1376\n'
|INFO| : [run.py]--[<module>] : b'Sat Oct  5 09:43:57 UTC 2024 pid://localhost:34913:0:29: Current mean latency: 408.0\n'
|INFO| : [run.py]--[<module>] : b'\n'
|INFO| : [run.py]--[<module>] : b'Sat Oct  5 09:43:57 UTC 2024 pid://localhost:34913:0:29: Delivered commands 1376\n'
|INFO| : [run.py]--[<module>] : b'Sat Oct  5 09:43:57 UTC 2024 pid://localhost:34913:0:29: Current mean latency: 409.0\n'
|INFO| : [run.py]--[<module>] : b'\n'
|INFO| : [run.py]--[<module>] : b'Sat Oct  5 09:44:03 UTC 2024 pid://localhost:34913:0:29: Delivered commands 1408\n'
|INFO| : [run.py]--[<module>] : b'Sat Oct  5 09:44:03 UTC 2024 pid://localhost:34913:0:29: Current mean latency: 408.0\n'
|INFO| : [run.py]--[<module>] : b'\n'
|INFO| : [run.py]--[<module>] : b'Sat Oct  5 09:44:03 UTC 2024 pid://localhost:34913:0:29: Delivered commands 1408\n'
|INFO| : [run.py]--[<module>] : b'Sat Oct  5 09:44:03 UTC 2024 pid://localhost:34913:0:29: Current mean latency: 409.0\n'
|INFO| : [run.py]--[<module>] : b'\n'
|INFO| : [run.py]--[<module>] : b'Sat Oct  5 09:44:08 UTC 2024 pid://localhost:34913:0:29: Delivered commands 1440\n'
|INFO| : [run.py]--[<module>] : b'Sat Oct  5 09:44:08 UTC 2024 pid://localhost:34913:0:29: Current mean latency: 408.0\n'
|INFO| : [run.py]--[<module>] : b'\n'
|INFO| : [run.py]--[<module>] : b'Sat Oct  5 09:44:08 UTC 2024 pid://localhost:34913:0:29: Delivered commands 1440\n'
|INFO| : [run.py]--[<module>] : b'Sat Oct  5 09:44:08 UTC 2024 pid://localhost:34913:0:29: Current mean latency: 409.0\n'
|INFO| : [run.py]--[<module>] : b'\n'
|INFO| : [run.py]--[<module>] : b'Sat Oct  5 09:44:13 UTC 2024 pid://localhost:34913:0:29: Delivered commands 1472\n'
|INFO| : [run.py]--[<module>] : b'Sat Oct  5 09:44:13 UTC 2024 pid://localhost:34913:0:29: Current mean latency: 407.0\n'
|INFO| : [run.py]--[<module>] : b'\n'
|INFO| : [run.py]--[<module>] : b'Sat Oct  5 09:44:13 UTC 2024 pid://localhost:34913:0:29: Delivered commands 1472\n'
|INFO| : [run.py]--[<module>] : b'Sat Oct  5 09:44:13 UTC 2024 pid://localhost:34913:0:29: Current mean latency: 408.0\n'
|INFO| : [run.py]--[<module>] : b'\n'
|INFO| : [run.py]--[<module>] : b'Sat Oct  5 09:44:18 UTC 2024 pid://localhost:34913:0:29: Delivered commands 1504\n'
|INFO| : [run.py]--[<module>] : b'Sat Oct  5 09:44:18 UTC 2024 pid://localhost:34913:0:29: Current mean latency: 408.0\n'
|INFO| : [run.py]--[<module>] : b'\n'
|INFO| : [run.py]--[<module>] : b'Sat Oct  5 09:44:18 UTC 2024 pid://localhost:34913:0:29: Delivered commands 1504\n'
|INFO| : [run.py]--[<module>] : b'Sat Oct  5 09:44:18 UTC 2024 pid://localhost:34913:0:29: Current mean latency: 409.0\n'
|INFO| : [run.py]--[<module>] : b'\n'
|INFO| : [run.py]--[<module>] : b'Sat Oct  5 09:44:23 UTC 2024 pid://localhost:34913:0:29: Delivered commands 1536\n'
|INFO| : [run.py]--[<module>] : b'Sat Oct  5 09:44:23 UTC 2024 pid://localhost:34913:0:29: Current mean latency: 408.0\n'
|INFO| : [run.py]--[<module>] : b'\n'
|INFO| : [run.py]--[<module>] : b'Sat Oct  5 09:44:23 UTC 2024 pid://localhost:34913:0:29: Delivered commands 1536\n'
|INFO| : [run.py]--[<module>] : b'Sat Oct  5 09:44:23 UTC 2024 pid://localhost:34913:0:29: Current mean latency: 409.0\n'
|INFO| : [run.py]--[<module>] : b'\n'
|INFO| : [run.py]--[<module>] : b'Sat Oct  5 09:44:28 UTC 2024 pid://localhost:34913:0:29: Delivered commands 1568\n'
|INFO| : [run.py]--[<module>] : b'Sat Oct  5 09:44:28 UTC 2024 pid://localhost:34913:0:29: Current mean latency: 408.0\n'
|INFO| : [run.py]--[<module>] : b'\n'
|INFO| : [run.py]--[<module>] : b'Sat Oct  5 09:44:28 UTC 2024 pid://localhost:34913:0:29: Delivered commands 1568\n'
|INFO| : [run.py]--[<module>] : b'Sat Oct  5 09:44:28 UTC 2024 pid://localhost:34913:0:29: Current mean latency: 409.0\n'
|INFO| : [run.py]--[<module>] : b'\n'
|INFO| : [run.py]--[<module>] : b'Sat Oct  5 09:44:33 UTC 2024 pid://localhost:34913:0:29: Delivered commands 1600\n'
|INFO| : [run.py]--[<module>] : b'Sat Oct  5 09:44:33 UTC 2024 pid://localhost:34913:0:29: Current mean latency: 408.0\n'
|INFO| : [run.py]--[<module>] : b'\n'
|INFO| : [run.py]--[<module>] : b'Sat Oct  5 09:44:33 UTC 2024 pid://localhost:34913:0:29: Delivered commands 1600\n'
|INFO| : [run.py]--[<module>] : b'Sat Oct  5 09:44:33 UTC 2024 pid://localhost:34913:0:29: Current mean latency: 409.0\n'
|INFO| : [run.py]--[<module>] : b'\n'
|INFO| : [run.py]--[<module>] : b'Sat Oct  5 09:44:39 UTC 2024 pid://localhost:34913:0:29: Delivered commands 1632\n'
|INFO| : [run.py]--[<module>] : b'Sat Oct  5 09:44:39 UTC 2024 pid://localhost:34913:0:29: Current mean latency: 408.0\n'
|INFO| : [run.py]--[<module>] : b'\n'
|INFO| : [run.py]--[<module>] : b'Sat Oct  5 09:44:39 UTC 2024 pid://localhost:34913:0:29: Delivered commands 1632\n'
|INFO| : [run.py]--[<module>] : b'Sat Oct  5 09:44:39 UTC 2024 pid://localhost:34913:0:29: Current mean latency: 409.0\n'
|INFO| : [run.py]--[<module>] : b'\n'
|INFO| : [run.py]--[<module>] : b'Sat Oct  5 09:44:44 UTC 2024 pid://localhost:34913:0:29: Delivered commands 1664\n'
|INFO| : [run.py]--[<module>] : b'Sat Oct  5 09:44:44 UTC 2024 pid://localhost:34913:0:29: Current mean latency: 407.0\n'
|INFO| : [run.py]--[<module>] : b'\n'
|INFO| : [run.py]--[<module>] : b'Sat Oct  5 09:44:44 UTC 2024 pid://localhost:34913:0:29: Delivered commands 1664\n'
|INFO| : [run.py]--[<module>] : b'Sat Oct  5 09:44:44 UTC 2024 pid://localhost:34913:0:29: Current mean latency: 408.0\n'
|INFO| : [run.py]--[<module>] : b'\n'
|INFO| : [run.py]--[<module>] : b'Sat Oct  5 09:44:49 UTC 2024 pid://localhost:34913:0:29: Delivered commands 1696\n'
|INFO| : [run.py]--[<module>] : b'Sat Oct  5 09:44:49 UTC 2024 pid://localhost:34913:0:29: Current mean latency: 408.0\n'
|INFO| : [run.py]--[<module>] : b'\n'
|INFO| : [run.py]--[<module>] : b'Sat Oct  5 09:44:49 UTC 2024 pid://localhost:34913:0:29: Delivered commands 1696\n'
|INFO| : [run.py]--[<module>] : b'Sat Oct  5 09:44:49 UTC 2024 pid://localhost:34913:0:29: Current mean latency: 409.0\n'
|INFO| : [run.py]--[<module>] : b'\n'
|INFO| : [run.py]--[<module>] : b'Sat Oct  5 09:44:54 UTC 2024 pid://localhost:34913:0:29: Delivered commands 1728\n'
|INFO| : [run.py]--[<module>] : b'Sat Oct  5 09:44:54 UTC 2024 pid://localhost:34913:0:29: Current mean latency: 407.0\n'
|INFO| : [run.py]--[<module>] : b'\n'
|INFO| : [run.py]--[<module>] : b'Sat Oct  5 09:44:54 UTC 2024 pid://localhost:34913:0:29: Delivered commands 1728\n'
|INFO| : [run.py]--[<module>] : b'Sat Oct  5 09:44:54 UTC 2024 pid://localhost:34913:0:29: Current mean latency: 408.0\n'
|INFO| : [run.py]--[<module>] : b'\n'
|INFO| : [run.py]--[<module>] : b'Sat Oct  5 09:44:59 UTC 2024 pid://localhost:34913:0:29: Delivered commands 1760\n'
|INFO| : [run.py]--[<module>] : b'Sat Oct  5 09:44:59 UTC 2024 pid://localhost:34913:0:29: Current mean latency: 408.0\n'
|INFO| : [run.py]--[<module>] : b'\n'
|INFO| : [run.py]--[<module>] : b'Sat Oct  5 09:44:59 UTC 2024 pid://localhost:34913:0:29: Delivered commands 1760\n'
|INFO| : [run.py]--[<module>] : b'Sat Oct  5 09:44:59 UTC 2024 pid://localhost:34913:0:29: Current mean latency: 409.0\n'
|INFO| : [run.py]--[<module>] : b'\n'
|INFO| : [run.py]--[<module>] : b'Sat Oct  5 09:45:04 UTC 2024 pid://localhost:34913:0:29: Delivered commands 1792\n'
|INFO| : [run.py]--[<module>] : b'Sat Oct  5 09:45:04 UTC 2024 pid://localhost:34913:0:29: Current mean latency: 408.0\n'
|INFO| : [run.py]--[<module>] : b'\n'
|INFO| : [run.py]--[<module>] : b'Sat Oct  5 09:45:04 UTC 2024 pid://localhost:34913:0:29: Delivered commands 1792\n'
|INFO| : [run.py]--[<module>] : b'Sat Oct  5 09:45:04 UTC 2024 pid://localhost:34913:0:29: Current mean latency: 409.0\n'
|INFO| : [run.py]--[<module>] : b'\n'
|INFO| : [run.py]--[<module>] : b'Sat Oct  5 09:45:09 UTC 2024 pid://localhost:34913:0:29: Delivered commands 1824\n'
|INFO| : [run.py]--[<module>] : b'Sat Oct  5 09:45:09 UTC 2024 pid://localhost:34913:0:29: Current mean latency: 408.0\n'
|INFO| : [run.py]--[<module>] : b'\n'
|INFO| : [run.py]--[<module>] : b'Sat Oct  5 09:45:09 UTC 2024 pid://localhost:34913:0:29: Delivered commands 1824\n'
|INFO| : [run.py]--[<module>] : b'Sat Oct  5 09:45:09 UTC 2024 pid://localhost:34913:0:29: Current mean latency: 409.0\n'
|INFO| : [run.py]--[<module>] : b'\n'
|INFO| : [run.py]--[<module>] : b'Sat Oct  5 09:45:15 UTC 2024 pid://localhost:34913:0:29: Delivered commands 1856\n'
|INFO| : [run.py]--[<module>] : b'Sat Oct  5 09:45:15 UTC 2024 pid://localhost:34913:0:29: Current mean latency: 408.0\n'
|INFO| : [run.py]--[<module>] : b'\n'
|INFO| : [run.py]--[<module>] : b'Sat Oct  5 09:45:15 UTC 2024 pid://localhost:34913:0:29: Delivered commands 1856\n'
|INFO| : [run.py]--[<module>] : b'Sat Oct  5 09:45:15 UTC 2024 pid://localhost:34913:0:29: Current mean latency: 409.0\n'
|INFO| : [run.py]--[<module>] : b'\n'
|INFO| : [run.py]--[<module>] : b'Sat Oct  5 09:45:20 UTC 2024 pid://localhost:34913:0:29: Delivered commands 1888\n'
|INFO| : [run.py]--[<module>] : b'Sat Oct  5 09:45:20 UTC 2024 pid://localhost:34913:0:29: Current mean latency: 408.0\n'
|INFO| : [run.py]--[<module>] : b'\n'
|INFO| : [run.py]--[<module>] : b'Sat Oct  5 09:45:20 UTC 2024 pid://localhost:34913:0:29: Delivered commands 1888\n'
|INFO| : [run.py]--[<module>] : b'Sat Oct  5 09:45:20 UTC 2024 pid://localhost:34913:0:29: Current mean latency: 409.0\n'
|INFO| : [run.py]--[<module>] : b'\n'
|INFO| : [run.py]--[<module>] : b'Sat Oct  5 09:45:25 UTC 2024 pid://localhost:34913:0:29: Delivered commands 1920\n'
|INFO| : [run.py]--[<module>] : b'Sat Oct  5 09:45:25 UTC 2024 pid://localhost:34913:0:29: Current mean latency: 408.0\n'
|INFO| : [run.py]--[<module>] : b'\n'
|INFO| : [run.py]--[<module>] : b'Sat Oct  5 09:45:25 UTC 2024 pid://localhost:34913:0:29: Delivered commands 1920\n'
|INFO| : [run.py]--[<module>] : b'Sat Oct  5 09:45:25 UTC 2024 pid://localhost:34913:0:29: Current mean latency: 409.0\n'
|INFO| : [run.py]--[<module>] : b'\n'
|INFO| : [run.py]--[<module>] : b'Sat Oct  5 09:45:30 UTC 2024 pid://localhost:34913:0:29: Delivered commands 1952\n'
|INFO| : [run.py]--[<module>] : b'Sat Oct  5 09:45:30 UTC 2024 pid://localhost:34913:0:29: Current mean latency: 408.0\n'
|INFO| : [run.py]--[<module>] : b'\n'
|INFO| : [run.py]--[<module>] : b'Sat Oct  5 09:45:30 UTC 2024 pid://localhost:34913:0:29: Delivered commands 1952\n'
|INFO| : [run.py]--[<module>] : b'Sat Oct  5 09:45:30 UTC 2024 pid://localhost:34913:0:29: Current mean latency: 409.0\n'
|INFO| : [run.py]--[<module>] : b'\n'
|INFO| : [run.py]--[<module>] : b'Sat Oct  5 09:45:35 UTC 2024 pid://localhost:34913:0:29: Delivered commands 1984\n'
|INFO| : [run.py]--[<module>] : b'Sat Oct  5 09:45:35 UTC 2024 pid://localhost:34913:0:29: Current mean latency: 408.0\n'
|INFO| : [run.py]--[<module>] : b'\n'
|INFO| : [run.py]--[<module>] : b'Sat Oct  5 09:45:35 UTC 2024 pid://localhost:34913:0:29: Delivered commands 1984\n'
|INFO| : [run.py]--[<module>] : b'Sat Oct  5 09:45:35 UTC 2024 pid://localhost:34913:0:29: Current mean latency: 409.0\n'
|INFO| : [run.py]--[<module>] : b'\n'
|INFO| : [run.py]--[<module>] : b'Sat Oct  5 09:45:40 UTC 2024 pid://localhost:34913:0:29: Delivered commands 2016\n'
|INFO| : [run.py]--[<module>] : b'Sat Oct  5 09:45:40 UTC 2024 pid://localhost:34913:0:29: Current mean latency: 408.0\n'
|INFO| : [run.py]--[<module>] : b'\n'
|INFO| : [run.py]--[<module>] : b'Sat Oct  5 09:45:40 UTC 2024 pid://localhost:34913:0:29: Delivered commands 2016\n'
|INFO| : [run.py]--[<module>] : b'Sat Oct  5 09:45:40 UTC 2024 pid://localhost:34913:0:29: Current mean latency: 409.0\n'
|INFO| : [run.py]--[<module>] : b'\n'
|INFO| : [run.py]--[<module>] : b'Sat Oct  5 09:45:45 UTC 2024 pid://localhost:34913:0:29: Delivered commands 2048\n'
|INFO| : [run.py]--[<module>] : b'Sat Oct  5 09:45:45 UTC 2024 pid://localhost:34913:0:29: Current mean latency: 407.0\n'
|INFO| : [run.py]--[<module>] : b'\n'
|INFO| : [run.py]--[<module>] : b'Sat Oct  5 09:45:45 UTC 2024 pid://localhost:34913:0:29: Delivered commands 2048\n'
|INFO| : [run.py]--[<module>] : b'Sat Oct  5 09:45:45 UTC 2024 pid://localhost:34913:0:29: Current mean latency: 408.0\n'
|INFO| : [run.py]--[<module>] : b'\n'
|INFO| : [run.py]--[<module>] : b'Sat Oct  5 09:45:50 UTC 2024 pid://localhost:34913:0:29: Delivered commands 2080\n'
|INFO| : [run.py]--[<module>] : b'Sat Oct  5 09:45:50 UTC 2024 pid://localhost:34913:0:29: Current mean latency: 408.0\n'
|INFO| : [run.py]--[<module>] : b'\n'
|INFO| : [run.py]--[<module>] : b'Sat Oct  5 09:45:50 UTC 2024 pid://localhost:34913:0:29: Delivered commands 2080\n'
|INFO| : [run.py]--[<module>] : b'Sat Oct  5 09:45:50 UTC 2024 pid://localhost:34913:0:29: Current mean latency: 409.0\n'
|INFO| : [run.py]--[<module>] : b'\n'
|INFO| : [run.py]--[<module>] : b'Sat Oct  5 09:45:56 UTC 2024 pid://localhost:34913:0:29: Delivered commands 2112\n'
|INFO| : [run.py]--[<module>] : b'Sat Oct  5 09:45:56 UTC 2024 pid://localhost:34913:0:29: Current mean latency: 408.0\n'
|INFO| : [run.py]--[<module>] : b'\n'
|INFO| : [run.py]--[<module>] : b'Sat Oct  5 09:45:56 UTC 2024 pid://localhost:34913:0:29: Delivered commands 2112\n'
|INFO| : [run.py]--[<module>] : b'Sat Oct  5 09:45:56 UTC 2024 pid://localhost:34913:0:29: Current mean latency: 409.0\n'
|INFO| : [run.py]--[<module>] : b'\n'
|INFO| : [run.py]--[<module>] : b'Sat Oct  5 09:46:01 UTC 2024 pid://localhost:34913:0:29: Delivered commands 2144\n'
|INFO| : [run.py]--[<module>] : b'Sat Oct  5 09:46:01 UTC 2024 pid://localhost:34913:0:29: Current mean latency: 408.0\n'
|INFO| : [run.py]--[<module>] : b'\n'
|INFO| : [run.py]--[<module>] : b'Sat Oct  5 09:46:01 UTC 2024 pid://localhost:34913:0:29: Delivered commands 2144\n'
|INFO| : [run.py]--[<module>] : b'Sat Oct  5 09:46:01 UTC 2024 pid://localhost:34913:0:29: Current mean latency: 409.0\n'
|INFO| : [run.py]--[<module>] : b'\n'
|INFO| : [run.py]--[<module>] : b'Sat Oct  5 09:46:06 UTC 2024 pid://localhost:34913:0:29: Delivered commands 2176\n'
|INFO| : [run.py]--[<module>] : b'Sat Oct  5 09:46:06 UTC 2024 pid://localhost:34913:0:29: Current mean latency: 408.0\n'
|INFO| : [run.py]--[<module>] : b'\n'
|INFO| : [run.py]--[<module>] : b'Sat Oct  5 09:46:06 UTC 2024 pid://localhost:34913:0:29: Delivered commands 2176\n'
|INFO| : [run.py]--[<module>] : b'Sat Oct  5 09:46:06 UTC 2024 pid://localhost:34913:0:29: Current mean latency: 409.0\n'
|INFO| : [run.py]--[<module>] : b'\n'
|INFO| : [run.py]--[<module>] : b'Sat Oct  5 09:46:11 UTC 2024 pid://localhost:34913:0:29: Delivered commands 2208\n'
|INFO| : [run.py]--[<module>] : b'Sat Oct  5 09:46:11 UTC 2024 pid://localhost:34913:0:29: Current mean latency: 408.0\n'
|INFO| : [run.py]--[<module>] : b'\n'
|INFO| : [run.py]--[<module>] : b'Sat Oct  5 09:46:11 UTC 2024 pid://localhost:34913:0:29: Delivered commands 2208\n'
|INFO| : [run.py]--[<module>] : b'Sat Oct  5 09:46:11 UTC 2024 pid://localhost:34913:0:29: Current mean latency: 409.0\n'
|INFO| : [run.py]--[<module>] : b'\n'
|INFO| : [run.py]--[<module>] : b'Sat Oct  5 09:46:16 UTC 2024 pid://localhost:34913:0:29: Delivered commands 2240\n'
|INFO| : [run.py]--[<module>] : b'Sat Oct  5 09:46:16 UTC 2024 pid://localhost:34913:0:29: Current mean latency: 408.0\n'
|INFO| : [run.py]--[<module>] : b'\n'
|INFO| : [run.py]--[<module>] : b'Sat Oct  5 09:46:16 UTC 2024 pid://localhost:34913:0:29: Delivered commands 2240\n'
|INFO| : [run.py]--[<module>] : b'Sat Oct  5 09:46:16 UTC 2024 pid://localhost:34913:0:29: Current mean latency: 409.0\n'
|INFO| : [run.py]--[<module>] : b'\n'
|INFO| : [run.py]--[<module>] : b'Sat Oct  5 09:46:21 UTC 2024 pid://localhost:34913:0:29: Delivered commands 2272\n'
|INFO| : [run.py]--[<module>] : b'Sat Oct  5 09:46:21 UTC 2024 pid://localhost:34913:0:29: Current mean latency: 408.0\n'
|INFO| : [run.py]--[<module>] : b'\n'
|INFO| : [run.py]--[<module>] : b'Sat Oct  5 09:46:21 UTC 2024 pid://localhost:34913:0:29: Delivered commands 2272\n'
|INFO| : [run.py]--[<module>] : b'Sat Oct  5 09:46:21 UTC 2024 pid://localhost:34913:0:29: Current mean latency: 409.0\n'
|INFO| : [run.py]--[<module>] : b'\n'
|INFO| : [run.py]--[<module>] : b'Sat Oct  5 09:46:26 UTC 2024 pid://localhost:34913:0:29: Delivered commands 2304\n'
|INFO| : [run.py]--[<module>] : b'Sat Oct  5 09:46:26 UTC 2024 pid://localhost:34913:0:29: Current mean latency: 408.0\n'
|INFO| : [run.py]--[<module>] : b'\n'
|INFO| : [run.py]--[<module>] : b'Sat Oct  5 09:46:26 UTC 2024 pid://localhost:34913:0:29: Delivered commands 2304\n'
|INFO| : [run.py]--[<module>] : b'Sat Oct  5 09:46:26 UTC 2024 pid://localhost:34913:0:29: Current mean latency: 409.0\n'
|INFO| : [run.py]--[<module>] : b'\n'
|INFO| : [run.py]--[<module>] : b'Sat Oct  5 09:46:32 UTC 2024 pid://localhost:34913:0:29: Delivered commands 2336\n'
|INFO| : [run.py]--[<module>] : b'Sat Oct  5 09:46:32 UTC 2024 pid://localhost:34913:0:29: Current mean latency: 408.0\n'
|INFO| : [run.py]--[<module>] : b'\n'
|INFO| : [run.py]--[<module>] : b'Sat Oct  5 09:46:32 UTC 2024 pid://localhost:34913:0:29: Delivered commands 2336\n'
|INFO| : [run.py]--[<module>] : b'Sat Oct  5 09:46:32 UTC 2024 pid://localhost:34913:0:29: Current mean latency: 409.0\n'
|INFO| : [run.py]--[<module>] : b'\n'
|INFO| : [run.py]--[<module>] : b'Sat Oct  5 09:46:37 UTC 2024 pid://localhost:34913:0:29: Delivered commands 2368\n'
|INFO| : [run.py]--[<module>] : b'Sat Oct  5 09:46:37 UTC 2024 pid://localhost:34913:0:29: Current mean latency: 407.0\n'
|INFO| : [run.py]--[<module>] : b'\n'
|INFO| : [run.py]--[<module>] : b'Sat Oct  5 09:46:37 UTC 2024 pid://localhost:34913:0:29: Delivered commands 2368\n'
|INFO| : [run.py]--[<module>] : b'Sat Oct  5 09:46:37 UTC 2024 pid://localhost:34913:0:29: Current mean latency: 408.0\n'
|INFO| : [run.py]--[<module>] : b'\n'
|INFO| : [run.py]--[<module>] : b'Sat Oct  5 09:46:42 UTC 2024 pid://localhost:34913:0:29: Delivered commands 2400\n'
|INFO| : [run.py]--[<module>] : b'Sat Oct  5 09:46:42 UTC 2024 pid://localhost:34913:0:29: Current mean latency: 408.0\n'
|INFO| : [run.py]--[<module>] : b'\n'
|INFO| : [run.py]--[<module>] : b'Sat Oct  5 09:46:42 UTC 2024 pid://localhost:34913:0:29: Delivered commands 2400\n'
|INFO| : [run.py]--[<module>] : b'Sat Oct  5 09:46:42 UTC 2024 pid://localhost:34913:0:29: Current mean latency: 409.0\n'
|INFO| : [run.py]--[<module>] : b'\n'
|INFO| : [run.py]--[<module>] : b'Sat Oct  5 09:46:47 UTC 2024 pid://localhost:34913:0:29: Delivered commands 2432\n'
|INFO| : [run.py]--[<module>] : b'Sat Oct  5 09:46:47 UTC 2024 pid://localhost:34913:0:29: Current mean latency: 408.0\n'
|INFO| : [run.py]--[<module>] : b'\n'
|INFO| : [run.py]--[<module>] : b'Sat Oct  5 09:46:47 UTC 2024 pid://localhost:34913:0:29: Delivered commands 2432\n'
|INFO| : [run.py]--[<module>] : b'Sat Oct  5 09:46:47 UTC 2024 pid://localhost:34913:0:29: Current mean latency: 409.0\n'
|INFO| : [run.py]--[<module>] : b'\n'
|INFO| : [run.py]--[<module>] : b'Sat Oct  5 09:46:52 UTC 2024 pid://localhost:34913:0:29: Delivered commands 2464\n'
|INFO| : [run.py]--[<module>] : b'Sat Oct  5 09:46:52 UTC 2024 pid://localhost:34913:0:29: Current mean latency: 408.0\n'
|INFO| : [run.py]--[<module>] : b'\n'
|INFO| : [run.py]--[<module>] : b'Sat Oct  5 09:46:52 UTC 2024 pid://localhost:34913:0:29: Delivered commands 2464\n'
|INFO| : [run.py]--[<module>] : b'Sat Oct  5 09:46:52 UTC 2024 pid://localhost:34913:0:29: Current mean latency: 409.0\n'
|INFO| : [run.py]--[<module>] : b'\n'
|INFO| : [run.py]--[<module>] : b'Sat Oct  5 09:46:57 UTC 2024 pid://localhost:34913:0:29: Delivered commands 2496\n'
|INFO| : [run.py]--[<module>] : b'Sat Oct  5 09:46:57 UTC 2024 pid://localhost:34913:0:29: Current mean latency: 408.0\n'
|INFO| : [run.py]--[<module>] : b'\n'
|INFO| : [run.py]--[<module>] : b'Sat Oct  5 09:46:57 UTC 2024 pid://localhost:34913:0:29: Delivered commands 2496\n'
|INFO| : [run.py]--[<module>] : b'Sat Oct  5 09:46:57 UTC 2024 pid://localhost:34913:0:29: Current mean latency: 409.0\n'
|INFO| : [run.py]--[<module>] : b'\n'
|INFO| : [run.py]--[<module>] : b'Sat Oct  5 09:47:02 UTC 2024 pid://localhost:34913:0:29: Delivered commands 2528\n'
|INFO| : [run.py]--[<module>] : b'Sat Oct  5 09:47:02 UTC 2024 pid://localhost:34913:0:29: Current mean latency: 408.0\n'
|INFO| : [run.py]--[<module>] : b'\n'
|INFO| : [run.py]--[<module>] : b'Sat Oct  5 09:47:02 UTC 2024 pid://localhost:34913:0:29: Delivered commands 2528\n'
|INFO| : [run.py]--[<module>] : b'Sat Oct  5 09:47:02 UTC 2024 pid://localhost:34913:0:29: Current mean latency: 409.0\n'
|INFO| : [run.py]--[<module>] : b'\n'
|INFO| : [run.py]--[<module>] : b'Sat Oct  5 09:47:08 UTC 2024 pid://localhost:34913:0:29: Delivered commands 2560\n'
|INFO| : [run.py]--[<module>] : b'Sat Oct  5 09:47:08 UTC 2024 pid://localhost:34913:0:29: Current mean latency: 408.0\n'
|INFO| : [run.py]--[<module>] : b'\n'
|INFO| : [run.py]--[<module>] : b'Sat Oct  5 09:47:08 UTC 2024 pid://localhost:34913:0:29: Delivered commands 2560\n'
|INFO| : [run.py]--[<module>] : b'Sat Oct  5 09:47:08 UTC 2024 pid://localhost:34913:0:29: Current mean latency: 409.0\n'
|INFO| : [run.py]--[<module>] : b'\n'
|INFO| : [run.py]--[<module>] : b'Sat Oct  5 09:47:13 UTC 2024 pid://localhost:34913:0:29: Delivered commands 2592\n'
|INFO| : [run.py]--[<module>] : b'Sat Oct  5 09:47:13 UTC 2024 pid://localhost:34913:0:29: Current mean latency: 408.0\n'
|INFO| : [run.py]--[<module>] : b'\n'
|INFO| : [run.py]--[<module>] : b'Sat Oct  5 09:47:13 UTC 2024 pid://localhost:34913:0:29: Delivered commands 2592\n'
|INFO| : [run.py]--[<module>] : b'Sat Oct  5 09:47:13 UTC 2024 pid://localhost:34913:0:29: Current mean latency: 409.0\n'
|INFO| : [run.py]--[<module>] : b'\n'
|INFO| : [run.py]--[<module>] : b'Sat Oct  5 09:47:18 UTC 2024 pid://localhost:34913:0:29: Delivered commands 2624\n'
|INFO| : [run.py]--[<module>] : b'Sat Oct  5 09:47:18 UTC 2024 pid://localhost:34913:0:29: Current mean latency: 408.0\n'
|INFO| : [run.py]--[<module>] : b'\n'
|INFO| : [run.py]--[<module>] : b'Sat Oct  5 09:47:18 UTC 2024 pid://localhost:34913:0:29: Delivered commands 2624\n'
|INFO| : [run.py]--[<module>] : b'Sat Oct  5 09:47:18 UTC 2024 pid://localhost:34913:0:29: Current mean latency: 409.0\n'
|INFO| : [run.py]--[<module>] : b'\n'
|INFO| : [run.py]--[<module>] : b'Sat Oct  5 09:47:23 UTC 2024 pid://localhost:34913:0:29: Delivered commands 2656\n'
|INFO| : [run.py]--[<module>] : b'Sat Oct  5 09:47:23 UTC 2024 pid://localhost:34913:0:29: Current mean latency: 407.0\n'
|INFO| : [run.py]--[<module>] : b'\n'
|INFO| : [run.py]--[<module>] : b'Sat Oct  5 09:47:23 UTC 2024 pid://localhost:34913:0:29: Delivered commands 2656\n'
|INFO| : [run.py]--[<module>] : b'Sat Oct  5 09:47:23 UTC 2024 pid://localhost:34913:0:29: Current mean latency: 408.0\n'
|INFO| : [run.py]--[<module>] : b'\n'
|INFO| : [run.py]--[<module>] : b'Sat Oct  5 09:47:28 UTC 2024 pid://localhost:34913:0:29: Delivered commands 2688\n'
|INFO| : [run.py]--[<module>] : b'Sat Oct  5 09:47:28 UTC 2024 pid://localhost:34913:0:29: Current mean latency: 408.0\n'
|INFO| : [run.py]--[<module>] : b'\n'
|INFO| : [run.py]--[<module>] : b'Sat Oct  5 09:47:28 UTC 2024 pid://localhost:34913:0:29: Delivered commands 2688\n'
|INFO| : [run.py]--[<module>] : b'Sat Oct  5 09:47:28 UTC 2024 pid://localhost:34913:0:29: Current mean latency: 409.0\n'
|INFO| : [run.py]--[<module>] : b'\n'
|INFO| : [run.py]--[<module>] : b'Sat Oct  5 09:47:33 UTC 2024 pid://localhost:34913:0:29: Delivered commands 2720\n'
|INFO| : [run.py]--[<module>] : b'Sat Oct  5 09:47:33 UTC 2024 pid://localhost:34913:0:29: Current mean latency: 408.0\n'
|INFO| : [run.py]--[<module>] : b'\n'
|INFO| : [run.py]--[<module>] : b'Sat Oct  5 09:47:33 UTC 2024 pid://localhost:34913:0:29: Delivered commands 2720\n'
|INFO| : [run.py]--[<module>] : b'Sat Oct  5 09:47:33 UTC 2024 pid://localhost:34913:0:29: Current mean latency: 409.0\n'
|INFO| : [run.py]--[<module>] : b'\n'
|INFO| : [run.py]--[<module>] : b'Sat Oct  5 09:47:38 UTC 2024 pid://localhost:34913:0:29: Delivered commands 2752\n'
|INFO| : [run.py]--[<module>] : b'Sat Oct  5 09:47:38 UTC 2024 pid://localhost:34913:0:29: Current mean latency: 408.0\n'
|INFO| : [run.py]--[<module>] : b'\n'
|INFO| : [run.py]--[<module>] : b'Sat Oct  5 09:47:38 UTC 2024 pid://localhost:34913:0:29: Delivered commands 2752\n'
|INFO| : [run.py]--[<module>] : b'Sat Oct  5 09:47:38 UTC 2024 pid://localhost:34913:0:29: Current mean latency: 409.0\n'
|INFO| : [run.py]--[<module>] : b'\n'
|INFO| : [run.py]--[<module>] : b'Sat Oct  5 09:47:43 UTC 2024 pid://localhost:34913:0:29: Delivered commands 2784\n'
|INFO| : [run.py]--[<module>] : b'Sat Oct  5 09:47:43 UTC 2024 pid://localhost:34913:0:29: Current mean latency: 408.0\n'
|INFO| : [run.py]--[<module>] : b'\n'
|INFO| : [run.py]--[<module>] : b'Sat Oct  5 09:47:43 UTC 2024 pid://localhost:34913:0:29: Delivered commands 2784\n'
|INFO| : [run.py]--[<module>] : b'Sat Oct  5 09:47:43 UTC 2024 pid://localhost:34913:0:29: Current mean latency: 409.0\n'
|INFO| : [run.py]--[<module>] : b'\n'
|INFO| : [run.py]--[<module>] : b'Sat Oct  5 09:47:49 UTC 2024 pid://localhost:34913:0:29: Delivered commands 2816\n'
|INFO| : [run.py]--[<module>] : b'Sat Oct  5 09:47:49 UTC 2024 pid://localhost:34913:0:29: Current mean latency: 408.0\n'
|INFO| : [run.py]--[<module>] : b'\n'
|INFO| : [run.py]--[<module>] : b'Sat Oct  5 09:47:49 UTC 2024 pid://localhost:34913:0:29: Delivered commands 2816\n'
|INFO| : [run.py]--[<module>] : b'Sat Oct  5 09:47:49 UTC 2024 pid://localhost:34913:0:29: Current mean latency: 409.0\n'
|INFO| : [run.py]--[<module>] : b'\n'
|INFO| : [run.py]--[<module>] : b'Sat Oct  5 09:47:54 UTC 2024 pid://localhost:34913:0:29: Delivered commands 2848\n'
|INFO| : [run.py]--[<module>] : b'Sat Oct  5 09:47:54 UTC 2024 pid://localhost:34913:0:29: Current mean latency: 408.0\n'
|INFO| : [run.py]--[<module>] : b'\n'
|INFO| : [run.py]--[<module>] : b'Sat Oct  5 09:47:54 UTC 2024 pid://localhost:34913:0:29: Delivered commands 2848\n'
|INFO| : [run.py]--[<module>] : b'Sat Oct  5 09:47:54 UTC 2024 pid://localhost:34913:0:29: Current mean latency: 409.0\n'
|INFO| : [run.py]--[<module>] : b'\n'
|INFO| : [run.py]--[<module>] : b'Sat Oct  5 09:47:59 UTC 2024 pid://localhost:34913:0:29: Delivered commands 2880\n'
|INFO| : [run.py]--[<module>] : b'Sat Oct  5 09:47:59 UTC 2024 pid://localhost:34913:0:29: Current mean latency: 408.0\n'
|INFO| : [run.py]--[<module>] : b'\n'
|INFO| : [run.py]--[<module>] : b'Sat Oct  5 09:47:59 UTC 2024 pid://localhost:34913:0:29: Delivered commands 2880\n'
|INFO| : [run.py]--[<module>] : b'Sat Oct  5 09:47:59 UTC 2024 pid://localhost:34913:0:29: Current mean latency: 409.0\n'
|INFO| : [run.py]--[<module>] : b'\n'
|INFO| : [run.py]--[<module>] : b'Sat Oct  5 09:48:04 UTC 2024 pid://localhost:34913:0:29: Delivered commands 2912\n'
|INFO| : [run.py]--[<module>] : b'Sat Oct  5 09:48:04 UTC 2024 pid://localhost:34913:0:29: Current mean latency: 408.0\n'
|INFO| : [run.py]--[<module>] : b'\n'
|INFO| : [run.py]--[<module>] : b'Sat Oct  5 09:48:04 UTC 2024 pid://localhost:34913:0:29: Delivered commands 2912\n'
|INFO| : [run.py]--[<module>] : b'Sat Oct  5 09:48:04 UTC 2024 pid://localhost:34913:0:29: Current mean latency: 409.0\n'
|INFO| : [run.py]--[<module>] : b'\n'
|INFO| : [run.py]--[<module>] : b'Sat Oct  5 09:48:09 UTC 2024 pid://localhost:34913:0:29: Delivered commands 2944\n'
|INFO| : [run.py]--[<module>] : b'Sat Oct  5 09:48:09 UTC 2024 pid://localhost:34913:0:29: Current mean latency: 408.0\n'
|INFO| : [run.py]--[<module>] : b'\n'
|INFO| : [run.py]--[<module>] : b'Sat Oct  5 09:48:09 UTC 2024 pid://localhost:34913:0:29: Delivered commands 2944\n'
|INFO| : [run.py]--[<module>] : b'Sat Oct  5 09:48:09 UTC 2024 pid://localhost:34913:0:29: Current mean latency: 409.0\n'
|INFO| : [run.py]--[<module>] : b'\n'
|INFO| : [run.py]--[<module>] : b'Sat Oct  5 09:48:14 UTC 2024 pid://localhost:34913:0:29: Delivered commands 2976\n'
|INFO| : [run.py]--[<module>] : b'Sat Oct  5 09:48:14 UTC 2024 pid://localhost:34913:0:29: Current mean latency: 408.0\n'
|INFO| : [run.py]--[<module>] : b'\n'
|INFO| : [run.py]--[<module>] : b'Sat Oct  5 09:48:14 UTC 2024 pid://localhost:34913:0:29: Delivered commands 2976\n'
|INFO| : [run.py]--[<module>] : b'Sat Oct  5 09:48:14 UTC 2024 pid://localhost:34913:0:29: Current mean latency: 409.0\n'
|INFO| : [run.py]--[<module>] : b'\n'
|INFO| : [run.py]--[<module>] : b'Sat Oct  5 09:48:19 UTC 2024 pid://localhost:34913:0:29: Delivered commands 3008\n'
|INFO| : [run.py]--[<module>] : b'Sat Oct  5 09:48:19 UTC 2024 pid://localhost:34913:0:29: Current mean latency: 408.0\n'
|INFO| : [run.py]--[<module>] : b'\n'
|INFO| : [run.py]--[<module>] : b'Sat Oct  5 09:48:19 UTC 2024 pid://localhost:34913:0:29: Delivered commands 3008\n'
|INFO| : [run.py]--[<module>] : b'Sat Oct  5 09:48:19 UTC 2024 pid://localhost:34913:0:29: Current mean latency: 409.0\n'
|INFO| : [run.py]--[<module>] : b'\n'
|INFO| : [run.py]--[<module>] : b'Sat Oct  5 09:48:25 UTC 2024 pid://localhost:34913:0:29: Delivered commands 3040\n'
|INFO| : [run.py]--[<module>] : b'Sat Oct  5 09:48:25 UTC 2024 pid://localhost:34913:0:29: Current mean latency: 408.0\n'
|INFO| : [run.py]--[<module>] : b'\n'
|INFO| : [run.py]--[<module>] : b'Sat Oct  5 09:48:25 UTC 2024 pid://localhost:34913:0:29: Delivered commands 3040\n'
|INFO| : [run.py]--[<module>] : b'Sat Oct  5 09:48:25 UTC 2024 pid://localhost:34913:0:29: Current mean latency: 409.0\n'
|INFO| : [run.py]--[<module>] : b'\n'
|INFO| : [run.py]--[<module>] : b'Sat Oct  5 09:48:30 UTC 2024 pid://localhost:34913:0:29: Delivered commands 3072\n'
|INFO| : [run.py]--[<module>] : b'Sat Oct  5 09:48:30 UTC 2024 pid://localhost:34913:0:29: Current mean latency: 408.0\n'
|INFO| : [run.py]--[<module>] : b'\n'
|INFO| : [run.py]--[<module>] : b'Sat Oct  5 09:48:30 UTC 2024 pid://localhost:34913:0:29: Delivered commands 3072\n'
|INFO| : [run.py]--[<module>] : b'Sat Oct  5 09:48:30 UTC 2024 pid://localhost:34913:0:29: Current mean latency: 409.0\n'
|INFO| : [run.py]--[<module>] : b'\n'
|INFO| : [run.py]--[<module>] : b'Sat Oct  5 09:48:35 UTC 2024 pid://localhost:34913:0:29: Delivered commands 3104\n'
|INFO| : [run.py]--[<module>] : b'Sat Oct  5 09:48:35 UTC 2024 pid://localhost:34913:0:29: Current mean latency: 407.0\n'
|INFO| : [run.py]--[<module>] : b'\n'
|INFO| : [run.py]--[<module>] : b'Sat Oct  5 09:48:35 UTC 2024 pid://localhost:34913:0:29: Delivered commands 3104\n'
|INFO| : [run.py]--[<module>] : b'Sat Oct  5 09:48:35 UTC 2024 pid://localhost:34913:0:29: Current mean latency: 408.0\n'
|INFO| : [run.py]--[<module>] : b'\n'
|INFO| : [run.py]--[<module>] : b'Sat Oct  5 09:48:40 UTC 2024 pid://localhost:34913:0:29: Delivered commands 3136\n'
|INFO| : [run.py]--[<module>] : b'Sat Oct  5 09:48:40 UTC 2024 pid://localhost:34913:0:29: Current mean latency: 408.0\n'
|INFO| : [run.py]--[<module>] : b'\n'
|INFO| : [run.py]--[<module>] : b'Sat Oct  5 09:48:40 UTC 2024 pid://localhost:34913:0:29: Delivered commands 3136\n'
|INFO| : [run.py]--[<module>] : b'Sat Oct  5 09:48:40 UTC 2024 pid://localhost:34913:0:29: Current mean latency: 409.0\n'
|INFO| : [run.py]--[<module>] : b'\n'
|INFO| : [run.py]--[<module>] : b'Sat Oct  5 09:48:45 UTC 2024 pid://localhost:34913:0:29: Delivered commands 3168\n'
|INFO| : [run.py]--[<module>] : b'Sat Oct  5 09:48:45 UTC 2024 pid://localhost:34913:0:29: Current mean latency: 407.0\n'
|INFO| : [run.py]--[<module>] : b'\n'
|INFO| : [run.py]--[<module>] : b'Sat Oct  5 09:48:45 UTC 2024 pid://localhost:34913:0:29: Delivered commands 3168\n'
|INFO| : [run.py]--[<module>] : b'Sat Oct  5 09:48:45 UTC 2024 pid://localhost:34913:0:29: Current mean latency: 408.0\n'
|INFO| : [run.py]--[<module>] : b'\n'
|INFO| : [run.py]--[<module>] : b'Sat Oct  5 09:48:50 UTC 2024 pid://localhost:34913:0:29: Delivered commands 3200\n'
|INFO| : [run.py]--[<module>] : b'Sat Oct  5 09:48:50 UTC 2024 pid://localhost:34913:0:29: Current mean latency: 408.0\n'
|INFO| : [run.py]--[<module>] : b'\n'
|INFO| : [run.py]--[<module>] : b'Sat Oct  5 09:48:50 UTC 2024 pid://localhost:34913:0:29: Delivered commands 3200\n'
|INFO| : [run.py]--[<module>] : b'Sat Oct  5 09:48:50 UTC 2024 pid://localhost:34913:0:29: Current mean latency: 409.0\n'
|INFO| : [run.py]--[<module>] : b'\n'
|INFO| : [run.py]--[<module>] : b'Sat Oct  5 09:48:55 UTC 2024 pid://localhost:34913:0:29: Delivered commands 3232\n'
|INFO| : [run.py]--[<module>] : b'Sat Oct  5 09:48:55 UTC 2024 pid://localhost:34913:0:29: Current mean latency: 408.0\n'
|INFO| : [run.py]--[<module>] : b'\n'
|INFO| : [run.py]--[<module>] : b'Sat Oct  5 09:48:55 UTC 2024 pid://localhost:34913:0:29: Delivered commands 3232\n'
|INFO| : [run.py]--[<module>] : b'Sat Oct  5 09:48:55 UTC 2024 pid://localhost:34913:0:29: Current mean latency: 409.0\n'
|INFO| : [run.py]--[<module>] : b'\n'
|INFO| : [run.py]--[<module>] : b'Sat Oct  5 09:49:01 UTC 2024 pid://localhost:34913:0:29: Delivered commands 3264\n'
|INFO| : [run.py]--[<module>] : b'Sat Oct  5 09:49:01 UTC 2024 pid://localhost:34913:0:29: Current mean latency: 408.0\n'
|INFO| : [run.py]--[<module>] : b'\n'
|INFO| : [run.py]--[<module>] : b'Sat Oct  5 09:49:01 UTC 2024 pid://localhost:34913:0:29: Delivered commands 3264\n'
|INFO| : [run.py]--[<module>] : b'Sat Oct  5 09:49:01 UTC 2024 pid://localhost:34913:0:29: Current mean latency: 409.0\n'
|INFO| : [run.py]--[<module>] : b'\n'
|INFO| : [run.py]--[<module>] : b'Sat Oct  5 09:49:06 UTC 2024 pid://localhost:34913:0:29: Delivered commands 3296\n'
|INFO| : [run.py]--[<module>] : b'Sat Oct  5 09:49:06 UTC 2024 pid://localhost:34913:0:29: Current mean latency: 408.0\n'
|INFO| : [run.py]--[<module>] : b'\n'
|INFO| : [run.py]--[<module>] : b'Sat Oct  5 09:49:06 UTC 2024 pid://localhost:34913:0:29: Delivered commands 3296\n'
|INFO| : [run.py]--[<module>] : b'Sat Oct  5 09:49:06 UTC 2024 pid://localhost:34913:0:29: Current mean latency: 409.0\n'
|INFO| : [run.py]--[<module>] : b'\n'
|INFO| : [run.py]--[<module>] : b'Sat Oct  5 09:49:11 UTC 2024 pid://localhost:34913:0:29: Delivered commands 3328\n'
|INFO| : [run.py]--[<module>] : b'Sat Oct  5 09:49:11 UTC 2024 pid://localhost:34913:0:29: Current mean latency: 408.0\n'
|INFO| : [run.py]--[<module>] : b'\n'
|INFO| : [run.py]--[<module>] : b'Sat Oct  5 09:49:11 UTC 2024 pid://localhost:34913:0:29: Delivered commands 3328\n'
|INFO| : [run.py]--[<module>] : b'Sat Oct  5 09:49:11 UTC 2024 pid://localhost:34913:0:29: Current mean latency: 409.0\n'
|INFO| : [run.py]--[<module>] : b'\n'
|INFO| : [run.py]--[<module>] : b'Sat Oct  5 09:49:16 UTC 2024 pid://localhost:34913:0:29: Delivered commands 3360\n'
|INFO| : [run.py]--[<module>] : b'Sat Oct  5 09:49:16 UTC 2024 pid://localhost:34913:0:29: Current mean latency: 408.0\n'
|INFO| : [run.py]--[<module>] : b'\n'
|INFO| : [run.py]--[<module>] : b'Sat Oct  5 09:49:16 UTC 2024 pid://localhost:34913:0:29: Delivered commands 3360\n'
|INFO| : [run.py]--[<module>] : b'Sat Oct  5 09:49:16 UTC 2024 pid://localhost:34913:0:29: Current mean latency: 409.0\n'
|INFO| : [run.py]--[<module>] : b'\n'
|INFO| : [run.py]--[<module>] : b'Sat Oct  5 09:49:21 UTC 2024 pid://localhost:34913:0:29: Delivered commands 3392\n'
|INFO| : [run.py]--[<module>] : b'Sat Oct  5 09:49:21 UTC 2024 pid://localhost:34913:0:29: Current mean latency: 408.0\n'
|INFO| : [run.py]--[<module>] : b'\n'
|INFO| : [run.py]--[<module>] : b'Sat Oct  5 09:49:21 UTC 2024 pid://localhost:34913:0:29: Delivered commands 3392\n'
|INFO| : [run.py]--[<module>] : b'Sat Oct  5 09:49:21 UTC 2024 pid://localhost:34913:0:29: Current mean latency: 409.0\n'
|INFO| : [run.py]--[<module>] : b'\n'
|INFO| : [run.py]--[<module>] : b'Sat Oct  5 09:49:26 UTC 2024 pid://localhost:34913:0:29: Delivered commands 3424\n'
|INFO| : [run.py]--[<module>] : b'Sat Oct  5 09:49:26 UTC 2024 pid://localhost:34913:0:29: Current mean latency: 408.0\n'
|INFO| : [run.py]--[<module>] : b'\n'
|INFO| : [run.py]--[<module>] : b'Sat Oct  5 09:49:26 UTC 2024 pid://localhost:34913:0:29: Delivered commands 3424\n'
|INFO| : [run.py]--[<module>] : b'Sat Oct  5 09:49:26 UTC 2024 pid://localhost:34913:0:29: Current mean latency: 409.0\n'
|INFO| : [run.py]--[<module>] : b'\n'
|INFO| : [run.py]--[<module>] : b'Sat Oct  5 09:49:31 UTC 2024 pid://localhost:34913:0:29: Delivered commands 3456\n'
|INFO| : [run.py]--[<module>] : b'Sat Oct  5 09:49:31 UTC 2024 pid://localhost:34913:0:29: Current mean latency: 408.0\n'
|INFO| : [run.py]--[<module>] : b'\n'
|INFO| : [run.py]--[<module>] : b'Sat Oct  5 09:49:31 UTC 2024 pid://localhost:34913:0:29: Delivered commands 3456\n'
|INFO| : [run.py]--[<module>] : b'Sat Oct  5 09:49:31 UTC 2024 pid://localhost:34913:0:29: Current mean latency: 409.0\n'
|INFO| : [run.py]--[<module>] : b'\n'
|INFO| : [run.py]--[<module>] : b'Sat Oct  5 09:49:36 UTC 2024 pid://localhost:34913:0:29: Delivered commands 3488\n'
|INFO| : [run.py]--[<module>] : b'Sat Oct  5 09:49:36 UTC 2024 pid://localhost:34913:0:29: Current mean latency: 408.0\n'
|INFO| : [run.py]--[<module>] : b'\n'
|INFO| : [run.py]--[<module>] : b'Sat Oct  5 09:49:37 UTC 2024 pid://localhost:34913:0:29: Delivered commands 3488\n'
|INFO| : [run.py]--[<module>] : b'Sat Oct  5 09:49:37 UTC 2024 pid://localhost:34913:0:29: Current mean latency: 409.0\n'
|INFO| : [run.py]--[<module>] : b'\n'
|INFO| : [run.py]--[<module>] : b'Sat Oct  5 09:49:42 UTC 2024 pid://localhost:34913:0:29: Delivered commands 3520\n'
|INFO| : [run.py]--[<module>] : b'Sat Oct  5 09:49:42 UTC 2024 pid://localhost:34913:0:29: Current mean latency: 408.0\n'
|INFO| : [run.py]--[<module>] : b'\n'
|INFO| : [run.py]--[<module>] : b'Sat Oct  5 09:49:42 UTC 2024 pid://localhost:34913:0:29: Delivered commands 3520\n'
|INFO| : [run.py]--[<module>] : b'Sat Oct  5 09:49:42 UTC 2024 pid://localhost:34913:0:29: Current mean latency: 409.0\n'
|INFO| : [run.py]--[<module>] : b'\n'
|INFO| : [run.py]--[<module>] : b'Sat Oct  5 09:49:47 UTC 2024 pid://localhost:34913:0:29: Delivered commands 3552\n'
|INFO| : [run.py]--[<module>] : b'Sat Oct  5 09:49:47 UTC 2024 pid://localhost:34913:0:29: Current mean latency: 407.0\n'
|INFO| : [run.py]--[<module>] : b'\n'
|INFO| : [run.py]--[<module>] : b'Sat Oct  5 09:49:47 UTC 2024 pid://localhost:34913:0:29: Delivered commands 3552\n'
|INFO| : [run.py]--[<module>] : b'Sat Oct  5 09:49:47 UTC 2024 pid://localhost:34913:0:29: Current mean latency: 408.0\n'
|INFO| : [run.py]--[<module>] : b'\n'
|INFO| : [run.py]--[<module>] : b'Sat Oct  5 09:49:52 UTC 2024 pid://localhost:34913:0:29: Delivered commands 3584\n'
|INFO| : [run.py]--[<module>] : b'Sat Oct  5 09:49:52 UTC 2024 pid://localhost:34913:0:29: Current mean latency: 408.0\n'
|INFO| : [run.py]--[<module>] : b'\n'
|INFO| : [run.py]--[<module>] : b'Sat Oct  5 09:49:52 UTC 2024 pid://localhost:34913:0:29: Delivered commands 3584\n'
|INFO| : [run.py]--[<module>] : b'Sat Oct  5 09:49:52 UTC 2024 pid://localhost:34913:0:29: Current mean latency: 409.0\n'
|INFO| : [run.py]--[<module>] : b'\n'
|INFO| : [run.py]--[<module>] : b'Sat Oct  5 09:49:57 UTC 2024 pid://localhost:34913:0:29: Delivered commands 3616\n'
|INFO| : [run.py]--[<module>] : b'Sat Oct  5 09:49:57 UTC 2024 pid://localhost:34913:0:29: Current mean latency: 408.0\n'
|INFO| : [run.py]--[<module>] : b'\n'
|INFO| : [run.py]--[<module>] : b'Sat Oct  5 09:49:57 UTC 2024 pid://localhost:34913:0:29: Delivered commands 3616\n'
|INFO| : [run.py]--[<module>] : b'Sat Oct  5 09:49:57 UTC 2024 pid://localhost:34913:0:29: Current mean latency: 409.0\n'
|INFO| : [run.py]--[<module>] : b'\n'
|INFO| : [run.py]--[<module>] : b'Sat Oct  5 09:50:02 UTC 2024 pid://localhost:34913:0:29: Delivered commands 3648\n'
|INFO| : [run.py]--[<module>] : b'Sat Oct  5 09:50:02 UTC 2024 pid://localhost:34913:0:29: Current mean latency: 408.0\n'
|INFO| : [run.py]--[<module>] : b'\n'
|INFO| : [run.py]--[<module>] : b'Sat Oct  5 09:50:02 UTC 2024 pid://localhost:34913:0:29: Delivered commands 3648\n'
|INFO| : [run.py]--[<module>] : b'Sat Oct  5 09:50:02 UTC 2024 pid://localhost:34913:0:29: Current mean latency: 409.0\n'
|INFO| : [run.py]--[<module>] : b'\n'
|INFO| : [run.py]--[<module>] : b'Sat Oct  5 09:50:07 UTC 2024 pid://localhost:34913:0:29: Delivered commands 3680\n'
|INFO| : [run.py]--[<module>] : b'Sat Oct  5 09:50:07 UTC 2024 pid://localhost:34913:0:29: Current mean latency: 408.0\n'
|INFO| : [run.py]--[<module>] : b'\n'
|INFO| : [run.py]--[<module>] : b'Sat Oct  5 09:50:07 UTC 2024 pid://localhost:34913:0:29: Delivered commands 3680\n'
|INFO| : [run.py]--[<module>] : b'Sat Oct  5 09:50:07 UTC 2024 pid://localhost:34913:0:29: Current mean latency: 409.0\n'
|INFO| : [run.py]--[<module>] : b'\n'
|INFO| : [run.py]--[<module>] : b'Sat Oct  5 09:50:12 UTC 2024 pid://localhost:34913:0:29: Delivered commands 3712\n'
|INFO| : [run.py]--[<module>] : b'Sat Oct  5 09:50:12 UTC 2024 pid://localhost:34913:0:29: Current mean latency: 408.0\n'
|INFO| : [run.py]--[<module>] : b'\n'
|INFO| : [run.py]--[<module>] : b'Sat Oct  5 09:50:12 UTC 2024 pid://localhost:34913:0:29: Delivered commands 3712\n'
|INFO| : [run.py]--[<module>] : b'Sat Oct  5 09:50:12 UTC 2024 pid://localhost:34913:0:29: Current mean latency: 409.0\n'
|INFO| : [run.py]--[<module>] : b'\n'
|INFO| : [run.py]--[<module>] : b'Running for 600 seconds before exiting...\n'
|INFO| : [run.py]--[<module>] : b'Exiting now.\n'
